PocketMine-MP Crash Dump Mon Aug 3 17:26:33 AKDT 2020

Error: Attempted to create tile pocketmine\tile\Chest in unloaded chunk 0 7
File: src/pocketmine/level/Level
Line: 2607
Type: InvalidStateException

Code:
[2598] 			throw new LevelException("Invalid Tile world");
[2599] 		}
[2600] 
[2601] 		$chunkX = $tile->getFloorX() >> 4;
[2602] 		$chunkZ = $tile->getFloorZ() >> 4;
[2603] 
[2604] 		if(isset($this->chunks[$hash = ((($chunkX) & 0xFFFFFFFF) << 32) | (( $chunkZ) & 0xFFFFFFFF)])){
[2605] 			$this->chunks[$hash]->addTile($tile);
[2606] 		}else{
[2607] 			throw new \InvalidStateException("Attempted to create tile " . get_class($tile) . " in unloaded chunk $chunkX $chunkZ");
[2608] 		}
[2609] 
[2610] 		$this->tiles[$tile->getId()] = $tile;
[2611] 		$this->clearChunkCache($chunkX, $chunkZ);
[2612] 	}
[2613] 
[2614] 	/**
[2615] 	 * @return void
[2616] 	 * @throws LevelException
[2617] 	 */

Backtrace:
#0 src/pocketmine/tile/Tile(171): pocketmine\level\Level->addTile(object pocketmine\tile\Chest)
#1 src/pocketmine/tile/Spawnable(62): pocketmine\tile\Tile->__construct(object pocketmine\level\Level, object pocketmine\nbt\tag\CompoundTag)
#2 src/pocketmine/tile/Tile(117): pocketmine\tile\Spawnable->__construct(object pocketmine\level\Level, object pocketmine\nbt\tag\CompoundTag)
#3 src/pocketmine/level/format/Chunk(721): pocketmine\tile\Tile::createTile(string[5] Chest, object pocketmine\level\Level, object pocketmine\nbt\tag\CompoundTag)
#4 src/pocketmine/level/Level(2681): pocketmine\level\format\Chunk->initChunk(object pocketmine\level\Level)
#5 src/pocketmine/level/Level(2293): pocketmine\level\Level->loadChunk(integer 1, integer 17, boolean 1)
#6 src/pocketmine/level/Level(2955): pocketmine\level\Level->getChunk(integer 1, integer 17, boolean 1)
#7 src/pocketmine/Player(1052): pocketmine\level\Level->populateChunk(integer 1, integer 17)
#8 src/pocketmine/Player(1851): pocketmine\Player->sendNextChunk()
#9 src/pocketmine/Server(2401): pocketmine\Player->checkNetwork()
#10 src/pocketmine/Server(2154): pocketmine\Server->tick()
#11 src/pocketmine/Server(1994): pocketmine\Server->tickProcessor()
#12 src/pocketmine/Server(1588): pocketmine\Server->start()
#13 src/pocketmine/PocketMine(273): pocketmine\Server->__construct(object BaseClassLoader, object pocketmine\utils\MainLogger, string[36] C:\Users\Administrator\Desktop\ngvs\, string[44] C:\Users\Administrator\Desktop\ngvs\plugins\)
#14 src/pocketmine/PocketMine(304): pocketmine\server()
#15 (11): require(string[91] phar://C:/Users/Administrator/Desktop/ngvs/PocketMine-MP.phar/src/pocketmine/Poc)

PocketMine-MP version: 3.14.2 [Protocol 407]
Git commit: 4fc5b9772ab3a9612abb052dc4233104dcb0ea02
uname -a: Windows NT DESKTOP-FGC3VCR 10.0 build 18363 (Windows 10) AMD64
PHP Version: 7.3.14
Zend version: 3.3.14
OS : WINNT, win
Composer libraries: 
- adhocore/json-comment 0.1.0@8448076039389f558f39ad0553aab87db3f81614
- ocramius/package-versions 1.5.1@1d32342b8c1eb27353c8887c366147b4c2da673c
- pocketmine/binaryutils 0.1.11@e8cb65db1b7998eebb739b124f2a989fe87366eb
- pocketmine/callback-validator 1.0.1@4aef6bb25f97d0b830ba0b4f66834b1a9c86fc9a
- pocketmine/classloader 0.1.0@4ccdb30e48f030bfcad04bb0a208d198ec631993
- pocketmine/log 0.2.0@e59bedb5d4bbeb9a26647cb7c367cb2fa72addfa
- pocketmine/log-pthreads 0.1.0@9bbcef398b01487ab47c234a6a7054722abbe067
- pocketmine/math 0.2.4@b1c28b236df8b795d7b06cf8421f9962b12ac410
- pocketmine/nbt 0.2.14@b31dca98443328c4bab76dc1b84c1473c79be20e
- pocketmine/raklib 0.12.8@9fea763ffc922db083e4528d4acd0b13d0ea83a4
- pocketmine/snooze 0.1.2@88420da3d9335dbcb3ee2decfd5e5453d057dcdf
- pocketmine/spl 0.4.1@ff0579a0be41bbe65d3637607715c0f87728a838
- doctrine/instantiator 1.3.1@f350df0268e904597e3bd9c4685c53e0e333feea
- myclabs/deep-copy 1.9.5@b2c28789e80a97badd14145fda39b545d83ca3ef
- phar-io/manifest 1.0.3@7761fcacf03b4d4f16e7ccb606d4879ca431fcf4
- phar-io/version 2.0.1@45a2ec53a73c70ce41d55cedef9063630abaf1b6
- phpdocumentor/reflection-common 2.1.0@6568f4687e5b41b054365f9ae03fcb1ed5f2069b
- phpdocumentor/reflection-docblock 5.1.0@cd72d394ca794d3466a3b2fc09d5a6c1dc86b47e
- phpdocumentor/type-resolver 1.2.0@30441f2752e493c639526b215ed81d54f369d693
- phpspec/prophecy v1.10.3@451c3cd1418cf640de218914901e51b064abb093
- phpstan/phpstan 0.12.29@9771daaf6b95c6313b908d0bcdee0afcd51f838a
- phpstan/phpstan-phpunit 0.12.11@ab783a8ea634ea23305a8818c4750603e714489b
- phpstan/phpstan-strict-rules 0.12.2@a670a59aff7cf96f75d21b974860ada10e25b2ee
- phpunit/php-code-coverage 8.0.2@ca6647ffddd2add025ab3f21644a441d7c146cdc
- phpunit/php-file-iterator 3.0.2@eba15e538f2bb3fe018b7bbb47d2fe32d404bfd2
- phpunit/php-invoker 3.0.1@62f696ad0d140e0e513e69eaafdebb674d622b4c
- phpunit/php-text-template 2.0.1@0c69cbf965d5317ba33f24a352539f354a25db09
- phpunit/php-timer 5.0.0@b0d089de001ba60ffa3be36b23e1b8150d072238
- phpunit/php-token-stream 4.0.2@e61c593e9734b47ef462340c24fca8d6a57da14e
- phpunit/phpunit 9.2.5@ad7cc5ec3ab2597b329880e30442d9054526023b
- sebastian/code-unit 1.0.3@d650ef9b1fece15ed4d6eaed6e6b469b7b81183a
- sebastian/code-unit-reverse-lookup 2.0.1@c771130f0e8669104a4320b7101a81c2cc2963ef
- sebastian/comparator 4.0.2@266d85ef789da8c41f06af4093c43e9798af2784
- sebastian/diff 4.0.1@3e523c576f29dacecff309f35e4cc5a5c168e78a
- sebastian/environment 5.1.1@16eb0fa43e29c33d7f2117ed23072e26fc5ab34e
- sebastian/exporter 4.0.1@d12fbca85da932d01d941b59e4b71a0d559db091
- sebastian/global-state 4.0.0@bdb1e7c79e592b8c82cb1699be3c8743119b8a72
- sebastian/object-enumerator 4.0.1@15f319d67c49fc55ebcdbffb3377433125588455
- sebastian/object-reflector 2.0.1@14e04b3c25b821cc0702d4837803fe497680b062
- sebastian/recursion-context 4.0.1@a32789e5f0157c10cf216ce6c5136db12a12b847
- sebastian/resource-operations 3.0.1@71421c1745788de4facae1b79af923650bd3ec15
- sebastian/type 2.1.0@bad49207c6f854e7a25cef0ea948ac8ebe3ef9d8
- sebastian/version 3.0.0@0411bde656dce64202b39c2f4473993a9081d39e
- symfony/polyfill-ctype v1.17.1@2edd75b8b35d62fd3eeabba73b26b8f1f60ce13d
- theseer/tokenizer 1.1.3@11336f6f84e16a720dae9d8e6ed5019efa85a0f9
- webmozart/assert 1.9.0@9dc4f203e36f2b486149058bade43c851dd97451
- pocketmine/pocketmine-mp 3.14.2@4fc5b9772ab3a9612abb052dc4233104dcb0ea02

Loaded plugins:
Slapper 1.6.0 by jojoe77777 for API(s) 3.13.0
PECollide 1.0 by saxavlax001 for API(s) 3.0.0
KeepInventory 1.0 by KhoaGamingPro for API(s) 3.0.0
Broadcaster 1.5 by EvolSoft for API(s) 3.0.0
essentialsTP 1.2.2 by  for API(s) 3.0.0
PlayerSelectors 1.0.7 by Ad5001 for API(s) 3.0.0
ScoreHud 5.1.1 by JackMD for API(s) 3.0.0
PurePerms 1.4.3 by 64FF00 & ProjectInfinity for API(s) 3.0.0
WorldProtect 2.3.7 by aliuly for API(s) 3.0.0
AutoClearLagg 3.0.0 by Twisted for API(s) 3.0.0
AlwaysSpawn 2.2.4 by Philip Shilling for API(s) 3.0.0
iProtector 3.1.1 by LDX for API(s) 3.0.0
FormAPI 1.3.0 by jojoe77777 for API(s) 3.2.0
InvSee 1.0.0 by BlockHorizons for API(s) 3.0.0
DEVirion 1.2.7 by poggit, SOFe for API(s) 3.0.0
DevTools 1.14.0 by PocketMine Team for API(s) 3.11.3
NGVS_Khoe 1.0.0 by NguyenDongQuy for API(s) 3.0.0
Bat_Quai_Khong_Chuong 1 by NguyenDongQuy for API(s) 3.0.0
NV_Hokage_Tsunade_2 1 by Nguyen_Dong_Quy for API(s) 3.0.0
NGVS_LayHang 1.0.0 by NguyenDongQuy for API(s) 3.0.0
SkinShop 1 by phuongaz for API(s) 3.0.0
HubLobbySpawn 1 by LousWiteMC for API(s) 3.0.0
SK_Qua_Nap 1 by Nguyen_Dong_Quy_Edit_NQC for API(s) 3.0.0
ClearCache 1 by NguyenDongQuy for API(s) 3.0.0
NV_Hokage_Tsunade_12 1 by Nguyen_Dong_Quy for API(s) 3.0.0
DanhViThuUI 1.0.0 by  for API(s) 3.0.0, 4.0.0
SK_Phuc_Loi 1 by Nguyen_Dong_Quy_Edit_NQC for API(s) 3.0.0
CustomAlerts 2.1 by EvolSoft for API(s) 3.0.0
NGVS_Mana 1.0.0 by NguyenDongQuy for API(s) 3.0.0
NV_Ong_Tazuna_3 1 by Nguyen_Dong_Quy for API(s) 3.0.0
NGVS_Loa 1.0.0 by NguyenDongQuy for API(s) 3.0.0
Moc_Dinh_Bich 1.2 by LonMongManh69 for API(s) 3.0.0
Thuy_Long_Dan_Thuat 1 by Nguyen_Dong_Quy for API(s) 3.0.0
NV_Thay_Gai_16 1 by Nguyen_Dong_Quy_Edit_NQC for API(s) 3.0.0
NV_Sakura_17 1 by Nguyen_Dong_Quy_Edit_NQC for API(s) 3.0.0
NGVS_Vang 1 by Nguyen_Dong_Quy for API(s) 3.0.0
Giftcode 1.0.0 by  for API(s) 3.0.0, 4.0.0
Nien_Ha_Hoa_Don 1 by NguyenDongQuy for API(s) 3.0.0
NV_Sasori_20 1 by Nguyen_Dong_Quy_Edit_NQC for API(s) 3.0.0
Dich_Chuyen_Chi_Thuat 1 by NguyenDongQuy for API(s) 3.0.0
MagicWE2 5.7.1 by XenialDan for API(s) 3.0.0
SK_Beta 1 by Nguyen_Dong_Quy_Edit_NQC for API(s) 3.0.0
NinjaMode 1 by NguyenDongQuy for API(s) 3.0.0
Sharingan 1 by NguyenDongQuy for API(s) 3.0.0
Nap_QidaCoin 1 by NguyenDongQuy for API(s) 3.0.0
Luan_Thuat_Tam_Phap 1 by NguyenDongQuy for API(s) 3.0.0
HuongDan 1.0.0 by Phan Hoàng Kha for API(s) 3.0.0
Hoi_Thien 1.2 by LonMongManh69 for API(s) 3.0.0
DBTT 1.2 by LonMongManh69 for API(s) 3.0.0
Tang_Sinh_Chi_Thuat 1 by Nguyen_Dong_Quy for API(s) 3.0.0
HTHONGKIT 1.0.0 by NguyenDongQuy for API(s) 3.0.0
NV_Gaara_21 1 by Nguyen_Dong_Quy_Edit_NQC for API(s) 3.0.0
MapImageEngine 1.1.3 by FaigerSYS for API(s) 3.0.0
Boss_Quai 2.1 by phuongaz for API(s) 3.0.0
PackGift 1 by NguyenDongQuy for API(s) 3.0.0
NTUi 1 by Nguyen_Dong_Quy for API(s) 3.0.0
NGVS_Bac 1 by Nguyen_Dong_Quy for API(s) 3.0.0
NV_Shikamaru_14 1 by Nguyen_Dong_Quy_Edit_NQC for API(s) 3.0.0
BanManhViThu 1 by NguyenDongQuy for API(s) 3.0.0
ChatAPI 0.4 by UnknownBallin for API(s) 3.0.0
NV_Jiraiya_11 1 by Nguyen_Dong_Quy_NQC for API(s) 3.0.0
NV_Thay_Kakashi_1 1 by Nguyen_Dong_Quy for API(s) 3.0.0
DC_Shuriken 1 by NguyenDongQuy for API(s) 3.0.0
Dan 1 by NguyenDongQuy for API(s) 3.0.0
ManyWorlds 2.2.0 by aliuly for API(s) 3.0.0
Am_Sat_Thuat 1 by NguyenDongQuy for API(s) 3.0.0
FormImagesFix 0.0.1 by  for API(s) 3.11.4
PLMenuUI 1.0.0 by NguyenDongQuy for API(s) 3.0.0
Byakugan 1 by NguyenDongQuy for API(s) 3.0.0
NGVS_Xu 1 by Nguyen_Dong_Quy for API(s) 3.0.0
NV_Choji_15 1 by Nguyen_Dong_Quy_Edit_NQC for API(s) 3.0.0
NGVS_Level 1 by NguyenDongQuy for API(s) 3.0.0
NV_Haku_5 1 by Nguyen_Dong_Quy for API(s) 3.0.0
NGVS_GiaToc 1 by Nguyen_Dong_Quy for API(s) 3.0.0
NV_Naruto_Tre_6 1 by Nguyen_Dong_Quy for API(s) 3.0.0
BedrockClans 2 by Wertzui123 for API(s) 3.0.0
Thuy_Lao_Thuat 1 by NguyenDongQuy for API(s) 3.0.0
NGVS_DCK 1 by Nguyen_Dong_Quy_edit_NQC for API(s) 3.0.0
Tam_Trung_Doan_Thu 1 by Nguyen_Dong_Quy for API(s) 3.0.0
NGVS_Quest 1 by NguyenDongQuy for API(s) 3.0.0
NV_Neji_Tre_7 1 by Nguyen_Dong_Quy for API(s) 3.0.0
NV_Kankuro_18 1 by Nguyen_Dong_Quy_Edit_NQC for API(s) 3.0.0
Bat_Quai_Tu_Chuong 1 by NguyenDongQuy for API(s) 3.0.0
KhoiDauWorld 0.4 by NguyenDongQuy for API(s) 3.0.0
TimeCommander 2.2 by Zeao for API(s) 3.0.0
NGVS_Rank 1.0.0 by NguyenDongQuy for API(s) 3.0.0
DanhViThu 1 by NguyenDongQuy for API(s) 3.0.0
NV_Thay_Kakashi_10 1 by Nguyen_Dong_Quy for API(s) 3.0.0
Skill_TheThan 1 by NguyenDongQuy for API(s) 3.0.0
TapToDo 2.3.0 by georgianYT for API(s) 3.0.0, 3.0.0-ALPHA8, 3.0.0-ALPHA9, 3.0.0-ALPHA10, 3.0.0-ALPHA11, 3.0.0-APLHA12
Shop-NGSC 1 by NguyenDongQuy for API(s) 3.0.0
CmdSnooper 1.0.0 by HotshotHD for API(s) 3.1.1
DoiVang 1 by Nguyen_Dong_Quy for API(s) 3.0.0
NV_Momochi_Zabuza_4 1 by Nguyen_Dong_Quy for API(s) 3.0.0
DDao_Thuat_Tam_Phap 1 by NguyenDongQuy for API(s) 3.0.0
NV_Chiyo_19 1 by Nguyen_Dong_Quy_Edit_NQC for API(s) 3.0.0
BloodFX 1.0.2 by Vale914 for API(s) 3.0.0
NGVS_Kit 0.4 by UnknownBallin for API(s) 3.0.0
StatsCMD 1 by NguyenDongQuy for API(s) 3.0.0
NV_Thay_Iruka_8 1 by Nguyen_Dong_Quy for API(s) 3.0.0
NGVS_Stats 1.0.0 by NguyenDongQuy for API(s) 3.0.0
NV_Ino_13 1 by NQC for API(s) 3.0.0
AntiServerStop 1.1 by paetti for API(s) 3.1.1
MIE_Protector 1.0.4 by FaigerSYS for API(s) 3.0.0, 4.0.0
FlyText 1 by Nguyen_Dong_Quy for API(s) 3.0.0
Warp 1.0.0 by  for API(s) 3.0.0, 4.0.0
NV_Jiraiya_9 1 by Nguyen_Dong_Quy for API(s) 3.0.0
MenuVT 1.0.0 by NguyenDongQuy for API(s) 3.0.0
NV_Chiyo_22 1 by Nguyen_Dong_Quy_Edit_NQC for API(s) 3.0.0
Hoc_Nhan_Thuat 1 by NguyenDongQuya for API(s) 3.0.0
NGVS_QidaCoin 1 by Nguyen_Dong_Quy for API(s) 3.0.0
SlapperRotation 1.2.1 by jojoe77777 for API(s) 3.0.0

----------------------REPORT THE DATA BELOW THIS LINE-----------------------

===BEGIN CRASH DUMP===
eNrtfYtT20i297+iIlN3ky1s9H4wN1MhQAI3QJjgJLO7nnK1pJatwZY8evDIfvO/f7/TLcmSIARn
WLh1a2a3gnXUOn3ej9aj/70RpdmCFZMLnuVxmmxsG5sbRbzgG9ua5dmWahoeIHOWF/tZlmYb2//e
KK6XOL1xmFyweRyeFazg+1cBXxZ0/ebGguc5m9KInaLgi2XBQ6VIlSDjGKgU8ZwryzQ458UiTvh4
TIDxeHfG80KJE6VM5ikLcUkwK5NzRVUcoIzK+fwNxgHncsay7a2t3e2tjzlI3toJgSbOi4wVaba1
x/PzIl1uJdOLfOtUzHKMWQbHp0O6cCvPgq3V5FtzfsHnW0f0L84vaSY5y9fHYcwcoI1t3VYdiCpj
AQ7+tfFMVXoXEWNbI/zzXHO0F9sdpgXC8VhgHPzEwlCMS/3feFB8TTovMPUz7dZZzpbsMmE+UNh6
byaJgNAPfppMgjSBqMqguG2uNlGbyi0DEr8AQjYFQelimZZJOGJTQZZ+B/OacytJDc3/SboM5VZN
Spvf2iUTe+7o2ldltr0tzVZwAgrjZPov61dF6ONWUv4Erabydat7rtvuV2xI8kI2AmYGP8EZCsnX
N6gTc1p3zql7xp12S54q54qTgk95pmibSvPT2VT8NJ1zliiamMy+czLPsu6cbMqLNeZy+nOdztk1
z55rqqXfOc0yXZZzaPyOucQE7tcmcK2+ouSZwU85T8ITflWxIbB4fSxnPEMkfq6b6tewBDMenJ/w
4jLNKiSa+jUsmmX2sMgzg5+KOKiv1r5yteZ5d119mqUBIn2aVWj0r6GxXPcraPKCZUV1+Q1PXUXv
57pjfAXDLZHjNcv5LvJVfkR5JLvVCUt4eD4eH7M4OUqnUxpVObdhw7u3x2ORXMbjTnYZj6v0Ai9G
fhmPm6tMc42rlvNyGif4IRk372DcUPsayKVQ5aWWguiKARn/vYyzJkB52q/Kg6ZJjHix8esfmxv8
CUuAtRIzaJVinsTJRTq/4AueFLg8STFicyNIQ05s6JbnAjou6H/FLEsvlYRfKgJfw8/zcc2nQmlA
gePNw/HGix+BCAi8CsEfdGirKg7lL6068YNg4xflpfJDIdIwItmbeZpmvzx/ofz0k2L+KMfrnfH/
vDn+n93xRjOTWV0ZR8/jPOfF8x+KWZxTqACi/F8/zFg+A7rnz59XtLxQ/ktRr95U/71Q/vu/FUN/
ofw/DFGq6XtDfn3x4t9yMqsR2C2z/LoqZgTxLypa7VpIfJ7zCpFzi+TH41tNCir4qiGNN5ShAhFN
AnL6alqAAL9pS7UuKiZrLdqq29WiV8tWU2utSGYJO3htFHMYPn/xa60qiUvTupcESEuZiPm7DMG7
1sFmI+nqMql/SYDWKFeTyt36+9/loRS/8nflVcaLMkuUizQO5Sm7OSUEmvfsWA5yqkFbG3/8Vb3+
Vb3+Vb3+Vb3+Vb3+Vb3+n69eNzemPOEZm1PdlzBa4NroXAuafAh/tRC2YQw1c6gTvIzn4ca25mra
5kacT0J+sbEdMZQyKDOztEiDFGhNWg+axlRmmlFg+Z7j6Mw3mIfUznwfrhsGpm4YmmqGga9yphLu
sqLlc5yElLNPRsre/tm70fvTwZu3u8an3Q+Kpg5VRdCgaK5hG8rzerCmvlB2jvdsE4ho/Wp7wxkS
1Tj8AncVPFTHOD1Jc5ro8ORkBIA4uIwTUQ4jlkPQk3nsZyyLeU5CYuEMjGV867c8TQYYU9XQ6lAb
qq9c03RVB1WoZ7heZFluZHgsVC3LYMx3ndA3IlezxdRpkLFFXOZbSxacoy0YVCImArShNdReaaGh
G6buu4HGffiLZQSu6zqBYQOD45uBHjLbMQLiY6VYP05Ydi28oSJL015xN/BtK/Q13/E8l3PfdwzP
13Qz0pkHSrnrACv3u6gCNp/7oG4gik+yMkEbcL4yGY9s39etyHNC1XcN1Weqb0a27RqmrzEvcO0o
8FgPIfmwKD2zRmRmEEAsKjfdSAWWKIC8TBgG01U31EBsYBsIW0YX0zydCgw6MHDL83noWyEu477H
dNs2ncAnQeGPHjFYXBhG7AaGwRIlIWdh3hDj+X7AoTPXVzXTdZgPRNABs5mjWqajk8ly1Xa6qJCr
ZxU15itfC3TX1w07jFxI2wodX7WDyDV1LfI8W4fUWWCigu6gQAlRYdCAwtDCAHoxTcPQ3cD0me/Y
YaD5rhlA80bggGFd5V0UGTuHpUpW9KH7Clpljm1EUIOuh77qGty0dDc0WQCNaUYIZ3MNZnax5Ema
fuGVQPRXLuhWQ2aEnmHAfgLf4FwPeRCFFrdMC0gsJwzCqIdkORcYTFhKFGGIB+PgpgbhwQrhrHAR
x9GsQI1cxAMXdLjAEKYBRTu+hVBasKSIG5MzCJFhqWGkomrinmpansMNP/QC03atwDK4yg3DiDgn
NS+uYWl+vhVyvoSPLq8FEm9ovfJ1aMdxPe6qzHN82IVmaqYVgUXPB0OhawTM4IIfRM1BnEK7SRyh
Nqxs33jlOLYGMw1gr74ZmpFmcyeAf6l2CJvxAmYaOB+ZLRyr8KlL97GYzkE1I2WqAUQTWlbAQx55
qg35qMxnkebbMkRBLiWFGUT5jEdzZL64ij0VSjJd27LdCMJwuOVD0jBXw4Z3Mq4aUeBrPLQiXbU9
/y6UgPpzqBFILYE0CB09NDwzYI5nhoZp28yARwWqF1rMDmCmrg0f4TeQ0lLIIOM5rTJIFZKnIveZ
WqQ7ls5Nz4Bje5Zu+yhpeOhCAmZk2F5oS1+fLfMlR8rK0iWqI9LgBUIZyd+0tMAISHFuENmmGnJd
cz3N9FSNW+DcNimxNFhgSVvV39o5dO8V8pAWMoYg5lkUYQzfQ7xR/QA2o7IoCC0tglWym0gG+Fsm
cVEjQ3iFf8KTXM5sw+QM2Uy1mOuCPNOxVGQD7mhIDLXsO8govwfFICvnPG/Ie4W4rjLLY1HkBJFn
R44V6hpyp+naKguZpnLd8nVeyZ2oIYQDWsHBPxC5XGdyYWz6q4BRQIyiMAwpEKq6hQQc6Zptmgz6
CB0EFTsIgx4yWlsaxAXPKi80BDLuM6jLMtxI94GFqxqinO/DCEI94oYemojeUaj3kNGC0zmv0Wiv
bD2yPRuhHmpU4buWZnDb41BIiORkO2Zo6zpSXA9NgVJ7QEseVM433qQGthf4kJMVWoYGr0Yg0E1m
WLpleAgbJtMRu1SvjyxeCIosIFFf+Wqoul7IVVXzma1GESydG7BOgyPwaog9KuK/iFMdJGBLaJGz
BdU4Uki2FliewT0HyRDuAb9EFlED5NuAuaHNEDSZZvbUVxmVB1exXjGoJbB4YDAkWUQqQ/dcFzEO
HqSHHrzbosUxg0wqh05yBMtkS+i/QiNjVWhbKoKKr0U84ORnECxnHP/AbxENHLCG8ondjgYeTJGL
D+Zpel4uG4EHcB7NUCOVu7btoXRDyNNV39FUjbnIf0Gge7aMom2siyWrjUnKCZk6dC0eISCHDN6i
RarNIhO+G5gkPc9liBau2cETxlFUYdBeGdzSjcBy7EgHigCJKTJU0jlHXWExK9CQLhy3yx9PLuIs
TarKjSIdii1UP2oEPrjuBYYROnAQzeGhbkDtXEcxQ14jVNZCdLVMs4JnDTmhpkc+VGyFzIMvqFro
IRZbHjchHKYiyHtkiFoHy3Se+mwOG5I2bUpzRLGGtOJ4qG6oBHR1BHHbQ+JHFeggw2ie76Ky6WCS
bdGAJwjDbUmDPStCFRWiIDI9sGJxBDo/inzDcIDM0HTUqq5pWbehqxKEwCb1D9OFlxsBgpCra0Gg
Oioc3zUcF8kGod2xXRVxuEtcxoNSZEFEqIQcuSGOGTqlZCtSNQvBSA0oOAXcDhAV7JAKJg0iMJ0e
ujwts4AP0iXxWlXOMrog3IIszTEtx3VDbkYsYJxqXxZ5qMws1Q8NHmhdbqvVe5lNURmYnq46gR25
lskdRBAUhqiYPNNlgcuhBrhV6HYwtJsk0qFqapofouRB8cZtFFK6b3iBHpmo4VDRMmQc1PiesKnr
RZQm1+jQ5tcIvPNBUJFDSc8BSzoPQwfi9lGGIXiCfo4sh/rBRwZ1Iy2yUUagqAOuYsZzzpGDKTTF
X6r8iyLqFZzWsCOwZHINJS1VdhxMcBvVgap5PILlMjWiQHnJ/UX6Bb38Fkp2nhVVBYUSGf0aKgkD
sREpAAmJEq/lQmDchGlaWhgiT1latyJc/Rwslk0X+ereLeEfzb0L0YWdzdlyybNW11pDNjdWWtCG
9pDqbFYWszTLaUn3t/S3lDv0HzW/bBkTEMRAYQTgYvUSLWKRlWhjQ75Ew0gX4lyeRsVeG7BgMc2S
y5nl0gPdb0F/Q230+7PR5/cfjvakMPNYOPesKJY5mnh0xLPSHyImbq1I2qqZALOn+7vpHF0Xb3fm
DazLZY/HnF2xizm7QibrMKn+CR5XKMdjlGWSjD7LZ6OdD6OPpx2GiZd3KMMPkwtRGV63+OnC7+Tp
3Sxlb9EvJ9PTLH0orjpIx+MOOfdTJ3H3OsOIACGgY49taJczq8vZ/kU6PwOBD8VUa+LxuEvFHWqq
7fLy8nLIQRFhHxbnxB+H/1MvNs9Hpy0GO+Auh7pYH1rx+ECctWccj3vzf1NNcq31jMtUlrfdqnem
Z4hDp6uwHcTKh/Msia1eCm6IuL/5ndFq1EEZtmNhDWpzIsqcLif/w4Lz472H4kRiG4/r2Ve/7qWe
MuOnPFt0FNPAuioxh0aXEdt880ZVlf9S4MdUshwmEd0zuX4o1iZyAmippqj18ztCvrhWZrOtFR5I
4TPdRQcTBZhoCaIDbstCHxp982TzuJw/GOcS23gsbu8vJQX3Cfu3MH1cxlkU83nYLgaqnL6F/onW
0ShQbXW4hVB2yiLdpdvFR2w6bUmlC2+LRbLcEcvoMgby8KHkUkh04zGmSMW97DmIGI/7NK1rGRWZ
O/n1vFwc72518ZEw5pfsOhc3WtuiaEG79qEPza4gTmfxPF4qZ/gzR+Z7KIEsBdq8wgq5CIpyomg8
lrdtvl0oxJXW03YmbQG7Or4Rz472fnkodoBqPF7N/N3FHfAMjndP97daXIDRN2m22Dk9bHFZQ7qR
zrhn/ap/P6crjONxRUTz4z6BGxXTGW9XqRWgn0V7jLymdcaDNIu/UOP2ULVPG6l4agaU3DS/rzOz
t/8pzgTNDTsNqF/j9OLuMp3SbS4k5Pdv+IN5lUA6Hl8IEsbjkNe/WmR9w6n2+MUoTeftxNqAujyh
JetpaXUvUBnRAlenZ4J5fi9fNQF0I7UhZb10siJtq8EBbk/efjqboLBvW+QK9g2jPJmW1zzZS5Pp
z+WDpdB3h2v0EqyY/FyymKhNppPdWYk/7a7i1vMdrh6Bo9c/v9tFdXeOWH8fpk4+TQ5SusU5GeVl
Alec6G3l3HL2mwxNiKPJA7J08km/v5aEPR2x6wPWUU4H/BSWdnSwRttwHidns3TZbhtq0B3iXwqL
Y18ermyQ+IQ5JfLf+5B/UPpHqe9f9wuhLvwORo7SMv8MfMe7Dyb9BuN43Cfj2+p4R349OWEdhayA
9/eIyX4YF5OTnx+Mr59P7m9VolQVD3S22GgBHztS7R6t4dU3ApF2d5zSniZQaWtEqj2WzD7Fo1n5
sV1rtqF3x6k+0Zvy7sR3L3Z8Gq0Rod5NTmdlMDlK465PNNAndIrTNQxrt8yLdLEz51nRLsI64G7T
pv1nlwjbM4/HPTq+b5FQ5L5jlrB+PhSwp0iGNPt43NCwVhx4D6sZsS9w84nRDQGdM0/h/ca6ZUp6
QyUEepLy5P2OaC7vS/9xGkz24mQ2eR0HsxYTXXivLetn+eQYTMAAZrb3UHwc772+Uf1+rflCkL2G
wGEFCLoTHLH2ut5tZx/fqEZHe6P1yvnRjF1P3qINobcr2u7RPvGE0RlJ0l7L4c/YeZmxCb0H0mZn
BX5aZpw1nf7TLY3JJ3afTvHBjetg9On+xL+No6J+C62ivQE9aqEyYskoZehHaPrd9OatzjsUEEOK
BwzFIiNhttXQO/PYxfDJwcHeen5+xvI0iye62neLGvykbqGraxTCSBW0XEIk7c7iG5H49vOPraG9
3d11IvExm8bB5/12l9KAurf+nH5J+QtPYjZH1nko0q8EwpB8pqbh/uv+KOpf84J1y3wBeUIDez1a
x+mT39hxN3KtYI/u6MdrdFkzRi+YsHagWsEem/Kzg50Phydvd050lbz7/rGKLSc/xyHbTeNOxG2D
H10LbDmarZE4jsq6BkSHsUCX21kLuu3sY3N0NKIHL+6tlANa2ttj3eW5CvSN/gPsJcpBOi5VlavJ
VHk3Yw9WkFQk3F8xBynlAyTvNiMN7PH7j4PRvduPvdejUTvL0eHjE0zT3r9jQp06OaP27rY8fdvZ
J+iYztbK0wejg/cnb98dtlWxgj1FK34werdWf/SWMfRButatAxvo05aB2hpLCmx5uGBTvp9MxVcx
WnVT50Tvvmj/eaM3LJ7y7OwfZw/FRYOQWGlT0j++103ENM/FXcL2jcMGdudK43/u9s4OGmkiYjym
f+/1RBgLzqn9aj8QVoMeO/Odvt1dw19GH9uiF4ePH6MO35ytuWrwmgX9RQMCPcWawev1Vm9m8Tlb
sKyc0HdBOp1q+8zTruGY6zwFkBzXt2g6N/9b4Ee/53+8zr2b3Rkrus831ZA23Wr/2bSPyXmSXiav
GT1E9mB3O2byUxqsOOHna9nV/8QZi6/ZROvlvRZ8DZt6WHPS1uJErMu+Y+csR9Wk3bJmuzr3FDc1
1ljH2YVPl1l83qnG29BHb1k/oJTa273n3djuXdjHX2Bap+9BsLkWz+LmnUKpAfYfNFUf40HkBeYX
DyOv8Yj8zmJyRn1zr5fogB9bEztn63QQ9DymqALzN/FV76nRFbwbW9Vecdd7ds/8XsoX5e85PZNI
HymKxdxRfHV/ZZweHfOk+zxCA3qKVuj45OMamfmanZfdxbIG9OgZ+R877z5+x1IZ1XW/lP1K75fy
SQq9X9ZKY7uz9DfkKKubwBro0xZ41rp35sX3Gfv35quPNj7ywp78XNY6T0rB6Cc9PVSwpygg1pX9
25iN0hvdTgV9fAbejtYS/gkamiKdjDI+6d1/75x5CkWscdv9NQ+zNDjfnbOkXWB0wJ0So8vCZ54V
X8pY042Hon6FcTxuU/HdL3+sEG51uGqeC2HpVx4JaU48diQYHY3WzSV7u+/6jkSgNYIxf+BgjOnv
b4Z0N2WUlfQMTipvsXSWm2+cfILV5tHe2kr5uRRfLOqqRQIfvec4WC+4cSRzCmC9Z3Fa8KcIbM5a
TLxjyXmZpRPN7TLRgj9tseJ+xzspo/KOF1JWJx//bZTROm+jvJul8R4rRQ/b/hZBG3znItV/5iWh
vTUiVrzgu+kCnXDY+eRAF97rzrs8/JOz9EFflezM/effluyyUge1D/CefkwTsKfoG3dff8dj+Lc9
hP/4AfnT6E8sHqp3rR6qT/NGhLrWe0/zOajmIDzpvvzUgj962SXnXadqWY7SvbRTqkhI//MAPV+Y
8jSbxiz5x2jj5jOT4u9g5+j0YMftHnrdQ603WqyEV8enRzjWv/vFerYs0jBFRGn4ucczTOlycPL2
bLfzDFMNe/xnmNa4T7IIz5I07X7KqAX8RmA7SIt8lhYH3W940Hvx30l7sAhzOfV43CHj2yEujXtP
HdeQx48Ie5/Wim/H6SINEL3+yfzyC5v0biHeOPsUEW6Nm4d7e3XzeNtjZLedffT8s7fec2RiiS++
RtXs9Rf+KujT1tLeGrX0PE3DN7+0C+gK0vf0XsH2ic25p5kPRXWFbjyupl9z+exdfKO3fBcXT3Bv
993OGpm/YEW+e7zXThI16NFzRDXx+nXYYVaes4l7SxFWn3mK+OSuaUCC/74JSeATvysoiFhLLYcJ
YlDvNcEKdpcqHjQErfFW4E5SxHKrhbOi8/p/70TvEbjec2KMF0X8UFVHd+Y1blAf7k9u+2JQF943
KPO+z/L9yXeI2s/0tQnqHd7r9u/8eiQ+mLq68VtBHt/ZT+nR0Wr6+6vqM8vatiYOH/WNrr3d73r0
x7v9yR/vSaLsGoUG3VD/1H7euAI8RXQ9W3O9QZZ1un5bsafrT/ywsb7OewPB5GR2y2u/vRP3LT7Y
Q75AsFa6vu3Vmg788b3h53Ucuvqu7oe0EB+KvvnZ4OZM/yNf2r0+v/ZnnKNLwH15os8hsww8FLz/
pa56xx9cMRhIkgYsyUW2llsNDWlTBZ4VYkubjWenzZGymyZRPFXo0//jbJw8O04TZWeZKbqjaPa2
6W0bqvL58LUinjnBgDka/JJN+UueTOl4kRbhyw4pikzsdFJOPqBPpr/UPM3QCXg5A0uDeZwXL9Mo
IghLkrRMAvo2pNgdi6H75nKvyvwlJESY6LM6g+pzlJDaS80Ws7Or6qL8pSXom0JCizTkL8VRlNL3
whtYNR9EFdKHSuvj5cWymoa+NB8H5by4filolXslIWcPcip/kmn+UghB7DJGBvXyXZqkM7YC5pyH
rTH0Te+Xe/tvdj4ejQhaaef3kmfX1ZwVKAvAVUUQ/R4uWZ5fpln48u/iP4ipLNJBzi54deFFzC8H
YUybSgT8pUugKz+9GpD11pg63+QeXi9ol5ZnClmcEgjNl/JL6sIAFIhL6egSBqGM6OPiSs2/wjKu
FDOupAmsp5ixQglIf4XicyVOgnlJu0wC/Q3DI1xn6QJXRkpxE2fOIr6ppDiT5YRS8TPOzpXrtMwq
XEocKVBjHMViBmgwgzHMrwnxCb9s0G2FPGLQYa5cpsnfCoXcjWUKiW8BZmmPo2uikLallHxfznii
lMtpxkIgGI4TMl2JbHucKMqzzzNOhNGem7T/mwIU1a5hkEEGX6PdKUJ5WpA6TzENWMUvXgh50Yf8
Aq4gCYRzIcEFYZYGWjvVtiJ206IT+awsQnTPg2oP2W1lvHEyG5caZ36ivI3FLwMCTaYKEiUd+lGi
vJbwVBll4lW6QDkWf7VrjKJz3BlvCJZ25vP0UiE3BBdK9VVW5SJmys9knDRGWGn9wdZthWKcuPRs
hisZGVCegpeKQilFVqFSyhz2gYAIHQnZ7JweYiTiapgTktUZ2gbLT3PemmBfuESNCRJTyF0V2BLU
ReT610qlZBpfeVBzuiXGZ59jqCpNoHEWhkrGc2kYRCrtfweSWF5mItYoMAefk1SgNv57yeak0Gl8
gbEXbF5y5Xk1KaLhC8IuZ6RtbyjEDWAQtA3dNk6LuU/KhQ9bgL3v5NdJMGL5Oe2aew4LH4oBH3MI
hpyu5pSGzTKElBJ2heH5ptxmV6kCETx1U6FtNcAI5SwhG2QJgi3KBLZNQyTyM2F44An2n6VXMWyf
QwxgSfhU0hBHsq0IOozIi2gMecumEhd/g/iKTFwWcgq+wph7FyvPwQMUruhCLIKNQcXptkDV9yIm
rC8rk4TUGVKsTJdCCWKDt3yo7PGL6reyiKczhJmM5bPNdlioLJMkkmXlspBQKTASzAK0VXwJ5cLg
xO5toXRVRlvGguzbKSAbIZtLIWhY17BlaBg8kIMaS0MqQorJrmW4eCv291CoAlAkHI62iMWuzgs+
Zf51AYkrZ1LUqhBunBNucfmItHYZC8kLi0I4uRxIRLWR5YLDKAaJiJWcvmFPaKKM83pKaeTQVinc
c5pCUbRTkLAKmqjahkSQtq2oxAVmF8lBbpP2v54DKqnuop8y/Z+jPy/SpSChCuwNSRW6XEH4oFTN
w4YgmrWmSlN1syJMBIHPwisq+vK/PQCFwi8ESRQxlKBEWkyQFhV+xYNSRPdUkiw9ktJoM5pfBShY
8hVHMnC9H+1vK6ODwzPl6PD4cITgfXp0uH+mnO5/UFCcvtv/sKlgkDJ6j1H7yueD90f7yumH97v7
Z2fDfgjoyEO37EocpzyLU1EqUCDOxX7WtCtqLY0m2GqQPXJNKGKLGDJAKOQyzApUKGLBJwI0rIn4
/ZqxSSNDAUqpOaFh1WQCs0SC0LsK5DIjiTneUw6hCkRcMLw5mmyh6gegtiUPqFCRkiVypV7ltQ0P
MC++zFesotiWvOYvbiep4tyoOJ+yzKedJGl7DlkYiwB0u3SFqxE51VVKdRVi94IlpSiL2pSgZCxh
gy8265zQN8LaDGV6jSLgkvwuVi44VN7LmC8NHnVNWs7DhpYYSeQyUVb05xLxUpAPRm1VrXjFbG9E
sLiRJIXpSAwNb1GWLupkK6+uRgzaptnWMHFTafKGbSi3mFTHOs7qUpZUlqXik+i1IYflYinrPllc
KtWJAZ2o9bVHg6oLBO2CzJoDHCHNw9nZLQJG0kbiwwwXMLI8LzkFhmIGrU3rOpiCFs22omqzVqSs
EapydyipoaFflRP1XHKv+5r2XbYkaLwoF8ix9ACPUrclpEhFdmiSipVcyV8qUQqPuWljaAOWFUVi
wgHV5yWSrtlobC+tdrTv2TTVRhT1JH45uHYhiasa2OZMVA6DgL5b2vC2B1JErYLykaQH6mSBIbHQ
Vq6cWiC6RnK44g6XVfKU/NQz0+BVtUsCpO+l1njvRnWXHY6TRO4ovV2lCJRms3QuS0yfFWirqdQX
JOe0F7ZSJRkR22RPVp2VqcXnTbEp09uztpbqUxRWs+uCkG8qA62lQKE8MfGgqImpUoCI2qs6VnTL
VEKGknPqskShTxcDWJE1VA5QC8KWXoriTtk9/biJa0GDD/+6jEOYvagVZPRs8A8E/m3FqcvuVUWe
C+m0xg6VnRCBasbm0RaaXNkmhBw2XE2FSRVarCEDazniKu21kLVbkf0rimpUYjLaVZ5kTlNXmxgP
0bKJfJGKSvrjaXJa1+GrrpXaDLroEhmVcJbLZDmojnuNz3HlkHn8hTeqpoq91jBtplNXU6jopeW0
sq7p6fKiF0PltLpmzrKpuIBV7XNlJmLGKGNT4g7qAlv5ci6KGeqJFyCe4gDLSIW785hWdkSTT5te
87xQjkcfBaU5WCK2/bJQaFFBaHk1new7hnUYWhTlgK7aFtSSA4TcL6fbdS/zk9jyvagqOepaxfm6
Y83lKgCvO1m6rDIUjZDJuCWx7c5S9KhknHULw+smVQS3kBVMydlFHURpnaZez6JzK3+nbW4RCTgr
6hgDSuUu2nXJLNqtZSbLlXyJCk2UL0ka0EYe4lrI8ZhdQ4ZkLIv0ou5gKfxXMVPErUF9Tk6Zr6JF
vV7VXucYiYUKaQD0th8r5BKPGFtpu8yrVj+A1RcyLlTXDOQ128oSBcVFPKdpZMyr/LmahYI2S6ZN
UZ3QZfN+7tisR3UWum5dW5Jd3s4iLcmmIxmcKxMnUcolQpGMyJ1F7w7F0G+RTXDxB5FbWhcLxhMu
e0WfS2Q+j8gixXKkSAez2gKE0sUqZSdLSfZpooZ9eKbC+qSCl0CEWYUjAdxGpXo7mSwDplCsuwhD
BLH1xfS3ocYQ1k2d9KBcwiJ53ooWYj8bMZFYmG0txRzuicnEJsG5cEmSJ89I06hrEboWSsWdUq08
1NlOXNNhHfgGiq48U6boWfKVeFarG42EhjdFVDnrJYtFU4PAgYpf6maZLst5bYzVAYV9MaYKES7N
J4rhwbLyagqu5KjbSl1mijVWuZyzXSU8Wn0SLZYEy3xRqYs2vmnWBcKV2Mjcxd68PVDjbV3wcobK
LEpbCoGTDeTj0s3IWUqKEaQMl4vFchinguIkTa4X1CLQdqK0nBfkK9Kp76nOK6vzggURsdh0mqHZ
lAtLzcodFVJFxoTiOvwJ+uDA7/feb0Me1c2GKhVQTLjksg5l8JxLMWMuCF8xIGDD1qI0Mk8jeWmZ
Ujk3hAp9yvOVLSHpiZ1FKXS3yykBT9uiQ4WakJm0Vnk2ER6XM7YJMMRA+apoKhZE3oiji4YKEYAS
ygfybJ1X5JoR66waVXeRWvmmRHWG1CaCWB0rKoRC8/J8PccNTUte26ou4sUqVFcJiZDS+LpuIM1S
vKQJxXJYdVG99DlcTVCdac9QS/PulFdFbald6RWtVYZ6WbiIi0qe9XrCrAKKgEENQVVjVgGDlmdR
xoeiyIqjBhEqdTAi7xJQAKqbbBnigK+KkHViY/OY5VUFj6KLLZbz+ohqANBY6Wq7Vpo8B7ul1Z5t
5V8ieSN9borln18JqfwCQZMl23cvBBtUSGVxWDXY9W0j0TnflrBEPhcJOhe1pGjMoJ8YtFbZtk2+
nFfQIH8qdJ+JkoJMXqsZt5U3Rzujbf1HZ9PyrrRN48rY1H/Ufgx5kMoQ+5x2Xgsotr50VRmJ5ZFp
vZBVj1zvb/e10sMptUDG1bKTqDzEuhG0FlzT/ZAyKMqsjsl1MZ81C/ki4gAPMlUgbuHktcAG9V0G
2IIs7569EaFGTCXGd5CUolCQkEkLMhC11nC1QpYuRSvIrxD48qoPCs6pXM5FzQ+J+DEK1WvZMotx
xC9IQZUus4j0GcmlwI9aJGti9cbmBr8qeJLL/Yj/vbGLAmFje8MZ0o63OOsHKIlmbQjdGkpClnVg
6WISpgWCYQda7Qm8ApTZvH0cyh2km+MonsvdqRvIVOy+2xzOkD7axzG87KIN+C2vboU74lGRhS/v
c7WHUCEG8sM2bBl0uf4gt5CW99VXV4qwn3dBqE8WbcjZ6VH7cHGd/z5PaLLql0Lbt2s6LcMrKCdU
zVJN1cHPHw7hEk4Q4P+ezW3HiuzQ0bkVRGqk205kulyznYC2HNYN5QfaOLm1YXIz4TUTt0n16smx
L/FSPhBnycN57LdH4/Bq0dVJSuzoqmpomk7PDZ3uve+IKkwngpU+EKC4q06EiyTPOwPPYgoIvxx3
ZNSjAIfUkXbZAvAyi3vWsazW5cT2evpQg0yJ4FnXOFfZeiJqsbKIaXexDXUot+2Np36cMNrpVzwW
SE/sCJT0PAUJQAS00BdXyCcsgux6WaQCYAjANLyh87hjJkI2RhvUbC8+LaUxSnL++OP/A8yWoEc=
===END CRASH DUMP===
