PocketMine-MP Crash Dump Mon Jul 27 19:54:46 AKDT 2020

Error: Call to a member function getContents() on null
File: src/pocketmine/entity/Living
Line: 407
Type: Error

A PLUGIN WAS INVOLVED IN THIS CRASH
BAD PLUGIN: Boss_Quai v2.1

Code:
[398] 	}
[399] 
[400] 	/**
[401] 	 * Returns how many armour points this mob has. Armour points provide a percentage reduction to damage.
[402] 	 * For mobs which can wear armour, this should return the sum total of the armour points provided by their
[403] 	 * equipment.
[404] 	 */
[405] 	public function getArmorPoints() : int{
[406] 		$total = 0;
[407] 		foreach($this->armorInventory->getContents() as $item){
[408] 			$total += $item->getDefensePoints();
[409] 		}
[410] 
[411] 		return $total;
[412] 	}
[413] 
[414] 	/**
[415] 	 * Returns the highest level of the specified enchantment on any armour piece that the entity is currently wearing.
[416] 	 */
[417] 	public function getHighestArmorEnchantmentLevel(int $enchantmentId) : int{

Backtrace:
#0 plugins/boss/src/phuongaz/AuraBoss/Entity/BossMain(178): pocketmine\entity\Living->getArmorPoints()
#1 plugins/boss/src/phuongaz/AuraBoss/Entity/BossMain(99): phuongaz\AuraBoss\Entity\BossMain->attackTarget()
#2 src/pocketmine/entity/Entity(1393): phuongaz\AuraBoss\Entity\BossMain->entityBaseTick(integer 1)
#3 plugins/boss/src/phuongaz/AuraBoss/Entity/ViThu(87): pocketmine\entity\Entity->onUpdate(integer 67845)
#4 src/pocketmine/level/Level(852): phuongaz\AuraBoss\Entity\ViThu->onUpdate(integer 67845)
#5 src/pocketmine/level/Level(785): pocketmine\level\Level->actuallyDoTick(integer 67845)
#6 src/pocketmine/Server(2267): pocketmine\level\Level->doTick(integer 67845)
#7 src/pocketmine/Server(2398): pocketmine\Server->checkTickUpdates(integer 67845, double 1595908486.3858)
#8 src/pocketmine/Server(2154): pocketmine\Server->tick()
#9 src/pocketmine/Server(1994): pocketmine\Server->tickProcessor()
#10 src/pocketmine/Server(1588): pocketmine\Server->start()
#11 src/pocketmine/PocketMine(273): pocketmine\Server->__construct(object BaseClassLoader, object pocketmine\utils\MainLogger, string[36] C:\Users\Administrator\Desktop\ngvs\, string[44] C:\Users\Administrator\Desktop\ngvs\plugins\)
#12 src/pocketmine/PocketMine(304): pocketmine\server()
#13 (11): require(string[91] phar://C:/Users/Administrator/Desktop/ngvs/PocketMine-MP.phar/src/pocketmine/Poc)

PocketMine-MP version: 3.14.2 [Protocol 407]
Git commit: 4fc5b9772ab3a9612abb052dc4233104dcb0ea02
uname -a: Windows NT DESKTOP-FGC3VCR 10.0 build 17763 (Windows 10) AMD64
PHP Version: 7.3.14
Zend version: 3.3.14
OS : WINNT, win
Composer libraries: 
- adhocore/json-comment 0.1.0@8448076039389f558f39ad0553aab87db3f81614
- ocramius/package-versions 1.5.1@1d32342b8c1eb27353c8887c366147b4c2da673c
- pocketmine/binaryutils 0.1.11@e8cb65db1b7998eebb739b124f2a989fe87366eb
- pocketmine/callback-validator 1.0.1@4aef6bb25f97d0b830ba0b4f66834b1a9c86fc9a
- pocketmine/classloader 0.1.0@4ccdb30e48f030bfcad04bb0a208d198ec631993
- pocketmine/log 0.2.0@e59bedb5d4bbeb9a26647cb7c367cb2fa72addfa
- pocketmine/log-pthreads 0.1.0@9bbcef398b01487ab47c234a6a7054722abbe067
- pocketmine/math 0.2.4@b1c28b236df8b795d7b06cf8421f9962b12ac410
- pocketmine/nbt 0.2.14@b31dca98443328c4bab76dc1b84c1473c79be20e
- pocketmine/raklib 0.12.8@9fea763ffc922db083e4528d4acd0b13d0ea83a4
- pocketmine/snooze 0.1.2@88420da3d9335dbcb3ee2decfd5e5453d057dcdf
- pocketmine/spl 0.4.1@ff0579a0be41bbe65d3637607715c0f87728a838
- doctrine/instantiator 1.3.1@f350df0268e904597e3bd9c4685c53e0e333feea
- myclabs/deep-copy 1.9.5@b2c28789e80a97badd14145fda39b545d83ca3ef
- phar-io/manifest 1.0.3@7761fcacf03b4d4f16e7ccb606d4879ca431fcf4
- phar-io/version 2.0.1@45a2ec53a73c70ce41d55cedef9063630abaf1b6
- phpdocumentor/reflection-common 2.1.0@6568f4687e5b41b054365f9ae03fcb1ed5f2069b
- phpdocumentor/reflection-docblock 5.1.0@cd72d394ca794d3466a3b2fc09d5a6c1dc86b47e
- phpdocumentor/type-resolver 1.2.0@30441f2752e493c639526b215ed81d54f369d693
- phpspec/prophecy v1.10.3@451c3cd1418cf640de218914901e51b064abb093
- phpstan/phpstan 0.12.29@9771daaf6b95c6313b908d0bcdee0afcd51f838a
- phpstan/phpstan-phpunit 0.12.11@ab783a8ea634ea23305a8818c4750603e714489b
- phpstan/phpstan-strict-rules 0.12.2@a670a59aff7cf96f75d21b974860ada10e25b2ee
- phpunit/php-code-coverage 8.0.2@ca6647ffddd2add025ab3f21644a441d7c146cdc
- phpunit/php-file-iterator 3.0.2@eba15e538f2bb3fe018b7bbb47d2fe32d404bfd2
- phpunit/php-invoker 3.0.1@62f696ad0d140e0e513e69eaafdebb674d622b4c
- phpunit/php-text-template 2.0.1@0c69cbf965d5317ba33f24a352539f354a25db09
- phpunit/php-timer 5.0.0@b0d089de001ba60ffa3be36b23e1b8150d072238
- phpunit/php-token-stream 4.0.2@e61c593e9734b47ef462340c24fca8d6a57da14e
- phpunit/phpunit 9.2.5@ad7cc5ec3ab2597b329880e30442d9054526023b
- sebastian/code-unit 1.0.3@d650ef9b1fece15ed4d6eaed6e6b469b7b81183a
- sebastian/code-unit-reverse-lookup 2.0.1@c771130f0e8669104a4320b7101a81c2cc2963ef
- sebastian/comparator 4.0.2@266d85ef789da8c41f06af4093c43e9798af2784
- sebastian/diff 4.0.1@3e523c576f29dacecff309f35e4cc5a5c168e78a
- sebastian/environment 5.1.1@16eb0fa43e29c33d7f2117ed23072e26fc5ab34e
- sebastian/exporter 4.0.1@d12fbca85da932d01d941b59e4b71a0d559db091
- sebastian/global-state 4.0.0@bdb1e7c79e592b8c82cb1699be3c8743119b8a72
- sebastian/object-enumerator 4.0.1@15f319d67c49fc55ebcdbffb3377433125588455
- sebastian/object-reflector 2.0.1@14e04b3c25b821cc0702d4837803fe497680b062
- sebastian/recursion-context 4.0.1@a32789e5f0157c10cf216ce6c5136db12a12b847
- sebastian/resource-operations 3.0.1@71421c1745788de4facae1b79af923650bd3ec15
- sebastian/type 2.1.0@bad49207c6f854e7a25cef0ea948ac8ebe3ef9d8
- sebastian/version 3.0.0@0411bde656dce64202b39c2f4473993a9081d39e
- symfony/polyfill-ctype v1.17.1@2edd75b8b35d62fd3eeabba73b26b8f1f60ce13d
- theseer/tokenizer 1.1.3@11336f6f84e16a720dae9d8e6ed5019efa85a0f9
- webmozart/assert 1.9.0@9dc4f203e36f2b486149058bade43c851dd97451
- pocketmine/pocketmine-mp 3.14.2@4fc5b9772ab3a9612abb052dc4233104dcb0ea02

Loaded plugins:
ScoreHud 5.1.1 by JackMD for API(s) 3.0.0
PlayerSelectors 1.0.7 by Ad5001 for API(s) 3.0.0
WorldProtect 2.3.7 by aliuly for API(s) 3.0.0
DEVirion 1.2.7 by poggit, SOFe for API(s) 3.0.0
FormAPI 1.3.0 by jojoe77777 for API(s) 3.2.0
iProtector 3.1.1 by LDX for API(s) 3.0.0
Broadcaster 1.5 by EvolSoft for API(s) 3.0.0
DevTools 1.14.0 by PocketMine Team for API(s) 3.11.3
essentialsTP 1.2.2 by  for API(s) 3.0.0
PECollide 1.0 by saxavlax001 for API(s) 3.0.0
MaxEnchants 1.0.0 by Xenophilicy for API(s) 3.0.0
AutoClearLagg 3.0.0 by Twisted for API(s) 3.0.0
AlwaysSpawn 2.2.4 by Philip Shilling for API(s) 3.0.0
Slapper 1.6.0 by jojoe77777 for API(s) 3.13.0
PurePerms 1.4.3 by 64FF00 & ProjectInfinity for API(s) 3.0.0
KeepInventory 1.0 by KhoaGamingPro for API(s) 3.0.0
InvSee 1.0.0 by BlockHorizons for API(s) 3.0.0
SK_Beta 1 by Nguyen_Dong_Quy_Edit_NQC for API(s) 3.0.0
PLMenuUI 1.0.0 by NguyenDongQuy for API(s) 3.0.0
Hoi_Thien 1.2 by LonMongManh69 for API(s) 3.0.0
TapToDo 2.3.0 by georgianYT for API(s) 3.0.0, 3.0.0-ALPHA8, 3.0.0-ALPHA9, 3.0.0-ALPHA10, 3.0.0-ALPHA11, 3.0.0-APLHA12
Sa_Tinh_Cau 1 by NguyenDongQuy for API(s) 3.0.0
SK_Phuc_Loi 1 by Nguyen_Dong_Quy_Edit_NQC for API(s) 3.0.0
SlapperRotation 1.2.1 by jojoe77777 for API(s) 3.0.0
Thi_Quy_Phong_Tan 1 by NguyenDongQuy for API(s) 3.0.0
NV_Naruto_Tre_6 1 by Nguyen_Dong_Quy for API(s) 3.0.0
NGVS_Kit 0.4 by UnknownBallin for API(s) 3.0.0
NGVS_Rank 1.0.0 by NguyenDongQuy for API(s) 3.0.0
Byakugan 1 by NguyenDongQuy for API(s) 3.0.0
NV_Thay_Gai_16 1 by Nguyen_Dong_Quy_Edit_NQC for API(s) 3.0.0
FormImagesFix 0.0.1 by  for API(s) 3.11.4
Boss_Quai 2.1 by phuongaz for API(s) 3.0.0
NGVS_Stats 1.0.0 by NguyenDongQuy for API(s) 3.0.0
Nap_QidaCoin 1 by NguyenDongQuy for API(s) 3.0.0
NGVS_GiaToc 1 by Nguyen_Dong_Quy for API(s) 3.0.0
NV_Haku_5 1 by Nguyen_Dong_Quy for API(s) 3.0.0
NGVS_Quest 1 by NguyenDongQuy for API(s) 3.0.0
StatsCMD 1 by NguyenDongQuy for API(s) 3.0.0
BanManhViThu 1 by NguyenDongQuy for API(s) 3.0.0
NV_Hokage_Tsunade_12 1 by Nguyen_Dong_Quy for API(s) 3.0.0
NV_Jiraiya_11 1 by Nguyen_Dong_Quy_NQC for API(s) 3.0.0
DoiVang 1 by Nguyen_Dong_Quy for API(s) 3.0.0
NGVS_Khoe 1.0.0 by NguyenDongQuy for API(s) 3.0.0
HubLobbySpawn 1 by LousWiteMC for API(s) 3.0.0
ClearCache 1 by NguyenDongQuy for API(s) 3.0.0
NGVS_Loa 1.0.0 by NguyenDongQuy for API(s) 3.0.0
NV_Hokage_Tsunade_2 1 by Nguyen_Dong_Quy for API(s) 3.0.0
NV_Thay_Iruka_8 1 by Nguyen_Dong_Quy for API(s) 3.0.0
BedrockClans 2 by Wertzui123 for API(s) 3.0.0
Warp 1.0.0 by  for API(s) 3.0.0, 4.0.0
CmdSnooper 1.0.0 by HotshotHD for API(s) 3.1.1
NinjaMode 1 by NguyenDongQuy for API(s) 3.0.0
MapImageEngine 1.1.3 by FaigerSYS for API(s) 3.0.0
FlyText 1 by Nguyen_Dong_Quy for API(s) 3.0.0
Skill_TheThan 1 by NguyenDongQuy for API(s) 3.0.0
BloodFX 1.0.2 by Vale914 for API(s) 3.0.0
Hoc_Nhan_Thuat 1 by NguyenDongQuya for API(s) 3.0.0
Moc_Dinh_Bich 1.2 by LonMongManh69 for API(s) 3.0.0
NGVS_Level 1 by NguyenDongQuy for API(s) 3.0.0
Thuy_Long_Dan_Thuat 1 by Nguyen_Dong_Quy for API(s) 3.0.0
NGVS_QidaCoin 1 by Nguyen_Dong_Quy for API(s) 3.0.0
NGVS_Vang 1 by Nguyen_Dong_Quy for API(s) 3.0.0
DDao_Thuat_Tam_Phap 1 by NguyenDongQuy for API(s) 3.0.0
PackGift 1 by NguyenDongQuy for API(s) 3.0.0
MagicWE2 5.7.1 by XenialDan for API(s) 3.0.0
NGVS_Xu 1 by Nguyen_Dong_Quy for API(s) 3.0.0
NV_Choji_15 1 by Nguyen_Dong_Quy_Edit_NQC for API(s) 3.0.0
NV_Momochi_Zabuza_4 1 by Nguyen_Dong_Quy for API(s) 3.0.0
Dich_Chuyen_Chi_Thuat 1 by NguyenDongQuy for API(s) 3.0.0
NV_Jiraiya_9 1 by Nguyen_Dong_Quy for API(s) 3.0.0
Bat_Quai_Tu_Chuong 1 by NguyenDongQuy for API(s) 3.0.0
NV_Thay_Kakashi_10 1 by Nguyen_Dong_Quy for API(s) 3.0.0
Nien_Ha_Hoa_Don 1 by NguyenDongQuy for API(s) 3.0.0
NTUi 1 by Nguyen_Dong_Quy for API(s) 3.0.0
Luan_Thuat_Tam_Phap 1 by NguyenDongQuy for API(s) 3.0.0
DanhViThu 1 by NguyenDongQuy for API(s) 3.0.0
NV_Shikamaru_14 1 by Nguyen_Dong_Quy_Edit_NQC for API(s) 3.0.0
Dan 1 by NguyenDongQuy for API(s) 3.0.0
NGVS_DCK 1 by Nguyen_Dong_Quy_edit_NQC for API(s) 3.0.0
TimeCommander 2.2 by Zeao for API(s) 3.0.0
MIE_Protector 1.0.4 by FaigerSYS for API(s) 3.0.0, 4.0.0
ChatAPI 0.4 by UnknownBallin for API(s) 3.0.0
Thuy_Lao_Thuat 1 by NguyenDongQuy for API(s) 3.0.0
Tam_Trung_Doan_Thu 1 by Nguyen_Dong_Quy for API(s) 3.0.0
NGVS_Bac 1 by Nguyen_Dong_Quy for API(s) 3.0.0
Sharingan 1 by NguyenDongQuy for API(s) 3.0.0
Am_Sat_Thuat 1 by NguyenDongQuy for API(s) 3.0.0
Bat_Quai_Khong_Chuong 1 by NguyenDongQuy for API(s) 3.0.0
DC_Shuriken 1 by NguyenDongQuy for API(s) 3.0.0
HuongDan 1.0.0 by Phan Hoàng Kha for API(s) 3.0.0
SK_Qua_Nap 1 by Nguyen_Dong_Quy_Edit_NQC for API(s) 3.0.0
Tang_Sinh_Chi_Thuat 1 by Nguyen_Dong_Quy for API(s) 3.0.0
MenuVT 1.0.0 by NguyenDongQuy for API(s) 3.0.0
KhoiDauWorld 0.4 by NguyenDongQuy for API(s) 3.0.0
NV_Ong_Tazuna_3 1 by Nguyen_Dong_Quy for API(s) 3.0.0
CustomAlerts 2.1 by EvolSoft for API(s) 3.0.0
NGVS_LayHang 1.0.0 by NguyenDongQuy for API(s) 3.0.0
NV_Neji_Tre_7 1 by Nguyen_Dong_Quy for API(s) 3.0.0
NV_Ino_13 1 by NQC for API(s) 3.0.0
DanhViThuUI 1.0.0 by  for API(s) 3.0.0, 4.0.0
NGVS_Mana 1.0.0 by NguyenDongQuy for API(s) 3.0.0
NV_Thay_Kakashi_1 1 by Nguyen_Dong_Quy for API(s) 3.0.0
Giftcode 1.0.0 by  for API(s) 3.0.0, 4.0.0
DBTT 1.2 by LonMongManh69 for API(s) 3.0.0
SkinShop 1 by phuongaz for API(s) 3.0.0
HTHONGKIT 1.0.0 by NguyenDongQuy for API(s) 3.0.0
ManyWorlds 2.2.0 by aliuly for API(s) 3.0.0

----------------------REPORT THE DATA BELOW THIS LINE-----------------------

===BEGIN CRASH DUMP===
eNrtPWtT20i2f0VFpu4me7HR+8FWpkJsEtgAIbGTzO56y9VqtWwNstqjB+BszX+/53S3ZMkQgjMs
3A8zNRWsI/Xp8360Hv2fnZjnC1JOL1leJDzb2bd2d8pkwXb2DSdwAt23fXd3JyVFeZjnPN/Z/89O
uVrC6R15vLuzYEVBZggZkDTVSq4RbcEWIcu1uMpoCVi1GSsHPCtZVhbPX2gAyKo0hbEx/HmTpDh4
OSf5/t7eYH/vUwG07B1EiyRLijInJc/3hqy4KPlyL5tdFnvnnF6w8jTJWO/0vI8D94qc7i0FGEax
PZgoKVd7J8llks3giiXOJee560q4KgXgzr6teyCGnFD4/a+dZ7q2TKtZkhV7IS8KOdm84tmMfN07
qHLyGqGHEhP+PiVJ9tzw/Bf72nqqyUTONZnIyXo/g1QO8gXPz3kiBAPTPzN+ZKogwJnUZZNJfd1k
cqhmrK/s/UzKktCLMclhcjmjqd0uEjn2uWEF1r2xy6GvScHGCb14DmyxGdiBISaytmDtczKeV899
7xsSlFf1fubZp2VEStbM5Hq+7YjZ7E22UnbJ0r0T/Pe575jf4UkQcOcEzl0TeL6zQbo4C7rHP6AG
WlbgLash7whqjd3dxD5iOfjoc9N0vTsxR9/C6H0LoxVsGqo80/uZzhnYCqCTQii6WHe1iFdhyrR1
pOhbvuOL2fxvzWY49jdmK5FuMTj4xmAjCO4afJ5zCsGI58qV9G+hcfxvcVyUJFd+YRibw9dx57np
Wd/AMJ1SnkHYqmj5nIe/Mlpq6A8DCKHFCScRy3c1BW8Pr8okBfNDNzrhsxleBUggTPzLcv+tDfYn
ExEWwVTbcXEyUYFxMsHIOJk0o2x7i1HKLycTybh5B+OWvqmBQgpVDrW054YBF+TstyrJ2XNFTWD8
W3vQAA9XvNj59++7O+y/kZW2yxRAhRTgNMkueXrJFnApjE+yCERAy536PMAwyEw/VCQBIOURQ8rB
/+DMpPwdYFYQwG/4Yeu6AO799a/iyBBH2l+1j6ys8qzQ5vxKW5BspRFIIVUOKsEkopXzpNAWPNTm
pOhrB51zy5xfJhEDSSxZToFIEBBoKqqkOEBGEVkArC9mNOsZ3/AcMRba1Tyhc42STLtiJFcT78op
izmv0giwIXUAYlpRLQBlSVKNxwJAbiMm0sIVnk1yMalVT4r2s0RBSmJsBd8TR444WkLwSWhHnZ10
qu1r8OM/YoQrRkzKnyRFLzX9bwLuKThUQYzQ+fOfkBkIz4jnOLuE+Xm+Epm6ZSmk0H5KSrZ4IXH7
CkeD/X9fyvNi3JDFLCtYTZScNlBDUOW2oSuVG4YCKylKdGKEYTYmYhtWfb3dNhHD2TQRFPo8mc1Z
UWoiSdSaKJaMJnECwmcZnZOsREGjA7TtKWGUwdWkFEOk9WugaVrlORylK2EFWF+J2d22hgzvWxo6
kvQIRR2uJ5dZE0Sk/dQi6ThqlPj7n/XYn/XYn/XYn/XYn/XY/996bHdnxjKWkxTLmozgKsJOZyzQ
FILw16sNO1bfsPsmwqskjXb2Dd8wdneSYhqxy539mKQFg/Ip5yWnPFWN+SzB8sqOqRMGnmeS0CKB
a8DfUHfMiNqmZRm6HdFQZ0RH3JWi5QuUZPyq0M7G2vBw9G78/rz35u3A+jz4qBl6X9cEDZrheS7I
rb7Y0F9oB6dD18Y6br4ENF4fqYbDryyLBA/qGE5PeYETHZ+djQEgDq6g8sNqb7HkIOhpmoQ55E1W
oJBINAfGcrb3a8GzHlyjake9b/T1V75t+7rn6hDy/SB2HD+2AhLpjmMREvpeFFqxb7hiak5zskiq
Ym8J6QRquJ4SMRJg9J2+8cqILNOyzdCnBgvBXxyL+r7vUcsFDF5oUzMirmdR5GOt2DDJSL4S3qDI
MoxXzKeh60ShEXpB4DMWhp4VhIZpxyYJgFLme4CVhV1UFAJsCNT1LkmaRGhlgjbA+comLHbD0HTi
wIv00Lf0kOihHbuub9mhQQLquzENyAZC9OFU+HAjMptSEIvObD/WAUtMQV42GAYxdT8ygFjqWhC2
rC6mlM8EBhMwMCcIWRQ6EQxjYUBM17U9GqKg4I8ZE7C4KIrJDQy9ZTmHKjIqGmKCMKQMdOaHumH7
HgkBEeiAuMTTHdsz0WSZ7npdVAtSzhU19qvQoKYfmpYbxT5I24m8UHdp7NumEQeBa4LUCcUSsoMi
C0uFwQAUlhFR0IttW5bpUzskoedG1Ah9m4LmLeoBw6bOuihycgGWKlkx+/4r0CoBv4hBDaYZhbpv
Mdsx/cgmFDRmWBE4m28Ru4ulyDj/ypRAzFc+0K1HxIoCywL7oaHFmBkxGkcOc2wHkDheRKN4A8ky
FRhssJQ4hksCMA5mGyA8sELLtcBFPM9wqB77EA98oMMHDBGnGO3YHoTSEirKpDE5CxFZjh7Fuun6
LNBtJ/CYFUYBtV3foY7FdGZZVswYqnmxAksLi72IsSX46HIlkAR951VognY8P2C+TgIvBLswoCp3
YmAxCIGhyLcosZjgB6JmL+Gg3SyJoQJWtm+9gmhjgJlSsNfQjuzYcJlHwb90NwKbCSixLTgf2y0c
6/BpSvdxiMmAaoLK1CmIJnIcyiIWB7oL8tFJSGIjdGWIArlUC9HZ7OUsTpmozUXsUSjRdF3H9WMQ
hsecECQN5mq54J2E6VZMQ4NFTmzqbhDehRKgYQpqBKSOQEojz4yswKbEC+zIsl2XWOBRVA8ih7gU
zNR3wUfYDaTY3PdyVmB3LVWIngq5zzZi03NMZgcWOHbgmG4IFQ2LfJCAHVtuELnS1+dLbHr2IJMs
oYhCDV5CKEP5245BLYqK82ns2nrETMMPDDvQDeYA566NiaXBApa0p/7WzmEGryAPGREhEMQCByOM
FUIBBn5BwWZ0EtPIMWKwSnITSQ/+VllS1sggvIJ/gif5jLiWzQhkM90hvg/k2Z6jQzZgngGJoZZ9
Bxnmd1r28iplRUPeK4jrOnECEscejQM39pzINCB3QoWok4gYOjOd0GRK7kgNIuzhAgX8AyKXKyk+
GJv5ihIMiHEcRREGQt10IAHHpuHaNgF9RB4EFZdGdAMZLqr0oCvOlRdaAhkLCajLsfzYDAEL0w2I
cmEIRhCZMbPMCFr/MI7MDWS40HLBajTGK9eM3cCFUA9q1MF3HcNibsBAIREkJ9ezI9c0IcVtoCnZ
dQn/LJYpVNONN+nUDWgIcnIixzLAqyEQmDaxHNOxAggbNjEhdkEPv4EsWQiKHECivwr1SPeDiOm6
ERJXj2OwdGaBdVoMAq8BsUeH+C/iVAcJsCW0yMgCaxwpJNegTmCxwINkCO4BfglZRKeQbynxI5dA
0CSGvaE+ZVQBuIrzioBaqMOoRSDJQqSyzMD3IcaBB5lRAN4NnqObFppUATopIFhme0L/Co2MVZHr
6BBUQiNmlKGfgWAZYfAP+C1EAw9YM8B2b0cDHoyRi/VSzi+qZSNwCs5jWHqsM991AyjdIOSZeugZ
ukF8yH+UmoEro2gb62JJamOScoJMHfkOiyEgRwS8xYh1l8Q2+C61UXqBTyBa+HYHT5TEscJgvLKY
Y1rU8dzYBBQUElNs6ahzBnWFQxxqQLrw/C5/LLtMcp6pyg0jHRRbUP3oMfDBzIBaVuSBgxgei0wL
1M5MKGbQa4TKWoiulzwvWd6QExlmHIKKnYgE4Au6EQUQi52A2SAcokOQD9AQjQ6WWcpDkoINSZu2
pTlCsQZpxQugusES0DchiLsBJH6oAj3IMEYQ+lDZdDDJtqjHMgjDbUkDe04MVVQEBZEdACsOg0AX
xnFoWR4gswwTalXoSJ3b0KkEIbBJ/YPpgpdbFIKQbxqU6p4Oju9bng/JBkK75/o6xOEucTmjlciC
EKEydOSGOGKZmJKdWDccCEY6xeBEmUshKrgRFkwGiMD2NtAVvMop6/El8qoqZxldINwCWYZnO57v
R8yOCSUMa18SB1CZOXoYWYwaXW7VerTMplAZ2IGpe9SNfcdmHkQQKAyhYgpsn1CfgRrArSK/g6Hd
JKEOddswwghKHijemAuFlBlaATVjG2o4qGgJZByo8QNhU6tFzLMVdGjpCgJv2qOKHEx6HrBksijy
QNwhlGEQPIF+BlkO6ocQMqgfG7ELZQQUdYCrnLOCMcjBGJqSryr/QhH1CpzWcmNgyWYGlLRY2TFg
grlQHehGwGKwXKLHGCivWLjgX6GX34OSneWlqqCgRIZ+DSoJC2IjpABISJh4HR8ExmwwTceIIshT
jtGtCNc/e4tl00W+undL+HuzZi+6sBG2YEdV1GpbG9DuzloPwrcBQqpyzvMC1yL/Dg3N6RBbX7JM
ECB0hccsI2HKAGeZV9DDRmwJ3SKOgXMFj8thG7Ag4vaAxDaZ1LOvf+ENB+h0sKF+Pxp/ef/xZCjF
WiTCzXGB9DwlK5aPmHSvot2Eb5xpM4WR3esydQD6042HYkpim0w2iJCLK/fh6wvP0+g85yXeTFkz
1QG3OTKhwN/gCDrOKl09FEcS22RyhRQsJQWb7IzGBx/Hn847zMzLclns7+3NknJehX1IYXunVZLH
CUujtk3X67JQBmA7WEBO2OtwC0IZHn5OcsFvI5AG1FWvuSmMJZ/hEsruzuj9G/ZQMpFIJ5NLQcJk
ErH6V4usO2SDPL3h+eLg/LjFUg3pcgSEdjn6lf/KmYf/ddgxf5ydNcbJRBHR/LiPzSZKVfLmpOKm
BWwzZN0MKyfDXx5KMYBqMlnPfD+3u8VSAU/vdHB+uNfiAhh9nQMeKmy0xWkb2tWd02X08JKnI6D8
obhtTTyZdKm4h2NeXV31GVCE2PvlhfAzdjnmPG1H0wbU5QxS0IZZrtc+tTEW9G0eDTDjH2WyJgAX
jhtStos7a9L2Ghx4Ox2yM66UpMX4vMVxB7wZXcwO0w+kx/aMk8nG/N/PhIcDnqaJvL9e58AGtpH9
ujoryDW5TMn1AybAFsrJZMmoJOM+CQN5OSXX6kZp2wbb0M1svsHRLyzjy3mSJvTBEmALJbLRkNI5
uI+iDqqSD1JG8hMym7XY68K7wfIGg+OrBFw8eijmSoluMoEpOEUiUiACb0p2ado2gCoyD4pVWi1O
B3tdfCiM9IqsitGSXLWzehvarXLMvr0Rb1AlS20Ef1J8SOWhUrtAWyisIBdBUYEUTSbyHtr3zXiU
kuWykyNqSNd83XvmdsP6Aw4pZ/7hVLgmaa9mAoNOlbNzli86hXcD63Jp960ul6795o2ua/+jQXLF
Nvk4i5MsKR/MY6dyAqjCa4paP39ABGKsKlPXeEAK7xhbNk/OtCTRhd8Zgt/NOXlLoBKegTAeSgAd
pJNJh5z7tyIwZMTaWUUBvhOCX+My+BHPk6+4rvBQpU4b6WQiKbnpkN9mZvRu+pqVpO2SCtJhp8vK
2axasWw65Nls+qFaTQ+jpJyefRg8GFfj+2vj/OSUZdWndsPQgL6jEckGcgFMPBTtp2ef7k/8EU+m
43nC2rF+Ddsosja6A56dAuWnJJu7wUMRfwSCH10k4gnI78TyMVmO+ZC3CK8hm234htRnjOezhGT/
GN+gelf+7R2cnB8d+N3DoHtobFxtGOvj8xM4Nn849ZNlySMID2t+vu9FZDpOsvl0QKq2J7Wg3/Wm
BzbD0XhwQ5V3RoHzeUWnJzzpRoIG+oTR4Pzk/g6lUvFHXor125uVRnNms4Mx7lVx/BGNdAm4P08Q
DIRcz+co4TFpc3Xz3GMb2vjD+XgLSzv7PD0jOVS903HOpm6Llc0z97e4h2Ll7LN7f62cvf08mr5L
2ouRDahNur5ZoH/KLjJ+lb0mWEk/WGVzsCXlH0l2sUm6gD1Fzhy8vj/1r1fkopp1nKABPbbtv/7H
wbtPbw/OTN3Ut/OB8Zyspm9JMjU2XKB94glj7tlnYwtfwDXRY3xroHiTXG+s3K7hXa/QNyLuxrqY
/aOUL6rfClyDxncaEzF3nFxvYV7Nyxkt+2q9sNEubTZ0Uj+6/HAt981HofHfe/v4CDJNsenkEvgU
Xo7TTyZrIraIWGQ5/ZBEZMCTtt93wI/t+zD5eM62jLpvEzLmdFMlCvr4Ce/tFn0WxKYjCLNTpxuv
FOwpkrWzpfA/VOKRu67sJfCxjWd4tEVJi74yOB22a9ka9OhdhZp4i3hKMmxRxasb7ZDaBj962j79
vKXhc3ycejouqoxEbIovYnV84Mbpp3AHw9yKp78nOUlWZIovnLWZacG3qD8etvQw7s/JkCefSda+
bVBDHl8Hw8/btg9zzm70Dwh7ivT87niLdasqPOFhuNq8T9GF36GBE14VXwDf6YOZzRrjZLJJxnf5
EbdgBoTO2+poAR87Qg1OtrSkE042DQlBT2FHJ+8PxIMSPx5f7w6vTxNdtwuuoos7zqsLMvVv6e/q
M0/BiL9F7mZRzunFICVZu43ogDsdUZeFLywvv1aJYVoPRf0aI3RCLSp++CbeGuFehyt84Izky/aD
Znh4tzvdXM22/1A2GdxfU4NFNMo4795bbQG/EweOeFnMeXnUfYYRH0j6QdrpIirk1JNJh4zvO0+S
/UpOeeepjTXs0Zu80/vr4JQsxVrHYTYTX4VoPabRObHxwNDmTeA3JJmxfPSP0UPx0CBEVtqUbB7f
a6UnXY3Fc9brNR4FefxYdj5+N5mo6bdop3CVDsIwg0jcuT/QgT/6Krqcd4vYnHIevfmlHZYVZNPX
N6LyZ5KywLAfinCFDuKxnH6be590egY8g8wrUnZugHZO3FcV5CFvgt7b6YHWId7je53QedvnO/DH
v5F7Onx97zu5slrELxXcKCEF8LF94UR+O+H+t8eg/zzB2DK8xZhuO/v4oWp8MtzqJplYmbplwbMD
f3w2PmxTkwhiN3rzNezxiT8ab9GeD4eES2uZjsliej4n7WLwtrOPvoQ4HONTsfe2qXNCL94mcds3
GtBj037+drBNXTVL6JdDs1NRKVD3xRxv847MLyxLSAqO/1CEXwuEkUzUkob7P/0ojP+XatMdfqme
xBl+2aqhHcz5r8nU2Fj8b6BPe6fS2YqVU77gdJ5M/0nC6iuZ2l2Wbpx9ih7d3iJQQX0BehCEDObJ
jfx3+/lHD1aDwZYPidTL0MHtq9PBk+gl2Oa+RyluGU/HFYqfd9LgLScf/R7Ih60eEKtXrt6RC1KA
GeH36m4sa7VOPskNEH2LOJAACUdkesQJUtJZbOieefQlh6Oj4TaKGX9qP6ogDh9f+MdvRveX/UlV
V+K31Va3nX30DmS70mp4yw3O4ZPd3RxueXNzNE8uyILk1dTYyIWdM0+b4rfJiJ1lneETLOYMt1nI
ETXgcPBusyxE0BYyZw8sc5h+ixY8WbABXyxIFnVWoLvwjReXuvz8kxH+oG+7dub+4y+8dlnBtuT4
cHrb+71d+OZinH3fxd4/ePOgvejbJmjj8F73Fuak7L6QXUMe/zFXnHkywX/P2MW2S0R1z35jdag5
8eirvifbVMWYDsd5hUtZXObIzssXN04+wTLXePtlrtfkxvNwCHqKlniLp5BHc/HZ4+4dhAb26I9l
HR18PD7b/kHkg8V0hHXWhld0wI/Ny8FoGxNqOql34gWIb3danfOP32y926bZGg6g9Kry5KLzXlgb
+ugG9hGqgeHgfo8GwdTdGqwBfec2NNT6mXbEJ5WuMz2bae/mD3dPR5GwhYe/Q8OZnnWakxbwCevh
D2dbpD4CRIzEW2i3rA7ddvYJ0sZoq9UhfLnz87hdcknAUzzsNNqm2YIYlAxJJb7i034rug2+s6b6
7zz3N9yqXXwv3jP7WmVkanXbxc6Zp1gAsrZ4YKYqSr44SFneeUOiA77zZY+H/mZNe2aocLt0/NhX
a+QtXLI6uuUeXA1+kgcEj7YyuDP2ayJeCfQ2XhZcw5/C2LytmDjO+NTY8BcFu4v4B11DsbZaQ5Gr
V5336tvQR30U7mCrJS2071OS3XggVsCe+MUnpGH7J0mbhfW7Ft2fxAvuzwveaKbd5/oa0KMaE9Q8
Y46VIE4/4NEW73ANX4/bdYc4fPxne3Daez/cA5dlozlfdp90k6A7DOa/9y4jzi7/vVc3MT56f/b2
3XFb7GvYUzjz0fjdNs8uZCtR13U/29UAN7/lpD/GFytxxzDx1cp7v4GJX0olOVBfss2P2tWbgcCI
Xk9S1SNZkSCRcheSPn5vHQoZsdvFzrPz5kgb8CxOZhp+FXyST7Jn4CrawTLXTE8z3H072Ld07cvx
a02sasAFKVQsFZmxlyyb4fGCl9HLDima3PEFT8rJe/g15ZdGYFgmAq/mwFIvTYryJY9jhJAs41VG
8Xub+GXSHqHzhMnt24qXPBOY8C2SnvrEJ+jqpeGK2cm1GlS8lPTNQEILCCgvxVHM8VPCDUzNB6KK
8HOu9fHycqmmwY9QJ7RKy9VLQavcRqXkea9gZZlks+KlEILYUghN6eU7nvE5WQMLxqLWNfi535fD
wzcHn07GCFXa+a1i+UrNqUA5Ba4UQfi7vyRFASYSvfyr+A/EVJW8V5BLpgZeJuyqFyX4vXnKXvoI
ug75dQ+Nt8bU+Vxvf7XADRyeaWhxGhWar+RHloUBaCAuraNLMAhtjN8d1mr+NZIzsREZz1ghtyWj
qL9SC5mWZDStcC85QH/D8BDXiC+Y2vxsE2dBYrarcTiTF2JvuzBn5EJb4R5oEpeWxBqoUW6YBlPx
HHf1A28CxGfsqkG3F7GYgA4L7Ypnfyk1/OQHbpMH4lsAs7j9yQopFPvlCb6v5izTquUsJxHuozbJ
0HQlsv1JpmnPvswZEoZb8xXg0xpuZSi38AEZ5OBr+OH6SJ4WpKYcpgFW4ReTG7fhd1gp0+Yki1Ih
wQVilgZaO9W+JjbawRPFvCojDjavNlDc1yY7Z/NJZTASZtrbRPyyQKDZTBvMxWEYZ9prCefaOBdL
OFQ7FX+NFVyF55g32REsHaQpv9LQDYGLegcy7TIh2gc0TrxGWGn9Edx9DcOcGDrCPQ8JGlDBgRdF
oZQiUai0qgD7gJgIOhKyOTg/hishrELIAyTrM7hDTsgL1prgULhEjQkkpqG74laFoC4kN1xpSsl4
vfKg5nRLjM++QIYGWwWNkwi3RSykYSCpuDUWkESKKhexBjfVCxlKBdTGfquI2K5yllzCtZckrZj2
XE0K0fAFYpcz4o4YGOJ6YBC4Q9U+nBZzn1Vin0uw94NildExKS7AJPMLsPC+uOBTAYJBp6s5xcvm
OYSUCuwKLi92NZElNBWIwFN3NfziPjCCKUvIBrIEwhZVBraNl0jkI2F4wBPYf86vE7B9BmIAloRP
ZQ1xKFtF0HGMXiR26QRv2dWS8i+4aWcuhkUMg68w5o3B2nPgARSumUIsgo2e4nRfoNr0IiKsL6+y
DNUZYazkYptJufdT0deG7FL91hbJbA5hJocae7cdFpRlokTyvFqWEioFhoJZAG2KL6FcMDixsVMk
XZVc8iQCsm+nAG0EbY6DoMG6+i1Dg4t78qLG0iAVQYrJVzJcvBWf/tewCNAkHBxtkZQYdRZsRsJV
CRLXRlLUuhBuUiBuMXyMWrtKhOSFRUE4uepJRLWRFYLDOAESIVYy/IAeoolzxuoppZGDtirhnjMO
isJNRIRV4ERqhwJB2r6mIxcwu0gOcgel//ccYFV1F/2Y6f8Y/UXJl3KvThnYG5IUukKD8IGpmkUN
QThrTZWhm7YiTASBL8IrFH3FXx6AQuEXgiSMGK1tQdk1o5WI7lySLD0S02hzNbumULAUa45k4Ho/
PtzXxkfHI+3k+PR4DMH7/OT4cKSdH37UoDh9d/hxV4OLtPF7uOpQ+3L0/uRQO//4fnA4GvU3Q0BH
HqbjKnGcszzholTAQFwgg2JfxVoaTbA1QPaQayIRW8QlPQiFTIZZgQr3hE0yCNBgTcjvt4xNGhkU
oJiaM7xMTSYwSyQQeteBXGYkMcd7zCFYgYgB/ZtXoy2olgDUpnZ2lZJFcqVe5diGBzAvtizWrEKx
LXktXtxOkuLcUpzPSB7iJnP4KWNZGIsAdLt0hashOWqUpkbhtsIkE9tudiiBkrECG3yxW+eETSOs
zVCm1zgGXJLfxdoF+9p7GfOlwdf7E9e0JJBErjJtTX8hES8F+cCoq+uKV5jtjQgWN5KkMB2JoeEt
zvmiTrZytLqi1zbNtoaRG6XJG7ah3WJSHesY1aUsqizn4gO9tSFH1WIp6z5ZXGrqRA9P1Poa4kVq
gKBdkFlzgFsdXzFwdnKLgCFpQ+KDGS7ByIqiYhgYyjlobVbXwRi0cLY1Vbu1ItW20ZL+vqQGL/2m
nLDnovMquyhq2gdkidBkUS0gx+LDOVrdlqAiNdmhSSrWckV/UaIUHnPTxqANWCqKxIQ9rM8rSLp2
o7Ehl6c2bRprI4x6Er+8uHYhiUtd2OZMVA49il8baHgbAimiVoHyEaUH1MkCQ2LBXR4ZtkA4RnK4
5g6GKXlKfuqZ8eJ1tYsCxK8c1HjvRnWXHU6yjJWosH2VIqA0m/NUlpghKaGtxlJfkAxVE5iQSjIi
tsmeTJ2VqSVkTbEp09uztpbqUxhW81WJyHe1ntFSoFCemLhX1sSoFCCi9rqOldtiV1gPC86xyxKF
Pg4GoCKrr4l9q3PtpSjutMH5p10YCzSE4F9XSQRmL2oFGT0b/D2Bf1/z6rJ7XZEXQjqta/vaQQSB
ak7SeA+aXNkmRAxsWE0Fk2q4WIMG1nLEddprIWu3IofXGNWwxCTprgyaOLXa37QPLZvIF1xU0p/O
s/O6Dl93rdhm4KAryKiIs1pmy5463mh8TpVDFslX1qgaK/Zaw4XYa1xWU1DRS8tpZV07MOWgF33t
XI1JcX9sHEBU+6zMRMwY52SG3IG6gK1imYpiBnviBRCPcYDkqMJBmuDKjmjycT9c3Bb9dPxJUFoA
S8h2WJUaLioILa+nk31Hvw5Di7Lq4ah9QS06QMTCarZf9zI/awb2MKqSw65VnK871kKuArC6k8Vh
ylAMRCbjlsQ2mHPoUdE46xaG1U2qCG4RKYlWkMs6iOI6Tb2ehefW/o47YEIkYKSsYwxQKjfYrUtm
0W4tc1muFEuo0ET5knGKn5UXY0GOp2QFMkRjWfDLuoPF8K9ipohbvfqcnLJYR4t6vaq9zjEWCxXS
APDjfWLTeaJ2rVfargrV6lOw+lLGBTWmJ8fsa0soKC6TFKeRMU/5s5oFgzbJZk1RneGwdDN37NZX
dRa6bl1bkl3ewYJXaNOxDM7KxFGUcolQJCN0Z9G7g2Lwt8gmMPijyC2twYLxjMleMWQSWchitEix
HCnSwby2AKF0sUrZyVKSfZyoYR88UyObpC7lHt0wG4MEcBuV+u1kkhwwRWLdRRgiEFsPxr8NNZaw
buyke5XctbwVLcTuCmIisTDbWoo5HorJxP6hhXBJlCfLUdNQ10LoWmiKO02tPNTZTozpsA74epqp
PdNm0LMUa/GsVzcaCfVvikg56xVJRFMDgQMqfqmbJV9WaW2M6gDDvrhGhQgf5xPFcG+pvBqDKzrq
vlaXmWKNVS7n7KuEh6tPosWSYJkvlLpwG4ZmXSBaiw3NXWzbuQFqvK0LXs6hMot5SyHgZD35WEFz
5ZyjYgQp/eVisewnXFCc8Wy1wBYBdxrE5TxarEnHvked19bnBQsiYpHZLIdmUy4sNSt3WEiVORGK
6/An6AMHfj98j3uZq5sNKhVgTLhisg4l4DlXYsZCEL5mQMD6rUVpyDyN5KVlSuXcECroU55XtgRJ
T2w6iKG7XU4JOG+LDirUDM2ktcqzC+FxOSe7AAYxYL4qm4oFIm/MoIsGFUIAyjAfyLN1XpFrRqSz
aqRuIrXyTQXVGaQ2EcTqWKEQCs3L8/UcNzQteW2rukwW61CtEhIixevrugE1i/ESJxTLYWpQvfTZ
X0+gzrRnqKV5d8pTUVtqV3pFa5WhXhYuk1LJs15PmCugCBjYEKgaUwUMXJ6FMj4SRVYSN4igUgdG
5F0CDEB1ky1DHOBTEbJObCRNSKEqeCi6yGKZ1kdYAwCNSlf7tdLkObBbXO3Z1/4lkjekz12x/PNv
RCpv1jVZsn33QrCBhVSeRKrBrm8bic75toQl8rlI0IWoJUVjBvpJgFaVbdvky3kFDfKnhveZMCnI
5LWecV97c3Iw3jf/5u06wbWxa11bu+bfjL9FjHIZYp/jbnYUY+tLX5eRWB7ZzgtZ9cj1/nZfKz0c
UwvIWC07icpDrBuB1ugK74dUtKzyOibXxXzeLOSLiAN4IFNRcQunqAXWq+8ygC3I8u7ZGxFqxFTi
+g6SShQKEjJtQXqi1uqvV8j4UrSC7BoCX6H6IHqB5XIhan6QSJhAobqSLbO4DvkVW5WnMotIn5Fc
CvxQi+RNrN7Z3WHXJcsKuVXpf3YGUCDs7O94uLs5PjsYUrWRfAPBW0NZRPIOjC+mES8hGHagarvQ
NaDK0/ZxJDeXbY7jJJUb1zaQmdiYszmcQ/poHyfgZZdtwK+FupXviTvhi1De52pfgoUYkB+1YUva
5fpjs/14Z6QI+0UXBPXJog0ZnZ+0Dxer4rc0w8nULw13djZMXIbXoJzQDUe3dQ9+/nQMLuFRCv8H
LnM9J3Yjz2QOjfXYdL3Y9pnhehR3IzUt7SfcU7W1l2oz4YqI26SmelXoa7KUX4ly5GGahO2r4fB6
0dUJR3ZMXbcMw8SXpM+H7zuiivhUsLIJBFDSVSeEi6woOheOEgwIv5x2ZLRBARxiR9plC4BXebJh
HUu1Lic29DL7BsgUCZ53jXOdraeiFqvKJFXbmgsjSWZhkhHcZkh8sgwfwBEocU8HFIAIaFEoRsin
OGm+WpZcACwBmEU3dJ50zETIxmqDmp2HZ5U0RknO77//H3ZOgJ0=
===END CRASH DUMP===
