PocketMine-MP Crash Dump Mon Sep 7 08:09:56 AKDT 2020

Error: Attempted to create tile pocketmine\tile\Chest in unloaded chunk 109 -173
File: src/pocketmine/level/Level
Line: 2607
Type: InvalidStateException

Code:
[2598] 			throw new LevelException("Invalid Tile world");
[2599] 		}
[2600] 
[2601] 		$chunkX = $tile->getFloorX() >> 4;
[2602] 		$chunkZ = $tile->getFloorZ() >> 4;
[2603] 
[2604] 		if(isset($this->chunks[$hash = ((($chunkX) & 0xFFFFFFFF) << 32) | (( $chunkZ) & 0xFFFFFFFF)])){
[2605] 			$this->chunks[$hash]->addTile($tile);
[2606] 		}else{
[2607] 			throw new \InvalidStateException("Attempted to create tile " . get_class($tile) . " in unloaded chunk $chunkX $chunkZ");
[2608] 		}
[2609] 
[2610] 		$this->tiles[$tile->getId()] = $tile;
[2611] 		$this->clearChunkCache($chunkX, $chunkZ);
[2612] 	}
[2613] 
[2614] 	/**
[2615] 	 * @return void
[2616] 	 * @throws LevelException
[2617] 	 */

Backtrace:
#0 src/pocketmine/tile/Tile(171): pocketmine\level\Level->addTile(object pocketmine\tile\Chest)
#1 src/pocketmine/tile/Spawnable(62): pocketmine\tile\Tile->__construct(object pocketmine\level\Level, object pocketmine\nbt\tag\CompoundTag)
#2 src/pocketmine/tile/Tile(117): pocketmine\tile\Spawnable->__construct(object pocketmine\level\Level, object pocketmine\nbt\tag\CompoundTag)
#3 src/pocketmine/level/format/Chunk(723): pocketmine\tile\Tile::createTile(string[5] Chest, object pocketmine\level\Level, object pocketmine\nbt\tag\CompoundTag)
#4 src/pocketmine/level/Level(2681): pocketmine\level\format\Chunk->initChunk(object pocketmine\level\Level)
#5 src/pocketmine/level/Level(2293): pocketmine\level\Level->loadChunk(integer 105, integer -168, boolean )
#6 src/pocketmine/level/Level(2011): pocketmine\level\Level->getChunk(integer 105, integer -168)
#7 src/pocketmine/Player(1557): pocketmine\level\Level->getNearbyEntities(object pocketmine\math\AxisAlignedBB, object pocketmine\Player)
#8 src/pocketmine/Player(1790): pocketmine\Player->checkNearEntities()
#9 src/pocketmine/level/Level(852): pocketmine\Player->onUpdate(integer 82858)
#10 src/pocketmine/level/Level(785): pocketmine\level\Level->actuallyDoTick(integer 82858)
#11 src/pocketmine/Server(2267): pocketmine\level\Level->doTick(integer 82858)
#12 src/pocketmine/Server(2398): pocketmine\Server->checkTickUpdates(integer 82858, double 1599494996.0536)
#13 src/pocketmine/Server(2154): pocketmine\Server->tick()
#14 src/pocketmine/Server(1994): pocketmine\Server->tickProcessor()
#15 src/pocketmine/Server(1588): pocketmine\Server->start()
#16 src/pocketmine/PocketMine(273): pocketmine\Server->__construct(object BaseClassLoader, object pocketmine\utils\MainLogger, string[36] C:\Users\Administrator\Desktop\ngvs\, string[44] C:\Users\Administrator\Desktop\ngvs\plugins\)
#17 src/pocketmine/PocketMine(304): pocketmine\server()
#18 (11): require(string[91] phar://C:/Users/Administrator/Desktop/ngvs/PocketMine-MP.phar/src/pocketmine/Poc)

PocketMine-MP version: 3.15.1 [Protocol 408]
Git commit: 9f60484212ea80d2d9b2c792809f79512e5c2f0f
uname -a: Windows NT DESKTOP-FGC3VCR 10.0 build 18363 (Windows 10) AMD64
PHP Version: 7.3.14
Zend version: 3.3.14
OS : WINNT, win
Composer libraries: 
- adhocore/json-comment 0.1.0@8448076039389f558f39ad0553aab87db3f81614
- ocramius/package-versions 1.5.1@1d32342b8c1eb27353c8887c366147b4c2da673c
- pocketmine/binaryutils 0.1.12@566fa87829e007eda0bd96e39fe20b9b0d638132
- pocketmine/callback-validator 1.0.2@8321aa3ccfe63639b0d08f0cbf270755cfc99fe2
- pocketmine/classloader 0.1.1@7c0363491d1ce8f914fe96d41a4338c982adedff
- pocketmine/log 0.2.0@e59bedb5d4bbeb9a26647cb7c367cb2fa72addfa
- pocketmine/log-pthreads 0.1.1@9bbcef398b01487ab47c234a6a7054722abbe067
- pocketmine/math 0.2.5@8c46cfa95351fb0b2b30739a381310941934b55f
- pocketmine/nbt 0.2.15@f8a81d37d24eb79fb77d985a52549d68955bc6a1
- pocketmine/raklib 0.12.9@5f2a02009f486ca4d90892814570fa13ebdc078d
- pocketmine/snooze 0.1.3@849510fa62e57512b8467e3694e9b3add97038fd
- pocketmine/spl 0.4.1@ff0579a0be41bbe65d3637607715c0f87728a838
- doctrine/instantiator 1.3.1@f350df0268e904597e3bd9c4685c53e0e333feea
- myclabs/deep-copy 1.10.1@969b211f9a51aa1f6c01d1d2aef56d3bd91598e5
- nikic/php-parser v4.9.1@88e519766fc58bd46b8265561fb79b54e2e00b28
- phar-io/manifest 2.0.1@85265efd3af7ba3ca4b2a2c34dbfc5788dd29133
- phar-io/version 3.0.2@c6bb6825def89e0a32220f88337f8ceaf1975fa0
- phpdocumentor/reflection-common 2.2.0@1d01c49d4ed62f25aa84a747ad35d5a16924662b
- phpdocumentor/reflection-docblock 5.2.1@d870572532cd70bc3fab58f2e23ad423c8404c44
- phpdocumentor/type-resolver 1.3.0@e878a14a65245fbe78f8080eba03b47c3b705651
- phpspec/prophecy 1.11.1@b20034be5efcdab4fb60ca3a29cba2949aead160
- phpstan/phpstan 0.12.40@dce7293ad7b59fc09a9ab9b0b5b44902c092ca17
- phpstan/phpstan-phpunit 0.12.16@1dd916d181b0539dea5cd37e91546afb8b107e17
- phpstan/phpstan-strict-rules 0.12.5@334898a32217e4605e0f9cfa3d3fc3101bda26be
- phpunit/php-code-coverage 9.1.6@d25b24b1cd14772bde4d75daeb393dc17db9f6e6
- phpunit/php-file-iterator 3.0.4@25fefc5b19835ca653877fe081644a3f8c1d915e
- phpunit/php-invoker 3.1.0@7a85b66acc48cacffdf87dadd3694e7123674298
- phpunit/php-text-template 2.0.2@6ff9c8ea4d3212b88fcf74e25e516e2c51c99324
- phpunit/php-timer 5.0.1@cc49734779cbb302bf51a44297dab8c4bbf941e7
- phpunit/phpunit 9.3.8@93d78d8e2a06393a0d0c1ead6fe9984f1af1f88c
- sebastian/cli-parser 1.0.0@2a4a38c56e62f7295bedb8b1b7439ad523d4ea82
- sebastian/code-unit 1.0.5@c1e2df332c905079980b119c4db103117e5e5c90
- sebastian/code-unit-reverse-lookup 2.0.2@ee51f9bb0c6d8a43337055db3120829fa14da819
- sebastian/comparator 4.0.3@dcc580eadfaa4e7f9d2cf9ae1922134ea962e14f
- sebastian/complexity 2.0.0@33fcd6a26656c6546f70871244ecba4b4dced097
- sebastian/diff 4.0.2@1e90b4cf905a7d06c420b1d2e9d11a4dc8a13113
- sebastian/environment 5.1.2@0a757cab9d5b7ef49a619f1143e6c9c1bc0fe9d2
- sebastian/exporter 4.0.2@571d721db4aec847a0e59690b954af33ebf9f023
- sebastian/global-state 5.0.0@22ae663c951bdc39da96603edc3239ed3a299097
- sebastian/lines-of-code 1.0.0@e02bf626f404b5daec382a7b8a6a4456e49017e5
- sebastian/object-enumerator 4.0.2@074fed2d0a6d08e1677dd8ce9d32aecb384917b8
- sebastian/object-reflector 2.0.2@127a46f6b057441b201253526f81d5406d6c7840
- sebastian/recursion-context 4.0.2@062231bf61d2b9448c4fa5a7643b5e1829c11d63
- sebastian/resource-operations 3.0.2@0653718a5a629b065e91f774595267f8dc32e213
- sebastian/type 2.2.1@86991e2b33446cd96e648c18bcdb1e95afb2c05a
- sebastian/version 3.0.1@626586115d0ed31cb71483be55beb759b5af5a3c
- symfony/polyfill-ctype v1.18.1@1c302646f6efc070cd46856e600e5e0684d6b454
- theseer/tokenizer 1.2.0@75a63c33a8577608444246075ea0af0d052e452a
- webmozart/assert 1.9.1@bafc69caeb4d49c39fd0779086c03a3738cbb389
- pocketmine/pocketmine-mp 3.15.1@9f60484212ea80d2d9b2c792809f79512e5c2f0f

Loaded plugins:
DevTools 1.14.0 by PocketMine Team for API(s) 3.11.3
Worlds 3.0.5 by survanetwork for API(s) 3.0.0
InvSee 1.0.0 by BlockHorizons for API(s) 3.0.0
FormAPI 1.3.0 by jojoe77777 for API(s) 3.2.0
AlwaysSpawn 2.2.4 by Philip Shilling for API(s) 3.0.0
WorldProtect 2.3.7 by aliuly for API(s) 3.0.0
iProtector 3.1.1 by LDX for API(s) 3.0.0
Slapper 1.6.1 by jojoe77777 for API(s) 3.13.0
Broadcaster 1.5 by EvolSoft for API(s) 3.0.0
AutoClearLagg 3.0.0 by Twisted for API(s) 3.0.0
ScoreHud 5.1.1 by JackMD for API(s) 3.0.0
essentialsTP 1.2.2 by  for API(s) 3.0.0
PurePerms 1.4.3 by 64FF00 & ProjectInfinity for API(s) 3.0.0
BuilderTools 1.2.0-beta2 by CzechPMDevs, VixikCZ for API(s) 3.0.0
PECollide 1.0 by saxavlax001 for API(s) 3.0.0
KeepInventory 1.0 by KhoaGamingPro for API(s) 3.0.0
NV_Hokage_Tsunade_12 1 by Nguyen_Dong_Quy for API(s) 3.0.0
NGVS_QidaCoin 1 by Nguyen_Dong_Quy for API(s) 3.0.0
NV_Ong_Tazuna_3 1 by Nguyen_Dong_Quy for API(s) 3.0.0
MagicWE2 5.7.1 by XenialDan for API(s) 3.0.0
Shop-NGSC 1 by NguyenDongQuy for API(s) 3.0.0
NV_Thay_Kakashi_1 1 by Nguyen_Dong_Quy for API(s) 3.0.0
NV_Sakura_17 1 by Nguyen_Dong_Quy_Edit_NQC for API(s) 3.0.0
ClearCache 1 by NguyenDongQuy for API(s) 3.0.0
NV_Choji_15 1 by Nguyen_Dong_Quy_Edit_NQC for API(s) 3.0.0
Skill_TheThan 1 by NguyenDongQuy for API(s) 3.0.0
Giftcode 1.0.0 by  for API(s) 3.0.0, 4.0.0
DDao_Thuat_Tam_Phap 1 by NguyenDongQuy for API(s) 3.0.0
Sharingan 1 by NguyenDongQuy for API(s) 3.0.0
HTHONGKIT 1.0.0 by NguyenDongQuy for API(s) 3.0.0
NV_Sasori_20 1 by Nguyen_Dong_Quy_Edit_NQC for API(s) 3.0.0
Boss_Quai 2.1 by phuongaz for API(s) 3.0.0
AntiServerStop 1.1 by paetti for API(s) 3.1.1
ManyWorlds 2.2.0 by aliuly for API(s) 3.0.0
Warp 1.0.0 by  for API(s) 3.0.0, 4.0.0
DBTT 1.2 by LonMongManh69 for API(s) 3.0.0
Dan 1 by NguyenDongQuy for API(s) 3.0.0
Thuy_Long_Dan_Thuat 1 by Nguyen_Dong_Quy for API(s) 3.0.0
BloodFX 1.0.2 by Vale914 for API(s) 3.0.0
KhoiDauWorld 0.4 by NguyenDongQuy for API(s) 3.0.0
NV_Orochimaru_24 1 by Nguyen_Dong_Quy_Edit_NQC for API(s) 3.0.0
NV_Ino_13 1 by NQC for API(s) 3.0.0
SK_Qua_Nap 1 by Nguyen_Dong_Quy_Edit_NQC for API(s) 3.0.0
NV_Shikamaru_14 1 by Nguyen_Dong_Quy_Edit_NQC for API(s) 3.0.0
Tam_Trung_Doan_Thu 1 by Nguyen_Dong_Quy for API(s) 3.0.0
NGVS_Loa 1.0.0 by NguyenDongQuy for API(s) 3.0.0
NGVS_Kit 0.4 by UnknownBallin for API(s) 3.0.0
NV_Thay_Gai_16 1 by Nguyen_Dong_Quy_Edit_NQC for API(s) 3.0.0
BanManhViThu 1 by NguyenDongQuy for API(s) 3.0.0
SkinShop 1 by phuongaz for API(s) 3.0.0
NGVS_Stats 1.0.0 by NguyenDongQuy for API(s) 3.0.0
Nap_QidaCoin 1 by NguyenDongQuy for API(s) 3.0.0
NGVS_Mana 1.0.0 by NguyenDongQuy for API(s) 3.0.0
CustomAlerts 2.1 by EvolSoft for API(s) 3.0.0
Ghep_Trang_Bi 1 by NguyenQuocCuong for API(s) 3.0.0
NV_Chiyo_22 1 by Nguyen_Dong_Quy_Edit_NQC for API(s) 3.0.0
StatsCMD 1 by NguyenDongQuy for API(s) 3.0.0
HubLobbySpawn 1 by LousWiteMC for API(s) 3.0.0
NGVS_Vang 1 by Nguyen_Dong_Quy for API(s) 3.0.0
Dich_Chuyen_Chi_Thuat 1 by NguyenDongQuy for API(s) 3.0.0
NGVS_GiaToc 1 by Nguyen_Dong_Quy for API(s) 3.0.0
BlockCMD 1.0.0-beta by kenygamer for API(s) 3.0.0-ALPHA10, 3.0.0-ALPHA11, 3.0.0-ALPHA12, 3.0.0
NV_Thay_Iruka_8 1 by Nguyen_Dong_Quy for API(s) 3.0.0
NGVS_Rank 1.0.0 by NguyenDongQuy for API(s) 3.0.0
MIE_Protector 1.0.4 by FaigerSYS for API(s) 3.0.0, 4.0.0
TapToDo 2.3.0 by georgianYT for API(s) 3.0.0, 3.0.0-ALPHA8, 3.0.0-ALPHA9, 3.0.0-ALPHA10, 3.0.0-ALPHA11, 3.0.0-APLHA12
NV_Neji_Tre_7 1 by Nguyen_Dong_Quy for API(s) 3.0.0
NV_Momochi_Zabuza_4 1 by Nguyen_Dong_Quy for API(s) 3.0.0
DanhViThu 1 by NguyenDongQuy for API(s) 3.0.0
NV_Naruto_Tre_6 1 by Nguyen_Dong_Quy for API(s) 3.0.0
Nien_Ha_Hoa_Don 1 by NguyenDongQuy for API(s) 3.0.0
Tang_Sinh_Chi_Thuat 1 by Nguyen_Dong_Quy for API(s) 3.0.0
HuongDan 1.0.0 by Phan Hoàng Kha for API(s) 3.0.0
NinjaMode 1 by NguyenDongQuy for API(s) 3.0.0
MapImageEngine 1.1.3 by FaigerSYS for API(s) 3.0.0
NV_Kankuro_18 1 by Nguyen_Dong_Quy_Edit_NQC for API(s) 3.0.0
DoiVang 1 by Nguyen_Dong_Quy for API(s) 3.0.0
NV_Thay_Kakashi_10 1 by Nguyen_Dong_Quy for API(s) 3.0.0
Bat_Quai_Khong_Chuong 1 by NguyenDongQuy for API(s) 3.0.0
SK_Phuc_Loi 1 by Nguyen_Dong_Quy_Edit_NQC for API(s) 3.0.0
NGVS_DCK 1 by Nguyen_Dong_Quy_edit_NQC for API(s) 3.0.0
NGVS_SucManh 1 by NQC for API(s) 3.0.0
ChatAPI 0.4 by UnknownBallin for API(s) 3.0.0
DC_Shuriken 1 by NguyenDongQuy for API(s) 3.0.0
NGVS_Bac 1 by Nguyen_Dong_Quy for API(s) 3.0.0
NGVS_Quest 1 by NguyenDongQuy for API(s) 3.0.0
NV_Hokage_Tsunade_2 1 by Nguyen_Dong_Quy for API(s) 3.0.0
DanhViThuUI 1.0.0 by  for API(s) 3.0.0, 4.0.0
Thuy_Lao_Thuat 1 by NguyenDongQuy for API(s) 3.0.0
TopMoneys 2 by moch for API(s) 3
SlapperRotation 1.2.1 by jojoe77777 for API(s) 3.0.0
Hoc_Nhan_Thuat 1 by NguyenDongQuya for API(s) 3.0.0
NV_Chiyo_19 1 by Nguyen_Dong_Quy_Edit_NQC for API(s) 3.0.0
NV_Gaara_21 1 by Nguyen_Dong_Quy_Edit_NQC for API(s) 3.0.0
NGVS_LayHang 1.0.0 by NguyenDongQuy for API(s) 3.0.0
BedrockClans 2 by Wertzui123 for API(s) 3.0.0
PackGift 1 by NguyenDongQuy for API(s) 3.0.0
NGVS_Khoe 1.0.0 by NguyenDongQuy for API(s) 3.0.0
PLMenuUI 1.0.0 by NguyenDongQuy for API(s) 3.0.0
Luan_Thuat_Tam_Phap 1 by NguyenDongQuy for API(s) 3.0.0
NGVS_Level 1 by NguyenDongQuy for API(s) 3.0.0
NTUi 1 by Nguyen_Dong_Quy for API(s) 3.0.0
NGVS_Xu 1 by Nguyen_Dong_Quy for API(s) 3.0.0
NGVS_AmBo 1 by NQC for API(s) 3.0.0
NV_Jiraiya_11 1 by Nguyen_Dong_Quy_NQC for API(s) 3.0.0
NV_Sasuke_23 1 by Nguyen_Dong_Quy_Edit_NQC for API(s) 3.0.0
NV_Jiraiya_9 1 by Nguyen_Dong_Quy for API(s) 3.0.0
NV_Haku_5 1 by Nguyen_Dong_Quy for API(s) 3.0.0
TimeCommander 2.2 by Zeao for API(s) 3.0.0
MenuVT 1.0.0 by NguyenDongQuy for API(s) 3.0.0
Am_Sat_Thuat 1 by NguyenDongQuy for API(s) 3.0.0
Byakugan 1 by NguyenDongQuy for API(s) 3.0.0
FormImagesFix 0.0.1 by  for API(s) 3.11.4
CmdSnooper 1.0.0 by HotshotHD for API(s) 3.1.1

----------------------REPORT THE DATA BELOW THIS LINE-----------------------

===BEGIN CRASH DUMP===
eNrtXXtT20i2/yoqZupusoWN3g/2ZgoCSeAGCBOcZHbXU66W1LI12JJXD8DZO9/9/k63ZEvCEJxh
4f4xs1sz6Eg6fd4vyep/b0VpNmPF6IpneZwmW7vG9lYRz/jWrmZ5non/efb21pTlxZssS7Ot3X9v
FYs5Tm8dJ1dsGocXBSv4m5uAzwu6f3trxvOcjemK/aLgs3nBQ6VIlSDjuFAp4ilX5mlwyYtZnPDh
kADD4cGE54USJ0qZTFMW4pZgUiaXiqZ6Sk9zDOCNyun0LS4G4vmEZbs7Owe7O59y0L2zHwJXnBcZ
K9Js55Dnl0U630nGV/nOuVjqFEv1Ts/7dONOngU7Kwp2pvyKT3dO6N84P6eV5Cp3X4drpgBt7eq2
6kBeGQtw8M+tH1SlcxNxtzPAv15ojvZyt8W5QDgcCoy9n1gYiutS/zceFHeJ6CWW/kFbu8rFnF0n
zAcKW++sJBEQ+t5Po1GQJhBVGRTr1moSta2suSDxCyBkYxCUzuZpmYQDNhZk6fcwrzlrSVrS/J+k
y1DWalIa/s4B2dkLRzfulNnurrRdwQkojJPxP61fFaGPtaT8AVpN5W6re6Hb7h02JHkhGwEzvZ/g
DIXk6xvUiTWte9fUPeNeuyV3lWvFScHHPIPPWttKfdDTbHdb8dN0ylmiiPXse9dTtfv9ZMyLbywn
FnG6i5xP2YJnLzTLcr6F/4yzzF+8SYq4iHm+ToYQ9mQ43L+J8/1pPE54+Pr1WkXLRQVB7l0EOZ7a
IUie6f0UTHhwScQsSRGYvPvk51r6HdjS5NM8hBkvBefqriWFpan3oXRc6/7IFRQlm04Xh+kgDi7X
ob8VsC54hoQD47LvV0Z4J0r9LpSG53ZQyjOVOAmflEPeRruthGmJSKSs8l5ftQxbLmfctZxmmXcs
VxDl8m7zjrs1rHTP3edZGiCZplmFxroLjeXexXNesKyobr/ld6vc+EJ3jDswrInLr1nOD1AS5CeU
qrO1ll8ifubD4SmLk5N0PKarqtBp2Iidu8OhSN1wombuHg6r5I0Yiew9HC7vMs0N7ppPy3Gc4A/J
uHMP44ba1UAuhSpvdZUXIh5l/F9lnC3Dv6f9qjxqEYIrXm79+vv2Fn/uKmuj2gcES1mP4uQqnV7x
GU8K3J6kuGJ7K0hDTrzolucCOizof8UkS6+VhF8rAt+SqRfDmlmFMq1ynWbTcLj18m9ABAReheB3
OrRVFYfyL6068aPg5RfllfJjISodRPK30zTNfnnxUvnpJ8X8m7xeb13/j9vX/6N9vbFcyazujKMX
cZ7z4sWPxSTOKbAAUf7PHycsnwDdixcvKlpeKv+lqDdvq39eKv/934qhv1T+F5co1fKdS359+fLf
cjFrKbA1q/y6qhcF8S8rWu1aSHya8wqRs0byw+Fau4IK7rSm4ZbSVyCiUUCeXy0LEOC3DarWRcVk
rUVbddta9GrZamqtFcksYQevS8Uchy9e/lqrSuLStPYtASqMTJQGBwyhvtbB9lLS1W1S/5IAbalc
TSp3569/lYdS/Mpflb2MF2WWKFdpHMpT9vKUEGjesWN5kVNdtLP1+58Nwp8Nwp8Nwp8Nwp8Nwp8N
wp8Nwp8Nwh9oELa3xjzhGZtSVZ0wGtNute4FTT6Evxrnbhl9zeprBC/jabi1q7maub0V56OQX23t
RgyFIor4LC3SIAVaU3WxSExFvBeh5HVNXdM5c9VQDz1fDxxPd1UvcjwLYCvQIzUC7rKi5UuchFQR
nQ2UwzcX7wcfzntv3x0Ynw8+Igr3VUXQoGiuYRvKi/piTX2p7J8e2iYQ0QB2d8vpg2o6/MqTUPBQ
HeP0KM1poeOzswEA4uA6TkSzgUwJQY+msZ+xDNGQhMTCCRjL+M5veZr0cE3Voah9ra/uuabpqg5q
fM9wvciy3MjwWKhalsGY7zqhb0SuZoul0yBjs7jMd+YsuETn1atETARofYh4TwsN3TB13w007sNf
LCNwXdcJDBsYHN8M9JDZjhEQHyvF+nHCsoXwhoosTd+zbDtiruPqHldVh4dM9UPP5oYXcV31PV8N
bcPVDL2NKkCQ9UFdT5T2ZGWCNrWv77mGrjFmBEHEbQifMKhupAZ+pDuqY1lBFHiEvIOQfFgU9llN
254TqEBgelqoBdyNPM2MuGeHpsZMw3ADz9WpD4iiNqZpOhYYdAidW57PQ98KTd/nvsd02zadwCdB
4T96xBygCCN2C0NvjoKbs3ApqD3P9wMOnbm+qpmuw3wggg6YzRzVMh1dZ1hCtZ02KkrOFTXWnhuY
dhAxzzIsLfJVX/cN1YEVkHzRF5uaZ5i+ZXX4QYFWYdCsvchlLpTvhLrJfceLfMcJPddilm6ZXmi7
nmX5gc20NoqMXcJSJSt639uzIp2pugrnMl07YGboqS6cTTMtR42YZnA/DFTHDdtY8iRNv/JKIAYM
Go6Jy204pwMX9V3Tdrhheyb3fANi9RzVcKMukvlUYDAh0ihSLceDwXFTg/BsK4S64SKOo1mBGrmO
o4NdwwWGMA0o2vEdhNKCoQRZmpxBiAxLDSMVNSn3VNPyQAaMGNJ2rcAyuMoNw4g4JzXPFrA0P98J
OZ/DR+cLgQQRAxq2EXU0LfKYBQPWIjtQYXmhznhk2SFhRDp2uQUsSXwZI2ZO5r05y3Jhsldm3wMS
FxdongOnCizXD03bd3Xbsmwo3PF8y+Q63MzXXRFhWNaLU9hIEkeo34EENks4LNzCo9BgkePDk5jp
60wPDDP0gdVx3TDUPc0wGjiaQZicMLB933Z1K+SRC8dmhq7rkKhrGE7kBpxFoNGKmCoDHaRbUrBC
rsh4NEX+jKsIJlDqwpe0UNUCGJnJQ1uPdIsx12SO6bDQsEKLabanm7at+/ehBNSfwhiA1CKD3gtd
eI+jW4YehI7qB0bEfIRGneuwIFNHWDNVMzDNW0hpZtXLeE6ToNoQ4O8IZEyDU1q6aUU+d9zIVV2V
+0w1yGENH8vZlibR5XMOJWbpHMVYZQfk6T48A47IoYIghJ9Hvq0GzGC6F/j4l+kxBAbNrmRH5rhT
/bf2MFPdCwPuoF1hoeNbXhSoHvMYRVPf8k3TU3VA9IBpzm0kPfy3TOKiRqbZED1szw6RT32UgV7I
mRUgCHAYpGmzyHd9DaF7LTIqEoKil5VTntcYrT3DMF3PJavQHG7aqsXVyENoMkIjChCLND9ErPS5
REjUCGOnIRv+BYnLeSAMvm/vhbrl66avBSFyj6P7ITdDxwoZ95HrwkBDbkN+53YHGY3/enHBs8qV
yXDNPd2KIHbL1zzXsAIo0kAYiLiK3GiaDDky0MgPu5TRTPCSSzSUbR3mWr5tsyAw3YAFURQinIQI
SiI+OZqOBGDqnttBU/CbokdTqSmK8sof9T07gnBcjjiJ1IY450ZB5MCTLbi6zfXA0pDRDN3sIotn
giJLODUo8RwDAoIVIe7rfoQoY4IGkIU8jgQVIQNwp42kMgQP1u3uQZoIyi5H8EZeNRgSK/I/C22k
Rc81Iw1uDR+nrJ/D5HNEyQSJNV4FKcrQ6p7OIEk3sKATPYKVWpQjYUO+Y1JNYukGnJy5ehsP6b4i
h9BYe1hbDyMDruupluqABNXXNITdEOZoaLAsCAjn1qOB81LQ4r1pml6W86WwOYQaIdmqgR26lOgN
uKyF8kjTVRQpSE9miBzodbDOwGNlSCbwGHBABGAV0okYg8YjL9QDhHaueTB6A/x5SFyoKG7hmfKb
uFhU9KhwFUQBmyoHyw5s+FvkqC4MyDQ5woHpm/D0UPWcFp4wRlUiKdH3NCQllGQRpMScULUDE4UV
8gr3Qg0mEAYIWRCX0cLAk6s4S5OqhETNB0QqcywnQBgJLd/hEQKRrXmRppkGtwMv0HwkTSBt643f
zNOs4NmSHMvRQkfXQt9kHOHVYSqqJBskepbJoE4OQ0QubZMznqY+myKaSL+wpB0hNdq2EaAOQMGA
uASZosDl+ButLw8pZHpd0dBEP++lUU9O7CuT5OQQtm5HCPc+xY7AQHXn+C7qK9OEpSJmkkG1UMlW
r8cTJIWm8iEpB6Ui2giV2Sg+uWajTAqR9zx4MHD7BooXDdjXoavSlcAmTVLTHQa92wi+jolSRVc1
ZCwkaVTsoWWqdmgHDhJVC1vGg1LkZDCaUFxZEWfruqGBXdiA76EtCMyIwTRs0/AtrsHIA01D1d1B
l6dlFvBeOideq27AqBBahqO5wGHrSDGoHTwtchwUQqAR+Z70wfWOgVUPfXSRhl3b8+DNPvICSlSq
/22Qpbl+AF/mnoUcg4xlsRaGds2h7UF9lmtrmhWq0L2GMhuFsoE8ivjiO6jEgcZioinJF7MoTRbo
OqcL5IFpL6jIuUICdqnBCRAibRI6soHqqEFIxRzIUmGtKLNdM7R906KQW0x4zjkqAiSAJP5axTmq
WBwIxAgMA7nAQVmJDsxEiYIehDOVRYiels5NSyeurrk/S7+yrNhBG8IzGeSonvNZFNhegGRmhqYH
I49C1Keol1EdGsxwEEcRzl2vXeWu/uzN5svOeO/Bbe7vy6ddorM85FeDNJ3mjVZ8CdreWukBwoOJ
AcTKYpJmOT0HWPXsyoCzGTX2bB7TGYPKHYMAXMy90f4WWYkWPeRzNMN0N87laVQcNgEzFicNAmjg
sSSFGjicuxjsfxx8OpdyzWMRMiZFMc93d3bQ8E9Kv49I2xhF7CxxgPEv9DSuyWsFaHJKFme1Gc3L
7IolvLhOs8sWl4gv38ukwDkciueD4HRJSMXn+YeLwZcPH08O13JaKbAvkPQrynZ+kMiI0ePk6oLz
BqMVoK1StavR11RBH6VZ/JWCwCNx2kIqntmBkuFQTtW+xTEx8zbNZvvnxw1uakibHaPLzm/pbyl3
6J8WL/r387LCOBxWRCz/eAgr+9NrtsjF86AGO01okyWKoGbH5ybxNJ4rF/gP0t34sXQ0F2jzCutw
yARFOVF0W1PrfHDpXedZWiDHdX2sBrfZM/pOmz02jcvp4rG4ktgqJ5tLCuSwduOAclrGWRTzadgM
wJUb7hQZp3lMjlpop8UthBJXf8v3ISqRNIDt0KOJIWdDICeHvzyWNIBqOFyt3BXE/RGnIQrg6Z0e
nL/ZaXABRi+mbD7nTS5rSNtL7S6Ld3ipZvyB4CpX/m4WVyTt1EyAw9cZ0ARCzQ0um9A2p50s8uYq
nV6A4EeLq6uFh8M2FQ+w7evr6z4HRYS9X1yK4FQW6QG9f3DCxuNmeGrBu7myE3MH1zGICB+LyUKi
Q0QCEeLliCmIGA67NG2q4YrM/XwxLWenBzttfGTONG8/KsOmPdegpgis2z77Pyy4PD18LAlIbMNh
vfrqr4ckHI6ak2aa03xw3mClBW5bLZJOi51HYqO54nDYWf+bbJyXGT/n2axZu61gbQbMvtHWh22+
fauqyn8piFfUhx0nEb068GhpZiQXGA6XFDX+/A7bFPdWqWWFhwIQPXjiWbdgb4G7ylR7Pi9YW6Vb
B195MDk/RWlMN3yOb+LLg388ljgCQj6fhZyeUfqStkLW8x1KNxVMg+ydFiqykDcHKYqXsFn0rmCd
urdT3rMbdjVlN6qqPVp1v0I5HM55IMl4SO1BvLznfI4yWYyjFw1+2vB7eXo/Sdk7hiplDKN/LK5a
SIfDFjkPy7XE3dnn0VFKDx9Hg7xMUFqO6G22JZNrT7d4bXN6Ni4XPBkdpsl49HP5aE599lnTN+Dp
3eeL0c9xyA7SuFnZt+FPz8XPhwcbKeYDlh+wr5D7yGjrpHXmOdRhPJyRUzaOgy9vmla1BLVzt9PN
3b/wBFnpkCWPRfiNQBiyhMiXNDy8o7qYpPPe2buLg2YVsoR9UwukhEfUwcXRRrY0mLDF6D27ZGgr
R1rbmjrnnsOeNuLlgl2WGRvRC7FNNlbgh3MwehPGxejs54NHjFTOw5kRRa54t7jBSgP41EZ1cLKR
Ig4m6W+wGKuthyX0edVgPZyVi8t4OoUbcHhCM2G04U+tjGrdh7PxLo6K+vcRFQdL0P2zxi7F2+IR
xvdTzpJBSpTT8gfp7Vrrbh4OD1kKiZesQIKbjc4nbN6chq85+9RqOTwcUNMkbONBxjVh9P5e27CW
sKdPG/sfj8/e7Z/pqq5uwMXR4OjD2bv3x4MGFyvYNybZ/xFOjgbvN8waeZrFI13tZo0a/KzhipTx
UGZep3kOMljcbDuXsPZQt8PIfFKCB/b18UbVEh/NgDJGRKCvxL8fNH5Pili+8XtRpE0v75zoPPnq
MMR4UcTtWWVf+1522itvUuMmi1uPsxrA7nME9SkG7TOsXz/ReigjX1jW1IQ4fNLUsUmLdPh60AxH
4rAzcenM79PkFOYKxUxs79HyAZa9FUjv6iEOW2ng8BkSwOEmFQVS7WJ0QlEPt8nE2yB/3dmnbx4G
J4eDDRLZ62mahm9/aYbOCtK1847xfGZT7mnmY5FdoUO4lMs/XCnvJ2l8yEoRWprzqCa4yYvafWz5
H7Gr94ebzTayNJjEM5aVI93sDDdap543K5sbMXWcpCOtM6qpYPex8ahtzwaTmYv3VDGMzloldgP4
jKL/+Wyz2m4SXzJhMVrHmFpnnrch3cCWqLkZZCVF1lSG1mbYvX3yGaLuYKOoK0avJynrTmMJ9BzN
w8mHffG2yEYj5fdx0aWfQPfG2k/JZZJeJ68ZvcvxaLF2f/PZ3zsWj+h35rcGf9WJ5/UNe4PuhyVU
wH2O217RAj91UfX69PNgo3FTQoPj9qRJgu6h/D/Xu9Hq8t8P9gX6ykPe9QYJfA5/puWHwxURG/gH
m699VtQEP7U5YfHBhG8YnWD9t8KrgD2zPoiGDSbiZV6ks/0pz1rm1QLfO+F47Bd7misPhx06vu/V
nncTPkcGZwinr5sznDb8m0b3c5kGB+TCj5bTX284/Y8X6UjXu9P/Cvq8hfsGj4tFwDg4PWyG4xr0
5OPZauGHU39U+iep7y+6r7G24ffwcZKW+RfgO3008a8wDoddMh4Wyz7DB7qxTMCevtA9GmzwcPIw
DibwAEEIHOHWxGT9+ScfAR0cbFy7v4vZIA26OqmgT6+VdxuUW+KV97Z/L0G3cqN4QavNwiVPFmNG
v/HrEN/bPzk/2tconzaPtc6xXh//oXf2RVBo0P3gwv84Ky/ZyF1T+ddnnuOBv7thdfORJZdd6xOw
56huDjZIlKfHb0br3jpvw7tcdLrItywe8+zi7xdbjzxuXyIGQ02COocPm1nMB+lh2hpUSEj3ZwYd
FY15mo1jlvx9sIa7hiO57UOv42b3uOH5iXDD733rmc2LNEyHwxU/D3G+M/4bAnzGR53XVBrw53A8
Z6Ma7zSd0TB29A/ml1/ZqDNcu3X2ORjaYKx2uGZucPhsQ4PDTWYGZDgsK4tUmE5njtM68xw62GB8
cxaDgiM2OkoZEdJkpHPmybvuo6PDDcqiAfVpF3EyWVvprTv7DFPai40qvSPqJtuPKJegb+TZ8wlL
lKN0WKoqV5Ox8n7CHq0Cr0jYxMaS39hp+02oFezJ7ep0kxcJ5sczNuZvkrH4Im7jZYLWic47Ed0f
WdxdLzxCndCipHv8wFj2HqVbmaUjrVOXNuDPO5DeoD49TONOv1pDnt7hDz//gbeC1fteC1af57X/
TV6LYoV4A2r0fkJ0HIjxdusJwbrzT/6o4Of3B5u8Pfh+dD4pg9FJGrcf0i6hz+gn5ycbdnGHB++7
TRyBNmCBPzILWH5DHi7KgB403Xr2UYGf5kH/xQY55WDCivYv9mvI0z+5pJXpk8GsOOOXG4TYg9HF
pMziS956faoBffJB7UfYzeHBg63mNbs1PCPQc8wzX2/6S6pSfLSu8zMqAXzylunoj/yy7f4ftj3P
79r07+hePx2v618/HT/tm5r7m7Sv8lXB+uX9W+8QLk88+W8sTjbpjwbp/DRN+KL5ZHIFa4252rTT
mKRJ8veSS3iGw+WSGzzjkh9O+JgW4ptSt78LsTzT/cnyw74P8UciaZuADZ58pcHobLLmvdTOiYfa
1OM1rIPveI6qeeueo4rv3z1nH+RtxMo7xjI20ju/L1xCn/eRsLZh3jthi6M1zyFr8LO8trZB/nvN
w4yeFk1Z0vo+QRN8T8j6wrPiaxlruvFYxK8wDodNKr77wzArhDstrugDBCy4pB+fNb8/UIOeOsec
vzvY9EXDScpvvWlIsOewufcbvCZ5fnLKk3Z9sgQ9B+2nZ58eTvxJWaeMdT89XHf2qS3pZLNfHspw
JXbY6sawatutJyZf7rPxYFcYfGrOPMTh05fox28vNvTeX8quuH8pn6XR+2VDwvdnr9Mu6QL2NDON
/c1eP/ufOGPxgo20TrXRgG9Qbzxu1aRt+svU8hINqHHrl6kV+HnrJuO71OKt14r3LF32ZlXsEbss
R52PGlSw5yB+gw8ZDOIZP0hnM5aErc/iteGdX6O22fgHZ+mjfuSwtfYf/85hmxV6ZIby4nPzd6AV
4DnqjYtNZiL7M7h4cat7bYGfOkXvX2z0W8oFvKL9ZYMl6Mmfq/x9//2nzb9rQJ+LFY8v87fxTeej
tit4e1CudoYinU8tm9893Sn/BcrkznqxWDuKbzaY88/CiyRN25/9bAC/4RBHaZFP0uLo8LF+TB/M
wlwuPRy2yPgGJ/RNbJaB/IJ3P21db2WFO3o9SVMPHZ/4/b/cQ6tP+3ygLxR7NW39cL48Ug7SJIrH
Cm1HMcyGyQ+naaLszzNFdxTN3jW9XUNVvhy/VoQB4QK0kuMSSnjFkzEdz9IifNUiRZGfCqCTcvEe
fYL/leZphk7A6wlY6k3jvHiVRhFBWJKkZRLQx2rFBnksmMRcbnGbv0oTgYlelO5V38eFsl5ptlid
3VQ35a8sQR+9kjpLQ/5KHMFmgHYJq9aDqEL6PmV9PL+aV8vQzgVxUE6LxStBq9wErEizXk4fVEjG
+SshBLEnHtnSq/dpkk7YCphzHjauoQ+7vzp883b/08mAoJV2/lXybFGtWYGyAFxVBNHf/TnL8+s0
C1/9VfwDMZVF2svZFa9uvIr5dS+MaaOTgL9yCXTjpzc9st4aU+vD7P3FjLYf+kEh31ECoflSfk5f
GIACcSktXcIglAF9YV6p+VdYxpViwpU0gfUUE1YoAemvUHyuxEkwLWlzWqC/ZXiE6yKd4c5IKW7j
zFnEt5UUZ7KcUCp+xtmlskjLrMKlxJECNcZRLFaABjMYw3RBiM/49RLdTsgjBh3mynWa/KVQaJDK
MoXENwOztHnXgiik3Wwl39cTnijlfJyxEAj6w4RMVyLbHSaK8sOXCSfCaKveHB6tAEW1HR5kkMHX
aMeUUJ4WpE5TLANW8RcvhLxCfhUHXJkgQ0+FBGeEWRpo7VS7itgmjk7kk7IIU9h8tf/0rjLcOpsM
S40zP1HexeIvAwJNxsrBRBz6UaK8lvBUGWTipaNAORX/1Ra4is5xZ7glWNqfTtNrhdwQXCjVZ6KV
q5gpP5Nx0jXCSusvSO8qFOTErRcT3MnIgPIUvFQUSimyCpVS5rAPREToSMhm//wYVyKuhjkhWZ2h
/d38NOeNBd4Il6gxQWIKuasCW4K6iFx/oVRKpusrD1qebojxhy/IeLBVaJyFoZLxXBoGkUobO4Ik
9BOZiDUKzMHnJBWojf+rZFNS6Di+wrVXbFpy5UW1KKLhS8IuV6SdmCjE9WAQtL/iLk6Ltc/KmQ9b
gL3v54skGLD8kjbbvoSF98UFn3IIhpyu5pQum2QIKSXsCpfn23J3bqUKRPDUbYW2aQEjlLOEbJAl
CDYrE9g2XSKRXwjDA0+w/yy9QeosOMQAloRPJUviSLYVQccReRFdQ96yrcTFXyC+IhO3hZyCrzDm
zs3KC/AAhSu6EItgo1dxuitQdb2ICevLyiQhdYYUK9O5UIL4GmveVw75VfW3MovHE4SZjOWT7WZY
qCyTJJJl5byQUCkwEswMtFV8CeXC4MS2hKF0VUY7TYPs9RSQjZDNpRA0rKvfMDRc3JMXLS0NqQgp
JlvIcPFO7BejUAmgSDgcbRaLHeFnfMz8RQGJKxdS1KoQbpwTbnH7gLR2HQvJC4tCOLnuSUS1keWC
wygGiYiVnL5wSmiijPN6SWnk0FYp3HOcQlG0e5WwClqo2tZGkLarqMQFVhfJQe7/9/+eA6qp7qOf
Mv0foz8v0rkgoQrsS5IqdLmC8EGpmodLgmjVmipN1c2KMBEEvgivqOjL//IIFAq/ECRRxFCCEmkx
QVpU+A0PShHdU0my9EhKo8ur+U2AgiVfcSQD14fBm11lcHR8oZwcnx4PELzPT47fXCjnbz4qKE7f
v/m4reAiZfABV71Rvhx9OHmjnH/8cPDm4qLfDQEteeiWXYnjnGdxKkoFCsQ5MSj2Ba6lsQy2GmSP
XBOK2CIu6SEUchlmBSoUseATARrWRPzeZWzSyFCAUmpO6LJqMYFZIkHoXQVymZHEGh8oh1AFIm7o
376abKFqCKC2OQ+oUJGSJXKlXuW9Sx5gXnyer1hFsS15zV+uJ6ni3Kg4H7PMpy1S6ePNsjAWAWi9
dIWrETnVXUp1F2L3jCVi4+gWJSgZS9jgy+06J3SNsDZDmV6jCLgkv7OVC/aVDzLmS4NHXZOW03BJ
S4wkcp0oK/pziXguyAejtqpWvGK1tyJY3EqSwnQkhiVvUZbO6mQr766u6DVNs6lh4qbS5C3bUNaY
VMs6LupSllSWpWKLktqQw3I2l3WfLC6V6kSPTtT6OqSLqhsE7YLMmgMcIc3D2dkaASNpI/FhhSsY
WZ6XnAJDMYHWxnUdTEGLVltRtV0rUtYIVbnbl9TQpXfKiXqugPZ9z2vaD9icoPGsnCHH0gRKqdsS
UqQiOzRJxUqu5C+VKIXH3LYxtAHziiKxYI/q8xJJ11xq7DCVp7o2TbURRT2JX15cu5DEVV3Y5ExU
Dr2AvjG75O0QpIhaBeUjSQ/UyQJDYqE9ijm1QHSP5HDFHW6r5Cn5qVemi1fVLgmQvm1b470f1X12
OEyqbZZ2qxSB0mySTmWJ6bMCbTWV+oJkVE0woSrJiNgme7LqrEwtPl8WmzK9/dDUUn2Kwmq2KAj5
ttLTGgoUyhML94qamCoFiKi9qmNFt0wlZCg5py5LFPp0M4AVWX3lCLUgbOmVKO6Ug/NP27gXNPjw
r+s4hNmLWkFGzyX+nsC/qzh12b2qyHMhnca1fWU/RKCasGm0gyZXtgkhhw1XS2FRhYY1ZGANR1yl
vQayZivy5oaiGpWYbLotgyYtXe3O3UfLJvJFKirpT+fJeV2Hr7pWajPopmtkVMJZzpN5rzruND6n
lUPm8Ve+VDVV7LWGaXeLuppCRS8tp5F1TU+XN73sK+fVPVOWjcUNrGqfKzMRK0YZGxN3UBfYyudT
UcxQTzwD8RQHWEYqPJjGNNkRTT7t5s7zQjkdfBKU5mCJ2PbLQqGhgtDyajnZd/TrMDQryh7dtSuo
JQcIuV+Od+te5idFox6mquSoaxXn6441l1MAXneydFtlKBohk3FLYjuYpOhRyTjrFobXTaoIbiEr
mJKzqzqI0pymnmfRuZW/0/7NiAScFXWMAaVye/i6ZBbt1jyT5Uo+R4UmypckDWhjLXEv5HjKFpAh
Gcssvao7WAr/VcwUcatXn5NL5qtoUc+rmnOOgRhUSAOgeSsr5IhHXFtpu8yrVj+A1RcyLlT39OQ9
u8ocBcVVPKVlZMyr/LlahYI2S8bLojqh26bd3LFdX9UadK2dLckub3+WlmTTkQzOlYmTKOWIUCQj
cmfRu0Mx9LfIJrj5o8gtjZsF4wmXvaLPJTKfR2SRYhwp0sGktgChdDGlbGUpyT4ttGQfnqmwLqng
JRBhVuFIAOuoVNeTyTJgCsXcRRgiiK1vpv8uqTGEdVMn3SvnsEieN6KF2LVILCQGs41RzPGhWEzs
W50LlyR58ow0jboWoWumVNwp1eShznbinhbrwNdTdOUHZYyeJV+JZzXdWEqof1tElbNes1g0NQgc
qPilbubpvJzWxlgdUNgX11QhwqX1RDHcm1deTcGVHHVXqctMMWOV45zdKuHR9Em0WBIs80WlLtqI
bjkXCFdiI3MXW7x2QEtva4PnE1RmUdpQCJysJ5/3La+cpKQYQUp/PpvN+3EqKE7SZDGjFoG2p6Vx
XpCvSKe+pzqvrM4LFkTEYuNxhmZTDpaWkzsqpIqMCcW1+BP0wYE/HH7YhTyqhw1VKqCYcM1lHcrg
OddixVwQvmJAwPqNoTQyz1Ly0jKlcm4JFfqU5ytbQtIT28tS6G6WUwKeNkWHCjUhM2lMebYRHucT
tq3Qly1EviqWFQsib8TRRUOFCEAJ5QN5ts4rcmbEWlOj6ilSI9+UqM6Q2kQQq2NFhVBoXp6v17il
aclrU9VFPFuF6iohEVK6vq4bSLMUL2lBMQ6rbqpHn/3VAtWZ5gq1NO9PeVXUltqVXtGYMtRj4SIu
KnnW84RJBRQBgxqCqsasAgaNZ1HGh6LIiqMlIlTqYEQ+JaAAVDfZMsQBXxUh68TGpjHLqwoeRRej
Ta2rI6oBQGOlq91aafIc7JamPbvKP0XyRvrcFuOfXwmp/GT0Mks2n14INqiQyuKwarDrx0aic16X
sEQ+Fwk6F7WkaMygnxi0Vtm2Sb5cV9Ag/1ToORMlBZm8VivuKm9P9ge7+t+cbcu70baNG2Nb/5v2
t5AHqQyxL2gryIBi6ytXlZFYHpnWS1n1yHl/s6+VHk6pBTKuxk6i8hBzI2gtWNDzkDIoyqyOyXUx
ny0H+SLiAA8yVSAe4eS1wHr1UwbYgizvfngrQo1YSlzfQlKKQkFCRg1IT9Ra/dWELJ2LVpDfIPDl
VR8UXFK5nIuaHxLxYxSqC9kyi+uIX5CCKl1mEekzkkuBH7VItozVW9tb/KbgSS43pf731gEKhK3d
Ladv9MXHVf0AJdGkCaFHQ0nIshYsnY3CtEAwbEGrjaFXgDKbNo9DuSP58jiKp3K38yVkLLZgXh5O
kD6axzG87KoJ+C2vHoU74lH4zJfPuZqXUCEG8sMmbB60uf4o9xGXz9VXd4qwn7dBqE9mTcjF+Unz
cLbI/zVNaLHqL4X2X9d0GsMrKCdUzVJN1cGfPx7DJZwgwP9pD2/HiuzQoV2lIzWircBNsRd6oDPf
1w3lR9o9u7Fr9nLBBROPSfXqgzNf47n8ObklD6ex37wahzeztk5SYkdXVUPTdHqz6/zwQ0tUYToS
rHSBAMVtdSJcJHneuvAipoDwy2lLRh0KcEgdaZstAK+zuGMd82ouJzbK1PsaZEoET9rGucrWI1GL
lUVMu/ttQQ3CSOKxHyeM9oET70bQu1MCJf1ShgQgAlroizvkb2eCbDEvUgEwBGAc3tJ53DITIRuj
CVruMT8upTFKcn7//f8A6Rhpxw==
===END CRASH DUMP===
