PocketMine-MP Crash Dump Mon Aug 3 16:55:37 AKDT 2020

Error: Attempted to create tile pocketmine\tile\Chest in unloaded chunk 0 7
File: src/pocketmine/level/Level
Line: 2607
Type: InvalidStateException

Code:
[2598] 			throw new LevelException("Invalid Tile world");
[2599] 		}
[2600] 
[2601] 		$chunkX = $tile->getFloorX() >> 4;
[2602] 		$chunkZ = $tile->getFloorZ() >> 4;
[2603] 
[2604] 		if(isset($this->chunks[$hash = ((($chunkX) & 0xFFFFFFFF) << 32) | (( $chunkZ) & 0xFFFFFFFF)])){
[2605] 			$this->chunks[$hash]->addTile($tile);
[2606] 		}else{
[2607] 			throw new \InvalidStateException("Attempted to create tile " . get_class($tile) . " in unloaded chunk $chunkX $chunkZ");
[2608] 		}
[2609] 
[2610] 		$this->tiles[$tile->getId()] = $tile;
[2611] 		$this->clearChunkCache($chunkX, $chunkZ);
[2612] 	}
[2613] 
[2614] 	/**
[2615] 	 * @return void
[2616] 	 * @throws LevelException
[2617] 	 */

Backtrace:
#0 src/pocketmine/tile/Tile(171): pocketmine\level\Level->addTile(object pocketmine\tile\Chest)
#1 src/pocketmine/tile/Spawnable(62): pocketmine\tile\Tile->__construct(object pocketmine\level\Level, object pocketmine\nbt\tag\CompoundTag)
#2 src/pocketmine/tile/Tile(117): pocketmine\tile\Spawnable->__construct(object pocketmine\level\Level, object pocketmine\nbt\tag\CompoundTag)
#3 src/pocketmine/level/format/Chunk(721): pocketmine\tile\Tile::createTile(string[5] Chest, object pocketmine\level\Level, object pocketmine\nbt\tag\CompoundTag)
#4 src/pocketmine/level/Level(2681): pocketmine\level\format\Chunk->initChunk(object pocketmine\level\Level)
#5 src/pocketmine/level/Level(2293): pocketmine\level\Level->loadChunk(integer 1, integer 17, boolean 1)
#6 src/pocketmine/level/Level(2955): pocketmine\level\Level->getChunk(integer 1, integer 17, boolean 1)
#7 src/pocketmine/Player(1052): pocketmine\level\Level->populateChunk(integer 1, integer 17)
#8 src/pocketmine/Player(1851): pocketmine\Player->sendNextChunk()
#9 src/pocketmine/Server(2401): pocketmine\Player->checkNetwork()
#10 src/pocketmine/Server(2154): pocketmine\Server->tick()
#11 src/pocketmine/Server(1994): pocketmine\Server->tickProcessor()
#12 src/pocketmine/Server(1588): pocketmine\Server->start()
#13 src/pocketmine/PocketMine(273): pocketmine\Server->__construct(object BaseClassLoader, object pocketmine\utils\MainLogger, string[36] C:\Users\Administrator\Desktop\ngvs\, string[44] C:\Users\Administrator\Desktop\ngvs\plugins\)
#14 src/pocketmine/PocketMine(304): pocketmine\server()
#15 (11): require(string[91] phar://C:/Users/Administrator/Desktop/ngvs/PocketMine-MP.phar/src/pocketmine/Poc)

PocketMine-MP version: 3.14.2 [Protocol 407]
Git commit: 4fc5b9772ab3a9612abb052dc4233104dcb0ea02
uname -a: Windows NT DESKTOP-FGC3VCR 10.0 build 18363 (Windows 10) AMD64
PHP Version: 7.3.14
Zend version: 3.3.14
OS : WINNT, win
Composer libraries: 
- adhocore/json-comment 0.1.0@8448076039389f558f39ad0553aab87db3f81614
- ocramius/package-versions 1.5.1@1d32342b8c1eb27353c8887c366147b4c2da673c
- pocketmine/binaryutils 0.1.11@e8cb65db1b7998eebb739b124f2a989fe87366eb
- pocketmine/callback-validator 1.0.1@4aef6bb25f97d0b830ba0b4f66834b1a9c86fc9a
- pocketmine/classloader 0.1.0@4ccdb30e48f030bfcad04bb0a208d198ec631993
- pocketmine/log 0.2.0@e59bedb5d4bbeb9a26647cb7c367cb2fa72addfa
- pocketmine/log-pthreads 0.1.0@9bbcef398b01487ab47c234a6a7054722abbe067
- pocketmine/math 0.2.4@b1c28b236df8b795d7b06cf8421f9962b12ac410
- pocketmine/nbt 0.2.14@b31dca98443328c4bab76dc1b84c1473c79be20e
- pocketmine/raklib 0.12.8@9fea763ffc922db083e4528d4acd0b13d0ea83a4
- pocketmine/snooze 0.1.2@88420da3d9335dbcb3ee2decfd5e5453d057dcdf
- pocketmine/spl 0.4.1@ff0579a0be41bbe65d3637607715c0f87728a838
- doctrine/instantiator 1.3.1@f350df0268e904597e3bd9c4685c53e0e333feea
- myclabs/deep-copy 1.9.5@b2c28789e80a97badd14145fda39b545d83ca3ef
- phar-io/manifest 1.0.3@7761fcacf03b4d4f16e7ccb606d4879ca431fcf4
- phar-io/version 2.0.1@45a2ec53a73c70ce41d55cedef9063630abaf1b6
- phpdocumentor/reflection-common 2.1.0@6568f4687e5b41b054365f9ae03fcb1ed5f2069b
- phpdocumentor/reflection-docblock 5.1.0@cd72d394ca794d3466a3b2fc09d5a6c1dc86b47e
- phpdocumentor/type-resolver 1.2.0@30441f2752e493c639526b215ed81d54f369d693
- phpspec/prophecy v1.10.3@451c3cd1418cf640de218914901e51b064abb093
- phpstan/phpstan 0.12.29@9771daaf6b95c6313b908d0bcdee0afcd51f838a
- phpstan/phpstan-phpunit 0.12.11@ab783a8ea634ea23305a8818c4750603e714489b
- phpstan/phpstan-strict-rules 0.12.2@a670a59aff7cf96f75d21b974860ada10e25b2ee
- phpunit/php-code-coverage 8.0.2@ca6647ffddd2add025ab3f21644a441d7c146cdc
- phpunit/php-file-iterator 3.0.2@eba15e538f2bb3fe018b7bbb47d2fe32d404bfd2
- phpunit/php-invoker 3.0.1@62f696ad0d140e0e513e69eaafdebb674d622b4c
- phpunit/php-text-template 2.0.1@0c69cbf965d5317ba33f24a352539f354a25db09
- phpunit/php-timer 5.0.0@b0d089de001ba60ffa3be36b23e1b8150d072238
- phpunit/php-token-stream 4.0.2@e61c593e9734b47ef462340c24fca8d6a57da14e
- phpunit/phpunit 9.2.5@ad7cc5ec3ab2597b329880e30442d9054526023b
- sebastian/code-unit 1.0.3@d650ef9b1fece15ed4d6eaed6e6b469b7b81183a
- sebastian/code-unit-reverse-lookup 2.0.1@c771130f0e8669104a4320b7101a81c2cc2963ef
- sebastian/comparator 4.0.2@266d85ef789da8c41f06af4093c43e9798af2784
- sebastian/diff 4.0.1@3e523c576f29dacecff309f35e4cc5a5c168e78a
- sebastian/environment 5.1.1@16eb0fa43e29c33d7f2117ed23072e26fc5ab34e
- sebastian/exporter 4.0.1@d12fbca85da932d01d941b59e4b71a0d559db091
- sebastian/global-state 4.0.0@bdb1e7c79e592b8c82cb1699be3c8743119b8a72
- sebastian/object-enumerator 4.0.1@15f319d67c49fc55ebcdbffb3377433125588455
- sebastian/object-reflector 2.0.1@14e04b3c25b821cc0702d4837803fe497680b062
- sebastian/recursion-context 4.0.1@a32789e5f0157c10cf216ce6c5136db12a12b847
- sebastian/resource-operations 3.0.1@71421c1745788de4facae1b79af923650bd3ec15
- sebastian/type 2.1.0@bad49207c6f854e7a25cef0ea948ac8ebe3ef9d8
- sebastian/version 3.0.0@0411bde656dce64202b39c2f4473993a9081d39e
- symfony/polyfill-ctype v1.17.1@2edd75b8b35d62fd3eeabba73b26b8f1f60ce13d
- theseer/tokenizer 1.1.3@11336f6f84e16a720dae9d8e6ed5019efa85a0f9
- webmozart/assert 1.9.0@9dc4f203e36f2b486149058bade43c851dd97451
- pocketmine/pocketmine-mp 3.14.2@4fc5b9772ab3a9612abb052dc4233104dcb0ea02

Loaded plugins:
essentialsTP 1.2.2 by  for API(s) 3.0.0
AutoClearLagg 3.0.0 by Twisted for API(s) 3.0.0
InvSee 1.0.0 by BlockHorizons for API(s) 3.0.0
DEVirion 1.2.7 by poggit, SOFe for API(s) 3.0.0
WorldProtect 2.3.7 by aliuly for API(s) 3.0.0
FormAPI 1.3.0 by jojoe77777 for API(s) 3.2.0
PECollide 1.0 by saxavlax001 for API(s) 3.0.0
Broadcaster 1.5 by EvolSoft for API(s) 3.0.0
Slapper 1.6.0 by jojoe77777 for API(s) 3.13.0
ScoreHud 5.1.1 by JackMD for API(s) 3.0.0
AlwaysSpawn 2.2.4 by Philip Shilling for API(s) 3.0.0
iProtector 3.1.1 by LDX for API(s) 3.0.0
DevTools 1.14.0 by PocketMine Team for API(s) 3.11.3
PlayerSelectors 1.0.7 by Ad5001 for API(s) 3.0.0
KeepInventory 1.0 by KhoaGamingPro for API(s) 3.0.0
PurePerms 1.4.3 by 64FF00 & ProjectInfinity for API(s) 3.0.0
NTUi 1 by Nguyen_Dong_Quy for API(s) 3.0.0
CustomAlerts 2.1 by EvolSoft for API(s) 3.0.0
ChatAPI 0.4 by UnknownBallin for API(s) 3.0.0
Luan_Thuat_Tam_Phap 1 by NguyenDongQuy for API(s) 3.0.0
Sharingan 1 by NguyenDongQuy for API(s) 3.0.0
CmdSnooper 1.0.0 by HotshotHD for API(s) 3.1.1
TimeCommander 2.2 by Zeao for API(s) 3.0.0
Dan 1 by NguyenDongQuy for API(s) 3.0.0
NV_Thay_Gai_16 1 by Nguyen_Dong_Quy_Edit_NQC for API(s) 3.0.0
PLMenuUI 1.0.0 by NguyenDongQuy for API(s) 3.0.0
NV_Naruto_Tre_6 1 by Nguyen_Dong_Quy for API(s) 3.0.0
NV_Thay_Iruka_8 1 by Nguyen_Dong_Quy for API(s) 3.0.0
NV_Ino_13 1 by NQC for API(s) 3.0.0
Bat_Quai_Khong_Chuong 1 by NguyenDongQuy for API(s) 3.0.0
NGVS_Stats 1.0.0 by NguyenDongQuy for API(s) 3.0.0
NV_Thay_Kakashi_1 1 by Nguyen_Dong_Quy for API(s) 3.0.0
Giftcode 1.0.0 by  for API(s) 3.0.0, 4.0.0
Byakugan 1 by NguyenDongQuy for API(s) 3.0.0
AntiServerStop 1.1 by paetti for API(s) 3.1.1
NV_Chiyo_19 1 by Nguyen_Dong_Quy_Edit_NQC for API(s) 3.0.0
KhoiDauWorld 0.4 by NguyenDongQuy for API(s) 3.0.0
SkinShop 1 by phuongaz for API(s) 3.0.0
NGVS_GiaToc 1 by Nguyen_Dong_Quy for API(s) 3.0.0
NGVS_Quest 1 by NguyenDongQuy for API(s) 3.0.0
Tam_Trung_Doan_Thu 1 by Nguyen_Dong_Quy for API(s) 3.0.0
Boss_Quai 2.1 by phuongaz for API(s) 3.0.0
NGVS_Level 1 by NguyenDongQuy for API(s) 3.0.0
DoiVang 1 by Nguyen_Dong_Quy for API(s) 3.0.0
NV_Ong_Tazuna_3 1 by Nguyen_Dong_Quy for API(s) 3.0.0
NV_Gaara_21 1 by Nguyen_Dong_Quy_Edit_NQC for API(s) 3.0.0
Moc_Dinh_Bich 1.2 by LonMongManh69 for API(s) 3.0.0
Thuy_Lao_Thuat 1 by NguyenDongQuy for API(s) 3.0.0
Hoc_Nhan_Thuat 1 by NguyenDongQuya for API(s) 3.0.0
Am_Sat_Thuat 1 by NguyenDongQuy for API(s) 3.0.0
NGVS_Xu 1 by Nguyen_Dong_Quy for API(s) 3.0.0
MagicWE2 5.7.1 by XenialDan for API(s) 3.0.0
MIE_Protector 1.0.4 by FaigerSYS for API(s) 3.0.0, 4.0.0
HubLobbySpawn 1 by LousWiteMC for API(s) 3.0.0
NinjaMode 1 by NguyenDongQuy for API(s) 3.0.0
NGVS_QidaCoin 1 by Nguyen_Dong_Quy for API(s) 3.0.0
NV_Chiyo_22 1 by Nguyen_Dong_Quy_Edit_NQC for API(s) 3.0.0
DanhViThuUI 1.0.0 by  for API(s) 3.0.0, 4.0.0
StatsCMD 1 by NguyenDongQuy for API(s) 3.0.0
Bat_Quai_Tu_Chuong 1 by NguyenDongQuy for API(s) 3.0.0
BloodFX 1.0.2 by Vale914 for API(s) 3.0.0
MapImageEngine 1.1.3 by FaigerSYS for API(s) 3.0.0
ClearCache 1 by NguyenDongQuy for API(s) 3.0.0
NGVS_Bac 1 by Nguyen_Dong_Quy for API(s) 3.0.0
NV_Shikamaru_14 1 by Nguyen_Dong_Quy_Edit_NQC for API(s) 3.0.0
NV_Choji_15 1 by Nguyen_Dong_Quy_Edit_NQC for API(s) 3.0.0
DanhViThu 1 by NguyenDongQuy for API(s) 3.0.0
BedrockClans 2 by Wertzui123 for API(s) 3.0.0
SK_Beta 1 by Nguyen_Dong_Quy_Edit_NQC for API(s) 3.0.0
Warp 1.0.0 by  for API(s) 3.0.0, 4.0.0
NV_Jiraiya_9 1 by Nguyen_Dong_Quy for API(s) 3.0.0
ManyWorlds 2.2.0 by aliuly for API(s) 3.0.0
Nien_Ha_Hoa_Don 1 by NguyenDongQuy for API(s) 3.0.0
FlyText 1 by Nguyen_Dong_Quy for API(s) 3.0.0
NGVS_Loa 1.0.0 by NguyenDongQuy for API(s) 3.0.0
SlapperRotation 1.2.1 by jojoe77777 for API(s) 3.0.0
NV_Hokage_Tsunade_2 1 by Nguyen_Dong_Quy for API(s) 3.0.0
Dich_Chuyen_Chi_Thuat 1 by NguyenDongQuy for API(s) 3.0.0
NV_Kankuro_18 1 by Nguyen_Dong_Quy_Edit_NQC for API(s) 3.0.0
FormImagesFix 0.0.1 by  for API(s) 3.11.4
NGVS_Rank 1.0.0 by NguyenDongQuy for API(s) 3.0.0
HuongDan 1.0.0 by Phan Hoàng Kha for API(s) 3.0.0
DBTT 1.2 by LonMongManh69 for API(s) 3.0.0
NV_Hokage_Tsunade_12 1 by Nguyen_Dong_Quy for API(s) 3.0.0
BanManhViThu 1 by NguyenDongQuy for API(s) 3.0.0
MenuVT 1.0.0 by NguyenDongQuy for API(s) 3.0.0
TapToDo 2.3.0 by georgianYT for API(s) 3.0.0, 3.0.0-ALPHA8, 3.0.0-ALPHA9, 3.0.0-ALPHA10, 3.0.0-ALPHA11, 3.0.0-APLHA12
DC_Shuriken 1 by NguyenDongQuy for API(s) 3.0.0
SK_Phuc_Loi 1 by Nguyen_Dong_Quy_Edit_NQC for API(s) 3.0.0
SK_Qua_Nap 1 by Nguyen_Dong_Quy_Edit_NQC for API(s) 3.0.0
Shop-NGSC 1 by NguyenDongQuy for API(s) 3.0.0
NV_Thay_Kakashi_10 1 by Nguyen_Dong_Quy for API(s) 3.0.0
NV_Sakura_17 1 by Nguyen_Dong_Quy_Edit_NQC for API(s) 3.0.0
NGVS_Kit 0.4 by UnknownBallin for API(s) 3.0.0
PackGift 1 by NguyenDongQuy for API(s) 3.0.0
Skill_TheThan 1 by NguyenDongQuy for API(s) 3.0.0
NGVS_Mana 1.0.0 by NguyenDongQuy for API(s) 3.0.0
NGVS_Vang 1 by Nguyen_Dong_Quy for API(s) 3.0.0
NGVS_DCK 1 by Nguyen_Dong_Quy_edit_NQC for API(s) 3.0.0
Tang_Sinh_Chi_Thuat 1 by Nguyen_Dong_Quy for API(s) 3.0.0
NV_Haku_5 1 by Nguyen_Dong_Quy for API(s) 3.0.0
Hoi_Thien 1.2 by LonMongManh69 for API(s) 3.0.0
NV_Neji_Tre_7 1 by Nguyen_Dong_Quy for API(s) 3.0.0
NGVS_Khoe 1.0.0 by NguyenDongQuy for API(s) 3.0.0
NGVS_LayHang 1.0.0 by NguyenDongQuy for API(s) 3.0.0
NV_Jiraiya_11 1 by Nguyen_Dong_Quy_NQC for API(s) 3.0.0
NV_Momochi_Zabuza_4 1 by Nguyen_Dong_Quy for API(s) 3.0.0
NV_Sasori_20 1 by Nguyen_Dong_Quy_Edit_NQC for API(s) 3.0.0
DDao_Thuat_Tam_Phap 1 by NguyenDongQuy for API(s) 3.0.0
Nap_QidaCoin 1 by NguyenDongQuy for API(s) 3.0.0
Thuy_Long_Dan_Thuat 1 by Nguyen_Dong_Quy for API(s) 3.0.0
HTHONGKIT 1.0.0 by NguyenDongQuy for API(s) 3.0.0

----------------------REPORT THE DATA BELOW THIS LINE-----------------------

===BEGIN CRASH DUMP===
eNrtfQtz20aS8F+ZklO39pZI4f1QzinLlGzpLMmKSdvZDVOsATAgEYEYBg9J9H7571/3zIAEIFoR
HUW6ukp2yyIag55+d0/jMf/ZiXk+p+XkiuVFwrOdfXN3p0zmbGdft33H1gzbdHd3UlqUR3nO8539
/+yUywWc3jnJrmiaRMOSluzoJmSLEq/f3ZmzoqBTHHFQlmy+KFlESk7CnMFAUiYpIwseXrJynmRs
PEbAeDyYsaIkSUaqLOU0gkvCWZVdEo24gDKu0vQNjAOcixnN9/f2Bvt7Hwsgee8gAjRJUea05Pne
ISsuS77Yy6ZXxd6FmOUMZumdXfTxwr0iD/fWk++l7Iqle6f4L5xf4Exylq+PgzEpgHb2DUcDwcC8
IRz8vPNMI52LkLG9EfzzXHf1F/stpgXC8Vhg7P1Ao0iM48GvLCy/Jp0XMPUzfeMswwW9zmgAKByj
M5NEgOh7P0wmIc9AVFVYbpqrSdQu2TAgC0pASKdAEJ8veJVFIzoVZBl3MK+7G0la0fxX0mWSjZqU
Nr83QBN77hr6V2W2vy/NVnACFCbZ9Gf7FyL0sZGUP0GrRb5udc8Nx/uKDUle0EaAmd4P4Ayl5OsP
qBNz2nfOafjmnXaLnirnSrKSTVlO9F2y+unukoDzlNGM6GIy587JfNu+c7IpK7eYy+3OdZHSJcuf
65pt3DnNgi+qFDR+x1xiAu9rE3h2V1HyTO+HgmXRObtRbAgsfhfLkOUQiZ8blvY1LOGMhZfnrLzm
uUKia1/DottWB4s80/uhTML6av0rV+u+f9fVFzkPIdLzXKExvobG9ryvoClKmpfq8lueuo7ezw3X
/AqGDZHjNS3YAPJVcYp5JN/ohBV4eDEen9EkO+XTKY5Szm064N3747FILuNxK7uMxyq9gBdDfhmP
V1dZ1hZXLdJqmmTwQzJu3cG4qXU1UEihykttAtEVBuTstyrJVwHK138hD5omYcSLnV9+391hT1gC
bJWYgVYp5kmSXfH0is1ZVsLlGYcRuzshjxiyYdi+B9Bxif8rZzm/Jhm7JgLfip/n45pPgmmAgOOl
0XjnxfeACBD4CsHveOhoGhzKX7o68Z1g4yfyknxXijQMkexNynn+0/MX5IcfiPW9HG+0xv/79vh/
t8ebq5ksdWUSP0+KgpXPvytnSYGhAhAVP383o8UM0D1//lzR8oL8F9Fu3qj/XpD//m9iGi/I/4Mh
RE3fGfLLixf/kZPZK4FtmOWXdTEjiH+haHVqIbG0YAqRu0Hy4/FGkwIVfNWQxjukT0BEkxCdXk0L
IIDftqVaF4rJWouO5rW16Ney1bVaK5JZxA68rhRzEj1/8UutKolL19uXhJCWchHzBxSCd62D3ZWk
1WVS/5IAfaVcXSp375//lIdS/OSf5FXOyirPyBVPInnKWZ0SAi06diwHuWrQ3s7vf1evf1evf1ev
f1evf1evf1ev/+er192dKctYTlOs+zKKDa6d1rVAUwDCXzfCdsy+bvUNhFdJGu3s656u7+4kxSRi
Vzv7MYVSBsrMnJc85IDWwn7QNMEy04pDO/Bd16CBSX1I7TQIwHWj0DJMU9esKAw0RjXEXSlaPidZ
hDn7fEQOj4bvRu8vem/eDsxPgw9E1/oaETQQ3TMdkzyvB+vaC3JwduhYgAj7V/s7bh+phsMv4K6C
B3UMpye8wIlOzs9HABAH10kmymGI5SDoSZoEOc0TVqCQaDQDxnK292vBsx6MUTW01tf72ivPsjzN
hSrUNz0/tm0vNn0aabZtUhp4bhSYsac7Ymoe5nSeVMXegoaXsCzoKREjAXrf7uuv9Mg0TMsIvFBn
AfiLbYae57mh6QAGN7BCI6KOa4bIx1qxQZLRfCm8QZGl66+YFwaOHQV64Pq+x1gQuKYf6IYVG9QH
SpnnAlYWtFGFNE0DoK4nik+0MkEb4HxlURY7QWDYse9GWuCZWkC1wIodxzOtQKd+6Dlx6NMOQvRh
UXrmK5FZYQhi0ZjlxRpgiUOQlwWGQQ3Ni3QgNnRMCFtmG1PKpwKDARiY7QcsCuwILmOBTw3Hsdww
QEHBHyOmYHFRFNNbGHoLKAkZjYoVMX4QhAx05gWabnkuDQAR6IA61NVsyzXQZJnmuG1UkKtnihrr
VaCHhhcYphPFHkjbjtxAc8LYsww99n3HAKnT0IIKuoUCSgiFQQcUph6FoBfLMk3DC62ABq4ThXrg
WSFo3gxdYNjQWBtFTi/BUiUrRt97BVqlrmPGoAbDiALNM5llG15k0RA0ppsROJtnUquNpcg4/8KU
QIxXHtCtRdSMfNME+wkDkzEjYmEc2cy2bEBiu1EYxR0ki1RgsMBS4hiG+GAczNJBeGCF4KzgIq6r
26EWexAPPKDDAwwRDzHasT0IpSXNymRlciYiMm0tijWompivWbbvMjOI/NByPDu0TaYx0zRjxlDN
8yVYWlDsRYwtwEcXS4HE79uvAgO043o+8zTquwHYhW7plh0Di34ADEWeGVKTCX4gavYSDtrNkhhq
Q2X75ivXdXQw0xDsNbAiK9Yd5obgX5oTgc34IbVMOB9bDRzr8GlI97GpwYBqisrUQhBNZNshi1js
aw7IR6MBjfXAkSEK5FJhmIEon7M4hcyXqNijUKLpOrbjxSAMl9kBSBrM1XTAOynTzDgMdBbZsaE5
fnAXSoAGKagRkNoCaRi5RmT6Vkhd34pMy3GoCR4Van5kUycEM/Uc8BF2Cym2Qno5K7DLIFWIngq5
z9Jjw7UNZvkmOLZvG04AJQ2LPJCAFZuOHznS12eLYsEgZeV8AdURavAKQhnK37L10AxRcV4YO5YW
MUP3fN3yNZ3ZwLljYWJZYQFL2lN/a+cw/FeQh/SIUghivo0Rxgx8iDdaEILNaDQOI1uPwSrpbSQ9
+FtlSVkjg/AK/gme5DHqmBajkM00m3oekGe5tgbZgLk6JIZa9i1kmN/DspdXKStW5L2CuK5R26dx
7Iax78SuHRk65E7LczQaUV1jhh0YTMkdqUGEPezgwD8gctln8sDYjFchxYAYx1EUYSDUDBsScGzo
jmVR0EfkQlBxwijsIMPeUi8pWa680BTIWEBBXbbpxUYAWJimQ5QLAjCCyIiZaUQWRO84MjrIsOF0
yWo0+ivHiB3fgVAPatTAd23dZI7PQCERJCfHtSLHMCDFddCUUGr3sOWB5fzKm7TQ8cMA5GRHtqmD
V0MgMCxq2oZt+hA2LGpA7NL8LrJkLiiyAYn2KtAizfMjpml6QB0tjsHSmQnWaTIIvDrEHg3iv4hT
LSTAltAio3OscaSQHD20fZP5LiRDcA/wS8giWgj5NqRe5FAImlS3OupTRuWDq9ivKKgltFloUkiy
EKlMw/c8iHHgQUbkg3fb2Bwz0aQK0EkBwTLbE/pXaGSsihxbg6AS6DELGfoZCJZRBv+A30I0cIE1
KJ/oZjTgwRi5WC/l/LJarAQegvPophZrzHMcH0o3CHmGFri6plMP8l8YGr4jo2gT63xBa2OScoJM
HXk2iyEgRxS8RY81h8YW+G5oofR8j0K08KwWniiJY4VBf2Uy2zBD23ViA1CEkJhiU0OdM6grbGqH
OqQL12vzx7KrJOeZqtww0kGxBdWPFgMfzPBD04xccBDdZZFhgtqZAcUMeo1QWQPRzYLnJctX5ES6
EQegYjuiPviCpkc+xGLbZxYIh2oQ5H00RL2FZZrygKZgQ9KmLWmOUKxBWnF9qG6wBPQMCOKOD4kf
qkAXMozuBx5UNi1MclnUYxmE4aakgT07hioqgoLI8oEVm0GgC+I4ME0XkJm6AbWqZ9n2JnQqQQhs
Uv9guuDlZghByDP0MNRcDRzfM10Pkg2EdtfxNIjDbeJyFlYiC0KEytCRV8RR08CUbMeabkMw0kIM
TiFzQogKToQFkw4isNwOuoJXech6fIG8qspZRhcIt0CW7lq263kRs2IaUoa1L419qMxsLYhMFupt
blX3XmZTqAws39Dc0Ik922IuRBAoDKFi8i2Phh4DNYBbRV4LQ3ORhDrULF0PIih5oHhjDhRSRmD6
oRFbUMNBRUsh40CN7wubWs5jni1hhZYuIfCmvVCRg0nPBZYMFkUuiDuAMgyCJ9DPIMtB/RBABvVi
PXagjICiDnCVM1YwBjkYQ1PyReVfKKJegdOaTgwsWUyHkhYrOwZMMAeqA033WQyWS7UYA+U1C+b8
C6zl96BkZ3mpKigokWG9BpWECbERUgAkJEy8tgcCYxaYpq1HEeQpW29XhOufvflitYp8de8l4e+r
exdiFcaAJqwP02J00Vi6tsC7O2t9YPmB1kircsZzQPEzLH3pIsEur9AVLoWZaF3C+rDMK1jDRmwB
q0U1tuBxedgEzGmSdWYcjzvz40oHF9Tvh6PP7z+cHkqxFolwc+w0H1QlH2Aj/JROpw0+2vAmI5LY
JiM7o+ukKIHsB+KolOjGY5iCiy59CkSMx12a7mRuVpaLYn9vDxb+syroQ+jfU2QeFMu0mp8N9tr4
QBgn2dWQsYYUFKCtx1vsv8aC9ZjnyReMAA8khBZScfsFKBmPZfvpPpo9PPqU5ILmFTsrUNcw3TZD
Cz7FfsnuzvD9G/ZQDEmk4/GVIGE8jlj9q0GW4mo4Ovgw+nhxi6fPeIvvIuclJIMGXy1wkzcDlm0d
3miaVOnyoZiS2MZjce9xISmQHcC7mdlgnWdVkscJS6NmpFIBZw+KO1zkg/nmey1uQShveD4/uDhp
yKOGtNVsdu32V/4rZy7+1xKH8e3iWGMcjxURqx/3sdmLowFP0yRq+uAa1nHDNjMFvaFXKb2B4vmh
lNtAOR7DSlCScR/1Ii+vczgfCpU1uGlC2/zYbX6Orng6BMIeLJ6sJx6P21Tcw06vr6/7DChC7P3y
EvkbpnSxaPFWQ9p8Ofc0O938E5qSM3dVc+/MsCZpr2YCOcQu63EVNVmsQU0eRfne5vF/aHh5dvhQ
upPYxuN69vWve6X49JouC3FjtJngG9B2yDT6VpuZi1mSJgsyhD9pkk0fLCEItIXCCtleUFQgRbfz
3Ne8LFGBkDcNsQFsVy639HR6+NNDsQOoxuP1zN9si4Cndza4ONprcIHpnF2NOE+LZjqvQW2Hg7K2
43Hr+ylkhE2ClttBYvhWlmsC8GbUipTtst6atL0VDkwE4rbkkMlVX5Pp7plubdZJ9wewrHi4jCCx
1XdNV0TcT9fI1zvGFlDKiQ7lssFVG35nons34/QthepgCvbxUIy1kI7HLXLuz91FlbMLls9b+lrB
2lxZfbPNl2O9eaNp5L8IUICL/pMsxqcOHqxUm8gJQHk1RY2f3+Cn4lpVnq3xgBTORx+ThgDEYYv3
Nt/n02rJsskhz6aTH6sHY/fkzfD+ihtURcnnBymsspu6a4HbSUL/a6uV5szjcYeOb6tXBjNatsvk
GtLkTOsmv4/ZZcavs9cUs9SDsTeTz9bQ8pxd3l9NpxXNJqNZRcvJiM4nFzO6aLCz6ewf2h2a3QNa
3ekImxDDS8jp92FoOKP4bAFtFiZr2GMTPzw++HBy/vbg3NAMbQsuBvNomHHeLoYbwD9oHxzzspjx
8rhdLmKp8o18hPOokFODjTXJ+ENORsmcDfh8TrOoxUwb3ikX29z8m1H+oCVVa+4/X1W1WcHCqmV9
h09gdzDn/WPA+SfwcbqcvKXJBJ8sXeeZ9on7Z5zJUZSUk/MfBw/Fz/kn3dmiaDg9Y1n1sRmYV6A/
8Jy/RBtn5x+30sY5zauST0Y5m3TU0Trz+BXA+Sdne7M6yatLOvE22FV95ikY8bZi5CTjE3xQu8mC
gt1F/IM6gHl/il9Dwv6xAq+FIhwEN5hV8KfZMtp4/rGD1Osf3w22yInnbz8NJ/iyQLOebACfwrNx
+vF4TcT23vGOXtJiBvF1g3+szz2Fh9yfl7dJXNbv2SgWVqC7tdIldlfeKP5Wokc0G3FMfTj9gN/u
rN7hMkt6WbXLxhXo0R3jXwfvPm5fNB5kZSKfNx6WvFnGd050ejudGzWUlWXyUHVje+atvGMwS5YQ
YP22X6ygT1uM+Fv0Z2Y8OaSVuMXSbM80wXcuF/8SE3t3eH8OwACz4axlUSvQHWpYiKxCvzxcc1fi
Ex6RyX/vnTfeJnTEw27iUNDHj65vR1v4AlL6YyUe1myTL4GPvrY4vj/t2DUY5RUI75DLVkJzCXj7
5ONrYjQ6HG0RY1/zohClUzNPrGB3NrT+On84qHKKRIzH+O+9bUq+S9uxqfoF20du8shXm+5rVoc8
+URbFW0NeXwDOvy0VVp7D7OP6Jcqo5POeqJ15ikKPnMrRt5SmtOJ0albV9Anzc+Gfn9Wzng4OUyy
2eR1Es4azLThncdbOrf8eHYGzJzRbOb4D9Y0OHx9Ky597ZYlhM7l5JRy2atthtj2icd269HpNrH1
GCR+Pqs7zg0uOifuywV9KDaOt8jWB/PJENvlHRZa4MdWw8FwtO06+6eqmxh+eorsfDz6aQtPptMk
/HxkNJ24BrUfrnC7ufknliU0xU7tAxF+IxBGsg0rabj/EwhnJ0eTTQ8htOHdlXVn2fCGJlNYdv1r
uPPAi+wVYmCtSVDn8F4eXwWnPAiW3SdJ2vA7zO6UV8VnwHf2YMljjXE87pLxx66TZL/Ss3YnZA17
bLc/P9t2kZFEdMCT7NY6o4Y/fgD48XDwDV0Dw9jUNTCMJ65KjC0qXKglPiWQLlp3MZrQR22sHXza
IgWKTujg7LDZL6hBj34DVk38Db3zUXVH43x98vG75qNtuuavU86jNz81eVCQrgF1itpPNGW+bj0U
2QodLFHl9Nuk9cXJnE7ZUTYVH31qJPfWiU5bs/sw0Nfz4QPkwRYl3eN73fAXXw7CjwY1b/ivgY9t
ZYPTLXPHa3qru4agpygZX2+VMYaz5JLOaV5N8PtLzazROvO0/WZryyTIf00m+P2odhJU0Kdlxf6G
JLgpBT5+33ObHPiaRTkPLwcpzZq3K1vgVrewzcBnlpdfqkQ3zIeifo0RQnCDim9+/GWNcK/FFRYA
7yavWUmb+V9BntD0Xm+hvc80b97tEIePWm9tWfX+T5LTZEknnZtla/BTtBP9bVJ8thR3wopWel8B
u28TaI/xAtYc5hcvYW1zVz8BUR7TyTGnKNHWMrB95tEXg8fHh1uUjW/S5Ui8zbx+A0xBHt+ULkbv
xmM1/ZZVySmnt25wcPokj4qcvj8Q767dexUl3xr6wEvxHvjtl6JWZ7qvXur3ejnqzyyq2gRsFaqO
OX4XajIqqoxGbNJZqN86+xSBa5tlehLOcCGIhAxmya227+bzj165DAZbNYA/Td7R7LLK+UTvPLbX
gD9tFbnF43v4sqhYjRVvkpvOK61rePsRDK3jRJ3Xm6xvpXxe/VbgG8v4LcxEzB0nN1vGtA+gg25Q
E7CniGqDLRZbx9gvaT8bvQL9Ae0XM5qRYz6uNI1p2ZS8mz3czR1FwhZO/3o0avo4Hj7+/UGc9t43
CG+HVv3uyKs/TejVjW0addnZhgViC/zozbmzbRaJ+Ej6p6YpKcBTOPJwG8JHdDHih7z1LI+EdD+V
0CF9yng+TWj2r9GGu1Lib+/g9OL4wGsf+u1DvTNa19fHF6dwbHzzd0LoouQRH4/X/PxxOBhMhrMq
Ty5Z662PBvTRm94foGA+HNyrynw3uZhVIVTFSXu5voI+YZ6/2KIJCST/WNHJeev9tQbwCdn48XwL
NmZ80Tt/Oxy0Xl+rYY//+tqfeKBdu+uJdu1p0ou2XWuYQrFLJ/gh/VZfeAV+2hrY3bJwfJfceoL0
XVI+wbuq7w62eJeLhpf4NH/zXa4a9NjucPF2sNVT02kKVs/A8LP2o9MN+KM/kSXn3dJyoKC61UcR
sCd+5wZp2JKVznOja9hT3Kn6tCXxh4N3XdoRtEUYYg8chmD6bcpGoGKIz1Ru6pVsOvsEz4MPt+2V
HEM6mHTutSnYU+S4Le6vHXOUc9KqW9ewx1/SHm+1oD1nvybiTdhOem7An0L+W2flGWe30jLCniK2
vjvZtsFOl8cbImoNfpJG+/E33TvT9c03z/StnmV/2ApP34qTMz7nIYTOf9Og+kInnacZbp19Cuew
tqy/C54nE0Pr1t81+Gkf59tiMXF4WD+Dv+kzK5vOPvo9gsPtvrMCa+qNz4s2wY9+j5MuoL7doh4R
b0eghRxueOtg09knqEdOt3o/7Xh0/P787buTZldxDXuKcHw8uneFiJ9DpjkQXbLuV+bqHX/gil5P
ktGjWSFeVJZbDfVxUwWWl2JLm51nF6sjMuBZnEwJfvp/nI+zZ1C4kINFTgyX6M6+5e+bGvl88pqI
161hQAqZq6JT9pJlUzye8zJ62SKFyHea8aScvIefTH+p+7ppIPB6Biz10qQoX/I4RgjNMl5lIX5+
VeyORSEUM7lXZfGSZwITPmXeU198BR291B0xO71RFxUvbUHfFCQ05xF7KY5ijt8LX8HUfCCqCD/o
WB8vrhZqGvzSfBJWabl8KWiVeyWVPO8V+OZ3Ni1eCiGIXcbQgl6+4xmf0TWwYCxqjMFver88PHpz
8PF0hFClnd8qli/VnAqUh8CVIgh/9xe0KK55Hr38p/gPxFSVvFfQK6YuvErYdS9KcFOJkL30EHQT
8JseGm2NqfVN7v5yjru0PCNocSQUmq/kl9SFARAQF2npEgyCjPDj4qTmn9CckXLGCM/AesoZLUmI
+itJwEiShWmFu0wC+luGh7iGfA5XxqS8jbOgMdslHM7kBaIkQc7oJVnyKle4SBITUGMSJ2IG0GAO
xpAuEfE5u16h24tYTEGHBbnm2T9KgvfjaU5QfHNgFvc4WiKFuC2l5Pt6xjJSLaY5jQBBf5yh6Upk
++OMkGefZwwJwz03cf83AijUrmEggxx8DXeniORpQWrKYRpgFX6xUsgLv78cMjKjWZQKCc4RszTQ
2qn2idhNC08Us6qMONi82kN2n4x3zmfjSmc0yMjbRPwyQaDZlMCSEA+DOCOvJZyTUS7uB4bkTPzV
lzAKzzF3vCNYOkhTfk3QDYELoj58TK4SSn5E48QxwkrrbyLvE4xr4tLhDK6kaEAFB14UhVKKVKEi
VQH2AUEQdCRkc3BxAiMhnEYFIlmfwW2wAl6wxgRHwiVqTCAxgu5KwJZAXUhusCRKyTheedDqdEOM
zz5DbgBbBY3TKCI5K6RhIKm4/x2QRIsqF7GGgDkEDKUCamO/VTRFhU6TKxh7RdOKkedqUoiGLxC7
nBG3vcEQ1wODwG3o9uG0mPu8mgdgC2DvB8UyC0e0uMRdcy/BwvtiwMcCBINOV3OKw2Y5hJQK7AqG
F7tym12iAhF46i7BbTWAEUxVQjaQJRA2rzKwbRwikQ+F4QFPYP85v0nA9hmIAVgSPpWtiEPZKoJO
YvQiHIPeskuS8h8gvjIXl0UMg68w5s7F5DnwAAonhhCLYKOnON0XqLpeRIX15VWWoTojjJV8IZQg
Nngr+uSQXanfZJ5MZxBmclrMdpthQVkmSiTPq0UpoVJgKJg50Kb4EsoFgxO7t0XSVSluGQtkb6YA
bQRtjoOgwbr6DUODwT05aGVpkIogxeRLGS7eiv09CGZ9IuHgaPNE7Oo8Z1MaLEuQOBlKUWtCuEmB
uMXlI9TadSIkLywKwsl1TyKqjawQHMYJkAixkuG3QxFNnDNWTymNHLRVCfecclAU7hQkrAInUtuQ
CNL2iYZcwOwiOcht0v7Xc4Bl1F30Y6b/c/QXJV8IElRgX5Gk0BUEwgemahatCMJZa6p0zbAUYSII
fBZeoegr/vEAFAq/ECRhxCBhBWkxg7RI2A0LKxHduSRZeiSm0dVodhNCwVKsOZKB6/3oaJ+Mjk+G
5PTk7GQEwfvi9ORoSC6OPhAoTt8dfdglMIiM3sOoI/L5+P3pEbn48H5wNBz2uyGgJQ/DdpQ4Llie
cFEqYCAuxH7WuCtqLY1VsNVB9pBrIhFbxJAehEImw6xABUUs8AkBGqwJ+f2asUkjgwIUU3OGw9Rk
ArNEAqF3HchlRhJzvMccghWIuKB/ezTagloDgNoWLMRCRUoWyZV6ldeueADzYotizSoU25LX4sVm
khTnpuJ8SvMAd5LEb+XLwlgEoM3SFa6G5KiriLoKYvecZpUoi5qUQMlYgQ2+2K1zQtcIazOU6TWO
AZfkd752wT55L2O+NHioa3iVRitaEkgi1xlZ019IxAtBPjDqaJriFWZ7I4LFrSQpTEdiWPEW53xe
J1t5tRrRa5pmU8PIjdLkLdsgG0yqZR3DupRFleVcfGK9NuSomi9k3SeLS6JO9PBEra9DHKQuELQL
MmsO4AjSPDg73SBgSNqQ+GCGKzCyoqgYBoZyBlqb1nUwBi2cbU3Vbq1IWSOocrcvqcGhX5UTrrnk
Xvc17QO6QGgyr+aQY/FDn6RelqAiiVyhSSrWckV/UaIUHnPbxmAZsFAUiQl7WJ9XkHStlcYOudrR
vmPTWBth1JP45eDahSQuNbDJmagceiG+U7bi7RBIEbUKlI8oPaBOFhgSC27lynAJhNdIDtfcwWVK
npKfemYcvK52UYD4LluN925Ud9nhOMvkjtL7KkVAaTbjqSwxA1rCshpLfUFygXthE5VkRGyTazJ1
VqaWgK2KTZnenjW1VJ/CsJovS0S+S3p6Q4FCeWLiXlkTo1KAiNrrOlaslrGEjCTnuMoShT5eDEBF
Vp8cQy0ItvRSFHdkcPFxF64FGgLwr+skArMXtYKMniv8PYF/n7h12b2uyAshncbYPjmIIFDNaBrv
wSJXLhMiBjaspoJJCTZr0MAajrhOew1kzaXI0Q1GNSwxKe4qjzLHqdUmxn1Ysol8wUUl/fEiu6jr
8PWqFZcZeNE1ZFTEWS2yRU8ddxY+Z8ohi+QLW6kaK/Zaw7hxVV1NQUUvLaeRdS3fkBe96JMLdU1K
86m4gKrlszITMWOc0ylyB+oCtopFKooZXBPPgXiMAzRHFQ7SBDs7YpGPm16zoiRno4+C0gJYQraD
qiTYVBBaXk8n1x39OgzNy6qHV+0LatEBIhZU0/16LfOD2PK9VJUcrlrF+XrFWsguAKtXsniZMhQd
kcm4JbENZhzWqGic9RKG1YtUEdwiWlJS0Ks6iGKfpu5n4bm1v+M2txAJGC3rGAOUyl2065JZLLcW
uSxXigVUaKJ8yXiIG4OIa0GOZ3QJMkRjmfOregWL4V/FTBG3evU5OWWxjhZ1v6rZ5xiJRoU0AHwM
m5ayxSPGKm1XhVrqh2D1pYwL6pqevGafLKCguEpSnEbGPOXPahYM2jSbrorqDC9Lu7ljtx7VanRt
7C3JVd7BnFdo07EMzsrEUZSyRSiSEbqzWLuDYvC3yCZw8QeRWxoXC8YzJteKAZPIAhajRYp2pEgH
s9oChNJFl7KVpST7ONGKffBMQrukAi+hCLOEQQLYRKW2mUyaA6ZI9F2EIQKx9cX4d0WNKawbV9K9
agEWyYpGtBC7vomJRGO20Yo5ORSTiU2CC+GSKE+Wo6ahroXQNSeKO6I6D3W2E9e0WAd8PWKQZ2QK
a5ZiLZ51d2Mlof5tESlnvaaJWNRA4ICKX+pmwRdVWhujOsCwL8aoEOHhfKIY7i2UV2NwRUfdJ3WZ
KXqssp2zrxIedp/EEkuCZb5Q6sKNdFZ9gWgtNjR3sTdvB7TytjZ4MYPKLOYNhYCT9eR7pauRM46K
EaT0F/P5op9wQXHGs+Uclwi4nSi288JiTTque9R5sj4vWBARi06nOSw2ZWNp1bnDQqrMqVBciz9B
Hzjw+8P3+yAPdbNBpQKMCddM1qEUPOdazFgIwtcMCFi/0ZSGzLOSvLRMqZxbQgV9yvPKliDpiZ1F
MXQ3yykB503RQYWaoZk0ujy7EB4XM7oLYBAD5qtyVbFA5I0ZrKJBhRCAMswH8mydV2TPiLa6Rurm
USPfVFCdQWoTQayOFQqh0Lw8X89xS9OS16aqy2S+DtUqISFSHF/XDahZjJc4oWiHqYvq1md/PYE6
05yhlubdKU9Fbald6RWNLkPdFi6TUsmz7ifMFFAEDFwQqBpTBQxsz0IZH4kiK4lXiKBSB0bkXQIM
QPUiW4Y4wKciZJ3YaJrQQlXwUHTR+SKtj7AGABqVrvZrpclzYLfY7dknP4vkDelzV7R/fkGk8mXX
VZZs3r0QbGAhlSeRWmDXt43EynlTwhL5XCToQtSSYmEG+kmAVpVtm+TLeQUN8ifB+0yYFGTyWs+4
T96cHoz2je/dXdu/0XfNG3PX+F7/PmIhlyH2OW5uGGJsfelpMhLLI8t+Iase2e9vrmulh2NqARmr
tpOoPETfCLQWLvF+SBWWVV7H5LqYz1eNfBFxAA9kqlDcwilqgfXquwxgC7K8e/ZGhBoxlRjfQlKJ
QkFCJg1IT9Ra/XWHjC/EUpDdQOAr1DoovMRyuRA1P0gkSKBQXcolsxiH/AIpUKXLLCJ9RnIp8EMt
kq9i9c7uDrspWVbI/Yj/szOAAmFnf8ft4463cDYIoSSaNSF4ayiLaN6C8fkk4iUEwxZU7Qm8BlR5
2jyO5A7Sq+M4SeXu1CvIVOy+uzqcQfpoHifgZVdNwK+FugPuijvg80De52oOwUIMyI+asEXY5vqD
3EJa3k5fXynCftEGQX0yb0KGF6fNw/my+C3NcDL1i+D27bqBbXgC5YSm25qlufDzuxNwCTcM4f++
wxzXjp3INZgdxlpsOG5seUx33BC3HDZM8h1unNzYMHk14ZKK26SG+mzcl2QhP5pjy8M0CZqj4fBm
3tYJR3YMTTN13cC3cy4O37dEFfGJYKULBFDSVieEi6woWgOHCQaEn85aMupQAIe4Im2zBcDrPOlY
x0L15cR2fUZfB5kiwbO2ca6z9UTUYlWZ4M54O1pfbpeWTIMko7jDmvgiOj4OKVDiC9coABHQokBc
IV/BDvPlouQCYArANLql86RlJkI2ZhO02l58WkljlOT8/vv/B+WkoEU=
===END CRASH DUMP===
