PocketMine-MP Crash Dump Mon May 3 02:18:27 AKDT 2021

Error: Argument 1 passed to phuongaz\AuraBoss\Entity\ViThu::__construct() must be an instance of pocketmine\level\Level, null given, called in C:\Users\Administrator\Desktop\ngscupdate\plugins\boss\src\phuongaz\AuraBoss\Boss.php on line 147
File: plugins/boss/src/phuongaz/AuraBoss/Entity/ViThu
Line: 37
Type: TypeError

THIS CRASH WAS CAUSED BY A PLUGIN
BAD PLUGIN: Boss_Quai v2.1

Code:
[28] 	public $health;
[29] 	public $drops = [];
[30] 	public $name;
[31] 	public $speed = 0.5;
[32] 
[33] 	public $spawnPos;
[34] 
[35] 	private $range = 500;
[36] 	
[37] 	public function __construct(Level $level, CompoundTag $nbt){
[38] 		if(is_null($nbt)){
[39] 			$nbt = Entity::createBaseNBT($player);
[40]     	}
[41]     	$skindata = $nbt->getString("skin", "");
[42] 		$skin = Boss::getInstance()->getManager()->getSkin($skindata);
[43]     	$this->setSkin($skin);
[44]     	$this->name = $nbt->getString("CustomName", "");
[45]     	$this->scale = $nbt->getFloat("scale", 1);
[46]     	$this->health = $nbt->getFloat("Health", 20);
[47]     	$this->attackDamage = $nbt->getFloat("damage", 3);

Backtrace:
#0 plugins/boss/src/phuongaz/AuraBoss/Boss(147): phuongaz\AuraBoss\Entity\ViThu->__construct(NULL , object pocketmine\nbt\tag\CompoundTag)
#1 plugins/boss/src/phuongaz/AuraBoss/Boss(173): phuongaz\AuraBoss\Boss->makeEntity(integer 0, array[13], object pocketmine\nbt\tag\CompoundTag)
#2 plugins/boss/src/phuongaz/AuraBoss/BossCommands(35): phuongaz\AuraBoss\Boss->spawnAllBoss()
#3 pmsrc/src/pocketmine/command/SimpleCommandMap(248): phuongaz\AuraBoss\BossCommands->execute(object pocketmine\command\ConsoleCommandSender, string[4] boss, array[1])
#4 pmsrc/src/pocketmine/Server(1809): pocketmine\command\SimpleCommandMap->dispatch(object pocketmine\command\ConsoleCommandSender, string[14] boss spawn-all)
#5 plugins/TimeCommander-patch-2/src/LDX/TimeCommander/Main(19): pocketmine\Server->dispatchCommand(object pocketmine\command\ConsoleCommandSender, string[14] boss spawn-all)
#6 plugins/TimeCommander-patch-2/src/LDX/TimeCommander/TimeCommand(13): LDX\TimeCommander\Main->runCommand(string[14] boss spawn-all)
#7 pmsrc/src/pocketmine/scheduler/TaskHandler(137): LDX\TimeCommander\TimeCommand->onRun(integer 18001)
#8 pmsrc/src/pocketmine/scheduler/TaskScheduler(179): pocketmine\scheduler\TaskHandler->run(integer 18001)
#9 pmsrc/src/pocketmine/plugin/PluginManager(654): pocketmine\scheduler\TaskScheduler->mainThreadHeartbeat(integer 18001)
#10 pmsrc/src/pocketmine/Server(2389): pocketmine\plugin\PluginManager->tickSchedulers(integer 18001)
#11 pmsrc/src/pocketmine/Server(2152): pocketmine\Server->tick()
#12 pmsrc/src/pocketmine/Server(1992): pocketmine\Server->tickProcessor()
#13 pmsrc/src/pocketmine/Server(1586): pocketmine\Server->start()
#14 pmsrc/src/pocketmine/PocketMine(291): pocketmine\Server->__construct(object BaseClassLoader, object pocketmine\utils\MainLogger, string[42] C:\Users\Administrator\Desktop\ngscupdate\, string[50] C:\Users\Administrator\Desktop\ngscupdate\plugins\)
#15 pmsrc/src/pocketmine/PocketMine(321): pocketmine\server()
#16 pmsrc(11): require(string[97] phar://C:/Users/Administrator/Desktop/ngscupdate/PocketMine-MP.phar/src/pocketmi)

PocketMine-MP version: 3.19.0 [Protocol 431]
Git commit: b307cd0aa15b76cfe41d2a649d14b3aa6fb78f64
uname -a: Windows NT NAMVPS-COM 6.3 build 9600 (Windows Server 2012 R2 Datacenter Edition) AMD64
PHP Version: 7.3.14
Zend version: 3.3.14
OS : WINNT, win
Composer libraries: 
- adhocore/json-comment 1.1.0@cf7998124d1050b83d7d985447fefd630e09c1a2
- daverandom/callback-validator unknown@unknown
- pocketmine/binaryutils 0.1.13@0abee38d4e2861621f262c79a2a3d699d8a697f4
- pocketmine/callback-validator 1.0.3@64787469766bcaa7e5885242e85c23c25e8c55a2
- pocketmine/classloader 0.1.2@9757928424652393b178a3760073113aa7c9911b
- pocketmine/log 0.2.1@830b44a2cf96ef703c550abe64302f230231ca49
- pocketmine/log-pthreads 0.1.3@e477ecf6ec214fdd4415ea1da3fdd9d73bf699ea
- pocketmine/math 0.2.6@43057cb8c179a9859677b496a788db922fd5cfc3
- pocketmine/nbt 0.2.18@9f82ca4d7f97fcd9a566e44b63c4f18a7657ae82
- pocketmine/pocketmine-mp 3.19.0@b307cd0aa15b76cfe41d2a649d14b3aa6fb78f64
- pocketmine/raklib 0.12.11@9cce458b8bfde3e4dfdbf70c659fc7b7fe26b5c4
- pocketmine/snooze 0.1.5@70b5e7937a06878dd321a3182ceb76d56298f2cd
- pocketmine/spl 0.4.2@6b08b7cf8c4afa17139c9a1b3bf1b408531de161

Loaded plugins:
BetterVoting 2.0.2 by Twisted for API(s) 3.0.0
Broadcaster 1.5 by EvolSoft for API(s) 3.0.0
WorldProtect 2.3.7 by aliuly for API(s) 3.0.0
PurePerms 1.4.3 by 64FF00 & ProjectInfinity for API(s) 3.0.0
essentialsTP 1.2.2 by  for API(s) 3.0.0
iProtector 3.1.1 by LDX for API(s) 3.0.0
Worlds 3.0.5 by survanetwork for API(s) 3.0.0
XGTShowPlayerHP 1.0.1 by XGDAVIDYT for API(s) 3.14.1
PlayerSelectors 1.0.8 by Ad5001 for API(s) 3.0.0
MyPlot 1.6.6 by Wiez, Exxarion, jasonwynn10 for API(s) 3.4.0
ScoreHud 5.1.1 by JackMD for API(s) 3.0.0
FormAPI 1.3.0 by jojoe77777 for API(s) 3.2.0
DevTools 1.14.0 by PocketMine Team for API(s) 3.11.3
InvSee 1.0.0 by BlockHorizons for API(s) 3.0.0
PECollide 1.0 by saxavlax001 for API(s) 3.0.0
Trash 1.0.0 by Mev for API(s) 3.0.0
AlwaysSpawn 2.2.4 by Philip Shilling for API(s) 3.0.0
Slapper 1.6.2 by Slapper for API(s) 3.0.0, 4.0.0
AntiSpamPro 1.4.1 by awzaw for API(s) 3.0.0
AutoClearLagg 3.0.0 by Twisted for API(s) 3.0.0
ItemID 1.1.0 by KaitoDoDo for API(s) 3.0.0, 4.0.0
CustomAlerts 2.1 by EvolSoft for API(s) 3.0.0
Ghep_Trang_Bi 1 by NguyenQuocCuong for API(s) 3.0.0
TimeCommander 2.2 by Zeao for API(s) 3.0.0
NV_Ong_Tazuna_3 1 by Nguyen_Dong_Quy for API(s) 3.0.0
NV_Shikamaru_14 1 by Nguyen_Dong_Quy_Edit_NQC for API(s) 3.0.0
TopMoneys 2 by moch for API(s) 3
DanhViThu 1 by NguyenDongQuy for API(s) 3.0.0
NGVS_Bac 1 by Nguyen_Dong_Quy for API(s) 3.0.0
ManyWorlds 2.2.0 by aliuly for API(s) 3.0.0
SK_Phuc_Loi 1 by Nguyen_Dong_Quy_Edit_NQC for API(s) 3.0.0
BossAnnouncement 2.0.4 by XenialDan for API(s) 3.13
MagicWE2 5.7.1 by XenialDan for API(s) 3.0.0
HubLobbySpawn 1 by LousWiteMC for API(s) 3.0.0
SK_Qua_Nap 1 by Nguyen_Dong_Quy_Edit_NQC for API(s) 3.0.0
DDao_Thuat_Tam_Phap 1 by NguyenDongQuy for API(s) 3.0.0
NGVS_Khoe 1.0.0 by NguyenDongQuy for API(s) 3.0.0
BanManhViThu 1 by NguyenDongQuy for API(s) 3.0.0
NV_Chiyo_19 1 by Nguyen_Dong_Quy_Edit_NQC for API(s) 3.0.0
NV_Ino_13 1 by NQC for API(s) 3.0.0
Boss_Quai 2.1 by phuongaz for API(s) 3.0.0
PLMenuUI 1.0.0 by NguyenDongQuy for API(s) 3.0.0
NV_Haku_5 1 by Nguyen_Dong_Quy for API(s) 3.0.0
Nap_QidaCoin 1 by NguyenDongQuy for API(s) 3.0.0
Hoc_Nhan_Thuat 1 by NguyenDongQuya for API(s) 3.0.0
NGVS_LayHang 1.0.0 by NguyenDongQuy for API(s) 3.0.0
NGVS_Mana 1.0.0 by NguyenDongQuy for API(s) 3.0.0
Warp 1.0.0 by  for API(s) 3.0.0, 4.0.0
NGVS_DCK 1 by Nguyen_Dong_Quy_edit_NQC for API(s) 3.0.0
MapImageEngine 1.1.3 by FaigerSYS for API(s) 3.0.0
DanhViThuUI 1.0.0 by  for API(s) 3.0.0, 4.0.0
Tang_Sinh_Chi_Thuat 1 by Nguyen_Dong_Quy for API(s) 3.0.0
NV_Choji_15 1 by Nguyen_Dong_Quy_Edit_NQC for API(s) 3.0.0
MenuVT 1.0.0 by NguyenDongQuy for API(s) 3.0.0
NV_Thay_Kakashi_1 1 by Nguyen_Dong_Quy for API(s) 3.0.0
Shop-NGSC 1 by NguyenDongQuy for API(s) 3.0.0
NV_Hokage_Tsunade_12 1 by Nguyen_Dong_Quy for API(s) 3.0.0
NV_Naruto_Tre_6 1 by Nguyen_Dong_Quy for API(s) 3.0.0
Sharingan 1 by NguyenDongQuy for API(s) 3.0.0
SlapperRotation 1.2.1 by jojoe77777 for API(s) 3.0.0
NV_Sasori_20 1 by Nguyen_Dong_Quy_Edit_NQC for API(s) 3.0.0
Skill_TheThan 1 by NguyenDongQuy for API(s) 3.0.0
Giftcode 1.0.0 by  for API(s) 3.0.0, 4.0.0
MIE_Protector 1.0.4 by FaigerSYS for API(s) 3.0.0, 4.0.0
NGVS_Xu 1 by Nguyen_Dong_Quy for API(s) 3.0.0
Luan_Thuat_Tam_Phap 1 by NguyenDongQuy for API(s) 3.0.0
Bat_Quai_Khong_Chuong 1 by NguyenDongQuy for API(s) 3.0.0
EventUI 1.0.0 by RichHaoGaming for API(s) 3.18.0
NGVS_GiaToc 1 by Nguyen_Dong_Quy for API(s) 3.0.0
ChatAPI 0.4 by UnknownBallin for API(s) 3.0.0
Thuy_Long_Dan_Thuat 1 by Nguyen_Dong_Quy for API(s) 3.0.0
DC_Shuriken 1 by NguyenDongQuy for API(s) 3.0.0
NV_Sasuke_23 1 by Nguyen_Dong_Quy_Edit_NQC for API(s) 3.0.0
Nien_Ha_Hoa_Don 1 by NguyenDongQuy for API(s) 3.0.0
KeepInventory 1.0 by RichHaoGaming for API(s) 3.0.0
BloodFX 1.0.2 by Vale914 for API(s) 3.0.0
BlockCMD 1.0.0-beta by kenygamer for API(s) 3.0.0-ALPHA10, 3.0.0-ALPHA11, 3.0.0-ALPHA12, 3.0.0
NGVS_Level 1 by NguyenDongQuy for API(s) 3.0.0
NTUi 1 by Nguyen_Dong_Quy for API(s) 3.0.0
NV_Momochi_Zabuza_4 1 by Nguyen_Dong_Quy for API(s) 3.0.0
HuongDan 1.0.0 by Phan Hoàng Kha for API(s) 3.0.0
NV_Thay_Kakashi_10 1 by Nguyen_Dong_Quy for API(s) 3.0.0
StatsCMD 1 by NguyenDongQuy for API(s) 3.0.0
TapToDo 2.3.0 by georgianYT for API(s) 3.0.0, 3.0.0-ALPHA8, 3.0.0-ALPHA9, 3.0.0-ALPHA10, 3.0.0-ALPHA11, 3.0.0-APLHA12
NV_Orochimaru_24 1 by Nguyen_Dong_Quy_Edit_NQC for API(s) 3.0.0
NV_Sakura_17 1 by Nguyen_Dong_Quy_Edit_NQC for API(s) 3.0.0
NGVS_Vang 1 by Nguyen_Dong_Quy for API(s) 3.0.0
NGVS_Quest 1 by NguyenDongQuy for API(s) 3.0.0
NGVS_Kit 0.4 by UnknownBallin for API(s) 3.0.0
NGVS_Stats 1.0.0 by NguyenDongQuy for API(s) 3.0.0
NGVS_SucManh 1 by NQC for API(s) 3.0.0
NV_Jiraiya_9 1 by Nguyen_Dong_Quy for API(s) 3.0.0
ItemDropText 1.0.0 by AlexItz16 for API(s) 1.0.0, 3.0.0, 4.0.0
PackGift 1 by NguyenDongQuy for API(s) 3.0.0
Byakugan 1 by NguyenDongQuy for API(s) 3.0.0
DoiVang 1 by Nguyen_Dong_Quy for API(s) 3.0.0
NGVS_QidaCoin 1 by Nguyen_Dong_Quy for API(s) 3.0.0
CmdSnooper 1.0.0 by HotshotHD for API(s) 3.1.1
NGVS_Loa 1.0.0 by NguyenDongQuy for API(s) 3.0.0
NGVS_Rank 1.0.0 by NguyenDongQuy for API(s) 3.0.0
NV_Gaara_21 1 by Nguyen_Dong_Quy_Edit_NQC for API(s) 3.0.0
NGVS_AmBo 1 by NQC for API(s) 3.0.0
FormImagesFix 0.0.1 by  for API(s) 3.11.4
Am_Sat_Thuat 1 by NguyenDongQuy for API(s) 3.0.0
NV_Thay_Gai_16 1 by Nguyen_Dong_Quy_Edit_NQC for API(s) 3.0.0
Dan 1 by NguyenDongQuy for API(s) 3.0.0
NV_Jiraiya_11 1 by Nguyen_Dong_Quy_NQC for API(s) 3.0.0
ClearCache 1 by NguyenDongQuy for API(s) 3.0.0
NV_Kankuro_18 1 by Nguyen_Dong_Quy_Edit_NQC for API(s) 3.0.0
Tam_Trung_Doan_Thu 1 by Nguyen_Dong_Quy for API(s) 3.0.0
NV_Thay_Iruka_8 1 by Nguyen_Dong_Quy for API(s) 3.0.0
AntiServerStop 1.1 by paetti for API(s) 3.1.1
Thuy_Lao_Thuat 1 by NguyenDongQuy for API(s) 3.0.0
NV_Neji_Tre_7 1 by Nguyen_Dong_Quy for API(s) 3.0.0
SkinShop 1 by phuongaz for API(s) 3.0.0
NV_Chiyo_22 1 by Nguyen_Dong_Quy_Edit_NQC for API(s) 3.0.0
HTHONGKIT 1.0.0 by NguyenDongQuy for API(s) 3.0.0
NV_Hokage_Tsunade_2 1 by Nguyen_Dong_Quy for API(s) 3.0.0
NinjaMode 1 by NguyenDongQuy for API(s) 3.0.0
KhoiDauWorld 0.4 by NguyenDongQuy for API(s) 3.0.0

----------------------REPORT THE DATA BELOW THIS LINE-----------------------

===BEGIN CRASH DUMP===
eNrtfflz2zjS6L+CUqbeOq8kWSR1bzkVR3Jifz6iRMqx3zClAklIYkwRHB62la353183AEokrThi
4rHeD5ndisUG0egLfYAg8d/KjIdLGk9vWBi53K/0m9VK7C5Zpa+19UbD6GiNTr3ZaRltrVpJAtnU
a/TqestodruNttHVdKNa8WgUn4QhDyv9/1biVQB3VSbwR8KqlSWLIjpH6HE4T5bMj4lGAhpFzCEx
J8Ei4f6cfjPN4ySkr3gUmeaJH7vxyjQ/upNF0u9Ppzb3ozhM7PjgOVkmUUwsRqhPXIBS32aEz0jA
7WsWL12fmabHbphnmhf4p0r8xPPI3L1hfpXY1PNgXNcng75pfoiAdxjYgW4uDEBjHprmkEXXMQ9M
059HdhI4NAaUgZfMYTjTtASFUWgDbAvp+G89WASE+8QDYojW7IAQZkDDa9dDKfxDA+dkhhTgqHJE
heIQMRwCgsO0/2Ha/VD2PhSdoSNSXukbHbCIkNrw88/KswbZAQ/+cwAsP+//WLG1F1nFXn24uCBV
wq2vzI5z2vSt2DRjOjfNAV8GPPGdCZ0/ByqfabuT1DG+QxL+W3uxpNdMEnfg+jGbs5A0qoSGIV39
qRlfStKl70oXdFxS34kOjNaD5EUBvfWPPU/wIoYwSLBEvAL3mqhDWyI8HLvLwGMK/SUNDvRm94ER
UjpqL9gds5OYHWzhV+FGdv2Ir7GPme+wsEpAj64//7P5hSDTa+F9EeQ2t5M7ZiG4nwOt2+ghddsG
K3JSe+G4II7YXvw8jZoikgi51sAnCCJba7VNwNmpriysidFquiD+Yvg533p4SV3/QCvSLznbEKvu
f3Sa2z9Fc+bqQMOZAbeYZu4e00TGai/CxE/vfJiSznYVR/aCOYmHg9Lo+hTweKhxo/OdUTOXtRfc
f5/46xkJZtLQxFjdXcYap1cw+4vqWd8JA27IEtxuGa63fTgp+cOR+HNJfYhy4UG71Xx4rDVZ6HVc
f7IIGXVOGQ1ji9F4y+ha48HJoxvdIneSMNPMUVZ7Ebv2ZvRo20jawyNpLf07Zo6opWPS9Ieneq/3
EI5RyG3IF3iokBkPI2t1299BBolBGCsk33E+I/HzEn4e6D3tO3iyIUrN3Vc0YgPIeqILTsUM3TKn
k9j1IjmFLvh8nvWP+peyuce6b6vx5afzFimK1g9FYehFUURS2BJBWyI40PCukP2VuCFLHUOv8wUi
DA37h4eD/qEg8jBH46Ei8XBDYWbo2uWojt1zxD2vfPm7WmG/88sf5Je/mumBkGXnqevfcO+GoSAB
owP6teNK2goQxDJ9l1AXgDZ3GKpF70KDGQeJ5bk2+WPBqBcv/g036L1cgxPyICJH5M8v2Gg0co0+
XTIB1nLgKGAg0SPSqLdEqw6t+Nco3AWxaMQjcUtT3dKSt4TuDciY/BFSf84AU6vRELe1RTP+6mRx
zRLfjqEiIlm7ELomf3hS5ZmED+i24uf/RSxSCGbszg7caIpmcSAaZWtPtZoxAoEMqYl+34YAEDP0
KlevJgd/BB5dsfA5UthEARH4z4z/xkttfflHdO36YDkU8CC62os5i8diGh6YFWw0K1ViVsyKRKSr
wUU/6INK7Pehz5ky8YPnAkUaxeTVGG4+WA8lMRkbGuKFi7lp9j55T7N4D6p2K6UDmGx8eQXNeXpb
90aBmZVD8drjEC2BV2zAzprs2S72lMa4reupaMG+ekN27hQ70zim9vWQLul86+iOaEEUBmD4+3e9
9Lte+l0v/a6XftdLv+ul3/XS73ppL/VStTJnPguph5k5Zl6Q1OR6AWEW6GSz8l8x6lqv3kB44npO
pa91jWa1Akmsw24q/Rn1IgYVQMhjbnNA2zQ0GMTF+sAyGh3baVCqtaxO256xpubotN3sOVrTMiht
z6xOd9ZuAu5E0fIJ0kl+G5GrCbk6vvw4GtcGby9Ju24QMTrptRsNcpDeJQ0LMjSYKO91MoRE1IbS
BEAnjotp+nNyfDkUA+Cid7/SqQM3ePkNAoLgTV1D85RHSMDZ1dUEAOLiFooaLGQgIwEFTD3XCmno
sgiFR50FMByyw68R92sYd2RRpNW1euOlPev0el1Nbzpao9WwuobTcXrdVrPZmbGZ0zYarNGzNaoD
eocCD+Az+fIQK0QLcsraDfVcB7UMCBP/2ue3/kv1F4ndGJvl+jRciRkCtzZgbM142aAWY0bXaTK9
29baujbT27rd6VGdGk6713O6tN3rzJp5VFsHB17qxst2s9PtNKFPu23ZlHZYq9tt6U2ddVu2bth6
i3XtVktwk0WI89oT81rRpr/sdVqdnt5t6s12Szd6hqV1utTogFY7hqaBTXTsXk/TrDwmj88FBr2u
vewaDavZpLo967XZrNMwYGRkuN00GvpMh38MzabN3j0MtSAW4SEVlPGSNTsdZs/azNa15sxxmk2t
xajmUAMuek7HsGYgLUbzqJY0Xihq2i9h0FbHtro2hEUKCu61Ox2r2WvTTrfrWD1dnzkte2YbeRSQ
7ab8dF/2Zl0dCHY6M9CJ7fRoq91mzabVNuzmTOvSTrvVoaxbEO7mZ20ZrGfpyxJTLoMspNdg21Iu
QJP2smfbrNnqWl1r5jCDNZ2ZY4Gs7XarN7M7Fhix3rZadgFN5HP+jSnxtl52GlaLdXpGhzba3U7X
ccAdUkMDbhnQ5rTaeq87022ngCTwBIYmWEvbanStjj3r2k06o1pHM3p2j2oWKEazmo1uy9AcprW1
yt/rJQoxN1+xGJzARx6DJ804uhy4Wtm4OB2sHOVLk3jBwwhLtMktOFrmoMekgYsQA25q4DXzqeVB
Ux8iGbg+hwXgTLATtEV8Fg/XgMrInc9Xso498e0F9eMIMWCuAsPGcgzTtARhN4IwKCLyZOIMQi/9
djz59Pb9xRBAt8yK3BhZwrLyVQh32BRQhVlmM9Asr6CZPKcnN9wbA9m/xuqGq8zAwEuOCsXKeHL8
fvJhlGNkEcdBBMHu9va2zoAixF6Pr5G/Tzz0HEhmYlxs2jCYA+e1adQ7eR7BoyXe6rE4lNhM8xYp
CCQFMj/ZjUeIjovEqkPMOLyEmD9zmedkJ3RahcQhQ3eDwjvMcQtCGSUhG7FwGWUD+RqWV3izbuTF
0W6+fg1x9P8QQIjp1pk/g8QifjQBTeUAkDSnFGV+/sikt0hJ9FVC2eDBtd8ogqjrQg4yGWUEkQPn
ZaEXJvojcZwd0TQL4/9wBrtKsTw7gTPALAsGxvi8OqH0eyzNiSpyM3LRqnfWGOCpXQ5GJ4cZLtKp
HBUncVRgsFF0UVES3lCfxTDhrh+LU4FTzWEwzzUhO3GqZmhdIKkryg6fSWTI6Oc3k/GC347Eeu1p
1jaLLXnzbBR1+/nN8Pjj2fA/kxzfWhPu+0nG1xhNs0DLbtoW3kf0GDNPaDbngwotRfa6efaOnRYU
zI+lU4kNa/UcEbvzdbkaeTwbZBQgz0W73s5z8cll3wBycncH5QHHkb5SqApuV76vNXLMNUunECdQ
M/Pl6nh0BmhVqcZ9tsLx1m5mdAKXw5OPrhpeWPM4XnkQdjfikcyANFKmHohVKI0x1jeniZORxxqU
lUjrvkv6HygkLoePpVeJzTTT0Te/dlHqax4uUXwbLlJIXq2GqHIzTHzlXznr4H85RvSfZ2SD0TQV
Eesfu7AyZDcTzr3shFuD8sxozSI3mzKfTBhd5v0JcP+zPKUE4KLJmpRyWdCGtMM1DuD2zL8ZM5bh
VQGKPqXA6CsP0J3y0P3G/ejRstosUtOUlJimXLbayWWeDLgHhXWWnw2swFIh/NE7euPRu0f0lBmU
phkwW5KxSxKLvExCGi0yfMjrH6jlkt08FvWAyjTTQX8o+WPvlq6iMS6wZ2jOQvPVg15vFmbOwvXc
gIzhj4c12SNxEQi0kcJqmlRQJB4E3Des7/pojwZBrvBLIcWYVShw09uKzFQrzV8yLIl295B7DBEM
tLCEPDGrnQy0WMwUQg29/UZvH620Q2SgChgeFLGE4s4087T8mKEk5gOP0fCCzrOrD3l4MeNt/APL
D1tWGmAIbiMRHhCBTy7zNJVN8xWZx9HKS5aXg8M8PnThMVueDbMuXAIKwarI/jl1Yz6E/z22ea4R
gwsXlKR/d9GsXMg5hqQqzkbgHDjvSrR/dqklO7JpFuj4ucWWNwsWTCe4G2b6ys0wmYfn1Jfn8Wqe
rJj/LuH2AJ+PPxark1e7u5TcU9BsmMrBC04/z8X/Msoftabe8jz4V8rqPCvA89XH6VvQzYR+S3w6
NTJcF1t+qLvpEPQ2fZc82nLQ1Udjd+UBuRBor+mShslUa+YZybXszsgUHwdNr94NHo8jrVnCHnkg
Sras09jAcnaYZ2PJ7UWW5J8lF/GACaZD7k75kPoLuRswU3CsYT9UAMr/Ee1o+HFSwo7efBxPX1E7
a0Ap6OmnwGkZ/3VJ/dW9lbIMsJiuNp5isRtczSpdLNuVkfH5dLRI7OkFz4aSLHSPc3h0sTsjuK/r
2Pd54ttq8+vmOUuxqfhgqVBMfGa+Sz2YRPkC/Kfn9p3A51Bf7j7LklKmPL2kc9f+dKLnLE6B8ms9
nXtLlFs5+gXNZFhKadi9IDpNrAtuWativZeHP2B3FzyJPgG+y0eztA1G0yySscscepfQ6RUN8lMo
Be5xBr27KhFJhpRPIWjQGDKRJTiAHD/bWp88ugwn+OxmfA31+M4B5nzBWTHCCNgPFkP+EQ7Oz0p4
NIp72e4F9xz4qTXw6rJUgP84HSzcFZ9qvXySuIbuN0HslWLlzAeSC2m7gj3ExqNSbJQLiPJFj3wk
TF/+eKAITvdNP94y2vZ92Dstyl5cMj/5kH02sAbtYwZfXn0oZTWn9DqZtvJWo2D7KPNaJYinwfSd
69ABd7NROgd+av8Dg08WbHceTrk9vVpQX0aubK6Rb9iVD/p41UbJOumCrk5pbq9UDryPqXBxWpIH
3JpdZEDA9kE9jm6aaxp2Z+UTDbOJkbh8mIFHXiEdDkrKfTg4L4odQSWCL3vk4AvDlym2gzN8T+vE
n4vXHTPlT66huGJd2FL1mrpzFo7/M34sJtYIkZUsJcXrUus4uVCXhT6pjR2XyfMmuOY8dv0FJnb3
XO221qcPfZPxYFKmdMAklX91p1qrmLoq6H5T1xJxHJOlj5PstJGAfTjdccnyYbKgq+k5vaYRmI6W
10ShbR/ZVIl1tgUPaldvxoPsEsEa9tRp1Pi0XA7Lr8GXTSdR4lOHTTW9kM7ea96HLjS9FE9XNExi
Pp2EbNrOs5Nr2Qcn7TJmRfFdJOrnzCqFPb1ZHb8/u3pzfKU39EYJZ6s2OrznMY0FtcWdEuuW4k5h
baftYL/CUp6Acg/JaMRDd6o3Ck/I1uC9hhDU0M5mhpoEh8vA5+bUk4M/tbmpcXdn4407i9NvXqQP
zVPQk2ZXkBJNOFKOww+4U6KivTw7mW7bi56HF7lp7poK/yJj2ZQ4S1DhcufK5XNSLFw+J3t5Nvh5
dw1dJOmywrZ19G2tTz1xLsoto78CWnHREJfNQa4DsZqXW5He1v7kS9PvzgclmDq5YX6cq7VSyA/y
4veuvTil/A1dFjcaat2fp14NXrKwf+PSCb/3/FxBn36avCmR3A8WNM5v+U4hWbrvea4P8hXbVxR3
ZD7aJi0Y2TTx3yt2XaLsXUBgvkAZDresMG5r3UPZezEsU/YOB9PxIgnda5YN81nok+eU789NczjY
PeVKrtlUN+6lXAq835SrzCYrF2g5pVBcUSQpy0+h5cnX4E9PhyVM6pyx4MxH98bDVYaNPPzB3fXf
d7m/8ih2wanEOMItxDlySjxl8zh3Xn/ORkMFKYaRwsaxj9RjPa35WNwodKaphi/FgX09uBzmWZCg
e6GwZrGY5hkBp7CaQ797+9Rrxxej02MNdZm91grXenr9S+99DPDlowzdOz5Uwe/B3XukIoBPnpPJ
jxLu7B4mH7IPdsXl00eXs9fjUhXxJcd9ju70f6mVfKPTwtbRe637WHwpsWn0FPPcIc1vYVKgHySR
kPb75JSbSaPBGv6cnC8e78miIuEX1lkbDy20NvazuldmtSKmcZT3aGvQk6cvauAyD1OCCb5WkX2A
IiHFLygUbGrOeDh3qV94EVnaXsbjdvOXvYI/fsBfjy6Ev/7ZN1xoEHOH42fBUn52Mc23IToFsaNc
LziMfNN+U7tmyaXB6ySkU61TzFNT8H6fLnVK1qEft+xM+Eh3WQT4B5ZqPpYk/l3CorhIvQQ++QbH
sjsqzt17lCPo6Uvo8+OSlAvHWKRdAve8G0QQUZabxMZNmff4UeCn2R84vizlg/7HDam7otPC3swN
eB9xvsSWTHwrcBjyYMLu4sLri2vwD0zp2GN3Z/E3rZ1hQMtGzF9dD0dikJAS3+2g9jU+Fcjud0xB
T+2ORm9K7DR6tYLglX8SuQY9+Vrwf47PP5R/DjnkbiGSpZCnnwrD0mFsy1bNHPzpeXhXZqfaYOmM
fc7zb8pngD+Yyqc8jhY8Ps1/0UT7+Y/w2EsnkkObZo6MHZcW+L2tjgjayz7Nt8fiKyalzOk99a+L
DAjYPjgYvCoV2d5QClm0XtgvtIbut1DQSiriePmKFxUhYE+TVByXED1+Jkdse4xeu3eFj/ls4Pnk
tPg5rcI3b5o//UJt8hdQZpp4TJ4rxp65dyW+ebGEYiy+91AnB37qqHY8LrmDUSzcvKHuVGtvWdFR
DfutNNul3nTO74x9+vKs5Kpamkpr2vYUWyvlix5X8CXckPhcyIDai+zGmQzwqdUwuCilhXOIWknI
p1o3r4UMfL9zoFtmcXA5nYQJPlTm8qlybp3wXuMeHjhPhj/jpc7C5JpOu1vcVNqyj2q0W/IjSeJj
5+OYB8XvJG0aCi8pFF68oyyO3cfKYPMjl93XkL7ue29Lw7rhyff7XZS0rCv21RX7eAvLrBn4Pqyq
U2rjpY/bxPN7LiXoAdL/uRc4cXT5b6kXgHV92wvAur7nXLzElvHTyenbqzfnZ9kXKTawfRRFp5Pz
X9nF//Am/v3s4S+zhd/1v9LL/GbeDezJ98SUWHo9X3B3SBPxpZjsfpgs+MEF/H/mywQ7P6LED/lD
Jb1kMSt+tjQ90wR61GqSihr1IxHR5Lkq9SDEZZRYHNFReTZaX5EB92funOBRiGZo+s/GiU8u6Yro
pNHsw/+bHXJ8PpwQvQElNNzgUX+egMkeMX+O10seO0c5UtThI9goB68FPIyPtJ5m6Ai8XQBLNc+N
AIbXVH2YpSbP8KtBcusyeZRidMR9gUecAaU+KA/qOYICBsemd6pTdKS1EII7YpZgiUcNvIIiFNCu
YXw2QygIysGP5KbXwU2ghnHc2cy1Ey9eHQlK5YkwMQ9rESYI/jw6EiLAPSM1tJ+jc+7zBd0AI8ac
zD148ObR8OT18QeIoQBVuvkrYeFKjalAoQ1cKYLwdx3P4rzloXP0f8V/IKYk5rWI3jDV8cZltzXH
lQcRHnURdGfxuxpabIopd4BEfbXEAySeEbQ3Ygu9J6F4v0Kon4C4SE6TYA5ksmARIyn/hIaMxAtG
uA+2Ey9oTGzUnzj70/VtL3HkQZ73zA5xjflSnAoa38cZ0RmrEg4tYYQoiRUyek1WPAkVLuLOCKjR
nbliBNAgnrHprRDxFbtdozt02IyCDiNyy/1/xQRfJKEhQfEtgVk8zGWFFOJRhZLv2wXzSRLMQ+oA
grrpo+FKZH3TJ+TZpwVDwvBg1AhmMAEU6rAkkEEIM82jsTw3VZHqcXHwIsjTY7GQl8NuXJuRhTgC
DCFLxCwNNJ1SfSLODMKGaJHEDgebV+e09olZuVqYicao5ZM3rvhlgED9OYGgjpfWzCevJJyTSSj2
uNjkUvzVVnAXtrGOWREsHXsevyU4CYGL9HQ3cuNS8g6NE+8RVpoeudAn6NREV/wwOqFoQHiOHFEU
SilShYokEdgHeEDQkZDN8egM7gRf6kSIZNNSA3lZPGKZAU7ElEgxgcQITlcCtgTqQnKtFVFKxvvV
DFo3Z8T47BNkrWCroHHqOCRkkTQMJBUPAgOSaJSEwtcQMAeLoVRAbeyvhHqoUHFCLbmhXsLIgRoU
D75E7HJEmLsMHVwNDALP4OpDsxj7KllaYAtg78fRyrfxVDaCX8MHC6+LGz7gYbs46VJO8bZFCC4l
AbuC26MqER8WI8oRwUytEjx0CRjBKCVkAzECYcvEB9vGWyTysTA84AnsP+R3Ltg+AzEAS2JO+Wvi
ULaKoLMZziK8B2dLlbjxv0B8cSi6OQydrzDmQmdyADyAwokuxCLYqClO+wJVcRZRYX1QM/uoTgd9
JQ+EEsRhVlGdDNmN+k2W7nwBbgY/alzNugVlmSiRMEyCWEKlwFAwS6BN8SWUCwYnzqJy5FSlN9x1
gOztFKCNoM1xEDRYVz1jaHBzTd60tjQIRRBiwpV0F288boH1YMgnEg4TbenG6HWWbE6tVQwSJ2Mp
6oYQrhshbtF9glq7dYXkhUWBO7mtSUSpkUWCw5kbihOXGe6fRTSzkLF0SGnkoK1ETM85B0VxdE5o
FTjQXJBZE6T1SQO5gNFFcJDnQf1/zwHmUA/Rj5H+1+iPoIIXJCjHviZJoYsIuA95bPaaIBw1pUpr
6E1FmHACn8SsUPRF/3oECsW8ECShxyB2AmHRh7BI5BmraN1ckixnJIbR9d3szoaEJdpwJB3X28lJ
n0xOz8bk4uzybALOe3RxdjImo5P3BFLT85P3VQI3kclbuOuEfDp9e3FCRu/fDk7G43rRBeTkobfa
ShwjFrpcpAroiCNk0F4w4ZKFNNbOVgPZQ6xxhG8Rt9TAFTLpZgUqSGGBT3DQYE3I7/eMTRoZpJ8Y
mn28TQ0mMEsk4Ho3jlxGJDHGW4whmIGIDvX7d6MtqAIA1BYwGxMVKVkkV+pV9l3zAObFgmjDqtFQ
vEbPt5OkODcU53MaWjAzaviRepkYCwe0XbpiqiE5qhdRvcB3L6mfiLQoSwmkjAnY4PNqGhOKRpia
oQyvsxngkvwuN1OwTt5Kny8NHvIannjOmhYXgsitTzb0RxJxIMgHRtuNhuIVRnstnMW9IClMR2JY
8zYL+TINtrK3uqOWNc2shpEbpcl7tkG2mFTOOsZpKosqC7n4bH1qyE6yDGTeJ5NLohpq2JDqa4g3
qQ6CdkFmygFcQZiHyU63CBiCNgQ+GOEGjCyKEoaOIV6A1uZpHoxOC0fbUFVNFSlzBJXu1iU1eOt3
5YQ1l71I/OsopX1AA4S6y2QJMRY/u0zSsgQVSWSFJqnYyBXnixKlmDH3bQzKgEBRJAasYX6eQNBt
rjU25LKpaNOYG6HXk/jlzekUkrjUjVnOROZQs/HZypq3IZAichVIH1F6QJ1MMCSWgGK1RGQfyeGG
O+im5Cn5SUfGmzfZLgoQn+mkeB9G9ZAdmr46bqmvQgSkZgvuyRTTwpOaRaovSIasCUxIBRnh22RN
plplaLHYOtmU4e1ZVktpE7rVcBUj8iqpaRkFCuWJgWtxSowKAcJrb/JYUS1jCulIzrHKEok+dgag
IqtOTiEXBFs6EskdGYw+VKEv0GDB/Lp1HTB7kStI77nGXxP4+6STpt2bjDwS0sncWyfHDjiqBfVm
h1DkyjLBYWDDaigYlOBSDRpYZiJuwl4GWbYUOblDr4YpJvWq0mni0OrE1jqUbCJecJFJfxj5ozQP
31StWGZgp1uIqIgzCfygpq4Lhc+lmpCR+42tVY0Ze6phPCApzaYgo5eWk4m6zZ4uOz2vk5Hq49Fw
LjpQVT4rMxEjzkI6R+5AXcBWFHgimcGaeAnEox+gIapw4Lm4siOKfDzal0UxuZx8EJRGwBKybSUx
wUUFoeXNcLLuqKduaBknNezVF9TiBHCYlcz7aS3zgmhYw6hMDqtW0Z5WrJFcBWBpJYvdlKFoiEz6
LYltsOBQo6JxpiUMS4tU4dwcGlMS0ZvUieI6TbqehW2b+Y4HaIAnYDROfQxQKs8KTlNmUW6BCYl0
JQogQxPpi89tPGxF9AU54iKdTdFYlvwmrWDR/SufKfxWLW2TQ0Ybb5GuV2XXOSZioUIaAG7goLFc
4hH3Km0nkSr1bbD6WPoF1acm+/RJAAnFjevhMNLnqfmsRkGnTf35Oqn2sZtXjB3V9K7cQtfWtSVZ
5R0veYI2PZPOWZk4ilIuEYpghNNZ1O6gGPwtogl0fi9iS6azYNxnsla0mERmsRlapFiOFOFgkVqA
ULpYpcxFKck+DrRmH2YmoUVSA3kiOYzGIABso7KxnUwaAiZHrLsIQwRi0874d02NIawbK+maPBI7
yngLce6JGEgsy2aWYs6GYjAL3/CLxJREebIQNU3k2cxEcUfUykMa7USfHOuAr0Z08ozMoWaJNuLZ
rG6sJVS/LyI1WW+pK4oacByQ8UvdBDxIvNQY1QW6fXGPchFdHE8kw7VAzWp0rjhR+yRNM8Uaq1zO
6auAh6tPosSSYBkvlLrwcKL1uoCzERuaew0/b1IArWdbHhwsIDOb8YxCYJLV5CEX6zsXHBUjSKkH
y2VQd7mg2Of+aoklQoSfyomAw2hDOtY9qp1s2gULwmPR+TyEYlMuLK1X7jCRikMqFJfjT9AHE/jt
8C0ey64eNahQgD7hlsk8lMLMuRUjRoLwDQMCVs8sSkPkWUteWqZUzj2hgj5lu7IlCHp4urhw3dl0
SsB5VnSQofpoJplVniq4x2BBqwRfrBXxKl5nLOB5ZwyqaFAhOCAf44FsTeOKXDOiuVUj9dwoE28S
yM4gtAknlvoKhVBoXranY9zTtOQ1q+rYXW5ctQpIiBTvT/MG1Cz6SxxQLIepTunSZ30zgGrJjpBK
8+GQp7y21K6cFZlVhnRZOHZjJc90PWGhgMJhYEGgckzlMHB5FtJ4RyRZ7myNCDJ1YEQ+JUAHlBbZ
0sUBPuUh08BGPZdGKoOHpIsuAy+9whwAaFS66qdKk21gt7ja0yd/iuAN4bMqln++IFJ5vsM6Smaf
Xgg2MJEKXUcV2OljI1E5bwtYIp6LAB2JXFIUZqAfF2hV0TZLvhxX0CB/EnzOhEFBBq/NiH3y+uJ4
0tf/3am2enda1bgzqvq/tX87zObSxR7g2ck2+tajbkN6YnnVbD2XWY9c78/WtXKGY2gBGatlJ5F5
iHUj0Jq9wuchiR0nYeqT02Q+XC/kC48DeCBS2eIRTpQKrJY+ZQBbkOnds9fC1YihxP05JIlIFCRk
moHURK5V36yQ8UCUguwOHF+k6iD7GtPlSOT8IBHLhUR1JUtmcR/yC6RAli6jiJwzkkuBH3KRcO2r
K9UKu4uZj3Yk3qsaQIJQ6Vc6dTyLFlotG1KiRRaCj4Z8h4Y5GF9OHR6DM8xB8flhDpCEXvYaXUT2
euZ64qzzDWS+DLKXC3E84ebahVl2kwV8jdRmio7YTLG05HOu7C2YiAH5ThYW2Hmu37OZqsNzPYXb
j/IgyE+WWch4dJG9XK6ivzwfB1O/SAs3L+u4DE8gnWhorUaz0YGff5zBlOjYNvy/12btTmvWdjo6
a9mzxkxvd2bNLtPaHVunlqUb5A/AHfNr5kN2kJPYiorHpOkBJd/cQG4Za8lLz7Wyd8Pl3TKvE47s
6I2GoWk6vs01Gr7NicrhU8FKEQggN69OcBd+FOVuHLvoED5f5mRUoAAusSLNswXA29AtWEeg1uXE
UXt6XQOZIsGLvHFuovVU5GJJ7OJBq5WGOp7OnVuuT/ErI2LjHO5hESjxS4EoAOHQHEv0kN8OtMNV
EHMBMARg7tzTuZszEyEbIwsKGcwGnHbzRBqjJOfvv/8fuiKpmA==
===END CRASH DUMP===
