PocketMine-MP Crash Dump Mon Aug 3 12:15:52 AKDT 2020

Error: Call to a member function broadcastPacketToViewers() on null
File: src/pocketmine/entity/Entity
Line: 1186
Type: Error

A PLUGIN WAS INVOLVED IN THIS CRASH
BAD PLUGIN: Boss_Quai v2.1

Code:
[1177] 
[1178] 		$this->level->broadcastPacketToViewers($this, $pk);
[1179] 	}
[1180] 
[1181] 	protected function broadcastMotion() : void{
[1182] 		$pk = new SetActorMotionPacket();
[1183] 		$pk->entityRuntimeId = $this->id;
[1184] 		$pk->motion = $this->getMotion();
[1185] 
[1186] 		$this->level->broadcastPacketToViewers($this, $pk);
[1187] 	}
[1188] 
[1189] 	protected function applyDragBeforeGravity() : bool{
[1190] 		return false;
[1191] 	}
[1192] 
[1193] 	protected function applyGravity() : void{
[1194] 		$this->motion->y -= $this->gravity;
[1195] 	}
[1196] 

Backtrace:
#0 src/pocketmine/Player(1714): pocketmine\entity\Entity->broadcastMotion()
#1 src/pocketmine/entity/Living(600): pocketmine\Player->setMotion(object pocketmine\math\Vector3)
#2 plugins/boss/src/phuongaz/AuraBoss/Entity/BossMain(194): pocketmine\entity\Living->knockBack(object phuongaz\AuraBoss\Entity\ViThu, double 3, double 1.0072006802436, double -0.08534975997901)
#3 plugins/boss/src/phuongaz/AuraBoss/Entity/BossMain(100): phuongaz\AuraBoss\Entity\BossMain->attackTarget()
#4 src/pocketmine/entity/Entity(1393): phuongaz\AuraBoss\Entity\BossMain->entityBaseTick(integer 1)
#5 plugins/boss/src/phuongaz/AuraBoss/Entity/ViThu(87): pocketmine\entity\Entity->onUpdate(integer 295696)
#6 src/pocketmine/level/Level(852): phuongaz\AuraBoss\Entity\ViThu->onUpdate(integer 295696)
#7 src/pocketmine/level/Level(785): pocketmine\level\Level->actuallyDoTick(integer 295696)
#8 src/pocketmine/Server(2267): pocketmine\level\Level->doTick(integer 295696)
#9 src/pocketmine/Server(2398): pocketmine\Server->checkTickUpdates(integer 295696, double 1596485752.8642)
#10 src/pocketmine/Server(2154): pocketmine\Server->tick()
#11 src/pocketmine/Server(1994): pocketmine\Server->tickProcessor()
#12 src/pocketmine/Server(1588): pocketmine\Server->start()
#13 src/pocketmine/PocketMine(273): pocketmine\Server->__construct(object BaseClassLoader, object pocketmine\utils\MainLogger, string[36] C:\Users\Administrator\Desktop\ngvs\, string[44] C:\Users\Administrator\Desktop\ngvs\plugins\)
#14 src/pocketmine/PocketMine(304): pocketmine\server()
#15 (11): require(string[91] phar://C:/Users/Administrator/Desktop/ngvs/PocketMine-MP.phar/src/pocketmine/Poc)

PocketMine-MP version: 3.14.2 [Protocol 407]
Git commit: 4fc5b9772ab3a9612abb052dc4233104dcb0ea02
uname -a: Windows NT DESKTOP-FGC3VCR 10.0 build 18363 (Windows 10) AMD64
PHP Version: 7.3.14
Zend version: 3.3.14
OS : WINNT, win
Composer libraries: 
- adhocore/json-comment 0.1.0@8448076039389f558f39ad0553aab87db3f81614
- ocramius/package-versions 1.5.1@1d32342b8c1eb27353c8887c366147b4c2da673c
- pocketmine/binaryutils 0.1.11@e8cb65db1b7998eebb739b124f2a989fe87366eb
- pocketmine/callback-validator 1.0.1@4aef6bb25f97d0b830ba0b4f66834b1a9c86fc9a
- pocketmine/classloader 0.1.0@4ccdb30e48f030bfcad04bb0a208d198ec631993
- pocketmine/log 0.2.0@e59bedb5d4bbeb9a26647cb7c367cb2fa72addfa
- pocketmine/log-pthreads 0.1.0@9bbcef398b01487ab47c234a6a7054722abbe067
- pocketmine/math 0.2.4@b1c28b236df8b795d7b06cf8421f9962b12ac410
- pocketmine/nbt 0.2.14@b31dca98443328c4bab76dc1b84c1473c79be20e
- pocketmine/raklib 0.12.8@9fea763ffc922db083e4528d4acd0b13d0ea83a4
- pocketmine/snooze 0.1.2@88420da3d9335dbcb3ee2decfd5e5453d057dcdf
- pocketmine/spl 0.4.1@ff0579a0be41bbe65d3637607715c0f87728a838
- doctrine/instantiator 1.3.1@f350df0268e904597e3bd9c4685c53e0e333feea
- myclabs/deep-copy 1.9.5@b2c28789e80a97badd14145fda39b545d83ca3ef
- phar-io/manifest 1.0.3@7761fcacf03b4d4f16e7ccb606d4879ca431fcf4
- phar-io/version 2.0.1@45a2ec53a73c70ce41d55cedef9063630abaf1b6
- phpdocumentor/reflection-common 2.1.0@6568f4687e5b41b054365f9ae03fcb1ed5f2069b
- phpdocumentor/reflection-docblock 5.1.0@cd72d394ca794d3466a3b2fc09d5a6c1dc86b47e
- phpdocumentor/type-resolver 1.2.0@30441f2752e493c639526b215ed81d54f369d693
- phpspec/prophecy v1.10.3@451c3cd1418cf640de218914901e51b064abb093
- phpstan/phpstan 0.12.29@9771daaf6b95c6313b908d0bcdee0afcd51f838a
- phpstan/phpstan-phpunit 0.12.11@ab783a8ea634ea23305a8818c4750603e714489b
- phpstan/phpstan-strict-rules 0.12.2@a670a59aff7cf96f75d21b974860ada10e25b2ee
- phpunit/php-code-coverage 8.0.2@ca6647ffddd2add025ab3f21644a441d7c146cdc
- phpunit/php-file-iterator 3.0.2@eba15e538f2bb3fe018b7bbb47d2fe32d404bfd2
- phpunit/php-invoker 3.0.1@62f696ad0d140e0e513e69eaafdebb674d622b4c
- phpunit/php-text-template 2.0.1@0c69cbf965d5317ba33f24a352539f354a25db09
- phpunit/php-timer 5.0.0@b0d089de001ba60ffa3be36b23e1b8150d072238
- phpunit/php-token-stream 4.0.2@e61c593e9734b47ef462340c24fca8d6a57da14e
- phpunit/phpunit 9.2.5@ad7cc5ec3ab2597b329880e30442d9054526023b
- sebastian/code-unit 1.0.3@d650ef9b1fece15ed4d6eaed6e6b469b7b81183a
- sebastian/code-unit-reverse-lookup 2.0.1@c771130f0e8669104a4320b7101a81c2cc2963ef
- sebastian/comparator 4.0.2@266d85ef789da8c41f06af4093c43e9798af2784
- sebastian/diff 4.0.1@3e523c576f29dacecff309f35e4cc5a5c168e78a
- sebastian/environment 5.1.1@16eb0fa43e29c33d7f2117ed23072e26fc5ab34e
- sebastian/exporter 4.0.1@d12fbca85da932d01d941b59e4b71a0d559db091
- sebastian/global-state 4.0.0@bdb1e7c79e592b8c82cb1699be3c8743119b8a72
- sebastian/object-enumerator 4.0.1@15f319d67c49fc55ebcdbffb3377433125588455
- sebastian/object-reflector 2.0.1@14e04b3c25b821cc0702d4837803fe497680b062
- sebastian/recursion-context 4.0.1@a32789e5f0157c10cf216ce6c5136db12a12b847
- sebastian/resource-operations 3.0.1@71421c1745788de4facae1b79af923650bd3ec15
- sebastian/type 2.1.0@bad49207c6f854e7a25cef0ea948ac8ebe3ef9d8
- sebastian/version 3.0.0@0411bde656dce64202b39c2f4473993a9081d39e
- symfony/polyfill-ctype v1.17.1@2edd75b8b35d62fd3eeabba73b26b8f1f60ce13d
- theseer/tokenizer 1.1.3@11336f6f84e16a720dae9d8e6ed5019efa85a0f9
- webmozart/assert 1.9.0@9dc4f203e36f2b486149058bade43c851dd97451
- pocketmine/pocketmine-mp 3.14.2@4fc5b9772ab3a9612abb052dc4233104dcb0ea02

Loaded plugins:
ScoreHud 5.1.1 by JackMD for API(s) 3.0.0
KeepInventory 1.0 by KhoaGamingPro for API(s) 3.0.0
FormAPI 1.3.0 by jojoe77777 for API(s) 3.2.0
WorldProtect 2.3.7 by aliuly for API(s) 3.0.0
Broadcaster 1.5 by EvolSoft for API(s) 3.0.0
AlwaysSpawn 2.2.4 by Philip Shilling for API(s) 3.0.0
Slapper 1.6.0 by jojoe77777 for API(s) 3.13.0
PurePerms 1.4.3 by 64FF00 & ProjectInfinity for API(s) 3.0.0
AutoClearLagg 3.0.0 by Twisted for API(s) 3.0.0
PECollide 1.0 by saxavlax001 for API(s) 3.0.0
PlayerSelectors 1.0.7 by Ad5001 for API(s) 3.0.0
DEVirion 1.2.7 by poggit, SOFe for API(s) 3.0.0
iProtector 3.1.1 by LDX for API(s) 3.0.0
InvSee 1.0.0 by BlockHorizons for API(s) 3.0.0
DevTools 1.14.0 by PocketMine Team for API(s) 3.11.3
essentialsTP 1.2.2 by  for API(s) 3.0.0
NV_Ong_Tazuna_3 1 by Nguyen_Dong_Quy for API(s) 3.0.0
NGVS_Level 1 by NguyenDongQuy for API(s) 3.0.0
NV_Naruto_Tre_6 1 by Nguyen_Dong_Quy for API(s) 3.0.0
Moc_Dinh_Bich 1.2 by LonMongManh69 for API(s) 3.0.0
Thuy_Long_Dan_Thuat 1 by Nguyen_Dong_Quy for API(s) 3.0.0
SK_Beta 1 by Nguyen_Dong_Quy_Edit_NQC for API(s) 3.0.0
MenuVT 1.0.0 by NguyenDongQuy for API(s) 3.0.0
NGVS_LayHang 1.0.0 by NguyenDongQuy for API(s) 3.0.0
Byakugan 1 by NguyenDongQuy for API(s) 3.0.0
SkinShop 1 by phuongaz for API(s) 3.0.0
DC_Shuriken 1 by NguyenDongQuy for API(s) 3.0.0
NGVS_Mana 1.0.0 by NguyenDongQuy for API(s) 3.0.0
NGVS_Kit 0.4 by UnknownBallin for API(s) 3.0.0
TapToDo 2.3.0 by georgianYT for API(s) 3.0.0, 3.0.0-ALPHA8, 3.0.0-ALPHA9, 3.0.0-ALPHA10, 3.0.0-ALPHA11, 3.0.0-APLHA12
NV_Kankuro_18 1 by Nguyen_Dong_Quy_Edit_NQC for API(s) 3.0.0
Hoc_Nhan_Thuat 1 by NguyenDongQuya for API(s) 3.0.0
NGVS_Quest 1 by NguyenDongQuy for API(s) 3.0.0
NV_Hokage_Tsunade_12 1 by Nguyen_Dong_Quy for API(s) 3.0.0
DDao_Thuat_Tam_Phap 1 by NguyenDongQuy for API(s) 3.0.0
Giftcode 1.0.0 by  for API(s) 3.0.0, 4.0.0
ManyWorlds 2.2.0 by aliuly for API(s) 3.0.0
TimeCommander 2.2 by Zeao for API(s) 3.0.0
Skill_TheThan 1 by NguyenDongQuy for API(s) 3.0.0
ChatAPI 0.4 by UnknownBallin for API(s) 3.0.0
NinjaMode 1 by NguyenDongQuy for API(s) 3.0.0
NTUi 1 by Nguyen_Dong_Quy for API(s) 3.0.0
NV_Shikamaru_14 1 by Nguyen_Dong_Quy_Edit_NQC for API(s) 3.0.0
NV_Jiraiya_11 1 by Nguyen_Dong_Quy_NQC for API(s) 3.0.0
NV_Chiyo_22 1 by Nguyen_Dong_Quy_Edit_NQC for API(s) 3.0.0
Sharingan 1 by NguyenDongQuy for API(s) 3.0.0
MIE_Protector 1.0.4 by FaigerSYS for API(s) 3.0.0, 4.0.0
Nien_Ha_Hoa_Don 1 by NguyenDongQuy for API(s) 3.0.0
PLMenuUI 1.0.0 by NguyenDongQuy for API(s) 3.0.0
NV_Hokage_Tsunade_2 1 by Nguyen_Dong_Quy for API(s) 3.0.0
HTHONGKIT 1.0.0 by NguyenDongQuy for API(s) 3.0.0
Dan 1 by NguyenDongQuy for API(s) 3.0.0
NGVS_Khoe 1.0.0 by NguyenDongQuy for API(s) 3.0.0
Warp 1.0.0 by  for API(s) 3.0.0, 4.0.0
SlapperRotation 1.2.1 by jojoe77777 for API(s) 3.0.0
Hoi_Thien 1.2 by LonMongManh69 for API(s) 3.0.0
FormImagesFix 0.0.1 by  for API(s) 3.11.4
NGVS_DCK 1 by Nguyen_Dong_Quy_edit_NQC for API(s) 3.0.0
NV_Thay_Kakashi_10 1 by Nguyen_Dong_Quy for API(s) 3.0.0
NV_Haku_5 1 by Nguyen_Dong_Quy for API(s) 3.0.0
NGVS_Bac 1 by Nguyen_Dong_Quy for API(s) 3.0.0
DanhViThu 1 by NguyenDongQuy for API(s) 3.0.0
StatsCMD 1 by NguyenDongQuy for API(s) 3.0.0
NGVS_Rank 1.0.0 by NguyenDongQuy for API(s) 3.0.0
NV_Thay_Kakashi_1 1 by Nguyen_Dong_Quy for API(s) 3.0.0
NV_Thay_Iruka_8 1 by Nguyen_Dong_Quy for API(s) 3.0.0
CustomAlerts 2.1 by EvolSoft for API(s) 3.0.0
NV_Choji_15 1 by Nguyen_Dong_Quy_Edit_NQC for API(s) 3.0.0
FlyText 1 by Nguyen_Dong_Quy for API(s) 3.0.0
Am_Sat_Thuat 1 by NguyenDongQuy for API(s) 3.0.0
AntiServerStop 1.1 by paetti for API(s) 3.1.1
NV_Gaara_21 1 by Nguyen_Dong_Quy_Edit_NQC for API(s) 3.0.0
DanhViThuUI 1.0.0 by  for API(s) 3.0.0, 4.0.0
NV_Neji_Tre_7 1 by Nguyen_Dong_Quy for API(s) 3.0.0
CmdSnooper 1.0.0 by HotshotHD for API(s) 3.1.1
MapImageEngine 1.1.3 by FaigerSYS for API(s) 3.0.0
Tam_Trung_Doan_Thu 1 by Nguyen_Dong_Quy for API(s) 3.0.0
NV_Chiyo_19 1 by Nguyen_Dong_Quy_Edit_NQC for API(s) 3.0.0
Thuy_Lao_Thuat 1 by NguyenDongQuy for API(s) 3.0.0
SK_Qua_Nap 1 by Nguyen_Dong_Quy_Edit_NQC for API(s) 3.0.0
NGVS_Vang 1 by Nguyen_Dong_Quy for API(s) 3.0.0
SK_Phuc_Loi 1 by Nguyen_Dong_Quy_Edit_NQC for API(s) 3.0.0
Bat_Quai_Khong_Chuong 1 by NguyenDongQuy for API(s) 3.0.0
NV_Sasori_20 1 by Nguyen_Dong_Quy_Edit_NQC for API(s) 3.0.0
NV_Jiraiya_9 1 by Nguyen_Dong_Quy for API(s) 3.0.0
NGVS_Stats 1.0.0 by NguyenDongQuy for API(s) 3.0.0
NV_Momochi_Zabuza_4 1 by Nguyen_Dong_Quy for API(s) 3.0.0
Bat_Quai_Tu_Chuong 1 by NguyenDongQuy for API(s) 3.0.0
BanManhViThu 1 by NguyenDongQuy for API(s) 3.0.0
HuongDan 1.0.0 by Phan Hoàng Kha for API(s) 3.0.0
NV_Sakura_17 1 by Nguyen_Dong_Quy_Edit_NQC for API(s) 3.0.0
MagicWE2 5.7.1 by XenialDan for API(s) 3.0.0
Boss_Quai 2.1 by phuongaz for API(s) 3.0.0
Tang_Sinh_Chi_Thuat 1 by Nguyen_Dong_Quy for API(s) 3.0.0
Luan_Thuat_Tam_Phap 1 by NguyenDongQuy for API(s) 3.0.0
Shop-NGSC 1 by NguyenDongQuy for API(s) 3.0.0
NGVS_Xu 1 by Nguyen_Dong_Quy for API(s) 3.0.0
PackGift 1 by NguyenDongQuy for API(s) 3.0.0
ClearCache 1 by NguyenDongQuy for API(s) 3.0.0
NGVS_QidaCoin 1 by Nguyen_Dong_Quy for API(s) 3.0.0
Nap_QidaCoin 1 by NguyenDongQuy for API(s) 3.0.0
BedrockClans 2 by Wertzui123 for API(s) 3.0.0
BloodFX 1.0.2 by Vale914 for API(s) 3.0.0
NGVS_GiaToc 1 by Nguyen_Dong_Quy for API(s) 3.0.0
NV_Thay_Gai_16 1 by Nguyen_Dong_Quy_Edit_NQC for API(s) 3.0.0
DoiVang 1 by Nguyen_Dong_Quy for API(s) 3.0.0
NV_Ino_13 1 by NQC for API(s) 3.0.0
HubLobbySpawn 1 by LousWiteMC for API(s) 3.0.0
Dich_Chuyen_Chi_Thuat 1 by NguyenDongQuy for API(s) 3.0.0
DBTT 1.2 by LonMongManh69 for API(s) 3.0.0
NGVS_Loa 1.0.0 by NguyenDongQuy for API(s) 3.0.0
KhoiDauWorld 0.4 by NguyenDongQuy for API(s) 3.0.0

----------------------REPORT THE DATA BELOW THIS LINE-----------------------

===BEGIN CRASH DUMP===
eNrtfYtT20i297+iIlt3k1sY9H6wlakQIIEbIEzsJLN3veVqSS1bgy159IA4W/O/39/plmRJEIIz
DHxf1UxNBetIOn3ej1ZL/Z+tKM0WrJhc8SyP02Rrz9jeKuIF39rTLM82Xcux9O2tOcuLoyxLs629
/2wVqyVOb8nj7a0Fz3M2JcgBm8+VIlWYsuALn2dKVCZBAayKn6UsDIDkggWXvBiln2J+jRGfv1Bw
NinncyCK8OdNPCdMyxnL9nZ3D/Z2P+a4bHc/XMRJnBcZK9Js95Dnl0W63E2mV/nuRUoYz+KED84u
dujG3TwLdpcCjLv4Lk+KuFjtHok/uGJJY8lx7roSV80BhCA014ZQMhbg4F9bz1Sld9vFnK149lxz
NPPFnrI+MR5LhOOxxDj4qZHDWUpyef4CgzzTlNvJOI2v4mT63FbVHlY53uCnnNd4Uv9XHhSdi6DU
2Xj8CeA0M8Q4urKcl9M4yXf9NM+llGZlmkzZ1939MmOvCSop3aXfZyxOnmvet3iS5A1+ukxw8jX0
2lBRIR2Pa6y1AEBPPJqV20qYlv6cK0bzS9tRVUdXVdtVddOwG/hA3VFdyzA9x/I8x1M1wYnxQ5xI
Od5BXH3p4CdWFGBoxLIpL6SSTOUuW3muGZ5xb+zy1tcs56MYYouTgk/hLZI3awPehDSfu853rC5N
Pi5DVvBmJN2zbM8Ww9l9vub8is93T+nf566lf4cpQcHdIzh3jeC4Vo94cRbWRX+giKAoEVVWh2lH
VC30bh/9kGcIZs913XbuRB1+E6X3LZSG5/ZQyjODn4IZh70An5RD3kO7tvMmqO64tqlL/1e/NZ5m
md8YryDS5d3aN+7WPO+uuy+yNEDkTrMKjf4tNJb7LabzgmWVe2jGjaDYxOXnumN8A8NkEqQJwnoZ
FHX0ILc4QL7JTxEqebat3BLbyiKewwjJm07T6ZSuAhJEo38Z9r+Vg73xWKQNGGw7b4zHVeIYjylz
jMfNXaa5wV2Ve47HknHzDsYNta+BXApV3mopzzUNF2T8tzLO+POKGk/7t/KgCRBXvNj69+/bW/xP
T+EbplXQJMU5iZOrdH7FF7gWCOIkhECCYqs+DxgFnsnPJYsBDNKQEx+a5jg4BQh+ufg1LsbF34pZ
nA9+mks3/ybd4rJt5W/Lyxf/kAg8geB3ceCqNV5XE+BllhagiIe3iKTO5sqecpXG4X/kfXpNz/JS
eakk/FoZ8mKf8rG8XhL0vBrdNdaX1yniQ5lQLXYS4v6KqzisLjfbly8EwvVV06YyqLFbDTv2HxST
67TF5DZ4vW+JiS2XCOAZm77mKDb524xdUcokaflpOpfS8tSKrIwXZZYoEZvnXA7oaa0BPb0e0DPu
HLA9zFopntnlXgpu8NNKGayFJ++sBrfag5Pstn7/qxj8qxj8qxj8qxj8qxj8qxj8/7QY3N6a8oRn
bE5VVMJovmercy9o8iH89bzQlrGjmTs6wct4HqJ+czVteyvOJyG/2toT+RrVGrJxGqRAa6oOBomp
mjOjwPI9x9GZbzDP1vDXVy09DEzdMDTVDANf5Uwl3GVFy2dUgOl1rpyPlMOj4bvR+4vBm7cHxqeD
D4qGLKAIGhQUTbahPK8v1tQXyv7ZoW1S2ThbAo2zQ1Tj8CtPQsFDdYzTkzSngU7Oz0cAiINrFJpU
XC6WKQQ9mcd+xrKY5yQkFs7AWMZ3f81RMOCaqlRVd5CuXrmm6aqOrSLyu15kWW5keCxULctgzHed
0DciV7PF0GmQsUVc5rtLZBVU3YNKxESAtmPtaK+00NANU/fdQOM+/MUyAtd1ncCwgcHxzUAPme0Y
AfGxVqwfJyxbCW+oyNK0V9wNfNsKfc13PM/l3Pcdw/M13Yx05oFS7jrAyv0uqgBR1gd1gys2j0Oy
MkEbcL4yGY9s39etyHNC1XcN1Weqb0a27RqmrzEvcO0o8FgPIfnwXPhwIzIzCCAWlZtupAJLFEBe
JgyD6aobaiA2sA2ELaOLaZ5OBQYdGLjl+Tz0rRC3cd9jum2bTuCToPBHjxgsLgwjdgPDYFnMMs7C
vCHG8/2AQ2eur2qm6zAfiKADZjNHtUxHJ5Plqu10UVFZVVFjvvK1QHd93bDDyIW0rdDxVTuIXFPX
Is+zdUidBaamdlEkflFh0IDC0FAQejAmw9DdwPSZ79hhoPmuGUDzRuCAYV3lXRQZu4SlSlaQSV5B
q8yxjQhq0PXQV12Dm5buhiYLoDHNCOFsrsHMLpY8SdOvvBKI/soF3WrIjNAzDNhP4Buc6yEPotDi
lmkBieWEQRj1kCznAoMJS4kiXOLBOLipQXiwQjgrXMRxNCtQIxfxwAUdLjCEaUDRju8ilBYM1URj
cgYhMiw1jFTddrmnmpbncMMPvcC0XSuwDK5ywzAizknNixUszc93Q86X8NHlSiDxdqxXvg7tOK7H
XZV5jg+70EzNtCKw6PlgKHSNgBlc8IOoOYhTaDeJI54Xle0brxzH1mCmAezVN0Mz0mzuBPAv1Q5h
M17ATAPnI7OFYx0+dek+FtM5qGakTDWAaELLCnjII0+1IR+V+SzSfFuGKMilpDCDKJ/xaM5FeyNi
T4WSTNe2bDeCMBxu+ZA0zNWw4Z2Mq0YU+BoPrUhXbc+/CyWg/hxqBFJLIA1CRw8NzwyY45mhYdo2
M+BRgeqFFrMDmKlrw0f4DaQ0szDIeE7NvFQheSpyn6lFOiodbnoGHNuzdNtHScNDFxIwI8P2Qlv6
+myZLzlSVpYuUUeRBq8Qykj+pqUFRkCKc4PINtWQ62g7NROdALfAuW1SYmmwwJJ2q7+1c+jeK+Qh
LWQMQcyzKMIYvod4o/oBbEZlURBaWgSrZDeRDPC3TOKiRobwCv+EJ7mc2YbJGbKZajHXBXmmY6nI
BhxdoOnWsu8go/weFIOsnPO8Ie8V4rrKLI9FkRNEnh05VqhryJ2ma6ssZJrKdcvXeSV3ooYQDmg+
BP9A5HIax4Wx6a8CRgExisIwpECo6hYScKRrtmky6CN0EFTsIAx6yGgSZxAXPKu80BDIuM+gLstw
I90HFq5qiHK+DyMI9Ygbemgiekeh3kNG8zqXvEajvbL1CCUwQj3UqMJ3Lc3gtsehkBDJyXbM0NZ1
pLgemoJ/KfDPYjlHQd14kxrYXuBDTlZoGRq8GoFAN5lh6ZbhIWyYTEfsUr0+snghKLKARH3lq6Hq
eiFXVc1nthpFsHRuwDoNjsCrIfagGdVFnOogAVtCi5wtqMaRQrK1wPIM7jlIhnAP+CWyiBog3wbM
DW2GoMk0s6e+yqg8uIr1ikEtgcUDgyHJIlIZuue6iHHwID304N3wHFU3yKRy6CRHsEx2hf4rNDJW
hbalIqj4WsQDTn4GwXLG8Q/8FtHAAWson9jtaODBFLn4YJ6ml+WyEXgA59EMNVK5a9seSjeEPF31
HU3VmIv8FwS6Z8so2sa6WLLamKSckKlD1+IRAnLI4C1apNosMuG7gUnS81yGaOGaHTxhHEUVBu2V
wS3dCCzHjnSgCJCYIkMlnXPUFRazAg3pwnG7/PHkKs7SpKrcKNKh2EL1o0bgg+teYBihAwfRHB7q
BtTOdRQz5DVCZS1EX5ZpVvCsISfU9MiHiq2QefAFVQs9xGLL4yaEw1QEeY8MUetgmc5Tn81hQ9Km
TWmOKNaQVhwP1Q2VgK6OIG57SPyoAh1kGM3zXVQ2HUyyLRrwBGG4LWmwZ0WookIURKYHViyOQOdH
kW8YDpAZmo5a1TUt6zZ0VYIQ2KT+YbrwciNAEHJ1LQhUR4Xju4bjItkgtDu2qyIOd4nLeFCKLIgI
lZAjN8QxQ6eUbEWqZiEYqQEFp4DbAaKCHVLBpEEEptNDl6dlFvBBuiReq8pZRheEW5ClOabluG7I
zYgFjFPtyyIPlZml+qHBA63LbTUZLrMpKgPT01UnsCPXMrmDCILCEBWTZ7oscDnUALcK3Q6GdpNE
OlRNTfNDlDwo3jg6e1X3DS/QIxM1HCpahoyDGt8TNrVaRGmyQoc2XyHwzgdBRQ4lPQcs6TwMHYjb
RxmG4An6ObIc6gcfGdSNtMhGGYGiDriKGc85Rw6m0BR/rfIviqhXcFrDjsCSyTWUtFTZcTDBbVQH
qubxCJbL1IgC5TX3F+lX9PK7KNl5VlQVFEpk9GuoJAzERqQAJCRKvJYLgXETpmlpYYg8ZWndinD9
c7BYNl3kq3u3hL83jwhEFzakFuy4DFttawPa3lrrQfg2IKwsZmmW01Tt/6ChOTuk1pctYwIIXdEx
T5g/58BZZCV62JAv0S3SPTiXp1Fx2AYsmHgaIbGNx/Xo61/0gAOdDjXU74ejz+8/nB5KseaxcHOa
P36H+vQkuRIl06rFSxfeZgi22WXn3Sxlb9FIJtOLLH0orjpIx+MOOXKK5T7cvUmzxf7FSYuvGtLl
yOjz9Gv6a8od+q/DkP7jDK0xjscVEc2P+7DyOc3m4YV8xNDipwNuM6WDKafLFFrocr56KA1JbOPx
NVFQPfvoa2Y42v8w+njRYWZWFMt8b3d3Ghez0t9BTt49K+Msivk8bDtpPd+Muob62xxJbrfDLYTy
un5wwbOWTNrQrp6trkCOrtL5EOw9lEhaA4/HXSruIZDr6+sdDooI+05xSfztz6/ZKh8u2XXS4q8N
7aoc3X+Xw4tZPI+XyhB/5vClh2J0KdDmFdbxmAmKcqJoPJYzpHfzTMwN52y57CiuhnSVZt/TOTXj
xxnK5cj3iyy3WPCapN2aCXB4UWb8gmeLvD232cC6XJo7RpdL23zzRlWV/1Jg71QEnSRRnNBj6wfS
4UQOMB43FLV+/oAIxL2Vz67xkBGXRXow5yw7ZdNp24w78LY0JF8daYyuY3hS+FDMFxIdLBdEBETE
HETQo6QuTZsKoSJzP1/Ny8XZwW4XH5nE0UEKp5GLBmqTaGB35tmcfWFXc/YF7eFDiaGFcjxe8kCS
cZ8oLngRD3yHXJbmHSPvnenx1U9M+6j9Ho4pia1+Ht0Qcf+q4fDoU5wJYhuGGlCXE73PyTKd0pMG
BLf3b/iDRVuBdDy+EiSMxyGvf7XI+o6u4iprpu142wJ23e9GyXp6+MtDcQNU4/F65B8OucAzODu4
ONptcQFGUSUOedu7KkDfBHvO9ZomHY/TLP5KXdxD1QNtpOOxpORmgrzDEvnVKE3nbddqQF2G0Mv0
OFo/RFNGNDPUSZUoeX+UqZoAegLZkLJZvbcmbbfBQYvC0ObRlPs8H120OO6A+/6nd5h+IL21RxyP
e+N/V2nnnybvk+lkxL6WCZsYLU76ZzrMdLV3Pi1XPJkcprj+5/LBkv75J+P+cfD87afhRCxLaPOw
Bn6XfKL+AYk/lQsl7k3+p8k5y5CAJ6OMT+yuHjpnnkIP9v0ZOUuDyWGczCav42DWYqML73lGL36n
yRlYOGPJzPYeiomzw9fj8fAyFgsuv5N/RrNyNTklKR6yZIIj1u5ibzv7+EoZnR6ObjD0bbUM301e
84K1+5cKcn/SJ0dhXEzOfz54sJQz2sCueFJ+GrUNSgK+kyr/FN8efhptGpjY6pgl0xuhqQI/BROn
x/fn4fWKXZZT1i4yG9BjB9bX/9x/9/Ht/rmu6uomDnAZJ8NZumx7QA26g4V64d7DTUbUCwFpdPnv
vYqrg8lwVmbxJe9U+i3oY+th+OEdqqqDe7sAwjnr27+APYXx0+jjcUPDht78Li76nLyLu0lA7U9u
fUwuk/Q6ec1oFurBJp7370/5iC1H6WHaTmQVpD8T21PAlKfZNGbJP0c3yN6Wfwf7pxfH+2730Ose
ar2rNW19fHGKY/2Hp0fYskjDdDxe83OfcusdSy7LLJ1obrfYasGfMDWef9Lc++v2GMXV+eyWWqV3
4r4xgj0UG8ebJsqfS7F0qOtcEvjYAe7weKPy/TilZYmTUY52KeQT2HPHrG6efopCXtM3mFk6ZKm0
GzSBi8nFjLWT521nH11DhyPqee9dA7yNo6J+B6piowHdnYVuBj7zDxXvLBmlDOmfhj9Ib85i3lEH
s2Qlniy151lawP4zFvUxHqstML54tLbBxOUoXvCDdIFbw85zlS68x06Xmf/lLH3Qmb7O2H98sq/L
iixC53N4DR/NOsV0F/7YblSNe3/VHcxY0X1SXUMevwSikcdj+vecX24QsOPkV3bWjQVr2GNr4Pxs
A8pHH+M20XT4+Knk5M1wo+w4nMWXbMGycqKZ3cTYOfO0FZe5EUv/E2csXrEJKtkOQy34Buw8LCfa
RpwczOJVOtF7FUsDfVKl6BtULMMZo7d/uqG1gT16g3y8/+HkfPOZirOTo8ltD8C68H690ou1b1g8
5dnwn8OtBy5dGsRQS5ug3uH9YjBM55ihNGZkQZ1I3D3z6PH4+PhwA41dnNJk5Md2QmxATzG7cXb+
8Y+0Lnd3Lk/TuGwQBY5Hx+/P3747aU8Wr2FPoY/j0bsN2q5O+Dp8gsB1uEktKGe/Zim/MSNGsKeQ
9ruT+1P/mWXtplYcPmoneHiwQXqTi7U+pIVYv31zLVpzpv/gWbvXmrQ/kuu6BGwycxWj74k7s9pr
2OM/Jjwe3fspIa2HPVkgNOZv4i+9VbtreLcjUnuq6K1zMH+U7EX5W06rbuizdLEYO4q/bOjEhwfv
+j5MoA2qP/7A1R+G3yiPoYtdTd6xS5bP4ommdtNY/+STTL+pm+VldllOrF42lrCnoN7a0KBes6Bv
UAR6fNKPR683yr8z8UmObhauYI+eizd51DxE9M0Pzg7bmaEGPXr3Uw28oc18YMll32gE7CkqiYPX
fyD83BV9nsR9N+flJCsv2cS9hZP6zFPwscFzsYMyL9LF/pxnRXu6vAPuzjBrf+5LF+2Rx+MeHT/2
2oWYqUl/hVVZ/fmbCvq0k2obZI0389VIvOi4rqUqyOPb2QX1bNXw9+dgfzEZ0hOx3mPYDvixI/H+
cJOFYvtJEctPCw2LzmqZ3oneit7eqhnGiyLuruLd0X6Ygc7IG4Wxt4xlbKL3gnEDfdqZTe0HipLO
JFMb+qhd6/5GC+A+Tc45IhEtX3V6C1vX8KfIJM4GmWQRDpM07b4C1gJ+pzw5Tot8lhbHhw/lE8Ei
zOXQSCNtMu7xAHkputOjZCo+KNp6iNw50XPw/htf355gfoCJ5Q4l/eP7LXZawK5KWqObytUvnXVP
N04+wfrd0Ubrd5vnMZp321MazXviLO9t8OBfrJ+uV4/cWFjdnHj0x+CnGy6o/rlkk/POopgW8AnV
8fP5hk3Xp1uWJn+6sS75kVr1DfoUiPtiVgaT0zTuKqGBPqEWLk43WF+N4pC+0UyT5iDnQCwSbi+2
vvX8o6+8/vndwWYha8jyNIsnem8qbg1+2gJM/aHn/d7tj/u9JylhvA1dXUzL9H1dAp94HbYgYiOF
nKWLNJjFk/9lfvmVTXrrSm6cfQr1mD8QA0blHQFgffLxvX+0ife/ZsnZLTOpHfCjs3C2Sd9yTGLu
Po1tQN/xlYsZS5TjdFyqKleTqfJu9nArqisSNlt9xS5LdLya04/DNfhpi0dnk+Wv0zj4fKR3+pYK
1P2SkdOflPiFJzGbk/YeiPIvAmEodSFpuP8HRdb7MrSco7VXwx2Tkn/eO0nrj5PTv/drtGAWQ3qv
E43IzYr+lrNP0GoNDzap7E/L+n2J29a933b20d8t3mzZO73jNjh/OzzoLIurYY+/LG7DkuWXsl+v
/FI+SWfyy/0Jp+1AaG1/e0VYDXpsgV+83WCNifj+ywELZu2ZoRbwsYk/ON30BaI4ZAdpnNx4h6iG
P77l/LzJIp9ztryVhzb40ZdDsuVotsE7Kq95mKXB5cGcJe1eowPuZLguD595VnwtY003HoqBNUZk
thYVP/yKxxrhbocrYn6epuGbX9p8V5B+0dhj+xObc08zH4rnCh0YlsNv6EdvYzZKb6zfqKCP70Nv
R5s/vn6Lfkmzb3l6XZ142qJ3g29qHKZxb4quhjy+Ig43W0dwkqQTrfdZmQp2F+0PKmljk57PP019
f9X/imEXfgflp2mZfwa+swdjYI1xPO6T8X3LiQOqvYUl3Fag337+0Rc5HWxUoB++HrXXdovDx18p
SsPee62o/NpHeuMDCAR6ko9/vN8X33S9r1+8m6XxISvFO6btD++2wXe++/fnrPS+9+oy+hwyy0B0
wfsfHKt3/MEdg4GkYoBULlYvyK2GdmhTBSR8saXN1rOL5kg5SJMonir06f9xNk6ewcqU/WWm6I6i
2Xumt2eoyueT14p4AwgXoEaYlmzKX/JkSseLtAhfdkhR5EIHOikHH9An019qnmboBLyegaXBPM6L
l2kUEYQlSVomAX2DVmxphzI95nJLyPxlmghMFC4G1WdvoaCXSD40OvtS3ZS/tAR9U0hokYb8pTiK
UvpeeAOrxoOoQvpmc328vFpWw9CX5uOgnBerl4JWuVdSkWaDnJaDJNP8pRCC2DuMLOjluzRJZ2wN
zDkPW9fQN71fHh692f94OiJopZ3fSp6tqjErUBaAq4og+r2zZHl+nWbhy/8W/0FMZZEOcnbFqxuv
Yn49CGPaVCLgL10CffHTLwOy2RpT55vcO6sF7dLyTCGLUwKh+VJ+SV0YgAJxKR1dwiCUEX1cXKn5
V1jGlWLGlTSB9RQzVigB6a9QfK7ESTAvQx7ih3LD8AjXMF3gzkgpbuLMWcS3lRRnspxQKn7G2aWy
SsuswqXEkQI1xlEsRoAGaafQ+YoQn/PrBt1uyCMGHebKdZr8vaBdIdH8KSS+BZilPY5WRCFt+ij5
vp7xRCmX04yFQLAzTsh0JbK9caIozz7POBFGG6Tm8GGFNkuV+3RBBhl8jXanCOVpQeo8xTBgFb94
IeRFX5EMuDJjSTgXElwQZmmgtVPtyd0v6UQ+K4swhc1XW7TuKeOt89m41DjzE+VtLH4ZEGgyVZD2
6NCPEuW1hKfKKBNTt4FyJv5qK1xF57gz3hIs7c/n6bVCbggu6t0GlauYKT+TcdI1wkrrD0PvKRTW
xK3DGe5kZEB5Cl4qCqUUWYVKKXPYB2IgdCRkg2CNKxFNw5yQrM/QNlh+mvPWAEfCJWpMkJhC7qrA
lqAuItdfKZWS6frKg5rTLTE++4zkBluFxlkYKhnPpWEQqbT/HUhieZmJWKPAHHxOUoHa+G8lExvi
TuMrXHvF5iVXnleDIhq+IOxyRNr2hkLcAAZB29Dt4bQY+7wUO+nC3vfzVRKMWH4Jk8wuYeE74oKP
Oe1eitFqTumyWYaQUsKucHm+rYiPEihVIIKnbiu0rQYYycWOp5ANsgTBFmUC26ZLJPKhMDzwBPvP
0i8xbJ9DDGBJ+FTSEEeyrQg6iciLxD7A8JZtJS7+TtsCZ+K2kFPwFcbcu1l5Dh6gcEUXYhFsDCpO
9wSqvhcxYX1ZmSSkzpBiZboUShAbvOU7yiG/qn4ri3g6Q5jJWD7bboeFyjJJIllWLgsJlQIjwSxA
W8WXUC4MTuzeFkpXZbQ7LMi+nQKyEbK5FIKGde20DA0XD+RFjaUhFSHFZCsZLt6K/T0USvqKhMPR
FnFBUWfBp8xfFZC4MpSiVoVw45xwi9tHpLXrWEheWBTCyfVAIqqNLBccRjFIRKzk9Kl+QhNlnNdD
SiOHtkrhntMUiqKdgoRV0EDVNiSCtD1FJS4wukgOcpu0/+c5oCrqLvop0/8x+vMiXQoSqsDekFSh
yxWED0rVPGwIolFrqjRVNyvCRBD4LLyioi//+wNQKPxCkEQRQwlKpMUEaVHhX3hQiuieSpKlR1Ia
ba7mXwIULPmaIxm43o+O9pTR8clQOT05OxkheF+cnhwNlYujDwqK03dHH7YVXKSM3uOqI+Xz8fvT
I+Xiw/uDo+Fwpx8COvLQLbsSxwXP4lSUChSIc2JQ7J9aS6MJthpkj1wTitgiLhkgFHIZZgUqFLHg
EwEa1kT8fsvYpJGhAKXUnNBl1WACs0SC0LsO5DIjiTHeUw6hCkTcsHPzarKFqgWA2pY8oEJFSpbI
lXqV9zY8wLz4Ml+zimJb8pq/uJ2kinOj4nzKMp92kqQvicvCWASg26UrXI3Iqe5SqrsQuxcsERvs
dihByVjCBl9s1zmhb4S1Gcr0GkXAJfldrF1wR3kvY740eNQ1aTkPG1piJJHrRFnTn0vES0E+GLVV
teIVo70RweJGkhSmIzE0vEVZuqiTrby7umLQNs22hombSpM3bEO5xaQ61jGsS1lSWZaKfRpqQw7L
xVLWfbK4VKoTAzpR6+uQLqpuELQLMmsOcIQ0D2dntwgYSRuJDyNcwcjyvOQUGIoZtDat62AKWjTa
mqrtWpGyRqjK3R1JDV36TTlRzxXMyuQyr2k/YEuCxotygRxLXwpS6raEFKnIDk1SsZYr+UslSuEx
N20MbcCyokgMOKD6vETSNRuNHabyVN+mqTaiqCfxy4trF5K4qgvbnInKYRDQU6KGt0OQImoVlI8k
PVAnCwyJhbZy5dQC0T2SwzV3uK2Sp+SnHpkuXle7JEB6OlXjvRvVXXY4ThJekML2qhSB0myWzmWJ
6bMCbTWV+oJkVE0woSrJiNgme7LqrEwtPm+KTZnenrW1VJ+isJqtCkK+rQy0lgKF8sTAg6ImpkoB
Imqv61jRLVMJGUrOqcsShT7dDGBF1o5yjFoQtvRSFHfKwcXHbdwLGnz413UcwuxFrSCjZ4N/IPDv
KU5ddq8r8lxIp3XtjrIfIlDN2DzaRZMr24SQw4aroTCoQpM1ZGAtR1ynvRaydity9IWiGpWYbL4t
gyYNXW1ivIOWTeSLVFTSHy+Si7oOX3et1GbQTdfIqISzXCbLQXXca3zOKofM46+8UTVV7LWG6Svr
dTWFil5aTivrmp4ub3qxo1xU98xZNhU3sKp9rsxEjBhlbErcQV1gK1/ORTFDPfECxFMcYBmp8GAe
08yOaPJp02ueF8rZ6KOgNAdLxLZfFgpNKggtr4eTfcdOHYYWRTmgu/YEteQAIffL6V7dy/ykaNTD
VJUcda3ifN2x5nIWgNedLN1WGYpGyGTcktgOZil6VDLOuoXhdZMqglvICqbk7KoOojRPU89n0bm1
v9M2t4gEnBV1jAGlchftumQW7dYyk+VKvkSFJsqXJA1odyFxL+R4xlaQIRnLIr2qO1gK/1XMFHFr
UJ+TQ+braFHPV7XnOUZiokIaAL2Izwo5xSOurbRd5lWrH8DqCxkXqnsG8p49ZYmC4iqe0zAy5lX+
XI1CQZsl06aoTui2eT93bNdXdSa6bp1bkl3e/iItyaYjGZwrEydRyilCkYzInUXvDsXQb5FNcPMH
kVtaNwvGEy57RZ9LZD6PyCLFdKRIB7PaAoTSxSxlJ0tJ9mmghn14psL6pIKXQIRZhSMB3EalejuZ
LAOmUMy7CEMEsfXN9LehxhDWTZ30oFzCInneihZiSx4xkJiYbU3FnByKwcQmwblwSZInz0jTqGsR
uhZKxZ1SzTzU2U7c02Ed+AaKrjxTpuhZ8rV41rMbjYR2boqoctZrFoumBoEDFb/UzTJdlvPaGKsD
CvvimipEuDSeKIYHy8qrKbiSo+4pdZkp5ljldM5elfBo9km0WBIs80WlLtqNq5kXCNdiI3MXe/P2
QI23dcHLGSqzKG0pBE42kA/tmytnKSlGkLKzXCyWO3EqKE7SZLWgFoG2E6XpvCBfk059T3VeWZ8X
LIiIxabTDM2mnFhqZu6okCoyJhTX4U/QBwd+f/h+D/KoHjZUqYBiwjWXdSiD51yLEXNB+JoBAdtp
TUoj8zSSl5YplXNDqNCnPF/ZEpKe2FmUQne7nBLwtC06VKgJmUlrlmcb4XE5Y9sAQwyUr4qmYkHk
jTi6aKgQASihfCDP1nlFzhmxzqxR9eSolW9KVGdIbSKI1bGiQig0L8/XY9zQtOS1reoiXqxDdZWQ
CCldX9cNpFmKlzSgmA6rbqqnPnfWA1Rn2iPU0rw75VVRW2pXekVrlqGeFi7iopJnPZ8wq4AiYFBD
UNWYVcCg6VmU8aEosuKoQYRKHYzIpwQUgOomW4Y44KsiZJ3Y2DxmeVXBo+hii+W8PqIaADRWutqr
lSbPwW5ptmdP+ZdI3kif22L659+EVH4btsmS7acXgg0qpLI4rBrs+rGR6JxvS1gin4sEnYtaUjRm
0E8MWqts2yZfjitokD8Ves5ESUEmr/WIe8qb0/3Rnv4PZ9vyvmjbxhdjW/+H9o+QB6kMsc9ph8eA
YutLV5WRWB6Z1gtZ9cj5/nZfKz2cUgtkXE07icpDzBtBa8GKnoeUQVFmdUyui/msmcgXEQd4kKkC
8QgnrwU2qJ8ywBZkeffsjQg1YihxfQdJKQoFCZm0IANRa+2sZ8jSpWgF+RcEvrzqg4JLKpdzUfND
In6MQnUlW2ZxHfELUlClyywifUZyKfCjFsmaWL21vcW/FDzJ5X7E/9k6QIGwtbfl7NCOtzjrByiJ
Zm0IPRpKQpZ1YOliEqYFgmEHWu0JvAaU2bx9HModpJvjKJ7L3akbyFTsvtsczpA+2scxvOyqDfg1
rx7jO+Ix/sKXz7nal1AhBvLDNmwZdLn+ILeQls/S13eKsJ93QahPFm3I8OK0fbhY5b/NExqs+qXQ
9u2aTtPwCsoJVbNUU3Xw828ncAknCPC/Z3PbsSI7dHRuBZEa6bYTmS7XbCegLYd1Q/kbbZzc2jC5
GXDFxGNSvfok5dd4Kd8ftuThPPbbV+Pwy6Krk5TY0VXV0DSd3qm6OHzfEVWYTgQrfSBAcVedCBdJ
nncuHMYUEH4568ioRwEOqSPtsgXgdRb3rGNZzcuJbej0HQ0yJYJnXeNcZ+uJqMXKIqZN0rbUHblr
Yjz144TRhsbilXBauyJQ0ofbSAAioIW+uEO+CxBkq2WRCoAhANPwhs7jjpkI2RhtULO9+LSUxijJ
+f33/wNqCT9I
===END CRASH DUMP===
