PocketMine-MP Crash Dump Sun Aug 16 06:45:52 AKDT 2020

Error: Call to a member function spawnToAll() on null
File: plugins/PetCustom/src/BlockHorizons/BlockPets/listeners/EventListener
Line: 99
Type: Error

THIS CRASH WAS CAUSED BY A PLUGIN
BAD PLUGIN: PetCustom v1.1.2

Code:
[90] 							$data["EntityName"],
[91] 							$player,
[92] 							$data["PetName"],
[93] 							$data["EntityName"],
[94] 							$data["PetSize"],
[95] 							(bool) $data["IsBaby"],
[96] 							$data["PetLevel"],
[97] 							$data["LevelPoints"]
[98] 						);
[99] 						$pet->spawnToAll();
[100] 						$pet->setDormant(false);
[101] 						if($hard_reset) {
[102] 							$pet->close();
[103] 						}
[104] 						Server::getInstance()->getCommandMap()->dispatch($player, "togglep ".$data["PetName"]);
[105] 					}
[106] 				}
[107] 			);
[108] 		}
[109] 	}

Backtrace:
#0 plugins/PetCustom/src/BlockHorizons/BlockPets/pets/datastorage/SQLiteDataStorer(22): BlockHorizons\BlockPets\listeners\EventListener->BlockHorizons\BlockPets\listeners\{closure}(array[1])
#1 C:/Users/Administrator/Desktop/ngvs/virions/libasynql_dev-116.phar/src/poggit/libasynql/base/DataConnectorImpl(153): BlockHorizons\BlockPets\pets\datastorage\SQLiteDataStorer->BlockHorizons\BlockPets\pets\datastorage\{closure}(array[1], array[6])
#2 C:/Users/Administrator/Desktop/ngvs/virions/libasynql_dev-116.phar/src/poggit/libasynql/base/DataConnectorImpl(183): poggit\libasynql\base\DataConnectorImpl->poggit\libasynql\base\{closure}(object poggit\libasynql\result\SqlSelectResult)
#3 C:/Users/Administrator/Desktop/ngvs/virions/libasynql_dev-116.phar/src/poggit/libasynql/base/SqlThreadPool(105): poggit\libasynql\base\DataConnectorImpl->poggit\libasynql\base\{closure}(object poggit\libasynql\result\SqlSelectResult)
#4 C:/Users/Administrator/Desktop/ngvs/virions/libasynql_dev-116.phar/src/poggit/libasynql/base/DataConnectorImpl(262): poggit\libasynql\base\SqlThreadPool->readResults(array[1])
#5 C:/Users/Administrator/Desktop/ngvs/virions/libasynql_dev-116.phar/src/poggit/libasynql/base/SqlThreadPool(66): poggit\libasynql\base\DataConnectorImpl->checkResults()
#6 vendor/pocketmine/snooze/src/SleeperHandler(123): poggit\libasynql\base\SqlThreadPool->poggit\libasynql\base\{closure}()
#7 (): [38;5;227m--- below is the original stack trace ---[m()
#8 C:/Users/Administrator/Desktop/ngvs/virions/libasynql_dev-116.phar/src/poggit/libasynql/base/DataConnectorImpl(172): poggit\libasynql\base\DataConnectorImpl->executeImplRaw(string[104] SELECT.PetName,.EntityName,.PetSize,.IsBaby,.PetLevel,.LevelPoints.FROM Pets WHE, array[1], integer 3, object Closure, NULL )
#9 C:/Users/Administrator/Desktop/ngvs/virions/libasynql_dev-116.phar/src/poggit/libasynql/base/DataConnectorImpl(151): poggit\libasynql\base\DataConnectorImpl->executeImpl(string[20] blockpets.loadplayer, array[1], integer 3, object Closure, NULL )
#10 plugins/PetCustom/src/BlockHorizons/BlockPets/pets/datastorage/SQLiteDataStorer(23): poggit\libasynql\base\DataConnectorImpl->executeSelect(string[20] blockpets.loadplayer, array[1], object Closure)
#11 plugins/PetCustom/src/BlockHorizons/BlockPets/listeners/EventListener(106): BlockHorizons\BlockPets\pets\datastorage\SQLiteDataStorer->load(string[7] KenKeyJ, object Closure)
#12 src/pocketmine/plugin/MethodEventExecutor(42): BlockHorizons\BlockPets\listeners\EventListener->onPlayerJoin(object pocketmine\event\player\PlayerJoinEvent)
#13 src/pocketmine/plugin/RegisteredListener(80): pocketmine\plugin\MethodEventExecutor->execute(object BlockHorizons\BlockPets\listeners\EventListener, object pocketmine\event\player\PlayerJoinEvent)
#14 src/pocketmine/event/Event(88): pocketmine\plugin\RegisteredListener->callEvent(object pocketmine\event\player\PlayerJoinEvent)
#15 src/pocketmine/Player(1086): pocketmine\event\Event->call()
#16 src/pocketmine/network/mcpe/PlayerNetworkSessionAdapter(315): pocketmine\Player->doFirstSpawn()
#17 src/pocketmine/network/mcpe/protocol/SetLocalPlayerAsInitializedPacket(45): pocketmine\network\mcpe\PlayerNetworkSessionAdapter->handleSetLocalPlayerAsInitialized(object pocketmine\network\mcpe\protocol\SetLocalPlayerAsInitializedPacket)
#18 src/pocketmine/network/mcpe/PlayerNetworkSessionAdapter(110): pocketmine\network\mcpe\protocol\SetLocalPlayerAsInitializedPacket->handle(object pocketmine\network\mcpe\PlayerNetworkSessionAdapter)
#19 src/pocketmine/network/mcpe/protocol/BatchPacket(127): pocketmine\network\mcpe\PlayerNetworkSessionAdapter->handleDataPacket(object pocketmine\network\mcpe\protocol\SetLocalPlayerAsInitializedPacket)
#20 src/pocketmine/network/mcpe/PlayerNetworkSessionAdapter(110): pocketmine\network\mcpe\protocol\BatchPacket->handle(object pocketmine\network\mcpe\PlayerNetworkSessionAdapter)
#21 src/pocketmine/Player(3250): pocketmine\network\mcpe\PlayerNetworkSessionAdapter->handleDataPacket(object pocketmine\network\mcpe\protocol\BatchPacket)
#22 src/pocketmine/network/mcpe/RakLibInterface(169): pocketmine\Player->handleDataPacket(object pocketmine\network\mcpe\protocol\BatchPacket)
#23 vendor/pocketmine/raklib/src/server/ServerHandler(99): pocketmine\network\mcpe\RakLibInterface->handleEncapsulated(string[20] 125.214.57.185 50824, object raklib\protocol\EncapsulatedPacket, integer 0)
#24 src/pocketmine/network/mcpe/RakLibInterface(109): raklib\server\ServerHandler->handlePacket()
#25 src/pocketmine/network/mcpe/RakLibInterface(99): pocketmine\network\mcpe\RakLibInterface->process()
#26 vendor/pocketmine/snooze/src/SleeperHandler(123): pocketmine\network\mcpe\RakLibInterface->pocketmine\network\mcpe\{closure}()
#27 vendor/pocketmine/snooze/src/SleeperHandler(85): pocketmine\snooze\SleeperHandler->processNotifications()
#28 src/pocketmine/Server(2157): pocketmine\snooze\SleeperHandler->sleepUntil(double 1597589151.8086)
#29 src/pocketmine/Server(1994): pocketmine\Server->tickProcessor()
#30 src/pocketmine/Server(1588): pocketmine\Server->start()
#31 src/pocketmine/PocketMine(273): pocketmine\Server->__construct(object BaseClassLoader, object pocketmine\utils\MainLogger, string[36] C:\Users\Administrator\Desktop\ngvs\, string[44] C:\Users\Administrator\Desktop\ngvs\plugins\)
#32 src/pocketmine/PocketMine(304): pocketmine\server()
#33 (11): require(string[91] phar://C:/Users/Administrator/Desktop/ngvs/PocketMine-MP.phar/src/pocketmine/Poc)

PocketMine-MP version: 3.15.0 [Protocol 408]
Git commit: a498b0415ab2edf18300470dfe6d182372f25190
uname -a: Windows NT DESKTOP-FGC3VCR 10.0 build 18363 (Windows 10) AMD64
PHP Version: 7.3.14
Zend version: 3.3.14
OS : WINNT, win
Composer libraries: 
- adhocore/json-comment 0.1.0@8448076039389f558f39ad0553aab87db3f81614
- ocramius/package-versions 1.5.1@1d32342b8c1eb27353c8887c366147b4c2da673c
- pocketmine/binaryutils 0.1.11@e8cb65db1b7998eebb739b124f2a989fe87366eb
- pocketmine/callback-validator 1.0.1@4aef6bb25f97d0b830ba0b4f66834b1a9c86fc9a
- pocketmine/classloader 0.1.0@4ccdb30e48f030bfcad04bb0a208d198ec631993
- pocketmine/log 0.2.0@e59bedb5d4bbeb9a26647cb7c367cb2fa72addfa
- pocketmine/log-pthreads 0.1.0@9bbcef398b01487ab47c234a6a7054722abbe067
- pocketmine/math 0.2.4@b1c28b236df8b795d7b06cf8421f9962b12ac410
- pocketmine/nbt 0.2.14@b31dca98443328c4bab76dc1b84c1473c79be20e
- pocketmine/raklib 0.12.8@9fea763ffc922db083e4528d4acd0b13d0ea83a4
- pocketmine/snooze 0.1.2@88420da3d9335dbcb3ee2decfd5e5453d057dcdf
- pocketmine/spl 0.4.1@ff0579a0be41bbe65d3637607715c0f87728a838
- doctrine/instantiator 1.3.1@f350df0268e904597e3bd9c4685c53e0e333feea
- myclabs/deep-copy 1.10.1@969b211f9a51aa1f6c01d1d2aef56d3bd91598e5
- nikic/php-parser v4.8.0@8c58eb4cd4f3883f82611abeac2efbc3dbed787e
- phar-io/manifest 2.0.1@85265efd3af7ba3ca4b2a2c34dbfc5788dd29133
- phar-io/version 3.0.2@c6bb6825def89e0a32220f88337f8ceaf1975fa0
- phpdocumentor/reflection-common 2.2.0@1d01c49d4ed62f25aa84a747ad35d5a16924662b
- phpdocumentor/reflection-docblock 5.2.0@3170448f5769fe19f456173d833734e0ff1b84df
- phpdocumentor/type-resolver 1.3.0@e878a14a65245fbe78f8080eba03b47c3b705651
- phpspec/prophecy 1.11.1@b20034be5efcdab4fb60ca3a29cba2949aead160
- phpstan/phpstan 0.12.37@5e16d83e6eb2dd784fbdaeaece5e2bca72e4f68a
- phpstan/phpstan-phpunit 0.12.16@1dd916d181b0539dea5cd37e91546afb8b107e17
- phpstan/phpstan-strict-rules 0.12.4@9b86e1eb77c796628e239820a01a2d327d607a5e
- phpunit/php-code-coverage 9.1.3@4abbce3b0ad05f2e7143ea5f775d5513cb5261e4
- phpunit/php-file-iterator 3.0.4@25fefc5b19835ca653877fe081644a3f8c1d915e
- phpunit/php-invoker 3.1.0@7a85b66acc48cacffdf87dadd3694e7123674298
- phpunit/php-text-template 2.0.2@6ff9c8ea4d3212b88fcf74e25e516e2c51c99324
- phpunit/php-timer 5.0.1@cc49734779cbb302bf51a44297dab8c4bbf941e7
- phpunit/phpunit 9.3.5@7115b00b23bcd4f62a73855c9615694d2f206e71
- sebastian/code-unit 1.0.5@c1e2df332c905079980b119c4db103117e5e5c90
- sebastian/code-unit-reverse-lookup 2.0.2@ee51f9bb0c6d8a43337055db3120829fa14da819
- sebastian/comparator 4.0.3@dcc580eadfaa4e7f9d2cf9ae1922134ea962e14f
- sebastian/complexity 2.0.0@33fcd6a26656c6546f70871244ecba4b4dced097
- sebastian/diff 4.0.2@1e90b4cf905a7d06c420b1d2e9d11a4dc8a13113
- sebastian/environment 5.1.2@0a757cab9d5b7ef49a619f1143e6c9c1bc0fe9d2
- sebastian/exporter 4.0.2@571d721db4aec847a0e59690b954af33ebf9f023
- sebastian/global-state 5.0.0@22ae663c951bdc39da96603edc3239ed3a299097
- sebastian/lines-of-code 1.0.0@e02bf626f404b5daec382a7b8a6a4456e49017e5
- sebastian/object-enumerator 4.0.2@074fed2d0a6d08e1677dd8ce9d32aecb384917b8
- sebastian/object-reflector 2.0.2@127a46f6b057441b201253526f81d5406d6c7840
- sebastian/recursion-context 4.0.2@062231bf61d2b9448c4fa5a7643b5e1829c11d63
- sebastian/resource-operations 3.0.2@0653718a5a629b065e91f774595267f8dc32e213
- sebastian/type 2.2.1@86991e2b33446cd96e648c18bcdb1e95afb2c05a
- sebastian/version 3.0.1@626586115d0ed31cb71483be55beb759b5af5a3c
- symfony/polyfill-ctype v1.18.1@1c302646f6efc070cd46856e600e5e0684d6b454
- theseer/tokenizer 1.2.0@75a63c33a8577608444246075ea0af0d052e452a
- webmozart/assert 1.9.1@bafc69caeb4d49c39fd0779086c03a3738cbb389
- pocketmine/pocketmine-mp 3.15.0@a498b0415ab2edf18300470dfe6d182372f25190

Loaded plugins:
iProtector 3.1.1 by LDX for API(s) 3.0.0
KeepInventory 1.0 by KhoaGamingPro for API(s) 3.0.0
ScoreHud 5.1.1 by JackMD for API(s) 3.0.0
DevTools 1.14.0 by PocketMine Team for API(s) 3.11.3
InvSee 1.0.0 by BlockHorizons for API(s) 3.0.0
WorldProtect 2.3.7 by aliuly for API(s) 3.0.0
PECollide 1.0 by saxavlax001 for API(s) 3.0.0
Broadcaster 1.5 by EvolSoft for API(s) 3.0.0
PlayerSelectors 1.0.7 by Ad5001 for API(s) 3.0.0
Slapper 1.6.1 by jojoe77777 for API(s) 3.13.0
PurePerms 1.4.3 by 64FF00 & ProjectInfinity for API(s) 3.0.0
AutoClearLagg 3.0.0 by Twisted for API(s) 3.0.0
DEVirion 1.2.7 by poggit, SOFe for API(s) 3.0.0
FormAPI 1.3.0 by jojoe77777 for API(s) 3.2.0
AlwaysSpawn 2.2.4 by Philip Shilling for API(s) 3.0.0
essentialsTP 1.2.2 by  for API(s) 3.0.0
BuilderTools 1.2.0-beta2 by CzechPMDevs, VixikCZ for API(s) 3.0.0
NGVS_Khoe 1.0.0 by NguyenDongQuy for API(s) 3.0.0
Moc_Dinh_Bich 1.2 by LonMongManh69 for API(s) 3.0.0
DDao_Thuat_Tam_Phap 1 by NguyenDongQuy for API(s) 3.0.0
CmdSnooper 1.0.0 by HotshotHD for API(s) 3.1.1
Skill_TheThan 1 by NguyenDongQuy for API(s) 3.0.0
Hoc_Nhan_Thuat 1 by NguyenDongQuya for API(s) 3.0.0
Hoi_Thien 1.2 by LonMongManh69 for API(s) 3.0.0
DanhViThu 1 by NguyenDongQuy for API(s) 3.0.0
AntiServerStop 1.1 by paetti for API(s) 3.1.1
NGVS_Quest 1 by NguyenDongQuy for API(s) 3.0.0
NV_Choji_15 1 by Nguyen_Dong_Quy_Edit_NQC for API(s) 3.0.0
NV_Jiraiya_11 1 by Nguyen_Dong_Quy_NQC for API(s) 3.0.0
NV_Gaara_21 1 by Nguyen_Dong_Quy_Edit_NQC for API(s) 3.0.0
NV_Thay_Kakashi_1 1 by Nguyen_Dong_Quy for API(s) 3.0.0
HTHONGKIT 1.0.0 by NguyenDongQuy for API(s) 3.0.0
NV_Kankuro_18 1 by Nguyen_Dong_Quy_Edit_NQC for API(s) 3.0.0
Luan_Thuat_Tam_Phap 1 by NguyenDongQuy for API(s) 3.0.0
MenuVT 1.0.0 by NguyenDongQuy for API(s) 3.0.0
NV_Sakura_17 1 by Nguyen_Dong_Quy_Edit_NQC for API(s) 3.0.0
Warp 1.0.0 by  for API(s) 3.0.0, 4.0.0
NV_Thay_Kakashi_10 1 by Nguyen_Dong_Quy for API(s) 3.0.0
NV_Chiyo_22 1 by Nguyen_Dong_Quy_Edit_NQC for API(s) 3.0.0
Tam_Trung_Doan_Thu 1 by Nguyen_Dong_Quy for API(s) 3.0.0
Am_Sat_Thuat 1 by NguyenDongQuy for API(s) 3.0.0
MagicWE2 5.7.1 by XenialDan for API(s) 3.0.0
Boss_Quai 2.1 by phuongaz for API(s) 3.0.0
HubLobbySpawn 1 by LousWiteMC for API(s) 3.0.0
NGVS_Rank 1.0.0 by NguyenDongQuy for API(s) 3.0.0
TapToDo 2.3.0 by georgianYT for API(s) 3.0.0, 3.0.0-ALPHA8, 3.0.0-ALPHA9, 3.0.0-ALPHA10, 3.0.0-ALPHA11, 3.0.0-APLHA12
CustomAlerts 2.1 by EvolSoft for API(s) 3.0.0
NV_Jiraiya_9 1 by Nguyen_Dong_Quy for API(s) 3.0.0
NV_Ong_Tazuna_3 1 by Nguyen_Dong_Quy for API(s) 3.0.0
DBTT 1.2 by LonMongManh69 for API(s) 3.0.0
HuongDan 1.0.0 by Phan Hoàng Kha for API(s) 3.0.0
PLMenuUI 1.0.0 by NguyenDongQuy for API(s) 3.0.0
NTUi 1 by Nguyen_Dong_Quy for API(s) 3.0.0
Thuy_Long_Dan_Thuat 1 by Nguyen_Dong_Quy for API(s) 3.0.0
NGVS_Vang 1 by Nguyen_Dong_Quy for API(s) 3.0.0
Dich_Chuyen_Chi_Thuat 1 by NguyenDongQuy for API(s) 3.0.0
NV_Sasori_20 1 by Nguyen_Dong_Quy_Edit_NQC for API(s) 3.0.0
BlockCMD 1.0.0-beta by kenygamer for API(s) 3.0.0-ALPHA10, 3.0.0-ALPHA11, 3.0.0-ALPHA12, 3.0.0
NGVS_QidaCoin 1 by Nguyen_Dong_Quy for API(s) 3.0.0
Shop-NGSC 1 by NguyenDongQuy for API(s) 3.0.0
KhoiDauWorld 0.4 by NguyenDongQuy for API(s) 3.0.0
PetCustom 1.1.2 by BlockHorizons for API(s) 3.0.0
SlapperRotation 1.2.1 by jojoe77777 for API(s) 3.0.0
NV_Ino_13 1 by NQC for API(s) 3.0.0
FormImagesFix 0.0.1 by  for API(s) 3.11.4
NinjaMode 1 by NguyenDongQuy for API(s) 3.0.0
Bat_Quai_Khong_Chuong 1 by NguyenDongQuy for API(s) 3.0.0
Giftcode 1.0.0 by  for API(s) 3.0.0, 4.0.0
Nap_QidaCoin 1 by NguyenDongQuy for API(s) 3.0.0
NV_Naruto_Tre_6 1 by Nguyen_Dong_Quy for API(s) 3.0.0
DC_Shuriken 1 by NguyenDongQuy for API(s) 3.0.0
MIE_Protector 1.0.4 by FaigerSYS for API(s) 3.0.0, 4.0.0
NGVS_Level 1 by NguyenDongQuy for API(s) 3.0.0
NGVS_Bac 1 by Nguyen_Dong_Quy for API(s) 3.0.0
NV_Neji_Tre_7 1 by Nguyen_Dong_Quy for API(s) 3.0.0
ClearCache 1 by NguyenDongQuy for API(s) 3.0.0
BedrockClans 2 by Wertzui123 for API(s) 3.0.0
NGVS_LayHang 1.0.0 by NguyenDongQuy for API(s) 3.0.0
StatsCMD 1 by NguyenDongQuy for API(s) 3.0.0
MapImageEngine 1.1.3 by FaigerSYS for API(s) 3.0.0
NGVS_Stats 1.0.0 by NguyenDongQuy for API(s) 3.0.0
NGVS_Kit 0.4 by UnknownBallin for API(s) 3.0.0
DanhViThuUI 1.0.0 by  for API(s) 3.0.0, 4.0.0
BanManhViThu 1 by NguyenDongQuy for API(s) 3.0.0
NGVS_Mana 1.0.0 by NguyenDongQuy for API(s) 3.0.0
ChatAPI 0.4 by UnknownBallin for API(s) 3.0.0
Dan 1 by NguyenDongQuy for API(s) 3.0.0
NGVS_DCK 1 by Nguyen_Dong_Quy_edit_NQC for API(s) 3.0.0
NV_Momochi_Zabuza_4 1 by Nguyen_Dong_Quy for API(s) 3.0.0
Byakugan 1 by NguyenDongQuy for API(s) 3.0.0
TimeCommander 2.2 by Zeao for API(s) 3.0.0
NV_Shikamaru_14 1 by Nguyen_Dong_Quy_Edit_NQC for API(s) 3.0.0
DoiVang 1 by Nguyen_Dong_Quy for API(s) 3.0.0
PackGift 1 by NguyenDongQuy for API(s) 3.0.0
NV_Chiyo_19 1 by Nguyen_Dong_Quy_Edit_NQC for API(s) 3.0.0
NV_Thay_Gai_16 1 by Nguyen_Dong_Quy_Edit_NQC for API(s) 3.0.0
NGVS_Xu 1 by Nguyen_Dong_Quy for API(s) 3.0.0
NV_Hokage_Tsunade_12 1 by Nguyen_Dong_Quy for API(s) 3.0.0
Ghep_Trang_Bi 1 by NguyenQuocCuong for API(s) 3.0.0
Sharingan 1 by NguyenDongQuy for API(s) 3.0.0
NGVS_GiaToc 1 by Nguyen_Dong_Quy for API(s) 3.0.0
NV_Haku_5 1 by Nguyen_Dong_Quy for API(s) 3.0.0
SkinShop 1 by phuongaz for API(s) 3.0.0
Thuy_Lao_Thuat 1 by NguyenDongQuy for API(s) 3.0.0
ManyWorlds 2.2.0 by aliuly for API(s) 3.0.0
NGVS_Loa 1.0.0 by NguyenDongQuy for API(s) 3.0.0
BloodFX 1.0.2 by Vale914 for API(s) 3.0.0
NV_Hokage_Tsunade_2 1 by Nguyen_Dong_Quy for API(s) 3.0.0
Tang_Sinh_Chi_Thuat 1 by Nguyen_Dong_Quy for API(s) 3.0.0
Nien_Ha_Hoa_Don 1 by NguyenDongQuy for API(s) 3.0.0
NV_Thay_Iruka_8 1 by Nguyen_Dong_Quy for API(s) 3.0.0

----------------------REPORT THE DATA BELOW THIS LINE-----------------------

===BEGIN CRASH DUMP===
eNrtfXtT20jW91dRMVvvkzyFje4XpjIVAiSwAcIEZzK76ylXS2rZGmTJowvE2Zrv/v5Ot2RLghCc
YeD5I7NbwTpqnT73c/oi9X+3oiyfs3JyxfMiztKtXWN7q4znfGtXszzHcj3N0re3ElaUh3me5Vu7
/90qlwvc3pLX21tzXhRsSpB9liRKmSlMmfO5z3MlqtKgBFalWLDrdJTtJcmz5wqu0ypJ8GiEP6/j
RDy7Ox5/KEDEeLwXzuM0LsqclVk+Hh/w4rLMFuNxOr3C3UVSTeMUP855uV8VZTYfj4s8GI9fJVlw
eZTl8eeMbotLtMHPBMh4KnAfXvG0PKmvh4vZgqiQFNSId1Z4d4B2p4N1Z4V0Z4Vzp4MS6JI4BTrP
gxxzFuDnf7Z+UJXNsC/on5CVEHuWQ7g7Fz+fxCU/AOQCEJ4/0/Xnu8rmLA9+utcz/w2SrKhy/ucz
luds+R/tt+fg7AdN2d/dEVra6Shpp9bRDqlo5yrOY2IniX1WLNM/kknIrwaaZkPeLBd8L7LpNC7X
LXbwl+8Qe/tZmvIAOI/ni+SZZhl3srkQ/7YENR73JXUXx7c8fpPzbUX+sqUM9EeXgUsykK1JSXXz
8Zjawz36Dwx++mLbNXOZ/zseuA1rzosqAejij+SCJ2j0XgAE78bfyzu6HM1yzsLzLAPfqvV/hW/z
sXWu2/pdvHcENfiJfklqi66/Wo+pL9veUF3BjAeXDd2CXltBrApB3wIuyktQzHeKNMs+c0HFRcL5
gudHLA0ThEBNNzYQ0j2MQ9DgKM+AdVypqub/x3B/tH7UdWc+GAwUnyfZtRIXSjnjCsIJ4jlLlKJk
waUiQr2CVvWDc4nMffRg4egbaoF/4kFVcrp4z66fgcA4nf5HU83flIvDk8P90RCx8ozN+fbwMC3j
cil/A3gRf8aP4+IV85cCcMKveLI9FH/Oszgti+Hr9+9OFQq2ysejwyaSUkzFXT5FiWBsK7VP7ks1
bCtnH05OFCE+7/Hzjfbt4mtkp6u/KT4lGUovwyRj4SJhS55vzL72N5QNxrfxJ0PiJhx22ZL8aMqD
FFlIDfZfLwuI7IYh5zflLU/f8uU/bydcV6QVraKS5GPnlJezLBTEHQpBZfkz81srsyw9F1L8J1xn
naiaLsdjTs2pAKZGqH9XjQUeSajxBULf8yn1k/NwJURXFaawxi+bjse3MLWyg4auzflbCXZTlsw+
S+IhaRHPXPcLTNxkGAkH4xP52DeSYvVJka1gj67do6NGJx6WPcuMoNl9HCkvr7P8cmceLBqEZxJ0
gZEVItteyBbg5JmhWb1OZOvBT2H2Os6L8oJGWXU3zp3dLPKszIIs2blA1M5AncS0VxyncRmzBJE9
PGf07DOz32mNaDwmTA0Nt1I8+GkmUvUdndymiV4HDa3w4a8RK1l3v1nCmqbezewGtDTM34PDO0iS
HHn3U+YrVgazWm2a7vxlvVG0rNE9vJp09THU1BLJAypE174QCAzdUp9K7C1WJZH6nQJ+zy5PYv8Y
dUgeoXZ9ptneF6LLw1Jl3FLj5+wStYgoBVDsXfEccYn+NJW+590t1B4vDcmHacAWGF6wkoft0kXT
raGumUPLGWqupViqq5ur9CRpabPQRiM5WddvqmTK3EzUKvHTdCQ5JrdpsdywUEtc9mJt1MvGQgPH
AQyy7uzbxmIb9Pbltr0Rme5sRIrbT1iyKQTcabfi9ywr4ygOGE1UNszfSCFSOc90zXLuib2g6w8Y
MSXPwqzyE66sJlS1oUsFg+jJ+0JPmueZvZ7kncFPZYxaS9KOclNOzKhfQmPdqJAaNBi45rVlGTfj
mfh5ip/PdMf4AobJJIDIyrwKVjHhFcYR+wkrihNU118o+irIBNXhKYvTE4xEqFXtnIb9m3LvieDV
U6a5wVOr6WPJuH4H44ba14B01VpmhoJERH7M/6jinDcBxtN+U2jcubuzc5/B67q/wel5e8Dapuj5
1m9/bm/xv2EC/u+Z+gaxEuUkTq+y5IrP0Q79hJBTUG41dwFZ9QhgkIWc2PNU3BiX7f/9g8Zy/xlv
rWcgxlu/beMZT7vZth6L0l39i5jqSY0GjbFBl+ZdSGlSpGlo3Wj4zM+y5LnStJdzJ01z+y68YlKl
ael8sWVr7gWNqa3ba/v8R4J6Peg/FlQgta2Emmmqens7Xh7QshFGUhFLCl437usijp79AwYdTnKO
J54r/xWtbtGJQEpBnzf99vXxp4D2JS8D0e7ulJfHCEQsRdp7PvgJl/vZHOSFp2xBgDAGZ6hDnjW2
oYy3SoSehC/wa3jTJmoqugqUNLS1JCFrbdSPNSKXt6Wo/9z68/uC0PcFoe8LQt8XhL4vCH1fEPq+
IPR9Qej7gtD3BaHvC0LfF4S+Lwh9XxD6viD0fUHo+4LQ9wWh7wtC3xeEvi8IfV8Q+vqC0PbWlIpY
ltCSScrojY2tzrOgiQZx6zc7toyhZg1VgldxEm7taq5mbG/FBQ2Pt3bFTP72VhPmtnZN1UUnMS3c
MNNzfdXULObrPIw011BV01HDiNuh5uqGo0e6pXmEu6pp+RjDQ68L5WykHBxevB29Ox+8frNv/LL/
XtHUoaoIGhRgsiG3pjHyuLJ3emCbtEY0WwCNMwTVdPkZHi94qK9xe5IV1NHx2dkIAHFxHadiJWm+
yCDoCeJpzvKYFyQkFs7AWM53fi+ydIA29aqUOtSG6kvXNF3VsVXDM1wvsiw3MjwWqpZlMOa7Tugb
kavZoussyNk8rjC8RjDGYHJQi5gI0IbWUHuphYZumLrvBhr34S+WEbiu6wSGDQyObwZ6yGzHCIiP
tWL9OGX5UnhDTZamveRu4NtW6Gu+43ku577vGJ6v6WakMw+UctcBVu53UdH4wgd1gyvUWSFZmaAN
OF+ajEe27+tW5Dmh6kOVPlN9M7Jt1zB9jXmBa0eBx3oIyYcT4cMrkZlBALGo3HQjFViiAPIyfV9l
uuqGGogNbANhy+hiSrKpwKADA7c8n4e+FeIx7ntMt23TCXwSFP7oEXN0FoYRu4FhsCjFVF6xIsbz
/YBDZ7BTzXQd5gMRdMBs5qiW6eg6Qxeq7XRRzVk5q6kxX/paoLu+bthh5ELaVuj4qh1ErqlrkefZ
OqTOAlNTuyhSv6wxaEBhaGEAvZimYehuYPrMd+ww0HzXDKB5I3DAsK7yLgqZ+SUr+tB9Ca0yxzYi
qEHXQ191DW5auhuaLIDGNCNUOXMNZnaxyMRTC0R/6YJuNWRG6BkG7CfwDc71kAdRaHHLtIDEcsIg
jHpIFonAYMJSoghNPBgHNzUID1YIZ4WLOI5mBWrkOo7ugg4XGMIsoGjHd2KxDofyvjE5gxAZFmKF
qtsu91QTWY8bfugFpu1agWVwlRuGEXFOap4vYWl+sRMiWcJHF0uBRCPD9WzP1zWoglkaY1pkB6oW
aqEOe7bskDAiobrcApY0vowRM2eLwYLlhTDZK3PokpsHlsvhgKEZGa4Ln9ZtTWM+Z4HOIz8wQtij
4zpCQYi9gziDjaRxxAvSsi48yLV02+JRaLDI8ZkRMNPXmR4YZggfsBzXDUPd0wyjhaMdhGEqLwN4
oO3qVsgj1+MqM3Rdh0Rdw3AiN+As0lAaREyVgQ7SrShYIVfkPKKJt7iOYAKlLnxJC1UtML3Q5KFN
4Zgx12SO6bAQ6rcYynndtGHEd6EEVEzjAaklkBqaoyIwRpZjwyg1LzItW3OMkAg1TK5GEZm2NKIO
UtqjMMh5Qav/jSHA313HZRqc0tJNK/K540aofFSOCGSQwxo+nNW2NImuWPCABrOLGQ9qO8D/X/q6
qiJScaggCOHnkW+rATOY7gU+/jE9hsCg2bXsyBx36r+NhxnOS4trNrjgiJx6CI0DS4jneAC0uh8g
8HCERJfdRDLA3yqNywaZZkP0sD3KhJqvWoYXcmYFoeFwGKRps8h3fU11uObcgoyKhKAc5FXCiwaj
iWDm2hypw3EQMKA0l+uIbLrKVI3pyC1OCC9klrRSQY0wdtpBgX8gcbkfxEMgMBDwKTQaiMtw+Ujn
jmYaoDByHNiFpRmBD3vWuNlDRntDBjHK89qVyXDNl0gbELvlI7wbVgBFGggDEVeRG02TwZ8Cjfyw
TxntA7nkEg1Fa4e5lm/bLAhMN2BBFCHkOiFivWF7JihEEHZM3XN7aEr+qcQ/8wWNvWp/1F/aUYSk
xZkJyWhIum4URI7JdcQ5zeZ6YGkBspDeZ5Bec82FpZNTgxIPJu04sCIkNd2PEGVM0ACyfIrkfuSZ
Gne6SGpD8GDd1ktH0yxfVZFBfIovts4cw7WswLM1C2yF8ErVBnNAUcDkC0TJdEforEZDCdp6iZpB
DyPkj8BTLZWyPmK+hnCJIkA1NM2BiQKpejsaOB0FGz5IsuyyWqyExCGMCElSDWD3DOnJgKshLxga
srXuRXDLkLma18M6RwCtDcAEHuNlGCCCIv8gKzNoKvJCPUBIRmzQdQ0hgSFRcs2MbuBJ+Ke4XNb0
ILIY8F6bMr5lBzb8JHJUF4o3TQ43Nn0zDHioek4HTxhHUU2J/lJDMkEkjyAlhkrGDpDvfOQD7oUI
6XgeoQbiMjoYeHoV51lal36WyJQqcywnYL4XWr7DIwQQG5FOIzexAw/JG8kOSPUuok+LLC95viLH
crTQ0bXQR4EVuIi7KqobGyR6lsmgTg4DQg7skjNNMp8liALSni0hGtQq3LaNwLM0PwwQTyBTFKYc
vxEGeEihzuuLhvZeFYMsGshtVMKWEHDJkG3djkxUZhYiXGC4MEvfRV1kIpZz01PJoDqo5BBtwFME
87byISnHjHiohyqzQ9VFCHWcMES+8uB5wO0brulpwH4bujrNCGzSJDXdYdC7jaDpmCgxdFXTLQPB
CJV2aJmqHdoBInPX0HMeVCKXgtGU4sGaOFvXDQ3swgZ8D1krMCMG07BNw0e4h5EHmhbaRg9dkVV5
wAfZgnitq3ijRmgZjuYCh617KAUtBHRETRQwoBF5mvTB9Z6B1ZvzKCejUrA9D97sG4Zp2kHo2dwG
WZqL+ODDfC3kBj2A+XYwdGsF7SXUZ7moUiyUfaGhoTxGgWsg/1momR1U0EBjMTGYKJbzKEuXGC0m
S8TvZBDU5Fwhcbo0MAkQ2mwSOqK46qiIUyjCQJYKa0V5jFxu+6ZFobKc8YJzZHIE7jT+XGdxKgoc
CMQIDAMx3EE5iGLXRGmhOhZnKotUZBmd6lXi6pr78+wzy8sdDB94LoOcR0mcRYHtBQy1WGh6MPIo
RF3pqS6qOoOhuHApDLtetzpd/xzMF6sR7ct7D0//XO1MFCPC+ByD3domV4PoFnB7qzN4HlLkZlU5
y/KCdnGdHPxK43C2iOmKlKXSNU+Zn3AMVsu8woA65AsMXekB3CuyqDxoA+ZM7IMEqvF43bOcDKEd
lRhx0cD+3cXo47v3JwdSpEUsosWsLBfF7s4Oxuizyh8iyO4Az+B0//xwp8UFeH6Lavo4vRKl2bLF
axfeZlcTEwUtZt/OMvYGw950CswPxXYH6XjcIed+MiDuLmhUf1SFLcZWoDZP1k0V/hNj5NODh2JH
YhuPm97Xv+7DxgG/GmVZUrTYWIG6qtHMvnbWMz/KiLN5hyEUzca3ctQQQNNmK1JqTi5Ge+9HH86/
ZpJr0nZWOMAt9HzBeYvXGtAzwj6jnXXmh9Jbb/FaUjIeyynL+6juY5YnYe1xLZY64DZjGIIMnS5j
LImrZPlQHEls4/E1UbCQFPQd6p76O63iPIp5Erajb7Nto8w5TaLQwvpOh1sI5fxwP0uSOGwreQ27
M9gU7BO7StgnVdUeSiItlLQfJJBk3EcmxMurHPcDwWeLmza0y4/V5efwKksuQNiDGey64/G4S8U9
lHt9fT3koIiwD8tLoSuxtCc39Qia1xrr3en7Z8+M90LrAZUmsTUrjysiNkgNCVssOjprIF0+7H5i
+D37PeMO/deNpcZfsEDZ8zfn9jVJOw0TpLkq5+c8n3d0toJ1uTSHRpdL23z9WlWV/6fAbalIP06j
OKVR2gPpbyI7gAIbilo/v0EE4tlmx9gKD6SwV5XZfsJZfsKm05YkuvBuPXcjt4yuaWdQ+FDMlxLd
eIwusoCISEDEeNynaVMh1GTuFcukmp/u73TxUSFx+IvYAdkuJBpQ1yD0vvvKnYCAXbx7zR9KEM32
QrkvczwOefOrRdZXAvDrLJ/vnR+3WGogXY6MvlK/4Mj6t7Ozxjge10SsftwnJu0l12xZiL1ZbUtt
Qbulgj40e8XeLE7ihXKBPxj1Tx9MTQJtUWOF2QqKxDtBN2uhL+mJY5hH0/9JMTpvcdcB921Q77D3
QNy0exyPe/1/VUevaHWS5/16vAPus6EOfF6yLjNb+595MDs/ReVLD/wSf4ov9//9UBoLCPliDn9C
XPUlbaUs13uUbhpjWmTvdFBBNmdvfrmYYOTWruvWsK/U72fTasnTgyyd/lw9WJp5e3z/iuA0CyYH
cTqbvIqDWYuDLryn2964P0tPwcApS2e291A8nB68wnDxMhbvZX7FyQ4OWDYZzSpWTkZsPjmfsUU7
1t9yt8PPI2jk4GBEbtfj58ta2Z+HF2mWdUu1FvArVnWUlcUsK4+6I3ka7X+rZ83DQnY9HnfI+HrF
SSxD/Hw0Y+343oU/tj7qfu/vJkdwhzM8IQ2pxUfvxn0ZYQ/FydFoEyZikBnztEN/A3t8Hyfa7+vi
6PiXGDJuO/YK9uju/MsGUt9DopU7wi7KrB2Yejd6c1q9QpTxsowfyp27Pd+fFZHWfq7E4n8310ng
o+vhaAPaf5nsz7Lf44lmtYlvQb9K/YTIB6vLyWEYl5Ozn/cfipGzXzRrI1b+GecsXrKJpnWZacE3
YOdhOdE24uQNYzmb6D0+VtAnVYq+GStIKcvJW3bJMGiY9Bjq3bs/Ww/HzQaJYnT07uzN2+NRO1Gs
YE9R0h6N3m6kircsvazybKK5XTW04E/r7u792TmpmvLitvL2truPHYdPNqtuT3la/dK2rRrwFIZ1
sUkqhwFdMNgP4qvTtas1+GnNyrk/Mx9Z3rYjcXm3BvpkboudBt+evff/QnRV7wqv6pPEV03dsBqJ
l9lE1/vVSA192sSn358VijqjvAItB5kMRS2Obrn5+KoZjQ5GG4SnvTncubwx0uuAHzvC7l1swsEp
m8bBx8O2aa1A3R0ATn+g8StPY5ZgaPVQlH8SCEM52JY03H/69FVWFLAEFrcnHVew7rxwf8Q0q6AC
9vnhpoMlPlqwyBkRMR7Tv/eqpyr/JPP9ZX+Suwu/w6ZOsqr4CHynD+bja4zjcZ+M+40D36OU6g8D
Bewp0vj+q00C1mKUHWSdKCUh/T0JPcqnPMunMUv/Ndq6mQrF38HeyfnRntu99LqXWq+1GKrV1+cn
uNa/eYWNLcoszMbjNT9fn2kUX5nYS3hetmf2O+A7/eyh1/LbPY/HPTq+bTW/NS72bh8ue09SMHgb
1Qvv0P2Ifa5SNjG6XHTuPAUjxv0ZOXg1alf+4vLxZx6p23vPPR5R4D9g3cBdg74S6zAaS5WjjD56
xNV0qrydPdzEb03C/UV/fkLjrA/tReMV6Cli9unZhw0cYPShXQSIy8c39ePXFxvkmRlq8xOi4OCW
hYPb7j5BaXyyUWkskvwvLJ32E7+APT75R6MNZrUO4mCG8ZUgBMOsGxq5/f6jz2nv72+kEZp7KLI8
nuhqf0qiAT/tUHKDUbHYeLp/etCu9hvQjQglthd0ubnk6XLK6DWmHvlfr7zEtd5c/6Wds/u057lF
9z2XVeKQ7WdxemNlpYE/vnf9vMkMzcUsWwzO3lzstxd5V7DH9qKLDVaG3s6y+IBVYr9u+2WANrhN
v9rfgPT3bOI42CCzrz4b3UrtrU9JdxYW+wXWY2whb33/7P67yOtdne+zUryIdHPT6upOf+vR/Tav
/hXz6hKwUR1/nGYTrVfB17C7vORBp4k3KNhpJ9/xnE158Tr+1NtvuIZ3/UPtaaD3+oX5rZTPqz8K
2jlJh7TGou8o/rSB8OP0d3aadXbgr2GPHaLOTjdIjKwUU160pwwxfl/MRbWz5K33H5ujVz+/3d+g
dHkTR2XQ1cYK9KgLESOWjjIaSVH3+9nN1yDuMCm2uDVzt8GPblhsMZrxjWLSGcurMpuMcj6xu5Gp
c+cp5hbsDQr8/cnFrMrjy84Opzb00cuQ92/H44P9e83ZHx9Obnv/sgvv+0WvEnnN4inPL/51sfXA
LrJCDG20Cepd3rvaFd9A7pe6Evjoi9fiKInN9kC9YkGfeAI9xQD41WaOzn+PhTP31q9b8Kdw8g2W
rcWrHfssmLXzRgv42Oazf7JBGudhTsPChKWdbfRtcGeyvUv/R56Xn6tY042HIn6NETV6i4pvfilr
jXCnw9XK79ny6Jbpowb8FNOQJxsMFS9Q7xfdCYoV6NFzS93xBnv92UJU7IfpVJxM1Foc7tzoDxiN
+yaZB0guHUr61/eOz0I2fSOTwKcwMep+PF4TsWG2eRvf2G/7Ni7vnpP4kF6m2XX6itHbSw82J7G3
QTHW7M7uLDi0oY9a4+9tss/rFUtPb9lw3gE/+uDqdKOdamQkIJb1DUfAntgHiIYNEv6Mld1XHRvI
4zsA9Twe079n/HIjX+j6wOOvKmyyUCiUdLD/tm87BNpgLYE/8FoCut+o1j3N5lkwiyf/Zn71mU3M
bsV74+5T1L3mBjFpyS6raceQVqBHj0X/2nv74c3ema7S6s69J3xG8ZzXJ9F1Xmzrwntv+3bZ+Tdn
2YN+ZKjT91//zlCXlXp9bhZfsjnLq4nWs8HOnafdOLyBJR5kcW8JuIE8vgsdbLD+S9+Kpxm+9iJJ
A3psDzp/s/8Nm4U177bNwpr3xLbjbb6P+w2LJ5p9yx7u+sbTMmRvmCt/rfqp8tfqSSaDft1IE0cZ
fa57MiqqlIV8ovW2ot+8/SS76jfYiv5mxheTUY5QNHnV3i3UhX+Vi5+rLNgXKygPtcvm1Sbr6Iy+
k999WXoFe/x19L33x2ebp3rhBG9iNspuTJTW0Me3pTebvelzhOJq0ntXtIY9hR9s8H4otJTS1ovu
6/YSdAfpf9+Oeepd/nv/fXPNRxtubJlb3Xj0jwacbPYORroUe0eKzkTbCtj/qI36GN+/Q126FN/A
23QK6iS7MZNAoCeZr323Jz4xtMGmsix8/Wt3T5mA9KnvjTV+YQn3NPOh6K7Ric0w1P1fSdV3Z+qn
SdQbvTKGzi/o6zK37cO87e4T7Iy92GwfZgwajhhUwYiUzg6T7p1H3w5wdHSw2YZSUYgf59Ulm7i3
lOjNnacwsnu/Nk1fNmY5CC95/5OwzUFCeGIwkGQMWFqIr2vIE4yGdMoCz0txUs7WD+erK2U/S6N4
qtBhAON8nP5wmqXK3iJXdEfR7F3T2zVU5ePxK0WUS2iQwJYr+OYLnk7pep6V4YsOKYr8EAfdlJ0P
6EPqLzRPM3QCXs/A0oBODX2RRRFBWJpmVRrQV0fFAXQsmMX8itM33IsXWSow0Ztcg/pDp9DQCwxp
qHf2qX6oeGEJ+mi37DwL+QtxFWX06e8VrO4Pogrpu73N9eJqUXdD35+Pgyoply8ErfIIJjoPtaDP
laTT4oUQAq2wD8iKXrzN0mzG1sCC87DVhj7P/eLg8PXeB+RaQGvt/FHxfFn3WYPyAFzVBNHv4YIV
BVJb+OJ/xX8QU1Vmg4Jd8frBq5hfD8KYjpkI+AuXQJ/87NOAzLbB1Pm89nA5p8NfflDI4pRAaL6S
H0UXBqBAXEpHlzAIZUTfCVca/hWWc3kedsrpYGxWKgHpr1R8rsRpkFQhD/FDuWF4hOsim+PJSClv
4ixYxLeVDHfyglAqfs7ZpbLMqrzGpcSRAjXGUSx6gAZzGAOqACA+49crdDshjxidMa5cZ+n/lArt
bGS5QuKbg1k6OmlJFJazuJB8X894qlSLac5CIBiOUzJdiWx3nCrKDx9nnAhTygy9pKECFPVhZAWd
BJ4W4qxAeVuQmtB5mHRouJLwUsiLPooYcEWe8keQOWGWBto41a4iDumiG8WsKsMMNj/nRSFujbfO
ZuNK48xPlTex+GVAoOlUQVahSz9KlVcSnimjXLyjEyin4q+2RCu6x53xlmBpL6HDzckNwUVzTLNy
FTPlZzJOaiOstPkU8K5CcU08irr7WmFkQEUGXmoKpRRZjUqpCtgHgiB0JGSDEgct6aDhgpCs79Dp
Wn5W8FYHh8IlGkyQmELuqsCWoC4i118qtZKpfe1Bq9stMf7wEVkCtgqNszBUcnn4vCSVjtUDSYxO
HqRYQye9yyPfoTb+R8USUug0vkLbK5ZUXHlWd4po+Jywyx7pHBwKcQMYBJ1ut4vbou+zau7DFmDv
e8UyDUasuFTo2ENY+FA0+FBAMOR0DafUbJYjpFSwKzQvthVR3Sp1IIKnbit02EYuDxIVskGWINi8
SutDDSXyC2F44An2n2efYtg+hxjAkvCpdEUcybYm6DgiL6I25C3bSlz+D8RX5uKxkFPwFcbce1h5
Bh6gcEUXYhFsDGpOdwWqvhcxYX15laakzpBiZbYQShCfOSyGygG/qn8r83g6Q5jJWTHbboeF2jJJ
InleLUoJlQIjwcxBW82XUC4MThwKF0pXZVdZHILs2ykgGyGbyyBoWNewZWh02rxstLI0pCKkmHwp
w8UbceqHQllfkXA42jwuKerM+ZT5yxISVy6kqFUh3Lgg3OLxEWntOhaSFxaFcHI9kIgaIysEh1EM
EhErxeHThCbKOW+6lEYObVXCPacZFEVnBwmroI7qw0kEabuKSlygd5Ec5Olr/+c5oDLqLvop0/81
+osyWwgS6sC+IqlGVygIH5SqebgiiHptqNJU3awJE0Hgo/CKmr7ifx6AQuEXgiSKGEpQIS2mSIuK
PMGdrDuTJEuPpDS6as0/BShYijVHMnC9Gx3uKqOj4wvl5Pj0eITgfX5yfHihnB++V1Ccvj18v62g
kTJ6h1aHysejdyeHyvn7d/uHFxfDfgjoyEO37Foc5zyPM1EqUCAuiMFgxkVIFtJYBVsNskeuCUVs
EU0GCIVchlmBCkUs+ESAhjURv18yNmlkKEApNafUrO5MYJZIEHrXgVxmJNHHO8ohVIGIB4Y3W5Mt
1GMAqG3BAypUpGSJXKlX+eyKB5gXXxRrVulYV8Fr8fx2kmrOjZrzKct9OqCSvnYvC2MRgG6XrnA1
Iqd+SqmfQuyes7QSZVGbEpSMFWzw+XaTE/pG2JihTK9RBFyS3/naBYfKOxnzpcGjrsmqJFzREiOJ
XKfKmv5CIl4I8sGorao1r+jttQgWN5KkMB2JYcVblGfzJtnKp+sWg7ZptjVM3NSavGEbyi0m1bGO
i6aUJZXlmfjCcmPIYTVfyLpPFpdKfWNANxp9HVCj+gFBuyCz4QBXSPNwdnaLgJG0kfjQwxWMrCgq
ToGhnEFr06YOpqBFva2p2m4UKWuEutwdSmqo6RflRGOuYFall0VD+z5bEDSeV3PkWFooVpphCSlS
kSM0ScVaruQvtSiFx9y0MQwDFjVFosMB1ecVkq650thBJm/1bZpqI4p6Er9s3LiQxFU3bHMmKodB
QLtuV7wdgBRRq6B8JOmBOllgSCwLcVy3Ip+RHK65w2O1PCU/Tc/UeF3tkgBpt2+D925Ud9nhOK3P
1d6tUwRKs1mWyBLTp3PZRakvSC7oSHOlTjIitskxWX1Xphafr4pNmd5+aGupuUVhNV+WhHxbGWgt
BQrliY4HZUNMnQJE1F7XsWK0TCVkKDmnUZYo9OlhAGuyhsoRakHY0gtR3Cn75x+28Sxo8OFf13EI
sxe1goyeK/wDgX9XcZqye12RF0I6rbZDZS9EoJqxJNrBIFcOE0IOG667QqcKTdaQgbUccZ32Wsja
Q5HDTxTVqMRkybYMmtR1fTbyEEM2kS8yUUl/OE/Pmzp8PWqlYQY9dI2MSjirRboY1Ne9gc9p7ZBF
/JmvVE0Ve6Nh+mB6U02hopeW08q6pqfLh54PlfP6mYTlU/EAq4fPtZmIHqOcTYk7qAtsFYtEFDM0
Jp6DeIoDLCcV7icxzeyIQT6dpc2LUjkdfRCUFmCJ2ParUqFJBaHldXdy3DFswtC8rAb01K6glhwg
5H413W3GMj8pGo1h6kqORq3ifjNiLeQsAG9GsvRYbSgaIZNxS2Lbn2UYo5JxNkMY3gxSRXALWcmU
gl01QZTmaZr5LLq39nc6PReRgLOyiTGgVB7O3ZTMYri1yGW5UixQoYnyJc0COhdAPAs5nrIlZEjG
Ms+umhEshf86Zoq4NWjuyS6LdbRo5qva8xwjMVEhDYDeSWSlnOIRbWttV0U91A9g9aWMC/UzA/nM
rrJAQXEVJ9SNjHm1P9e9UNBm6XRVVKf0WNLPHdtNq85E161zS3KUtzfPKrLpSAbn2sRJlHKKUCQj
cmcxdodi6LfIJnj4vcgtrYcF4ymXY0WfS2Q+j8gixXSkSAezxgKE0sUsZSdLSfapoxX78EyF9UkF
L4EIswpHAriNSvV2MlkOTKGYdxGGCGKbh+nvihpDWDeNpAfVAhbJi1a0EKeXiI7ExGxrKub4QHQm
Tg0uhEuSPHlOmkZdi9A1V2rulHrmocl24pkO68A3UHTlB2WKMUuxFs96dmMloeFNEdXOes1iMahB
4EDFL3WzyBZV0hhjfUFhX7SpQ4RL/YlieLCovZqCKznqrtKUmWKOVU7n7NYJj2afxBBLgmW+qNVF
52is5gXCtdjI3MVBnT3Qytu64MUMlVmUtRQCJxvIbXmrlrOMFCNIGS7m88UwzgTFaZYu5zREoENG
aTovKNak07invq+s7wsWRMRi02mOwaacWFrN3FEhVeZMKK7Dn6APDvzu4N0u5FEvNtSpgGLCNZd1
KIPnXIseC0H4mgEBG7YmpZF5VpKXlimVc0Oo0Ke8X9sSkp44JJRCd7ucEvCsLTpUqCmZSWuWZxvh
cTFj2wp9dEPkq3JVsSDyRhyjaKgQASilfCDvNnlFzhmxzqxRvXTUyjcVqjOkNhHEmlhRIxSal/eb
Pm5oWvLaVnUZz9ehuk5IhJTaN3UDaZbiJXUopsPqh5qpz+G6g/pOu4dGmnenvDpqS+1Kr2jNMjTT
wmVc1vJs5hNmNVAEDBoQ1DVmHTBoehZlfCiKrDhaIUKlDkbkKgEFoGaQLUMc8NURsklsLIlZUVfw
KLoYHU1cX1ENABprXe02SpP3YLc027Or/Eckb6TPbTH98xshlZsMVlmyvXoh2KBCKo/DeoDdLBuJ
kfNtCUvkc5GgC1FLioEZ9BOD1jrbtsmX/Qoa5E+F1pkoKcjkte5xV3l9sjfa1X90ti3vk7ZtfDK2
9R+1H0MeZDLEPqMz/QKKrS9cVUZieWVaz2XVI+f72+Na6eGUWiDjetpJVB5i3ghaC5a0HlIFZZU3
Mbkp5vPVRL6IOMCDTBWIJZyiEdigWWWALcjy7ofXItSIrkT7DpJKFAoSMmlBBqLWGq5nyLKFGAry
Twh8RT0OCi6pXC5EzQ+J+DEK1aUcMot2xC9IQZUus4j0GcmlwI9aJF/F6q3tLf6p5Gkhjxb+79Y+
CoSt3S1naAzFJmg/QEk0a0NoaSgNWd6BZfNJmJUIhh1ofbzvGlDlSfs6lOdKr66jOJFnVq8gU3GQ
7upyhvTRvo7hZVdtwO9FvX3EEZtf5r5c52o3oUIM5Idt2CLocv1engYtF9PXT4qwX3RBqE/mbcjF
+Un7cr4s/khS6qz+pYgD3XWahldQTqiapZqqg5//OIZLOEGA/9NJzI4V2aGjcyuI1IgOdDbFidaB
znxfN5R/0BnIrbOPVx0umVgm1eu30T/HC/naoCUvk9hvt8blp3lXJ/TZmi1dpbPcddrKfH7wriOq
MJsIVvpAgOKuOhEu0qLoNLyIKSD8etqRUY8CXNKItMsWgNd53LOORT0vJw7M04caZEoEz7rGuc7W
E1GLVWVMx2ZtQQ3CSOKpH6eMTh4Wx3jQdh2Bkj5dQwIQAS30xRPyYzZBvlyUmQAYAjANb+g87piJ
kI3RBq1OCp9W0hglOX/++f8BsBhHFw==
===END CRASH DUMP===
