PocketMine-MP Crash Dump Sun Apr 25 20:33:26 AKDT 2021

Error: RakLib Thread crashed
File: pmsrc/src/pocketmine/network/mcpe/RakLibInterface
Line: 112
Type: Exception

Code:
[103] 
[104] 	public function setNetwork(Network $network){
[105] 		$this->network = $network;
[106] 	}
[107] 
[108] 	public function process() : void{
[109] 		while($this->interface->handlePacket()){}
[110] 
[111] 		if(!$this->rakLib->isRunning() and !$this->rakLib->isShutdown()){
[112] 			throw new \Exception("RakLib Thread crashed");
[113] 		}
[114] 	}
[115] 
[116] 	public function closeSession(string $identifier, string $reason) : void{
[117] 		if(isset($this->players[$identifier])){
[118] 			$player = $this->players[$identifier];
[119] 			unset($this->identifiers[spl_object_hash($player)]);
[120] 			unset($this->players[$identifier]);
[121] 			unset($this->identifiersACK[$identifier]);
[122] 			$player->close($player->getLeaveMessage(), $reason);

Backtrace:
#0 pmsrc/src/pocketmine/network/Network(109): pocketmine\network\mcpe\RakLibInterface->process()
#1 pmsrc/src/pocketmine/Server(2385): pocketmine\network\Network->processInterfaces()
#2 pmsrc/src/pocketmine/Server(2152): pocketmine\Server->tick()
#3 pmsrc/src/pocketmine/Server(1992): pocketmine\Server->tickProcessor()
#4 pmsrc/src/pocketmine/Server(1586): pocketmine\Server->start()
#5 pmsrc/src/pocketmine/PocketMine(291): pocketmine\Server->__construct(object BaseClassLoader, object pocketmine\utils\MainLogger, string[42] C:\Users\Administrator\Desktop\ngscupdate\, string[50] C:\Users\Administrator\Desktop\ngscupdate\plugins\)
#6 pmsrc/src/pocketmine/PocketMine(321): pocketmine\server()
#7 pmsrc(11): require(string[97] phar://C:/Users/Administrator/Desktop/ngscupdate/PocketMine-MP.phar/src/pocketmi)

PocketMine-MP version: 3.19.0 [Protocol 431]
Git commit: b307cd0aa15b76cfe41d2a649d14b3aa6fb78f64
uname -a: Windows NT NAMVPS-COM 6.3 build 9600 (Windows Server 2012 R2 Datacenter Edition) AMD64
PHP Version: 7.3.14
Zend version: 3.3.14
OS : WINNT, win
Composer libraries: 
- adhocore/json-comment 1.1.0@cf7998124d1050b83d7d985447fefd630e09c1a2
- daverandom/callback-validator unknown@unknown
- pocketmine/binaryutils 0.1.13@0abee38d4e2861621f262c79a2a3d699d8a697f4
- pocketmine/callback-validator 1.0.3@64787469766bcaa7e5885242e85c23c25e8c55a2
- pocketmine/classloader 0.1.2@9757928424652393b178a3760073113aa7c9911b
- pocketmine/log 0.2.1@830b44a2cf96ef703c550abe64302f230231ca49
- pocketmine/log-pthreads 0.1.3@e477ecf6ec214fdd4415ea1da3fdd9d73bf699ea
- pocketmine/math 0.2.6@43057cb8c179a9859677b496a788db922fd5cfc3
- pocketmine/nbt 0.2.18@9f82ca4d7f97fcd9a566e44b63c4f18a7657ae82
- pocketmine/pocketmine-mp 3.19.0@b307cd0aa15b76cfe41d2a649d14b3aa6fb78f64
- pocketmine/raklib 0.12.11@9cce458b8bfde3e4dfdbf70c659fc7b7fe26b5c4
- pocketmine/snooze 0.1.5@70b5e7937a06878dd321a3182ceb76d56298f2cd
- pocketmine/spl 0.4.2@6b08b7cf8c4afa17139c9a1b3bf1b408531de161

Loaded plugins:
PECollide 1.0 by saxavlax001 for API(s) 3.0.0
iProtector 3.1.1 by LDX for API(s) 3.0.0
PurePerms 1.4.3 by 64FF00 & ProjectInfinity for API(s) 3.0.0
AlwaysSpawn 2.2.4 by Philip Shilling for API(s) 3.0.0
AutoClearLagg 3.0.0 by Twisted for API(s) 3.0.0
XGTShowPlayerHP 1.0.1 by XGDAVIDYT for API(s) 3.14.1
FormAPI 1.3.0 by jojoe77777 for API(s) 3.2.0
Slapper 1.6.2 by Slapper for API(s) 3.0.0, 4.0.0
WorldProtect 2.3.7 by aliuly for API(s) 3.0.0
essentialsTP 1.2.2 by  for API(s) 3.0.0
DevTools 1.14.0 by PocketMine Team for API(s) 3.11.3
Broadcaster 1.5 by EvolSoft for API(s) 3.0.0
ScoreHud 5.1.1 by JackMD for API(s) 3.0.0
InvSee 1.0.0 by BlockHorizons for API(s) 3.0.0
Worlds 3.0.5 by survanetwork for API(s) 3.0.0
NGVS_Mana 1.0.0 by NguyenDongQuy for API(s) 3.0.0
NV_Chiyo_19 1 by Nguyen_Dong_Quy_Edit_NQC for API(s) 3.0.0
NV_Chiyo_22 1 by Nguyen_Dong_Quy_Edit_NQC for API(s) 3.0.0
SlapperRotation 1.2.1 by jojoe77777 for API(s) 3.0.0
NV_Jiraiya_11 1 by Nguyen_Dong_Quy_NQC for API(s) 3.0.0
MagicWE2 5.7.1 by XenialDan for API(s) 3.0.0
Dich_Chuyen_Chi_Thuat 1 by NguyenDongQuy for API(s) 3.0.0
NGVS_GiaToc 1 by Nguyen_Dong_Quy for API(s) 3.0.0
BlockCMD 1.0.0-beta by kenygamer for API(s) 3.0.0-ALPHA10, 3.0.0-ALPHA11, 3.0.0-ALPHA12, 3.0.0
Sharingan 1 by NguyenDongQuy for API(s) 3.0.0
DDao_Thuat_Tam_Phap 1 by NguyenDongQuy for API(s) 3.0.0
Am_Sat_Thuat 1 by NguyenDongQuy for API(s) 3.0.0
MapImageEngine 1.1.3 by FaigerSYS for API(s) 3.0.0
NGVS_Xu 1 by Nguyen_Dong_Quy for API(s) 3.0.0
NV_Shikamaru_14 1 by Nguyen_Dong_Quy_Edit_NQC for API(s) 3.0.0
ClearCache 1 by NguyenDongQuy for API(s) 3.0.0
CmdSnooper 1.0.0 by HotshotHD for API(s) 3.1.1
MenuVT 1.0.0 by NguyenDongQuy for API(s) 3.0.0
TapToDo 2.3.0 by georgianYT for API(s) 3.0.0, 3.0.0-ALPHA8, 3.0.0-ALPHA9, 3.0.0-ALPHA10, 3.0.0-ALPHA11, 3.0.0-APLHA12
NV_Ong_Tazuna_3 1 by Nguyen_Dong_Quy for API(s) 3.0.0
MIE_Protector 1.0.4 by FaigerSYS for API(s) 3.0.0, 4.0.0
HuongDan 1.0.0 by Phan Hoàng Kha for API(s) 3.0.0
ManyWorlds 2.2.0 by aliuly for API(s) 3.0.0
TimeCommander 2.2 by Zeao for API(s) 3.0.0
BanManhViThu 1 by NguyenDongQuy for API(s) 3.0.0
NGVS_LayHang 1.0.0 by NguyenDongQuy for API(s) 3.0.0
Boss_Quai 2.1 by phuongaz for API(s) 3.0.0
SkinShop 1 by phuongaz for API(s) 3.0.0
NGVS_Rank 1.0.0 by NguyenDongQuy for API(s) 3.0.0
Thuy_Lao_Thuat 1 by NguyenDongQuy for API(s) 3.0.0
Nien_Ha_Hoa_Don 1 by NguyenDongQuy for API(s) 3.0.0
Luan_Thuat_Tam_Phap 1 by NguyenDongQuy for API(s) 3.0.0
NGVS_Khoe 1.0.0 by NguyenDongQuy for API(s) 3.0.0
NV_Thay_Kakashi_1 1 by Nguyen_Dong_Quy for API(s) 3.0.0
Nap_QidaCoin 1 by NguyenDongQuy for API(s) 3.0.0
TopMoneys 2 by moch for API(s) 3
AntiServerStop 1.1 by paetti for API(s) 3.1.1
HubLobbySpawn 1 by LousWiteMC for API(s) 3.0.0
Shop-NGSC 1 by NguyenDongQuy for API(s) 3.0.0
DanhViThuUI 1.0.0 by  for API(s) 3.0.0, 4.0.0
StatsCMD 1 by NguyenDongQuy for API(s) 3.0.0
NV_Choji_15 1 by Nguyen_Dong_Quy_Edit_NQC for API(s) 3.0.0
Thuy_Long_Dan_Thuat 1 by Nguyen_Dong_Quy for API(s) 3.0.0
NGVS_Quest 1 by NguyenDongQuy for API(s) 3.0.0
NV_Hokage_Tsunade_12 1 by Nguyen_Dong_Quy for API(s) 3.0.0
Warp 1.0.0 by  for API(s) 3.0.0, 4.0.0
NinjaMode 1 by NguyenDongQuy for API(s) 3.0.0
DanhViThu 1 by NguyenDongQuy for API(s) 3.0.0
Hoc_Nhan_Thuat 1 by NguyenDongQuya for API(s) 3.0.0
PackGift 1 by NguyenDongQuy for API(s) 3.0.0
NGVS_DCK 1 by Nguyen_Dong_Quy_edit_NQC for API(s) 3.0.0
SK_Phuc_Loi 1 by Nguyen_Dong_Quy_Edit_NQC for API(s) 3.0.0
NGVS_Kit 0.4 by UnknownBallin for API(s) 3.0.0
DBTT 1.2 by LonMongManh69 for API(s) 3.0.0
Byakugan 1 by NguyenDongQuy for API(s) 3.0.0
PLMenuUI 1.0.0 by NguyenDongQuy for API(s) 3.0.0
NV_Neji_Tre_7 1 by Nguyen_Dong_Quy for API(s) 3.0.0
NGVS_Level 1 by NguyenDongQuy for API(s) 3.0.0
Tang_Sinh_Chi_Thuat 1 by Nguyen_Dong_Quy for API(s) 3.0.0
Giftcode 1.0.0 by  for API(s) 3.0.0, 4.0.0
SK_Qua_Nap 1 by Nguyen_Dong_Quy_Edit_NQC for API(s) 3.0.0
Skill_TheThan 1 by NguyenDongQuy for API(s) 3.0.0
NV_Hokage_Tsunade_2 1 by Nguyen_Dong_Quy for API(s) 3.0.0
NV_Gaara_21 1 by Nguyen_Dong_Quy_Edit_NQC for API(s) 3.0.0
FormImagesFix 0.0.1 by  for API(s) 3.11.4
NGVS_AmBo 1 by NQC for API(s) 3.0.0
NGVS_Vang 1 by Nguyen_Dong_Quy for API(s) 3.0.0
NV_Thay_Kakashi_10 1 by Nguyen_Dong_Quy for API(s) 3.0.0
HTHONGKIT 1.0.0 by NguyenDongQuy for API(s) 3.0.0
NV_Ino_13 1 by NQC for API(s) 3.0.0
NGVS_Loa 1.0.0 by NguyenDongQuy for API(s) 3.0.0
KeepInventory 1.0 by RichHaoGaming for API(s) 3.0.0
EventUI 1.0.0 by RichHaoGaming for API(s) 3.18.0
Tam_Trung_Doan_Thu 1 by Nguyen_Dong_Quy for API(s) 3.0.0
Ghep_Trang_Bi 1 by NguyenQuocCuong for API(s) 3.0.0
NV_Naruto_Tre_6 1 by Nguyen_Dong_Quy for API(s) 3.0.0
NV_Jiraiya_9 1 by Nguyen_Dong_Quy for API(s) 3.0.0
NGVS_Stats 1.0.0 by NguyenDongQuy for API(s) 3.0.0
NV_Orochimaru_24 1 by Nguyen_Dong_Quy_Edit_NQC for API(s) 3.0.0
BloodFX 1.0.2 by Vale914 for API(s) 3.0.0
NV_Sasuke_23 1 by Nguyen_Dong_Quy_Edit_NQC for API(s) 3.0.0
Bat_Quai_Khong_Chuong 1 by NguyenDongQuy for API(s) 3.0.0
NV_Momochi_Zabuza_4 1 by Nguyen_Dong_Quy for API(s) 3.0.0
NTUi 1 by Nguyen_Dong_Quy for API(s) 3.0.0
NGVS_Bac 1 by Nguyen_Dong_Quy for API(s) 3.0.0
DC_Shuriken 1 by NguyenDongQuy for API(s) 3.0.0
NV_Kankuro_18 1 by Nguyen_Dong_Quy_Edit_NQC for API(s) 3.0.0
ChatAPI 0.4 by UnknownBallin for API(s) 3.0.0
NV_Thay_Gai_16 1 by Nguyen_Dong_Quy_Edit_NQC for API(s) 3.0.0
NV_Thay_Iruka_8 1 by Nguyen_Dong_Quy for API(s) 3.0.0
Dan 1 by NguyenDongQuy for API(s) 3.0.0
KhoiDauWorld 0.4 by NguyenDongQuy for API(s) 3.0.0
NV_Sasori_20 1 by Nguyen_Dong_Quy_Edit_NQC for API(s) 3.0.0
BedrockClans 2 by Wertzui123 for API(s) 3.0.0
NGVS_SucManh 1 by NQC for API(s) 3.0.0
CustomAlerts 2.1 by EvolSoft for API(s) 3.0.0
DoiVang 1 by Nguyen_Dong_Quy for API(s) 3.0.0
NV_Sakura_17 1 by Nguyen_Dong_Quy_Edit_NQC for API(s) 3.0.0
NGVS_QidaCoin 1 by Nguyen_Dong_Quy for API(s) 3.0.0
NV_Haku_5 1 by Nguyen_Dong_Quy for API(s) 3.0.0

----------------------REPORT THE DATA BELOW THIS LINE-----------------------

===BEGIN CRASH DUMP===
eNrtPWlz27iSfwXrTO1ztixZpG5NZSqO5Nh+PuJESjJvh1MqkAQljimCw8O2MjX/fbsBkCIpxRET
PXk/vKmpWGwAjb7QB3jgrwOHhwsaT+9ZGLncPxi0jg5id8EOBlpH67c0rdPo1Pt6r6lrRwdJIJu6
da3R11rNfldv9ju9NjR5NIpPw5CHB4O/DuJlAL0OTh8tBiMA69HBgkURnSH0A727ck0ymYeM2sQK
aTRnNvRwEs9763rYJZjTcHB8PBwcf4yAruMTe+H6bhSHNObh8YhFdzEPjv1ZZCWBTWN2fMutOxZf
uz6rXd/WcfhxFFrHgQDDWHbss/iBh3fHCytgx5KECz9moUMtBgMCJEBNvsChFYbDUA/6gMQ0HYQX
Imjw28GLBnkS1Y38ewiifDkgqw6GoXoYBs5mGKXpar8EIbdAnIcvYeYX2uZZxiwElR7qzV77a9gV
ARm+bAaFWX8as9bWS5hlS+2X2LXuJIrmkyi0fv8pFLeSLB5KXK2ncbV7na/gimIaxhJHezOOlfkc
6n3tK2imU4v7YIOJFR9y8w9mxeQNjdgQLD+64tRm4RFR8PzwJHa9yDCuqetf8dkMewES15/91tJ/
J8OBYQgbN4yCkRuGsnLQV2bmhpGNbTcqjw28ZOb60FlIovNNScCKL0kikqIW47ty/KGGnUL2Z+KG
7FAR1+/+Tna9hF8e/P730QH7MQ+zgwUOREhBTl3/nnv3bMH8GJD63Md+FrcZ0qc1mgAEgNZowQ8j
DhLTcy3iJL6F9JKIxakDUH/JT4qGl3+JcW0xzoh/iuduVPtFNZJXWb+fRbeO6Pa3+N1N5+xtnDPz
G2RA7rlry3n6ap6HOYjnUM3mrrzNnPq2x24piurw5cu/xFRaQ02laWq46xz+lxocCvEBkuhD4vtg
ETAjICHr7eN5Etv8wUe8ApuusBlxPA/5A/HZAzGMTM2HxmblGgcvhTS0phoviWytZKO1U4I7G2Vj
eTxiY5AOziLtmPzk2qBc13FXi5b8BNNG3C+IUOuuZOBGoNlUioFHl2D8v+UQ/Z5y2ss4/Ul2Q81+
fZhkr58NSvzcPKt+0W9R4E2lG5rOQTaHCvvL36WE9MZmFBtJlSO0b056MrzcNFAvs1j7RYj5MLuc
sfiK0Xt2Ldfu4cujTMA/H/z9n2D6n2D6n2D67wmmRwcz5rOQehitfIpZ/UFhFNBlgkZWhcFBs671
6w2EJ65nQzTsNaFYcKOpze4PBg71IgbBMeQxtzigbTWhLJi5GBzNZqNr2Q1KtbbZ7VgOa2m2Tjut
vq21zCalHcfs9pxOC3AnipbPrg+BISI3E3Jzcv3pdlwbvrsmnXqTiNlJv9NokMO0lzQrojc0nXzQ
yYjGsPJwBZJT20X//pKcXI/EBJjrDw66deAGL78w3xa8qWtonvIICbi4uZkAQFw8uL4I7osA3Fc4
9VwzpKHLIhQetefAcMiO/wC3VYM+KiPQ6lq98dpyuv1+T9NbNkT0htlr2l2732u3Wl2HOXan2WCN
vqVRHdDb4AhDiJN8cWxRzzMh4tbuqefaqGVAmPh3PsTK1+ovEruyNdP1abgU6wO6NmBurfm6QU3G
mj27xfReR+vomqN3dKvbpzpt2p1+3+7RTr/rtIqoNk4OvNSbrzutbq/bgjGdjmlR2mXtXq+tt3TW
a1t609LbrGe124KbPEJc1Z5Y1Yo2/XW/2+5CWdnSW502FJFNU+v2aLMLWu02IYwDbqvf1zSziMnj
M4FBr2uve82G2WpR3XL6HeZ0G02YGRnutJoN3dHhn6Zm0VZ/DUMtiEXykAqq+Zq1ul1mOR1m6VrL
se1WS2szqtm0CRd9u9s0HZAWo0VUUDbPFTWd1zBpu2uZPUsD8YKC+51u12z1O7Tb69lmX9cdu205
VrOIwjfjlJ/e677T04Fgu+uATiy7T9udDmu1zE7Tajlaj3Y77S5lvZJwVz9riyBbpa8rLLkcMsjM
wLalXIAm7XXfslir3TN7pmOzJmvZjm2CrK1Ou+9YXROMWO+YbauEJvI5/8KUeNuvuw2zzbr9Zpc2
Or1uz7bBG9KmBtwyoM1ud/R+z9Etu4Qk8ASGFlhLx2z0zK7l9KwWdajW1Zp9q081ExSjma1Gr93U
bKZ1tIO/s/xcrM3b0yH3wIhZ3stlsKODlXPThGejSTznYYQZR0Qf6b1HHxsNDb0lDVyENmEZNPCa
+dT0oKoYQAwDt2ezABwJDoS2iDvxKA9YQLyCOXIoIYIwS5IhwxnWGLBCoNd4cvJh8hH97wMzIzdG
mjEXciGExxAQZQGkmMkB89w0cf0X+bka/borPgCVYaxmLjNw+248+fzuw9WowMI8joMIghhEhHli
1sFPHgOe2vXw9vQ4xwUwepuE7JaFiyivtAxWVFqr3iyy2Wm9fQuR4b8JoMT04cJ3IFTGy13xPpUT
GEZGUe7nd8hAjJUGe7zCA1I48R7oMhoHFDz9Sg55aF4SOriQVlESt1DPuQEZwx+oXme7EkAg0EYK
q2FQQVGEFBmGTN2+bcsnScyHHqPhFZ3N8uwV4EWLbpRX6OQBUiCgfkeMxRIdcAREWEiEB0RAOlii
qaqGFZkn0dJLFtfD4yI+EMavZ5PxnD/cipro/DYnjnJLyWGVl/ivZ6OTTxejf00KItFade17ZZJh
NIwSLdstemTvLQ8XJ7cXObZSSJGdZlm/f/A/OOvifwV+9O9X8QqjYSgish/bsDL2aBCwvP9NIUVW
OnW9yErarWyqRwetHwooEu32uvjMQ89WzjbHRQFcdCvNerfICuSEibczdyqxGcYDUhBICrYJiBvW
2TVUTY7LPDufEqlc4DgOGSZssBDD4wK3uKkYRbhzAfXLJL/4CuCifvWSfnckjPyMhlGa/5u6HbH7
CedePmpmoCL54BFKS21V+ZEJo4ui/4Cl+b0cpQRgFZ2RUk2tK9KOMxzA7ZsQsFhCoTmG89Aiz+0i
w6f33BsD0buy49zEhlGkYgt2Hx4e6gwoQuz1+E64GiwpzxM772tSUJ6z9nqm90+o3a5Hu+JMYjOM
dPbVr22M8sK/H7N89q0A5UhWssc3Hmj9nIfuFw6J/K50lEdqGJKS9ZzlG94zKvvNaC1PKdlalIT3
VG0U7qyUQJzKbQIvGSFbJSfKKdYFknq6hfpCIkNGb84+jafX1Kc5Xlewb+juZpYsmT/i/ux9srM4
gbMbRkbD9hHv5tN0OHeXfIp75ytmctACO5tYmSIvU2BmiptJ05v3w51x9UnrfwcruLG+zoquPy8r
ur49Kyof+sBjKu7erSVUWUs58Gpb5Yg/wEiJgErq+acbUndJp3hTLK+gHLyCinZraNr2nFzTmWt9
Ps1bWQYqxp7uWgnCfMhYRtTfFeWPAqFNhSIkDduXmSPXmsPqEGKFRTKdzBOaz3s3t39TRTv2baPh
EOqr8R1U1FvZGTrBM5dOuFV2zwq6vY3tioWzyfbWJcLwEBKUXNqWgtZCS81kMS2ycMf85QzGrVVT
tZOr2/MTDcNR/lorXevp9Q/lEUPMiXJ0f9vlzSnez6EFZ5fB9m1z4/OTDxc3Zyc3ekNvVDC+0Yhy
uUymE7qY3s5pkF9PG1r3vppGE6yetuboZDEdI70l11AA75uHk3EVh3BNg4sFnbFTfyaeUsk57UJD
qQgs75y+pe6MheN/jXfFRYYQfUOekvL11l7v16Ts8QCyf293Pvm1Ulownrt3dEHDZIpPpOQTg0LL
8yaire1ZEruXQ2rN88aWA+57uQyvKtC+sMc+58VdvBzwG8XNOY+jOY/Pi+W19v07rNbCjuTUhlEg
49vLnvnJp0l+uUvAc5Rn408VEoAJDSZ8xHOUp5Dy1mOJ9Bnj4cylfmmDW7KYC/G94mW/lAA8kSDc
XokE4XvvINAg5jY3jBU/27iHd7CoJ/RL4tNps+geCi3793M3n5oVioaL0+mmO5RFeNk4W9vGoB/c
Kc/HojxBpcttGD1PQMyjQh6Xgb6x9iAh8sk5N5JGgzX8Gbmc053FJEVClSrPX67taOWA5duLjX3c
B1jA/Omm1tb+xF2wIV/AULvg1YvwEjtFZv6XUb7Tu+OFuX/8BnmRFSyiqA+qmn9yIUHNF1J58L7D
8JvrKlFApG9XdHlO/Vk5q0vBzxHKrs4rlLI8isDhUjevggxWtLiSBoI5Llj6ZXe35SU+vF8dUiQC
ylP4d6vS9M71x3Oer+Qy0BNG9O9jAWeX/25tSR+of1c2IwF7DhsavqngveaQz1+ldXPefRUb9r2a
J1eVNqVcyD/O6fScU0xD8pooteybj5vz81EFRq4S6n99g2NT674Zuqq2vyFWwuWcs/LqELDnWB2X
F5Wq58mcLqeX9I5Gc3da2lgvtT1HilyBFxpM37s2HXK3sEDy4L2vDqhU5qyCt+LBNffZMp8zrmCF
iFekfsGteZ7o7yUY8UB6lU65PeUnfuzKx8THcSHUlRpKu2SlkEdZHLu7qv2LM2/PynliXnHTXJYf
DizCnzClK55EnwHf9c42kFYYDaNMxhZb4zyo3ZyNh4Wt8RS2/63x7TUxSpPtj/nn2/LQpx3sjqvc
kyoJ+DimcVS8D5OB9i5zNXHFm+H8D/D67fLNcAV93u3UdtUMEGkZpdnFWhpYbN1/nJtcjSrfo3yf
sCguZx0SuPebQueVLOuc39EZm06ixKc2m2ql5y3Wm58j8dAqPG/xmYb5kCcu9+qZRsMKCnD9P+g1
L7y0sYLtPUO6/o5wsCkY7N/oq0SDc25Nb+Yb/E+pYVsmdrexWYEJfEn9zHXy5GegfUv/9mxYcTNs
NLwse0sEVYhjbMdxDKavkE9cQj2cWBCr8ttheegzRuTbq4rKuHTXQheC8iys3b34KF/MfEPx1Zid
VcsnFfzPm0n+hqC4LD1AVy4EfKijZrhn3OnvzGpg2rVc4WuPaL1Z0ruk+FRMBtr7Bva/Ti4/Vn8m
5vYK77wWKoAM9Bz7K9c3HytlOzcMEuZJyKbdYpqTgz9HftOtei+B3TNv7U6CAO59iw5nrXJDHGQ3
dv35xocUN7U+QwEwrvSQIoZcq5jCZaC9Jp4gvQnH26I4/ZDbrFJAe5/Q6U1hBzgHfMZw9v6mAhuo
M7AbNpkXHz4swPd+e0HO+yNl2dNV2fMUZXolhs4oDelUL21qZ9DnfZxfq/aKp3ieL3rrPpZe9FzB
i7lT+e3V0itnre/eIE7+BMoMA79r6Iq5HfexYig5Wbzh5UgiYE9pZHfCP3lTkd5PG+6hf1q7gb6n
ZyM//cDdncZTt3caz7PN0qhQRE/O392cXV7kk/AV7DlywfPJZSV1XPh8qpWeQlOw/dg+CLxZNfHj
a++pIehZHh55dyLeKd+W/kvGggv/nvkxD5c5JorwJ79T8sG15ueUn9HFDj/ycDnnVGK8DblhFMjZ
nrtTHFGoi1LIN3TzdZ603vczpSavkpcvoP5JcOudyw2wQlq+1vgMWfmk0rb82ZwFQDQWFG/ymzRF
+DfZeJ9wa4jP6uyMjTfVClYaJjEXpWmnVLLmW54jWnS+633B/ubXBfvPwkK/ovsV9+7KDlgCn/lN
YUFEJYW8C7k1d8ULGXrpVY1i0/Om5q1Kb9tx++2vxZftBKSsnNLW4Cfqsb7W2hXVCp14Zw6nr/YC
DY2SOyjpSonJCvy86qiQsLyhsXg4FJ++AoKG4pHHwgO8m9r3vhH6/nJY5W7vp+k1xwdz3On/UjP5
QqeltbPW+hx+rcKiuZl8zIdHcbl/ki/ejiu64jd07ZVgBD1HFVghoo+G0/E8Cd07lt+eykP3/jjK
B6iaRsMtbf+S+ndJCDVSr2j1OfjzPovSq/B63JzGxY91pZD93/nCmQ0D/71hd9U3Fc7Ai2qdDRsK
quF5ddKpztBFmNzRaW8DR2nLc7jVXqXHI4oPRuz/kYgqO84Qgt0RTcTrUPnaPA9+clX8e56eHlVN
nXjoTvXGWuqkwM+bOlXYXHvD7BA/t+BRP19uFMBPPID8mYXxl8TV9OauyF9hhKw2R8V3v+61Qnhc
4CqrtBIL79Sv1VoKvJ8NunGF56GGSRTzxYkHfOVVVgA/+ZbUrj/Tlp8ZQkuRju/7UNuIu6Xt9xSy
f288+lTRN0B+Qqdat+wbUvDzhsiqDwBsereiAN+/Qt5Xeu7x0/QcRD8tPdCsYM8R27d+iBm/uk1D
IDlm5Q9KpgcQwIhaTZJRA6cmXqKQZyDUgxC/eRCL7+kfvLjNrsiQ+447I3hujxEa/otx4pOTICR6
m2jdQUMftDvk5HI0IXpD17AHuMtZQmfsFfNneL3gsf2qQIs6KgAb5ey1gIfxK62vNXUEPsyBp5rn
RgDDa+r7PPEt/JKoOLKEQh3L5Kk/0SvuCzz4nkNNfbwUFPQKkjucmz6qQdErrY0Q/GrRgtvsVQOv
HB4C2gzGHQehICkbv6+YXgf3gZrGdh3HtRIvXr4SlMrzG2Ie1iJ8KcWfRa+ECPDZkxqaz6tL7vM5
XQEjxuxcHzxD6dXo9O3Jx6sJQpVy/kxYuFRzKlBoAVeKIPxdD2gUPfDQfvU/4j8QUxLzWkTvmRp4
77KHmg1SpCC7Vz0EPZr8sYZWm2IqfO69vlzg595fEDQ4YgnFgxcSZ/Og/gmIixQ0CfZAJnMWMZLy
T2jISDxnhPtgPDEUDsRC/cXEZMT1LS+xmQ0/yJrdIa4xX8BIBxGUcUbUYUeEQ0sYIUpihozekSVP
QoWLuA4BNeLxNzgDaDAEY/CWiPiGPWTojm3mUNBhRB64/4+Y4LfmaEhQfAtgFo9eWCKFeMSO5Pth
znySBLOQ2oCgbvhouBLZwPAJefF5zpAwEnOYxbcJoFAHm4AMQlhqHo2BKNEsSPU4TAOswi8WC3nZ
7N61GJEnPSFkgZilgaZLakDECR/YEKlTm2rqyK0BMQ5u5kaiMWr65MwVv5ogUH9GhnNxaTo+eSPh
nExC8QUEi1yLv9oSemEb6xoHgqUTz+MPBBchHrmkPldJ7l1K3qNxYh9hpennfQcE3ZoYit+oJhQN
KOLAi6JQSpEqVCSJwD7AB4KOhGygvoWe4E/tCJGsWmogL5NHLDfBqVgSKSY81gqXK56tBepCcs0l
UUrG/moFZc05Mb747IKquA8ap7ZNQhZJw0BS8cgeIIlGSSh8DQFzMBlKBdTG/kyohwqduffQ9556
CSOHalLwhS8Ru5wR1i5DB1cDg8DzcgbQLOa+SRYm2ALY+0m09K0Jje4IfgYULLwuOnyMQDC46FJO
sds8BJeSgF1B9+iIiC81EOWIYKUeETwiJZSnaAnZQJBA2CLxwbaxi0Q+FoYHPIH9h/zRBdtnIAZg
SawpPyMOZasIunBwFWEfXC1HxI3/AeKLQzHMZuh8hTGXBpND4AEUTnQhFsFGTXE6EKjKq4gK6wvl
0WW4NkDugVCCOHomqpMRu1e/ycKdzWN5DNlR3i0oy0SJhGESxBIqBYaCWQBtii+hXDA4cXKMLZcq
xcPFgOzNFKCNoM1xEDRYVz1naNC5JjtllgahCEJMuJTu4szjJlgPBn0i4bDQFm6MXmfBZtRcxiBx
MpaibgjhuhHiFsMnqLUHV0heWBS4k4eaRJQaWSQ4dFwgEXwlw9uuiMYJGUunlEYO2krE8pxxUBRH
54RWgRPNBJk1QdqANJALmF0EB3l6y/97DjCLeop+jPQ/Rj9UL4EgQTn2jCSFLiLgPjBUMzsjCGdN
qdIaeksRJpzAZ7EqFH3RP3ZAoVgXgiT0GMRKICz6EBYJe2RWIrw7lyTLFYlhNOvNHi1IWKIVR9Jx
vZucDsjk/GJMri6uLybgvG+vLk7H5Pb0A4Hc9PL0wxGBTmTyDnqdks/n765Oye2Hd8PT8bhedgEF
eejtjhLHLQtdLlIFdMQRMmjNmXDJQhqZs9VA9hBrbOFbRJcauEIm3axABTks8AkOGqwJ+f2asUkj
E4cwokzQBcluArNEAq535chlRBJzvMMYghmIGFBf7422oEoAUFvALExUpGSRXKlXOTbjAcyLBdGK
1WZD8Rq93EyS4rypOJ/R0ISVUcNjbmRiLBzQZumKpYbkqFFEjQLfvaB+ItKiPCWQMiZggy+P0phQ
NsLUDGV4dRzAJfldrJZgnbyTPl8aPOQ1PPHsjBYXgsiDT1b0RxJxIMgHRjuNhuIVZnsrnMVakBSm
IzFkvDkhX6TBVo5WPWp508xrGLlRmlyzDbLBpArWMU5TWVRZyMW5Lakh28kikHmfTC6JaqhhQ6qv
EXZSAwTtgsyUA7iCMA+LnW4QMARtCHwwwz0YWRQlDB1DPAetzdI8GJ0Wzrai6ihVpMwRVLpbl9Rg
16/KCWsua574d1FK+5AGCHUXyQJiLH4+iaRlCSqSqLM3BRUrueJ6UaIUK2bdxqAMCBRFYsIa5ucJ
BN1WprERl01lm8bcCL2exC87p0tI4lId85yJzKFm4fcVM95GQIrIVSB9ROkBdTLBkFgCcWQrkWMk
hyvuYJiSp+QnnRk7r7JdFCB+1zHF+zSqp+zQ8NV35gcqREBqNueeTDFNGkNZjam+IBmyJjAhFWSE
b5M1mWqVocVkWbIpw9uLvJbSJnSr4TJG5EekpuUUKJQnJq7FKTEqBAivvcpjRbWMKaQtOccqSyT6
OBiAiqw6OYdcUJzjiskdGd5+PIKxQIMJ6+vBtcHsRa4gvWeGvybwD0g3TbtXGXkkpJPrWycnNjiq
OfWcYyhyZZlgM7BhNRVMSnCvBg0stxBXYS+HLF+KnD6iV8MUk3pH0mni1Op8xTqUbCJecJFJf7z1
b9M8fFW1YpmBgx4goiLOJPCDmrouFT7XakFG7heWqRoz9lTDePJJmk1BRq+OPl5F3VZfl4Ne1smt
GuPRcCYGUFU+KzMRMzohnSF3oC5gKwo8kcxgTbwA4tEP0BBVOPRc3NkRRT4exMmimFxPPgpKI2AJ
2TaTmOCmgtDyajpZd9RTN7SIkxqOGghqcQHYzExmg7SW+YVoWMOoTA6rVtGeVqyR3AVgaSWLw5Sh
aIhM+i2JbTjnUKOicaYlDEuLVOHcbBpTEtH71IniPk26n4Vtq/VOIaaDJ2A0Tn0MUCpP9kxTZlFu
gQmJdCUKIEMT6YvPLTxtTIwFOV7TJcgQjWXB79MKFt2/8pnCb9XSNjlltPIW6X5Vfp9jIjYqpAHg
w/00lls8oq/SdhKpUt8Cq4+lX1BjanLMgASQUNy7Hk4jfZ5az2oWdNrUn2VJtY/DvHLsOEp7FTa6
Nu4tySrvZMETtGlHOmdl4ihKuUUoghEuZ1G7g2Lwt4gmMPiDiC25wYJxn8la0WQSmckctEixHSnC
wTy1AKF0sUtZiFKSfZwoYx9WJqFlUtWRxjAbgwCwicrGZjJpCJhsse8iDBGITQfj34yaprBurKRr
8gDbKOctxFFsYiKxLZvbirkYiclM/Ap7JJYkypOFqGkiT1Ilijuidh7SaCfGFFgHfDWikxdkBjVL
tBLPancjk1B9XURqsT5QVxQ14Dgg45e6CXiQeKkxqgt0+6KPchE9nE8kw7VArWp0rrhQByRNM8Ue
q9zOGaiA56sT0IkEy3ih1IWn82X7AvZKbGjuNXwRrwTKVlsRHMwhM3N4TiGwyGryhljWc85RMYKU
erBYBHWXC4p97i8XWCJEeJpGBBxGK9Kx7lHtZNUuWBAei85mIRSbcmMp27nDRAqPBb8r8yfogwX8
bvQOD1FW9xpUKECf8MBkHkrFqfI4YyQIXzEgYPXcpjREnkzy0jKlctaECvqU7cqWIOjhWcDCdefT
KQHnedFBhuqjmeR2eY7APQZzekTw8AMRr+IsYwHP6zCookGF4IB8jAeyNY0rcs+IFnaN1J2jXLxJ
IDuD0CacWOorFEKhedmezrGmaclrXtWxu1i5ahWQECn2T/MG1Cz6S5xQbIepQenWZ301gWrJz5BK
8+mQp7y21K5cFbldhnRbOHZjJc90P2GugMJhYEGgckzlMHB7FtJ4WyRZrpMhgkwdGJF3CdABpUW2
dHGAT3nINLBRz6WRyuAh6aKLwEuvMAcAGpWuBqnSZBvYLe72DMhvInhD+DwS2z+/I1L5wdwsSubv
Xgg2MJEKXVsV2OltI1E5bwpYIp6LAB2JXFIUZqAfF2hV0TZPvpxX0CB/ErzPhEFBBq/VjAPy9upk
MtB/7h61+4/aUfOxeaT/rP1sM4tLF3uI5/RZ6Ftf9RrSE8urVvulzHrkfn++rpUrHEMLyFhtO4nM
Q+wbgdasJZEnzSdh6pPTZD7MNvKFxwE8EKkscQsnSgVWS+8ygC3I9O7FW+FqxFSifwFJIhIFCZnm
IDWRa9VXO2Q8EKUgewTHF6k6yLrDdDkSOT9IxHQhUV3Kkln0Q36BFMjSZRSRa0ZyKfBDLhJmvvrg
6IA9xsxHOxIPYAwhQciffm5a6hDrDIK3hnybhgUYX0xtHoMzLEDx/mEBkIRe/hpdRP7acT1xWt8K
MlsUzmKfQ/jIX7uwyu7zADxhXTyt3hWvEixMeZ8r3wUTMSDfzsMCq8j1B+aoOrwwUrj9qAiC/GSR
h4xvr/KXi2X0pycOkFe/SBtfbNVxG57U8Dz6dqPV6MLPny5gSXQtC/7vd1in23Y6dldnbctpOHqn
67R6TOt0LZ2apt4kPwHumN8xH7KDgsSWVNwm1dWn07+4gfxMYVteysO7s95w+bgo6oQjO3qj0dQ0
Hd8vuR29K4jK5lPBShkIILeoTnAXfhQVOo5ddAi/XhdkVKIALrEiLbIFwIfQLVlH7ph2PPVVA5ki
wfOica6i9VTkYknseunJ7mgk7sx0fYpv14mPNeJTYQIlHiaGAhAOzTbTY9jRjsNlEHMBaArAzF7T
uVswEyGbZh4UMlgNuOxmiTRGSc7ff/8flWcUeg==
===END CRASH DUMP===
