PocketMine-MP Crash Dump Sun Jul 26 05:47:49 AKDT 2020

Error: Undefined index: KenKeyJ
File: plugins/BedrockClans-master/src/Wertzui123/BedrockClans/Main
Line: 86
Type: ErrorException

THIS CRASH WAS CAUSED BY A PLUGIN
BAD PLUGIN: BedrockClans v2

Code:
[77]     public function removePlayer(BCPlayer $player)
[78]     {
[79]         $player->save();
[80]         unset($this->players[$player->getPlayer()->getName()]);
[81]     }
[82] 
[83]     public function getPlayer($player): BCPlayer
[84]     {
[85] 		if(is_string($player)) $player = $this->getServer()->getPlayer($player);
[86] 		return $this->players[$player instanceof Player ? $player->getName() : $player];
[87]     }
[88] 
[89]     public function getPlayerNames(): Config
[90]     {
[91]         return $this->playernames;
[92]     }
[93] 
[94]     public function getPlayerName($player)
[95]     {
[96]         if ($player instanceof BCPlayer) {

Backtrace:
#0 plugins/BedrockClans-master/src/Wertzui123/BedrockClans/Main(86): pocketmine\utils\Utils::errorExceptionHandler(integer 8, string[24] Undefined index: KenKeyJ, string[100] C:\Users\Administrator\Desktop\ngvs\plugins\BedrockClans-master\src\Wertzui123\B, integer 86, array[1])
#1 plugins/BedrockClans-master/src/Wertzui123/BedrockClans/listener/EventListener(34): Wertzui123\BedrockClans\Main->getPlayer(object pocketmine\Player)
#2 src/pocketmine/plugin/MethodEventExecutor(42): Wertzui123\BedrockClans\listener\EventListener->onQuit(object pocketmine\event\player\PlayerQuitEvent)
#3 src/pocketmine/plugin/RegisteredListener(80): pocketmine\plugin\MethodEventExecutor->execute(object Wertzui123\BedrockClans\listener\EventListener, object pocketmine\event\player\PlayerQuitEvent)
#4 src/pocketmine/event/Event(88): pocketmine\plugin\RegisteredListener->callEvent(object pocketmine\event\player\PlayerQuitEvent)
#5 src/pocketmine/Player(3635): pocketmine\event\Event->call()
#6 src/pocketmine/network/mcpe/RakLibInterface(122): pocketmine\Player->close(object pocketmine\lang\TranslationContainer, string[17] client disconnect)
#7 vendor/pocketmine/raklib/src/server/ServerHandler(131): pocketmine\network\mcpe\RakLibInterface->closeSession(string[20] 125.214.60.215 43869, string[17] client disconnect)
#8 src/pocketmine/network/mcpe/RakLibInterface(109): raklib\server\ServerHandler->handlePacket()
#9 src/pocketmine/network/mcpe/RakLibInterface(99): pocketmine\network\mcpe\RakLibInterface->process()
#10 vendor/pocketmine/snooze/src/SleeperHandler(123): pocketmine\network\mcpe\RakLibInterface->pocketmine\network\mcpe\{closure}()
#11 vendor/pocketmine/snooze/src/SleeperHandler(85): pocketmine\snooze\SleeperHandler->processNotifications()
#12 src/pocketmine/Server(2157): pocketmine\snooze\SleeperHandler->sleepUntil(double 1595771269.709)
#13 src/pocketmine/Server(1994): pocketmine\Server->tickProcessor()
#14 src/pocketmine/Server(1588): pocketmine\Server->start()
#15 src/pocketmine/PocketMine(273): pocketmine\Server->__construct(object BaseClassLoader, object pocketmine\utils\MainLogger, string[36] C:\Users\Administrator\Desktop\ngvs\, string[44] C:\Users\Administrator\Desktop\ngvs\plugins\)
#16 src/pocketmine/PocketMine(304): pocketmine\server()
#17 (11): require(string[91] phar://C:/Users/Administrator/Desktop/ngvs/PocketMine-MP.phar/src/pocketmine/Poc)

PocketMine-MP version: 3.14.2 [Protocol 407]
Git commit: 4fc5b9772ab3a9612abb052dc4233104dcb0ea02
uname -a: Windows NT DESKTOP-FGC3VCR 10.0 build 17763 (Windows 10) AMD64
PHP Version: 7.3.14
Zend version: 3.3.14
OS : WINNT, win
Composer libraries: 
- adhocore/json-comment 0.1.0@8448076039389f558f39ad0553aab87db3f81614
- ocramius/package-versions 1.5.1@1d32342b8c1eb27353c8887c366147b4c2da673c
- pocketmine/binaryutils 0.1.11@e8cb65db1b7998eebb739b124f2a989fe87366eb
- pocketmine/callback-validator 1.0.1@4aef6bb25f97d0b830ba0b4f66834b1a9c86fc9a
- pocketmine/classloader 0.1.0@4ccdb30e48f030bfcad04bb0a208d198ec631993
- pocketmine/log 0.2.0@e59bedb5d4bbeb9a26647cb7c367cb2fa72addfa
- pocketmine/log-pthreads 0.1.0@9bbcef398b01487ab47c234a6a7054722abbe067
- pocketmine/math 0.2.4@b1c28b236df8b795d7b06cf8421f9962b12ac410
- pocketmine/nbt 0.2.14@b31dca98443328c4bab76dc1b84c1473c79be20e
- pocketmine/raklib 0.12.8@9fea763ffc922db083e4528d4acd0b13d0ea83a4
- pocketmine/snooze 0.1.2@88420da3d9335dbcb3ee2decfd5e5453d057dcdf
- pocketmine/spl 0.4.1@ff0579a0be41bbe65d3637607715c0f87728a838
- doctrine/instantiator 1.3.1@f350df0268e904597e3bd9c4685c53e0e333feea
- myclabs/deep-copy 1.9.5@b2c28789e80a97badd14145fda39b545d83ca3ef
- phar-io/manifest 1.0.3@7761fcacf03b4d4f16e7ccb606d4879ca431fcf4
- phar-io/version 2.0.1@45a2ec53a73c70ce41d55cedef9063630abaf1b6
- phpdocumentor/reflection-common 2.1.0@6568f4687e5b41b054365f9ae03fcb1ed5f2069b
- phpdocumentor/reflection-docblock 5.1.0@cd72d394ca794d3466a3b2fc09d5a6c1dc86b47e
- phpdocumentor/type-resolver 1.2.0@30441f2752e493c639526b215ed81d54f369d693
- phpspec/prophecy v1.10.3@451c3cd1418cf640de218914901e51b064abb093
- phpstan/phpstan 0.12.29@9771daaf6b95c6313b908d0bcdee0afcd51f838a
- phpstan/phpstan-phpunit 0.12.11@ab783a8ea634ea23305a8818c4750603e714489b
- phpstan/phpstan-strict-rules 0.12.2@a670a59aff7cf96f75d21b974860ada10e25b2ee
- phpunit/php-code-coverage 8.0.2@ca6647ffddd2add025ab3f21644a441d7c146cdc
- phpunit/php-file-iterator 3.0.2@eba15e538f2bb3fe018b7bbb47d2fe32d404bfd2
- phpunit/php-invoker 3.0.1@62f696ad0d140e0e513e69eaafdebb674d622b4c
- phpunit/php-text-template 2.0.1@0c69cbf965d5317ba33f24a352539f354a25db09
- phpunit/php-timer 5.0.0@b0d089de001ba60ffa3be36b23e1b8150d072238
- phpunit/php-token-stream 4.0.2@e61c593e9734b47ef462340c24fca8d6a57da14e
- phpunit/phpunit 9.2.5@ad7cc5ec3ab2597b329880e30442d9054526023b
- sebastian/code-unit 1.0.3@d650ef9b1fece15ed4d6eaed6e6b469b7b81183a
- sebastian/code-unit-reverse-lookup 2.0.1@c771130f0e8669104a4320b7101a81c2cc2963ef
- sebastian/comparator 4.0.2@266d85ef789da8c41f06af4093c43e9798af2784
- sebastian/diff 4.0.1@3e523c576f29dacecff309f35e4cc5a5c168e78a
- sebastian/environment 5.1.1@16eb0fa43e29c33d7f2117ed23072e26fc5ab34e
- sebastian/exporter 4.0.1@d12fbca85da932d01d941b59e4b71a0d559db091
- sebastian/global-state 4.0.0@bdb1e7c79e592b8c82cb1699be3c8743119b8a72
- sebastian/object-enumerator 4.0.1@15f319d67c49fc55ebcdbffb3377433125588455
- sebastian/object-reflector 2.0.1@14e04b3c25b821cc0702d4837803fe497680b062
- sebastian/recursion-context 4.0.1@a32789e5f0157c10cf216ce6c5136db12a12b847
- sebastian/resource-operations 3.0.1@71421c1745788de4facae1b79af923650bd3ec15
- sebastian/type 2.1.0@bad49207c6f854e7a25cef0ea948ac8ebe3ef9d8
- sebastian/version 3.0.0@0411bde656dce64202b39c2f4473993a9081d39e
- symfony/polyfill-ctype v1.17.1@2edd75b8b35d62fd3eeabba73b26b8f1f60ce13d
- theseer/tokenizer 1.1.3@11336f6f84e16a720dae9d8e6ed5019efa85a0f9
- webmozart/assert 1.9.0@9dc4f203e36f2b486149058bade43c851dd97451
- pocketmine/pocketmine-mp 3.14.2@4fc5b9772ab3a9612abb052dc4233104dcb0ea02

Loaded plugins:
PECollide 1.0 by saxavlax001 for API(s) 3.0.0
AlwaysSpawn 2.2.4 by Philip Shilling for API(s) 3.0.0
DEVirion 1.2.7 by poggit, SOFe for API(s) 3.0.0
MaxEnchants 1.0.0 by Xenophilicy for API(s) 3.0.0
DevTools 1.14.0 by PocketMine Team for API(s) 3.11.3
iProtector 3.1.1 by LDX for API(s) 3.0.0
WorldProtect 2.3.7 by aliuly for API(s) 3.0.0
FormAPI 1.3.0 by jojoe77777 for API(s) 3.2.0
PlayerSelectors 1.0.7 by Ad5001 for API(s) 3.0.0
essentialsTP 1.2.2 by  for API(s) 3.0.0
Broadcaster 1.5 by EvolSoft for API(s) 3.0.0
PurePerms 1.4.3 by 64FF00 & ProjectInfinity for API(s) 3.0.0
KeepInventory 1.0 by KhoaGamingPro for API(s) 3.0.0
InvSee 1.0.0 by BlockHorizons for API(s) 3.0.0
ScoreHud 5.1.1 by JackMD for API(s) 3.0.0
AutoClearLagg 3.0.0 by Twisted for API(s) 3.0.0
Slapper 1.6.0 by jojoe77777 for API(s) 3.13.0
SK_Qua_Nap 1 by Nguyen_Dong_Quy_Edit_NQC for API(s) 3.0.0
StatsCMD 1 by NguyenDongQuy for API(s) 3.0.0
KhoiDauWorld 0.4 by NguyenDongQuy for API(s) 3.0.0
BloodFX 1.0.2 by Vale914 for API(s) 3.0.0
Thi_Quy_Phong_Tan 1 by NguyenDongQuy for API(s) 3.0.0
NGVS_LayHang 1.0.0 by NguyenDongQuy for API(s) 3.0.0
NV_Neji_Tre_7 1 by Nguyen_Dong_Quy for API(s) 3.0.0
DBTT 1.2 by LonMongManh69 for API(s) 3.0.0
PLMenuUI 1.0.0 by NguyenDongQuy for API(s) 3.0.0
Tang_Sinh_Chi_Thuat 1 by Nguyen_Dong_Quy for API(s) 3.0.0
NV_Naruto_Tre_6 1 by Nguyen_Dong_Quy for API(s) 3.0.0
DoiVang 1 by Nguyen_Dong_Quy for API(s) 3.0.0
Nap_QidaCoin 1 by NguyenDongQuy for API(s) 3.0.0
MenuVT 1.0.0 by NguyenDongQuy for API(s) 3.0.0
BanManhViThu 1 by NguyenDongQuy for API(s) 3.0.0
DC_Shuriken 1 by NguyenDongQuy for API(s) 3.0.0
NGVS_Rank 1.0.0 by NguyenDongQuy for API(s) 3.0.0
NinjaMode 1 by NguyenDongQuy for API(s) 3.0.0
Thuy_Long_Dan_Thuat 1 by Nguyen_Dong_Quy for API(s) 3.0.0
NGVS_Vang 1 by Nguyen_Dong_Quy for API(s) 3.0.0
NGVS_DCK 1 by Nguyen_Dong_Quy_edit_NQC for API(s) 3.0.0
NV_Ino_13 1 by NQC for API(s) 3.0.0
NTUi 1 by Nguyen_Dong_Quy for API(s) 3.0.0
CustomAlerts 2.1 by EvolSoft for API(s) 3.0.0
HubLobbySpawn 1 by LousWiteMC for API(s) 3.0.0
ManyWorlds 2.2.0 by aliuly for API(s) 3.0.0
Dan 1 by NguyenDongQuy for API(s) 3.0.0
Dich_Chuyen_Chi_Thuat 1 by NguyenDongQuy for API(s) 3.0.0
NGVS_Kit 0.4 by UnknownBallin for API(s) 3.0.0
NGVS_Xu 1 by Nguyen_Dong_Quy for API(s) 3.0.0
HuongDan 1.0.0 by Phan Hoàng Kha for API(s) 3.0.0
NV_Thay_Gai_16 1 by Nguyen_Dong_Quy_Edit_NQC for API(s) 3.0.0
Moc_Dinh_Bich 1.2 by LonMongManh69 for API(s) 3.0.0
DanhViThuUI 1.0.0 by  for API(s) 3.0.0, 4.0.0
Hoi_Thien 1.2 by LonMongManh69 for API(s) 3.0.0
NGVS_QidaCoin 1 by Nguyen_Dong_Quy for API(s) 3.0.0
NGVS_Loa 1.0.0 by NguyenDongQuy for API(s) 3.0.0
Warp 1.0.0 by  for API(s) 3.0.0, 4.0.0
Thuy_Lao_Thuat 1 by NguyenDongQuy for API(s) 3.0.0
SlapperRotation 1.2.1 by jojoe77777 for API(s) 3.0.0
NGVS_Mana 1.0.0 by NguyenDongQuy for API(s) 3.0.0
NV_Thay_Kakashi_10 1 by Nguyen_Dong_Quy for API(s) 3.0.0
NV_Choji_15 1 by Nguyen_Dong_Quy_Edit_NQC for API(s) 3.0.0
Bat_Quai_Tu_Chuong 1 by NguyenDongQuy for API(s) 3.0.0
Am_Sat_Thuat 1 by NguyenDongQuy for API(s) 3.0.0
FormImagesFix 0.0.1 by  for API(s) 3.11.4
Boss_Quai 2.1 by phuongaz for API(s) 3.0.0
MagicWE2 5.7.1 by XenialDan for API(s) 3.0.0
NV_Jiraiya_11 1 by Nguyen_Dong_Quy_NQC for API(s) 3.0.0
ChatAPI 0.4 by UnknownBallin for API(s) 3.0.0
NV_Ong_Tazuna_3 1 by Nguyen_Dong_Quy for API(s) 3.0.0
SK_Beta 1 by Nguyen_Dong_Quy_Edit_NQC for API(s) 3.0.0
Luan_Thuat_Tam_Phap 1 by NguyenDongQuy for API(s) 3.0.0
NV_Momochi_Zabuza_4 1 by Nguyen_Dong_Quy for API(s) 3.0.0
TapToDo 2.3.0 by georgianYT for API(s) 3.0.0, 3.0.0-ALPHA8, 3.0.0-ALPHA9, 3.0.0-ALPHA10, 3.0.0-ALPHA11, 3.0.0-APLHA12
PackGift 1 by NguyenDongQuy for API(s) 3.0.0
NV_Jiraiya_9 1 by Nguyen_Dong_Quy for API(s) 3.0.0
Sharingan 1 by NguyenDongQuy for API(s) 3.0.0
Bat_Quai_Khong_Chuong 1 by NguyenDongQuy for API(s) 3.0.0
FlyText 1 by Nguyen_Dong_Quy for API(s) 3.0.0
MIE_Protector 1.0.4 by FaigerSYS for API(s) 3.0.0, 4.0.0
NGVS_Khoe 1.0.0 by NguyenDongQuy for API(s) 3.0.0
Tam_Trung_Doan_Thu 1 by Nguyen_Dong_Quy for API(s) 3.0.0
NV_Shikamaru_14 1 by Nguyen_Dong_Quy_Edit_NQC for API(s) 3.0.0
NGVS_Stats 1.0.0 by NguyenDongQuy for API(s) 3.0.0
ClearCache 1 by NguyenDongQuy for API(s) 3.0.0
NGVS_Quest 1 by NguyenDongQuy for API(s) 3.0.0
Giftcode 1.0.0 by  for API(s) 3.0.0, 4.0.0
NGVS_Level 1 by NguyenDongQuy for API(s) 3.0.0
NGVS_Bac 1 by Nguyen_Dong_Quy for API(s) 3.0.0
SkinShop 1 by phuongaz for API(s) 3.0.0
Sa_Tinh_Cau 1 by NguyenDongQuy for API(s) 3.0.0
Skill_TheThan 1 by NguyenDongQuy for API(s) 3.0.0
DanhViThu 1 by NguyenDongQuy for API(s) 3.0.0
NV_Hokage_Tsunade_2 1 by Nguyen_Dong_Quy for API(s) 3.0.0
NV_Thay_Kakashi_1 1 by Nguyen_Dong_Quy for API(s) 3.0.0
Byakugan 1 by NguyenDongQuy for API(s) 3.0.0
NGVS_GiaToc 1 by Nguyen_Dong_Quy for API(s) 3.0.0
SK_Phuc_Loi 1 by Nguyen_Dong_Quy_Edit_NQC for API(s) 3.0.0
BedrockClans 2 by Wertzui123 for API(s) 3.0.0
HTHONGKIT 1.0.0 by NguyenDongQuy for API(s) 3.0.0
MapImageEngine 1.1.3 by FaigerSYS for API(s) 3.0.0
DDao_Thuat_Tam_Phap 1 by NguyenDongQuy for API(s) 3.0.0
NV_Haku_5 1 by Nguyen_Dong_Quy for API(s) 3.0.0
CmdSnooper 1.0.0 by HotshotHD for API(s) 3.1.1
NV_Hokage_Tsunade_12 1 by Nguyen_Dong_Quy for API(s) 3.0.0
Nien_Ha_Hoa_Don 1 by NguyenDongQuy for API(s) 3.0.0
NV_Thay_Iruka_8 1 by Nguyen_Dong_Quy for API(s) 3.0.0

----------------------REPORT THE DATA BELOW THIS LINE-----------------------

===BEGIN CRASH DUMP===
eNrtfQlv20j251ch3IOd5A/L5n14kN44thN7fMQdK0nPjhpCkSxKbEukhoePDPq77+9VFSlSdhIr
47F3gQ4CS3wsvnr3UaRY/95I8mLOqvEVL8o0zzZ2rM2NKp3zjR3DCRzPM0w32NyYsbI6KIq82Nj5
90Z1u8DpDXF8cBPxRUUXbm7MeVmyCZ36mMU8STMeaym+3exoxzw75rd/x6Ckns3epjMatbczGn0s
Me9otBvP0ywtq4JVeTEa7fPyssoXo1E2ucLZxayepBm+vOFxkUeXezOWlYM5aOIYXBbRaPSZF9WX
OjVMqz9qNDplaba1mC5objmvQrd9D7ZtINte4uoN2SZMwDIDYxs7vgs5FSzC139u/KRr/wnSF777
ckdbAMYryIGPRnWVzkD7R/rY2eE9SR+yLJ7x4kWaVXzCC83f1CC4NJv807R/074m+naQoeu/af81
0W9qLVnupsaKgt3+0/jtJcT2k/HDMpqBPJ5h0MEVz6oTdfTCsiG1byt+8POEV+czdovhefg7j6qe
mOUZQZ2pEQXLk9uS2O1TXk3zWEx8cMOjGkJ6YZvfnLghdzTq0Tv4Oc9+qdPqPkI4DSRpEz0NXTRY
YBAEWl8h8AOf0AQFj1vB+PqKOcmhEMldZgY/c/GNN2Stzdem9mMM2asMiWukjl/4/ldYuMvu4OeI
zWbysh+jxFmlRFmM5VrOChkKm7hWTvxCoHBXUWS8us6Ly+15tODbH9jlSRoewTOKBCHjhWGaK3jl
jMA4y0t+HxtQwWQ0GhbQxIxRGNjLswoWTvJvPNv7TYtmKSjT4rSM8iwDEkGdp4HeOC+6BBbscpaG
wu8QCBD+ty/ERxNeDMtYoVGxNBoRT9BEnylF+wWSAKh70YQkBBvDdLZMw95ydXw4mm35SCnfJ9pf
T6R6AHIlUwhMgpXRqMfS4Oep+HLOCKXUW7DWJEGwpkgWcB8IRM5l6Peooczy/AsXariYcb7oKMC0
1p3t62P/TcqpC/6HIsVYixR/1Q3kUMi3N67l9yyv0iSNhJ02zN8JsFI3L2AS3gOxl3T8MUNSfBHn
dTjj2rJG2fJgAGIi6ysTGUFgr0wkzwx+rtLo8lySjvAu0dhfQ+PciU0NmrJihbIr425MEV9P8fWF
6VlfwTAewwPgGXXUxrI3rOQIwGV5krP4K9FWlQuU8U7yyaQTEyx3jWTfXmXbP1IiSMbdbzBu6asa
kI6qZOZpLwwKOgX/V50WvIkhgfGbtpiyYmd7e29nW9C03SNpW1G0TQR15hucnm/Rhdt3KXq58dsf
mxv8cUraRy0rQZbENE6zq3x2xeeIjUAfQyJRtdGcBaSLBfAojznx4nk4p+HfAi6SRlpSZxGxA7HO
8yuuctubPflF+8uiLYI8X135bzoI1AH9U4Ng4uyKv3j5N5z39c75OisRUf9STdMSQUCMLf/ZXrSs
wV6KgzM2B5LfJBpDofmDDkwc0Kf1FRaWmBqyd7SGE7rO7jDgOzgYVSOEohdpOZbG1F73suFJe6Up
uoFc+fjLLs3NFYJaV+EseFUXmXY/xzARhIIs4nmiKSn/b60rDSkAbacB/iZwe11J+EoSwfckQbgQ
Y3c0FARJOsE1gd6RQmB01HQf1RldT/MHZmf+wJLzB/ZD5n/RMaLA6c7udmZPE+3FPRJq9PcSV/zx
Z1P1Z1P1Z1P1Z1P1Z1P1Z1P1Z1P1Z1P1Z1P1/1dTtbkxofTBZtSJUGmJ+q93LWgKIfzl/YYNawth
zCR4nc7ijR3DN4zNDVTsMb/a2EnYrORoeoq8yqMcaG3dwyQptUR2Ejlh4HkmCy0WuAY+Q90x48g2
LcvQ7TgKdc50wl0rWj6jgMuvS+1sqO0fXBwP358P3r7bsz7tfdAMfUvXBA2a4Xmupb1oBhv6S233
dN+1qfuaLoDG2yKqcfgFDi94UMc4Pc5Lmujo7GwIgDi4Fh1elM8XCObFGNG0YEXKSxISi6dgrODb
v5d5NsAY1e/pW8aW/tq3bV/3XN0KLD9IHMdPrIDFuuNYjIW+F4dW4huumDqPCjZP63J7gVCMpnWg
REwEGFvOlvHaiC3Tss3Qjwwewl8cK/J934ssFxi80I7MmLmeFREfS8WGacaKW+ENiizDeM39KHSd
ODRCLwh8zsPQs4LQMO3EZAEo5b4HrDzso6LUHoK6wRWbpTFZmaANOF/bjCduGJpOEnixHvqWHjI9
tBPX9S07NFgQ+W4SBWwFIfnwTPhwKzI7iiAWndt+ogNLEkFeNgyDmbofGyA2ci2ELauPaZZPBAYT
GLgThDwOnRiX8TBgpuvaXhSSoPBhJgwWF8cJu4NhsKimBWdx2RIThGHEoTM/1A3b91gIRNABc5mn
O7Znksly3fX6qOasmipq7NehEZl+aFpunPiQthN7oe5GiW+bRhIErgmps8g29D6KLKwUBgMoLCOO
oBfbtizTj+yQhZ4bR0bo2xE0b0UeGDZ13kch875kxdzyX0OrDH6RQA2mGYe6b3HbMf3YZhE0Zlgx
nM23mN3HIvOOEoj52gfdesysOLAs2E8UWpybMY+S2OGO7QCJ48VRnKwgWcwEBhuWkiQYEsA4uG1A
eLBClJRwEaQsJ9ITH/HABx0+MMR5RNGOb8t2s0pbk7MIkeXocaKbrs8D3XYCj1thHES26zuRY3Gd
W5aVcE5qnt/C0sJyO0auhI8ubgWSYMt5HZrQjucH3NdZ4IWwC8M2bCcBi0EIhmLfipjFBT+ImoM0
h3azNOFlpWzfeo1oY8BMI9hraMd2Yrjci+BfuhvDZoKI2RbOJ3YHxzJ8mtJ9HGZyUM1ImXoE0cSO
E3G0rYHuQj46C1lihK4MUZBLTWEGUb7gyYyLll7EHoWSTNd1XD+BMDzuhJA0zNVy4Z2M61YShQaP
ncTU3SD8FkpAwxnUCKSOQBrFnhlbgR0xL7Bjy3ZdZsGjIj2IHeZGMFPfhY/wO0hphW5Q8JJWxKQK
yVOR+2wjMT3H5HZgwbEDx3RDVD889iEBO7HcIHalr08X5YIjZRX5Ysoj0uAVQhnJ33aMyIpIcX6U
uLYec9PwA8MOdIM74Ny1KbG0WGBJ2+qzcQ4zeI08ZMSMIYgFDkUYKwwQb/Qwgs3oLIlix0hglewu
kgE+6yytGmQIr/BPeJLPmWvZnCGb6Q7zfZBne46ObMA9A4mhkX0PGeX3qBoU9YyXLXmvEdd15gQs
SbwoCdzEc2LTQO60fVdnMTN0bjqhyZXciRpCOKA1RfyByOUqqA9jM19HjAJiksRxTIFQNx0k4MQ0
XNtm0EfsIai4URytIKN10kGKwlp5oSWQ8ZBBXY7lJ2YILFw3EOXCEEYQmwm3zNhG9E5icwUZLY5e
8gaN8do1EzdwEeqhRh2+6xgWdwMOhcRITq5nx65pIsWtoKn4TYU/c3SyFW+9SY/cIAohJyd2LANe
jUBg2sxyTMcKEDZsZiJ26cEqsnQuKHKARH8d6rHuBzHXdSNkrp4ksHRuwTotjsBrIPboiP8iTvWQ
gC2hRc7mVONIIblG5AQWDzwkQ7gH/BJZRI+QbyPmxy5D0GSGvaI+ZVQBXMV5zaCWyOGRxZBkEaks
M/B9xDh4kBkH8G54jm5aZFIldFIiWGbbQv8KjYxVsevoCCqhkfCIk59BsJxx/IHfIhp4YM2A7d6P
Bh5MkYsPZnl+WS9agUdwHsPSE537rhugdEPIM/XQM3SD+ch/UWQGroyiXazzBWuMScoJmTr2HZ4g
IMcM3mIkussSG74b2SS9wGeIFr7dwxOnSaIwGK8t7phW5HhuYgJFhMSUWDrpnKOucJgTGUgXnt/n
j2dXaZFnqnKjSIdiC9WPnoAPbgaRZcUeHMTweGxaUDs3UcyQ1wiVdRDdLPKi4kVLTmyYSQgVOzEL
4Au6EQeIxU7AbQiH6QjyARmi0cMymeUhm8GGpE3b0hxRrCGteAGqGyoBfRNB3A2Q+FEFesgwRhD6
qGx6mGRbNOAZwnBX0mDPSVBFxSiI7ACsOByBLkyS0LI8ILMME7WqbzvOfehUghDYpP5huvByK0IQ
8k0jinRPh+P7lucj2SC0e66vIw73iSt4VIssiAiVkSO3xDHLpJTsJDr64MjQIwpOEXcjRAU3poLJ
gAhsbwVdmdcFWv58QbyqyllGF4RbkGV4tuP5fszthEWMU+3LkgCVmaOHscUjo8+tuqkksykqAzsw
dS9yE9+xuYcIgsIQFVNg+yzyOdQAt4r9HoZuk0Q61G3DCGOUPCjeuItCygytIDITGzUcKlqGjIMa
PxA2dTtP8uwWHdrsFoF3NogUOZT0PLBk8jj2IO4QZRiCJ+jnyHKoH0JkUD8xEhdlBIo64KqmvOQc
OZhCU/pF5V8UUa/htJabgCWbGyhpqbLjYIK7qA50I+AJLJfpCQXKax7O8y/o5bdRsvOiUhUUSmT0
a6gkLMRGpAAkJEq8jg+BcRum6RhxjDzlGP2KcPl1MF+0XeTrB7eEf7T32UQXdn6wl8/Qk/Bu39rC
NjeWmoAycczqapoXJd2nKNkNu5qxG8R56n/ZIiWoUBgd84yFM44msSpqNLIxX6BlpAtxrsyTar8L
mDNxZ6+DcjRC0SLJkGsRdKsQDQ9GXQx3Pww/nkvZlqnwdbqDsju7ZrflxYJdZx1uutAuPyY1GX2O
zqfpLF1oF/iYpdnksbhaCLSlwjoaMUFRSRSNRnIh5vvM7R98SgtBectZC+qrydzy+mwt8gmtG2xu
XLx/yx+NKYF0NLoSJIxGMW++dcj6Dk+n7OYgi6ZoUMoOW13oigGumuCvPMuFdFHWPhJfHZRkdy0p
vYMla+fvL4af33842b+rMH41zPNZl7MW1GcLDrzC13LlSBtSOdTlzUD8+VHmGgJo2a0l5RtKmlbV
otzZ3oamp3W4hcKjsyC23eIAt+l5kVcqt7X8doBdji2qE/oMn+z/+lgKBKrRaDnzavC4X2H3MAo8
g9O984PtDhdg9HNezGIF6bDaA/fDjLXqj2yW1rNHM1iJbTS6JgoWkoKHRMx7WD6t0yJJ+SzuZpnm
PisKc1qgEfdXe9xCKG/zYr57ftSRRwPpW7q1aui/57/n3KN/PXGYPy6OJcbRSBHRfnmI28p7Zxdc
Fmpd7109sxqbVrS8i0rg8TKjxNbc2muJeJh1E18cxQctBM3K4XmHqR54NY+YPY4eiZPujKPRyvzf
ZeNNgRGRsMIOF11onwmnr5SDq3x2AcIeSy2diUejPhUPcL3r6+stDooI+1Z1KcyvLvg5L+Y9w2th
fd7sLavPnWu/favr2v/S4JrUcBxlSYrm89FCzVhOACtsKOp8/YEQK65V4WWJB1I45nxxlF2JFbDb
jiT68G9Wp8fTnL1jiGATCOOxBNBDOhr1yHm4K+KSC94tuBXgO8XOG1pQPMyL9At1aI9lwF2ko5Gk
5G5V+nVmLugezmEdd9hpQV2GnLtJ/+8sujzdfyxOJLbRqJl9+e0hbOzWVb4346w4YZNJt3vowftV
zB0NDa/pKZL4sTiqJDo0DCAiIiJmIGI0WqVpXbdTZO6Wt7N6frq33cdHOp2xxaIXYBtI30TdB6Zz
w/oPWkI58w+XcUuSthsmiMPj8S81G5+xRZfJJbDHZ5/Hs0l9y7Pxfp5NMPx2fBCn1fjsl73H0vov
Zw+PJBcVq8o9+FCHiQb0XRaIAzDwWHQ3Ez+cekTTdJ/VopjsBvkuuMuFvtqv/1f4OF6DA0TPPH77
a7cSUZDVWN4vpTY+sRkPDPuxaFboUILI6R/OwXCaCis+n5I9D1l3feHuuae2qeEv50PE8ct0NnsI
M2fvPl2MT9jtIcu6MbwH/k6S/a+wcXL4cIWcfRqf8d/T8bDgY6/LRA/+8Pj0WDycffIezsT+m+Gw
u+5BhyvNxUr/n2enIPiUZVM3eCySado71vO1tajzk1Oe1R+7PWwLeg6bOT37uIYXw7LHF2k2He/B
Z4fTmnXXJu47+/QGNLzYW8uXYe+sQGUiLN5d8YTumefwBXcNX8jTT/141ECenvD9T2sEIrYY/5LG
bC9Pu0mhB37qfIDJh1P+cB7Ifz91I5ECPIdDX3warlFYsIxi4acU3tqtLrrgpxb+m9N1ONjfG19M
6yK95L1bFh3okxeoH45Ho/29BxcSH1h2uVpFCNhzWM/emzU8N81+Z6d5757eEvbkPnu6TjWKcvOE
gt4+y+7msXvOPkMeO9lfuyb9dE9B+kwp4HC4Tg4gQvf3jldpJ9AaLTJ/5BYZ069VUB9l+diw+iWE
gn2Li8cj+OyTYa1B8fBj2iWWDp/eUI7eXjyc5L26rPL57owXvVu5PXD/rpjx312Y7848Gq3Q8WNL
84d1eJKH4e3qAwZ9+DcUdZLX5WdMc/podrXEOBqtkvH94ohlt2KRpX/zvQWuPiyhP8VdzDnmF3cy
17i1td9btdh/hnUKzLkGuWlEnZhw2vvatfvPPzlLe3trp7njtFrNFMdp9e01vI/ZZZZfZ28YPRzz
aGt4u2vmuF/rVcJ/rZ8lOa+xdHdYY/a+7beg75So51OWaYf5qNZ1rmcT7XjKHo0FRcJaCXo4Zbfj
dywdGyuNfvfEM67JI3+v0fGf5tF4n5Zb3sCTu7G1B3/69bDT/TcPXg7bb9rM3opYF/ptE1sleVM+
jfvDjz+s03oe5hQ0017juYQ9vdwPH74KKULPfasuPfjTB6Zf9vfWjKgnObuzBJ+z51l+f78rngJ6
KP2fWdG9LSgOn9Ta1xG2bIpZ/pVuuT3x5LduTtYpH9St2Q95JR5Av3vnuT2z+oyS8aA70P/JslGf
gDXdAJHkjh8I2HM4As0+GrU0rJ+ij9klK1GSGvo9abpz8jmW5A19LX72pvnvoNXpM9JCn7fYcNZZ
Ka7oqQVkt5qahry30HTPySdfNf5luLdGINidjy9A9Gow64GfmoXdi3VCGT1rejRnE16+TW9Wnohd
wvs9kb4Sxlae97Z/lPJ5/a+SHtKndx2nYu4kvVnDtvKyFPbTNakW9s31nIWwNvbl8X5DIfHR008F
IyJGI/r7sIWOSRp9PjB7yxwK1H9EzVtl41eepWxGHdUj8XEjEMayP5I0PPw3IAhQf08Llt6ysWH0
A1cHvkboetyoZayxXjhlVf+B8Qby9IsFNPNoRH/P+OVaOeS9eCzmS52x8crqcu/Mc2TDNZabL47H
b3jF+g/CCcgzJsE3a/R7J3VzOwgyn4/Pp72n+u47+9QZ5GRIz7qv8+zDaT7PIxRT/4eF9Rc2tvvm
defsc5iYvc7zKYthvp/3nkmRkNWfyqyUwROeF5OUZf8YbtztscTnYPfk/HDX7x8G/UNjZbQIkur4
/ATH5g8/ossWVR7no9GSn+//woRFl+/SpFvetKCnNszzd3trRbwmzQT3Z5/gWQwxWCPWTRm9Baq3
aLqEPfkTCYe7H47O3u2embqprxEf2rL+WDyZ+fWyv3f+6Sv/43Uq/7ez26H4LfuyYlaQp7ep8+Hx
aKSmX2Pd9+hgfN/PIPvw1cZ/pcR5y9IJLy7+cbHxyItKLWIw1CVo5fDhN3umOb9zt4dgz7GycXy0
TjKaj4dFTY+R5LI06OWlOyef4RGT4f6aj0peTNNLNmdFPTZWSoXemedd1bDXXDsTvyhYNTEJfObV
M0HEGt0O/bhmj0XTrsN0gE8dmfdO1tTEL7V4bdfK7QgBfPL70ms8S08lVdR/Dq4FPemC/pBlw5x6
fpp+L4/5ujdT+BWf3bmdIoBP3srQrGuS/4ZFq8QT6Dnur6/xGCXib3YxzXu/EGtA3yD9v7fyRbPL
vw8in42H4pl/1s1vXeiTl7trrQSLgUjAfDjtl+s9+JPf1pLzrvVw0p3HuPef7Rnu/XXuo6N6OMzp
jarjYVlnLOZjs19b3Dn7HN2f+R/cxvrWXaxnYWaNtflbdln3G9kW9OSd3j92jz+u38aKRPAuZcP8
TnpQ0KdXwbvhWgun59M6Gp/kaX/xtIU+Y719vkaN19tQp2NP/X12Ogt1fVaWmzw8FvHf3ofjB34F
/pXNQMTTQsPD92fvjo+6PxNawp6j0TgcrvF4+ylbiLuKB9lEbKTUucXVO7HyyqnVV4d8fdnhEZYb
epSsHj8oie43z7Hct8J/39knT6z7ay/xHyJaj1eeP1Cw50g9azxzsDePL7I8778iogP8jtMc5lU5
zavD/qs/6PUgP0h8NI9LOfVo1CPjB0oc49s1jvE8RY6xTpWTgoRDBsoZUdL7EVj/zJP/FOzwcH89
HxEl2VFRX7Kxf0+x1px5DpX4D9UIvXCTFSC84qtv92v2lMAVg4EkY4C0lBJVcjOLLXptN5KX2DRh
46fz9khte6bRy6VHxSj76TTPtN1FoZmeZrg7drBj6drnozeaKMowgPb8qWHKr3g2oeN5XsWveqRo
cuMQOiknH9BLeV8ZgWGZBLyegqUBbdz0Kk8SgrAsy+ssopfEiR2HWDRNudy5r3yVZwIT/RxloN5L
Bw29MlwxO7tRF5WvJH0TSGiex/yVOEpyeiNtC1PzQVQxvdSnOV5cLdQ09C7jNKpn1e0rQavcjYO2
pCp5VaXZpHwlhECrFwOyolfHeZZP2RJYch53xtBbY1/tH7zd/XgyJKjSzr9qXtyqORWoiMCVIoi+
by1YWV7nRfzqf8Q/iKmu8gHtIKguvEr59SBO5U5wr3wC3YT5zYDMtsHUe+vr1u2c9gH4SSOL0yKh
+Vq+q1cYgAZxaT1dwiC0Ib2+Vmv411jBtWrKtTyD9VRTVmkR6a/SQq6lWTSrY7HPm3bH8AjXRT7H
lYlW3cVZsoRvajnOFCWh1MKCs0vtNq8LhYt2wIMa0yQVM0CDtKXj7JYQn/HrFt12zBMGHZbadZ79
tdLowUtWaCS+OZilXTRuiULaxk/yfT3lmVYvJgWLgWBrlJHpSmQ7o0zTfvo85USYVuWYJYs1oFD7
0kAGav8rECVOC1JnOaYBq/jGKyEverNpxDW53RNB5oRZGmjjVDua2K+FTpTTuopz2LzaQ3NHG21I
x9LEnlbxaENQtjub5dcaeROIaXaz065Spv1CNkZjhLE1L2Dc0Sg8iUsvpriSkR2UOUhSE0lhMIVK
q0uoGbEMohYs7p4fYSRt2VYSkuUZ2i8lBGGdCQ6EZTeYwLhGXqfBJCB1Ije81ZSuaLxyhPZ0Rxo/
fUawh8lBcSyOtYKXUr9EKm2UBJIYbSVFIUODVkNOUoH0+b9qNiO9TNIrjL1is5prL9SkCGovCbuc
kfZHoEg1gF5pv6IdnBZzn9XzEGKH2e6Wt1k0ZOWlRvtYwVC3xICPUIfwnYZTGjYtEBlqmAeGl5ua
+DWapuIJHG5To/evF3JnMiEbBHuCzetM7VIlkV8I+wFPMOMiv0lhwhxiAEvCNbKWOJKtIugoIWeg
MWT0m1pa/RXiqwpxWcwphgqbXLlYewEeoHDNFGIRbAwUpzsC1aozMGF9RZ1lpM6YQl6+EEoQOwGV
W9o+v1LftXk6mSJaFKycbna9W1kmSaQo6kUloVJgJJg5aFN8CeXC4MQ2P7H0OHaVpzHIvp8CshGy
uRyChnVtdQwNgwdyUGtpyCjIFMWt9Pp34kXwGiVvTcLhaPO0ouAx5xMW3laQuHYhRa0L4aYl4RaX
D0lr16mQvLAoRIXrgUTUGFkpOExSkIiQJ3byIzRJwXkzpTRyaKsW7jnJoSjaUkJYBU2k3lcvSNvR
dOICs4sYL/fT+X+eA6qGvkU/Jez/jP6yyheCBBWfW5IUulJD+KCMi8DaEESzNlQZumkrwkQQ+Cy8
QtFX/vURKBR+IUiiiKFFNbJbhuymyb0wybpzSbL0SMqG7Wh+E6HuKJccycD1fniwow0Pjy60k6PT
oyGC9/nJ0cGFdn7wQUONeXzwYVPDIG34HqMOtM+H708OtPMP7/cOLi62VkNATx6m4ypxnPMizUXG
p0BcEoPRlIuQLKTRBlsDskeuiUVsEUMGCIVchlmBiraPTDMEaFgT8fs1Y5NGhjqSMmxGw9RkArNE
gtC7DOQyI4k53lMOoUJCXLB1dzTZgirlobYFj6jekJIlcqVe5bUtDzAvviiXrKJmlryWL+8nSXFu
Kc4nrAhpyzF6U72sb0UAul+6wtWIHHWVpq5C7J6zrBbVTZcSVH41bPDlZpMTVo2wMUOZXpMEuCS/
86ULbmnvZcyXBo/yJK9ncUtLiiRynWlL+kuJeCHIB6OuriteMdtbESzuJElhOhJDy1tS5PMm2cqr
1YhB1zS7GiZulCbv2IZ2j0n1rOOiqUhJZUUu3rTfGHJczxeyfJM1oqZODOhEo699GqQuELQLMhsO
cIQ0D2dn9wgYSRuJDzNcwcjKsuYUGKoptDZpylkKWjTbkqrNRpGyRlBV65akhoZ+VU7UOkXTOrss
G9r32IKg6byeI8civRZa012QIjW197SgYilX8hclSuExd20M1fxCUSQmHFCZXSPp2q3G9nN5atWm
qTaiqCfxy8GNC0lcamCXM1E5DCJ6JqLlbR+kiFoF5SNJD9TJAkNiWYjtVzV5jeRwyR0uU/KU/DQz
0+BltUsCpGcxGrzfRvUtOxxlaqPUHZUiUJpN85ksMUNWoTumUl+QXNLm1ppKMiK2ydZKnZWpJeRt
sSnT209dLTWnKKwWtxUh39QGRkeBQnli4kHVEKNSgIjayzpWNL1UQsaSc2qWRKFPFwOoyNrSDlEL
is3jqbjT9s4/buJa0BDCv67TGGYvagUZPVv8A4F/R/OasntZkZdCOp2xW9pujEA1ZbNkG72qbBNi
DhtWU2FSjdZcyMA6jrhMex1k3Vbk4IaiGpWYbLYpgyZNrXa73NKGhcgXuaikP55n500dvmw+qc2g
i66RUQlnvcgWA3W80vicKocs0y+8VTVV7I2G6cXnTTWFil5aTifr2oEpL3q5pZ2ra2asmIgLmOqC
lZmIGZOCTYg7qAtslYuZKGaotZ2DeIoDrCAV7okdkmWvTruj8rLSTocfBaUlWCK2w7rSaG1AaHk5
new7tpowNK/qAV21I6glB4h5WE92ml7mZ82gHkZVctS1ivNNx1rKZp43nSxdpgzFIGQybklse9Mc
PSoZZ9PC8KZJFcEtZhXTSnbVBFFabmmWpejc0t9pP0REAs6qJsaAUrndalMyi3ZrUchypVygQhPl
S5ZHtD+MuBZyPGW3kCEZyzy/ajpYCv8qZoq4NWjOySnLZbRolp26yxVDsd4gDYB+tMUquVIjxipt
16Vq9SNYfSXjgrpmIK/Z0RYoKK7SGU0jY57yZzULBW2WTdqiOqPLZqu5Y7MZ1VuvuneJSHZ5u/O8
JptOZHBWJk6ilCt9IhmRO4veHYqh7yKb4OIPIrd0LhaMZ1z2iiGXyEKekEWKVUWRDqaNBQili8XG
XpaS7NNELfvwTI2tkqo2m8ZsHAngPir1+8lkBTDFYt1FGCKIbS6mz5YaS1g3ddKDegGL5GUnWoi3
e4uJxPpqZynmaF9MJnaTLIVLkjx5QZpGXYvQNdcUd5paeWiynbimxzrwDTRT+0mboGcpl+JZrm60
Etq6KyLlrNcsFU0NAgcqfqmbRb6oZ40xqgMK+2KMChE+zSeK4cFCeTUFV3LUHa0pM8VSqVzO2VEJ
j1afRIslwTJfKHXRfkrtukC8FBuZu9jEcQXUelsfvJiiMkvyjkLgZAN5H7kdOc1JMYKUrcV8vthK
c0Fxlme3c2oRaN85Ws6LyiXp1Peo89ryvGBBRCw2mRRoNuXCUrtyR4VUVTChuB5/gj448Pv997Sz
tbpnoFIBxYRrLutQBs+5FjOWgvAlAwK21VlbRuZpJS8tUyrnjlChT3le2RKSntiCjkJ3t5wS8Lwr
OlSoGZlJZ5VnE+FxMWWbAEMMlK+qtmJB5E04umioEAEoo3wgzzZ5Ra4Zsd6qkboD1Mk3NaozpDYR
xJpYoRAKzcvzzRx3NC157aq6SufLUK0SEiGl8U3dQJqleEkTiuUwdVGz9Lm1nECd6c7QSPPbKU9F
bald6RWdVYZmWbhKKyXPZj1hqoAiYFBDoGpMFTBoeRZlfCyKrDRpEaFSByNysZ8CUNNkyxAHfCpC
NomNzVJWqgoeRRebL2bNEdUAoFHpaqdRmjwHu6XVnh3tnyJ5I31uiuWf3wipfClYmyW7NyEEG1RI
FWmsGuzm7o/onO9LWCKfiwRdilpSNGbQTwpaVbbtki/nFTTIrxrdLqKkIJPXcsYd7e3J7nDH/Ju3
6QQ3xqZ1Y22afzP+FvMolyH2Be2kFFFsfeXrMhLLI9t5Kaseud7f7Wulh1NqgYzVspOoPMS6EbQW
3dJtjTqq6qKJyU0xX7QL+SLiAA8yVSTuxJSNwAbNXQbYgizvfnorQo2YSozvIalFoSAh4w5kIGqt
reUKWb4QrSC/QeArVR8UXVK5XIqaHxIJUxSqt7JlFuOIX7Fx9UxmEekzkkuBH7VI0cbqjc0NflPx
TG35/u+NPRQI3a3qw0htK95C6A5PFrOiB8vn4zivEAx7ULV55BJQF7PucSy3Gm2Pk3QmtzFtIROx
TWN7OEX66B6n8LKrLuD3Uj034YnnJuahvF3VHUKFGMiPu7BF1Of6Q7sZde9KEfbLPgj1ybwLuTg/
6R7Ob8t/zTKaTH3TaJ9fw6RleA3lhG44uq17+PqXI7iEF0X4H7jc9ZzEjT2TO1GiJ6brJbbPDdeL
aG9K09L+QjtsdnbWbCe8ZeJup6l+HPUlXchnlhx5KPdmb0fj8Gbe10lO7Ji6bhmGST9JPN9/3xNV
nI8FK6tAgNK+OhEusrLsDbxIKSD8etqT0QoFOKSOtM8WgNdFumIdC7UuJzaUMbcMyJQInvaNc5mt
x6IWq6t0pja5FkaSTsI0Y7RVkniQhp5RESjpBTkkABHQYrmlvXxVQ1TcLqpcACwBmMR3dJ72zETI
xuqC2n1oJ7U0RknOH3/8X0XT2AA=
===END CRASH DUMP===
