PocketMine-MP Crash Dump Sun May 2 01:35:08 AKDT 2021

Error: Argument 1 passed to phuongaz\AuraBoss\Entity\ViThu::__construct() must be an instance of pocketmine\level\Level, null given, called in C:\Users\Administrator\Desktop\ngscupdate\plugins\boss\src\phuongaz\AuraBoss\Boss.php on line 147
File: plugins/boss/src/phuongaz/AuraBoss/Entity/ViThu
Line: 37
Type: TypeError

THIS CRASH WAS CAUSED BY A PLUGIN
BAD PLUGIN: Boss_Quai v2.1

Code:
[28] 	public $health;
[29] 	public $drops = [];
[30] 	public $name;
[31] 	public $speed = 0.5;
[32] 
[33] 	public $spawnPos;
[34] 
[35] 	private $range = 500;
[36] 	
[37] 	public function __construct(Level $level, CompoundTag $nbt){
[38] 		if(is_null($nbt)){
[39] 			$nbt = Entity::createBaseNBT($player);
[40]     	}
[41]     	$skindata = $nbt->getString("skin", "");
[42] 		$skin = Boss::getInstance()->getManager()->getSkin($skindata);
[43]     	$this->setSkin($skin);
[44]     	$this->name = $nbt->getString("CustomName", "");
[45]     	$this->scale = $nbt->getFloat("scale", 1);
[46]     	$this->health = $nbt->getFloat("Health", 20);
[47]     	$this->attackDamage = $nbt->getFloat("damage", 3);

Backtrace:
#0 plugins/boss/src/phuongaz/AuraBoss/Boss(147): phuongaz\AuraBoss\Entity\ViThu->__construct(NULL , object pocketmine\nbt\tag\CompoundTag)
#1 plugins/boss/src/phuongaz/AuraBoss/Boss(173): phuongaz\AuraBoss\Boss->makeEntity(integer 0, array[13], object pocketmine\nbt\tag\CompoundTag)
#2 plugins/boss/src/phuongaz/AuraBoss/BossCommands(35): phuongaz\AuraBoss\Boss->spawnAllBoss()
#3 pmsrc/src/pocketmine/command/SimpleCommandMap(248): phuongaz\AuraBoss\BossCommands->execute(object pocketmine\command\ConsoleCommandSender, string[4] boss, array[1])
#4 pmsrc/src/pocketmine/Server(1809): pocketmine\command\SimpleCommandMap->dispatch(object pocketmine\command\ConsoleCommandSender, string[14] boss spawn-all)
#5 pmsrc/src/pocketmine/Server(1422): pocketmine\Server->dispatchCommand(object pocketmine\command\ConsoleCommandSender, string[14] boss spawn-all)
#6 pmsrc/vendor/pocketmine/snooze/src/SleeperHandler(113): pocketmine\Server->pocketmine\{closure}()
#7 pmsrc/vendor/pocketmine/snooze/src/SleeperHandler(75): pocketmine\snooze\SleeperHandler->processNotifications()
#8 pmsrc/src/pocketmine/Server(2155): pocketmine\snooze\SleeperHandler->sleepUntil(double 1619948108.6875)
#9 pmsrc/src/pocketmine/Server(1992): pocketmine\Server->tickProcessor()
#10 pmsrc/src/pocketmine/Server(1586): pocketmine\Server->start()
#11 pmsrc/src/pocketmine/PocketMine(291): pocketmine\Server->__construct(object BaseClassLoader, object pocketmine\utils\MainLogger, string[42] C:\Users\Administrator\Desktop\ngscupdate\, string[50] C:\Users\Administrator\Desktop\ngscupdate\plugins\)
#12 pmsrc/src/pocketmine/PocketMine(321): pocketmine\server()
#13 pmsrc(11): require(string[97] phar://C:/Users/Administrator/Desktop/ngscupdate/PocketMine-MP.phar/src/pocketmi)

PocketMine-MP version: 3.19.0 [Protocol 431]
Git commit: b307cd0aa15b76cfe41d2a649d14b3aa6fb78f64
uname -a: Windows NT NAMVPS-COM 6.3 build 9600 (Windows Server 2012 R2 Datacenter Edition) AMD64
PHP Version: 7.3.14
Zend version: 3.3.14
OS : WINNT, win
Composer libraries: 
- adhocore/json-comment 1.1.0@cf7998124d1050b83d7d985447fefd630e09c1a2
- daverandom/callback-validator unknown@unknown
- pocketmine/binaryutils 0.1.13@0abee38d4e2861621f262c79a2a3d699d8a697f4
- pocketmine/callback-validator 1.0.3@64787469766bcaa7e5885242e85c23c25e8c55a2
- pocketmine/classloader 0.1.2@9757928424652393b178a3760073113aa7c9911b
- pocketmine/log 0.2.1@830b44a2cf96ef703c550abe64302f230231ca49
- pocketmine/log-pthreads 0.1.3@e477ecf6ec214fdd4415ea1da3fdd9d73bf699ea
- pocketmine/math 0.2.6@43057cb8c179a9859677b496a788db922fd5cfc3
- pocketmine/nbt 0.2.18@9f82ca4d7f97fcd9a566e44b63c4f18a7657ae82
- pocketmine/pocketmine-mp 3.19.0@b307cd0aa15b76cfe41d2a649d14b3aa6fb78f64
- pocketmine/raklib 0.12.11@9cce458b8bfde3e4dfdbf70c659fc7b7fe26b5c4
- pocketmine/snooze 0.1.5@70b5e7937a06878dd321a3182ceb76d56298f2cd
- pocketmine/spl 0.4.2@6b08b7cf8c4afa17139c9a1b3bf1b408531de161

Loaded plugins:
XGTShowPlayerHP 1.0.1 by XGDAVIDYT for API(s) 3.14.1
Trash 1.0.0 by Mev for API(s) 3.0.0
WorldProtect 2.3.7 by aliuly for API(s) 3.0.0
ScoreHud 5.1.1 by JackMD for API(s) 3.0.0
AntiSpamPro 1.4.1 by awzaw for API(s) 3.0.0
InvSee 1.0.0 by BlockHorizons for API(s) 3.0.0
PurePerms 1.4.3 by 64FF00 & ProjectInfinity for API(s) 3.0.0
AlwaysSpawn 2.2.4 by Philip Shilling for API(s) 3.0.0
essentialsTP 1.2.2 by  for API(s) 3.0.0
FormAPI 1.3.0 by jojoe77777 for API(s) 3.2.0
Slapper 1.6.2 by Slapper for API(s) 3.0.0, 4.0.0
MyPlot 1.6.6 by Wiez, Exxarion, jasonwynn10 for API(s) 3.4.0
DevTools 1.14.0 by PocketMine Team for API(s) 3.11.3
PlayerSelectors 1.0.8 by Ad5001 for API(s) 3.0.0
iProtector 3.1.1 by LDX for API(s) 3.0.0
PECollide 1.0 by saxavlax001 for API(s) 3.0.0
Worlds 3.0.5 by survanetwork for API(s) 3.0.0
ItemID 1.1.0 by KaitoDoDo for API(s) 3.0.0, 4.0.0
Broadcaster 1.5 by EvolSoft for API(s) 3.0.0
BetterVoting 2.0.2 by Twisted for API(s) 3.0.0
AutoClearLagg 3.0.0 by Twisted for API(s) 3.0.0
TapToDo 2.3.0 by georgianYT for API(s) 3.0.0, 3.0.0-ALPHA8, 3.0.0-ALPHA9, 3.0.0-ALPHA10, 3.0.0-ALPHA11, 3.0.0-APLHA12
FormImagesFix 0.0.1 by  for API(s) 3.11.4
CustomAlerts 2.1 by EvolSoft for API(s) 3.0.0
DanhViThuUI 1.0.0 by  for API(s) 3.0.0, 4.0.0
SK_Phuc_Loi 1 by Nguyen_Dong_Quy_Edit_NQC for API(s) 3.0.0
NV_Ino_13 1 by NQC for API(s) 3.0.0
Skill_TheThan 1 by NguyenDongQuy for API(s) 3.0.0
MagicWE2 5.7.1 by XenialDan for API(s) 3.0.0
DC_Shuriken 1 by NguyenDongQuy for API(s) 3.0.0
Dan 1 by NguyenDongQuy for API(s) 3.0.0
NGVS_QidaCoin 1 by Nguyen_Dong_Quy for API(s) 3.0.0
Luan_Thuat_Tam_Phap 1 by NguyenDongQuy for API(s) 3.0.0
NV_Hokage_Tsunade_2 1 by Nguyen_Dong_Quy for API(s) 3.0.0
SlapperRotation 1.2.1 by jojoe77777 for API(s) 3.0.0
Giftcode 1.0.0 by  for API(s) 3.0.0, 4.0.0
NGVS_AmBo 1 by NQC for API(s) 3.0.0
NV_Momochi_Zabuza_4 1 by Nguyen_Dong_Quy for API(s) 3.0.0
NGVS_LayHang 1.0.0 by NguyenDongQuy for API(s) 3.0.0
NGVS_Bac 1 by Nguyen_Dong_Quy for API(s) 3.0.0
MIE_Protector 1.0.4 by FaigerSYS for API(s) 3.0.0, 4.0.0
NV_Jiraiya_9 1 by Nguyen_Dong_Quy for API(s) 3.0.0
AntiServerStop 1.1 by paetti for API(s) 3.1.1
KeepInventory 1.0 by RichHaoGaming for API(s) 3.0.0
Boss_Quai 2.1 by phuongaz for API(s) 3.0.0
PLMenuUI 1.0.0 by NguyenDongQuy for API(s) 3.0.0
NGVS_Mana 1.0.0 by NguyenDongQuy for API(s) 3.0.0
SkinShop 1 by phuongaz for API(s) 3.0.0
SK_Qua_Nap 1 by Nguyen_Dong_Quy_Edit_NQC for API(s) 3.0.0
Thuy_Lao_Thuat 1 by NguyenDongQuy for API(s) 3.0.0
Ghep_Trang_Bi 1 by NguyenQuocCuong for API(s) 3.0.0
NTUi 1 by Nguyen_Dong_Quy for API(s) 3.0.0
ClearCache 1 by NguyenDongQuy for API(s) 3.0.0
ItemDropText 1.0.0 by AlexItz16 for API(s) 1.0.0, 3.0.0, 4.0.0
NV_Haku_5 1 by Nguyen_Dong_Quy for API(s) 3.0.0
NV_Thay_Kakashi_1 1 by Nguyen_Dong_Quy for API(s) 3.0.0
NV_Chiyo_19 1 by Nguyen_Dong_Quy_Edit_NQC for API(s) 3.0.0
NV_Chiyo_22 1 by Nguyen_Dong_Quy_Edit_NQC for API(s) 3.0.0
NV_Sakura_17 1 by Nguyen_Dong_Quy_Edit_NQC for API(s) 3.0.0
NGVS_Rank 1.0.0 by NguyenDongQuy for API(s) 3.0.0
NV_Choji_15 1 by Nguyen_Dong_Quy_Edit_NQC for API(s) 3.0.0
Tang_Sinh_Chi_Thuat 1 by Nguyen_Dong_Quy for API(s) 3.0.0
Sharingan 1 by NguyenDongQuy for API(s) 3.0.0
NGVS_Stats 1.0.0 by NguyenDongQuy for API(s) 3.0.0
HTHONGKIT 1.0.0 by NguyenDongQuy for API(s) 3.0.0
HuongDan 1.0.0 by Phan Hoàng Kha for API(s) 3.0.0
DDao_Thuat_Tam_Phap 1 by NguyenDongQuy for API(s) 3.0.0
ChatAPI 0.4 by UnknownBallin for API(s) 3.0.0
MenuVT 1.0.0 by NguyenDongQuy for API(s) 3.0.0
Tam_Trung_Doan_Thu 1 by Nguyen_Dong_Quy for API(s) 3.0.0
NV_Sasuke_23 1 by Nguyen_Dong_Quy_Edit_NQC for API(s) 3.0.0
NGVS_Xu 1 by Nguyen_Dong_Quy for API(s) 3.0.0
NV_Orochimaru_24 1 by Nguyen_Dong_Quy_Edit_NQC for API(s) 3.0.0
Byakugan 1 by NguyenDongQuy for API(s) 3.0.0
NV_Thay_Kakashi_10 1 by Nguyen_Dong_Quy for API(s) 3.0.0
NGVS_Loa 1.0.0 by NguyenDongQuy for API(s) 3.0.0
BlockCMD 1.0.0-beta by kenygamer for API(s) 3.0.0-ALPHA10, 3.0.0-ALPHA11, 3.0.0-ALPHA12, 3.0.0
PackGift 1 by NguyenDongQuy for API(s) 3.0.0
NGVS_Level 1 by NguyenDongQuy for API(s) 3.0.0
NGVS_SucManh 1 by NQC for API(s) 3.0.0
TopMoneys 2 by moch for API(s) 3
NV_Jiraiya_11 1 by Nguyen_Dong_Quy_NQC for API(s) 3.0.0
Thuy_Long_Dan_Thuat 1 by Nguyen_Dong_Quy for API(s) 3.0.0
NV_Ong_Tazuna_3 1 by Nguyen_Dong_Quy for API(s) 3.0.0
HubLobbySpawn 1 by LousWiteMC for API(s) 3.0.0
NV_Naruto_Tre_6 1 by Nguyen_Dong_Quy for API(s) 3.0.0
Nap_QidaCoin 1 by NguyenDongQuy for API(s) 3.0.0
Nien_Ha_Hoa_Don 1 by NguyenDongQuy for API(s) 3.0.0
NGVS_Vang 1 by Nguyen_Dong_Quy for API(s) 3.0.0
NV_Shikamaru_14 1 by Nguyen_Dong_Quy_Edit_NQC for API(s) 3.0.0
EventUI 1.0.0 by RichHaoGaming for API(s) 3.18.0
Warp 1.0.0 by  for API(s) 3.0.0, 4.0.0
Shop-NGSC 1 by NguyenDongQuy for API(s) 3.0.0
NGVS_Quest 1 by NguyenDongQuy for API(s) 3.0.0
NV_Thay_Iruka_8 1 by Nguyen_Dong_Quy for API(s) 3.0.0
NGVS_GiaToc 1 by Nguyen_Dong_Quy for API(s) 3.0.0
CmdSnooper 1.0.0 by HotshotHD for API(s) 3.1.1
NGVS_Khoe 1.0.0 by NguyenDongQuy for API(s) 3.0.0
NGVS_Kit 0.4 by UnknownBallin for API(s) 3.0.0
NV_Sasori_20 1 by Nguyen_Dong_Quy_Edit_NQC for API(s) 3.0.0
TimeCommander 2.2 by Zeao for API(s) 3.0.0
BanManhViThu 1 by NguyenDongQuy for API(s) 3.0.0
DoiVang 1 by Nguyen_Dong_Quy for API(s) 3.0.0
NV_Neji_Tre_7 1 by Nguyen_Dong_Quy for API(s) 3.0.0
StatsCMD 1 by NguyenDongQuy for API(s) 3.0.0
NGVS_DCK 1 by Nguyen_Dong_Quy_edit_NQC for API(s) 3.0.0
Bat_Quai_Khong_Chuong 1 by NguyenDongQuy for API(s) 3.0.0
Am_Sat_Thuat 1 by NguyenDongQuy for API(s) 3.0.0
NinjaMode 1 by NguyenDongQuy for API(s) 3.0.0
KhoiDauWorld 0.4 by NguyenDongQuy for API(s) 3.0.0
ManyWorlds 2.2.0 by aliuly for API(s) 3.0.0
NV_Thay_Gai_16 1 by Nguyen_Dong_Quy_Edit_NQC for API(s) 3.0.0
NV_Gaara_21 1 by Nguyen_Dong_Quy_Edit_NQC for API(s) 3.0.0
MapImageEngine 1.1.3 by FaigerSYS for API(s) 3.0.0
NV_Hokage_Tsunade_12 1 by Nguyen_Dong_Quy for API(s) 3.0.0
NV_Kankuro_18 1 by Nguyen_Dong_Quy_Edit_NQC for API(s) 3.0.0
BossAnnouncement 2.0.4 by XenialDan for API(s) 3.13
Hoc_Nhan_Thuat 1 by NguyenDongQuya for API(s) 3.0.0
DanhViThu 1 by NguyenDongQuy for API(s) 3.0.0
BloodFX 1.0.2 by Vale914 for API(s) 3.0.0

----------------------REPORT THE DATA BELOW THIS LINE-----------------------

===BEGIN CRASH DUMP===
eNrtfWtz2ziy6F9BKVN3nVuWLFJvbWUqjuTEPn5EiZRk9gxTKpCEJMYkweHDtrI1//12A6BEUoot
ZjTW/TCzW7HYIBr9Qj8AkvhvZcZDj8bTOxZGDvcr/eZxJXY8Vulrba3Xa3a1erfW7ml6Wz+uJIFs
0hu1bqPTaTXrmqa1mlqndVxxaRSfhSEPK/3/VuJlALdVJvBHwo4rHosiOkfoaThPPObHRCMBjSJm
k5iTYJFwf06/G8ZpEtI3PIoM48yPnXhpGJ+dySLp96dTi/tRHCZWfPSSeEkUE5MR6hMHoNS3GOEz
EnDrlsWe4zPDcNkdcw3jCv8cEz9xXTJ37ph/TCzqujCu45NB3zA+RcA8DGxDNwcGoDEPDWPIotuY
B4bhzyMrCWwaA8rATeYwnGGYgsIotAC2hXT8txYsAsJ94gIxRGt2QAgzoOGt46IU/qaBczJDCnBU
OaJCcYIYTgDBSdr/JO1+InufiM7QESmv9BsdMImQWvDz98qLOtkBD/5zBCy/7D+t2OqvWcXefLq6
IseEm9+YFee06ZuxYcR0bhgD7gU88e0Jnb8EKl9ou5PUafyAJPy3+qtHb5kk7sjxYzZnIakfExqG
dPm71vhaki59V7qgo0d9OzpqtB4lLwrovX/quoIXMUSDBB7iFbhXRJ1YEuHJ2PEClyn01zQ40pvd
R0ZI6aj+yh6YlcTsaAu/Cjey60d8hX3MfJuFxwT06Pjz35tfCTK9Et5XQW5zO7ljFoL/OdK69R5S
t22wIifVX20HxBFbi5+nUVNEEiHXKvgEQWTrcSKbul4gUrasKVKj7Z2wtiIMXJjNwyxtkc/5dyYo
HruMBSw8B6wukqs1fkBtFvZfy+VRErI/pVV1fmKgTqswjrwVxsvdB+OG3IJYcMNjZ+ZYNIaoo4y5
+6jgda216xARXn+Ceewe2TwxXXC/mWDWBVJxuN7jeu71fqTn2LFuR5ILHkrStfrjyFrd9g+QQegK
Y4VE245kJH5ew88jvaf9AE/WiSrDe0MjNoC4HF1xKsxri0EmICSY/dfU8a/4fJ6dwfrXstFx1bdV
//rTkVWKQn9SFA29KIpIClsiUJ4RJgDcFbI/EidkR4q8Xucr+EAa9k9OBv0TQeRJjsYTReLJmsLM
0NXrUQ2754h7Wfn653GF/ZMBPZEB/dVcBIQsO08d/467dwwFCRht0K8VV9JWgCCW6YeEOgC0uM1Q
LXoXGow4AKfgWOSXBaNuvPg33KD3cg12yIOIvCK/f8XGRj3X6FOPCbCWA0cBA4m+IvVaS7Tq0Ip/
G4W7wKWPeCRuaapbWvKW0LkDGZNfQurPGWBq1evitrZoxl+dLK5Z4lvoPknWLoSuyS+uVHkmJQG6
zfjlfxGLFIIBDvjIiaZoFkeiUbb2VKsRIxDIkJro962QAXnoVW7eTI5+CVy6ZOFLpLCJAiLwnxH/
iZfa6vKX6NbxwXIo4EF01V/nLB6LaXhkVLDRqBwTo2JUJCJdDS76QR9UYr8PfS6UiR+9FCiuqQ9z
KVRXY7j5aDWUxNRY0xAvHMyesvfJe5rFe1C1WykdwGTj3g005+ltbYwCMyuH4q3LaYy8YgN21mTP
drGnNMZtXc9FC/bV67Jzp9iZxjG1bofUo/Oto9uiBVE0AMOf/2T0/2T0/2T0/2T0/2T0/2T0/2T0
P8zojytz5rOQupg7Ym4AYTfXCwgzQSfr5dNKo6b1anWEJ45rV/pat9E8rkCaZbO7Sn9G3YhBjhry
mFsc0DYbGgziYAZrNuody65TqrXMTtuasaZm67Td7Nla02xQ2p6Zne6s3QTciaLlCyQ8/D4iNxNy
c3r9eTSuDt5fk3atQcTopNeu18lRepc0LMghQBcfdTKEVMmC5BlAZ7aDs/YlOb0eigFw4bBf6dSA
G7z8Dm5D8KauoXnKIyTg4uZmAgBxcQ9pN6baEDNBAVPXMUMaOixC4VF7AQyH7ORbxP0qOk2Ztms1
rVZ/bc06vV5X05u2Vm/VzW7D7ti9bqvZ7MzYzG436qzeszSqA3qbAg/gFrh3gjWMCVlP9Y66jo1a
BoSJf+vze/+1+ovEro3NdHwaLsUMgVvrMLbWeF2nJmONrt1kerettXVtprd1q9OjOm3Y7V7P7tJ2
rzNr5lFtHRx4qTVet5udbqcJfdpt06K0w1rdbktv6qzbsvSGpbdY12q1BDdZhDivXTGvFW36616n
1enp3abebLf0Rq9hap0ubXRAq50GxAHAbfV6mmbmMbl8LjDoNe11t1E3m02qW7Nem8069QaMjAy3
m426PtPhn4Zm0WZvA0M1iBeQ79upoBqvWbPTYdaszSxda85su9nUWoxqNm3ARc/uNMwZSIvRPCqP
xgtFTfs1DNrqWGbX0kC8oOBeu9Mxm7027XS7ttnT9ZndsmZWI48C8rGUn+7r3qyrA8F2ZwY6sewe
bbXbrNk02w2rOdO6tNNudSjrFoS7/ln1gtUsfV1iymWQhfQWbFvKBWjSXvcsizVbXbNrzmzWYE17
Zpsga6vd6s2sjglGrLfNllVAI2OdEm/rdadutlin1+jQOgS0rm2DO6QNDbhlQJvdauu97ky37AKS
wBUYmmAtbbPeNTvWrGs16YxqHa3Rs3pUM0Exmtmsd1sNzWYQNyt/ropoMTd/ezcZL/j9SNRz56OM
ryu2HFfWjg5tXQMITeIFDyMsJX57Nzz9fDH8zwQ9Jw0chKHHgPsAwHwKgRv8CIQ08IE2BHgfzet3
aIv4LB5mAR4VNfwKo2EUaJERDhcGYMqgW34/nnx5//FqCKB7ZkZOjAxgpTMJabTIMCWvi6zU86xc
g7fOMoE3/CQPgMow0kGfpPYLD10bcpEYVzPWROfAWdp18MmdPO3gkBJ3uS/yJTbDuEcKAklBUfjj
yenHyadRjplFHAcRxGMIbovErIHLP7mGkD1zmGtn52NaUcUhQ28RQTw6yXELQhlj6DhP7IxAVqCs
MFro0fPC+B/w0dfDfQlDYoMcTY2+/rWLbk8hgR0H1APOMpxkoXmrbBaZofff6f3eFIvIDIPC8FCV
eKBayOtytDzJ0IV/N2Ysw4sCPDG53rig/nMeOt8hwd0XOzmkhiEpMQyZKe/CzAjKpRELvSib7K1g
Rc008iy1m2/fQq71fwhIDlPyC38GyWe8t1k4lQMYxoqizM+nuNsyFUVfNfPWeNBG3Xu6jMZYpmZt
NAPNex+91sxLYrRwXCcgY/jjQmq+LwEEAm2ksILZCopEOb2p5G3+CJmD+g7STgeS8Ek2zOXAeUUD
gzn29sRNdkTDKIz/pKW+5aF3OrrIcJBC8sQ3ihPvG//GWQf/y6lF/3lG1hgNQxGx+rELK2OXBgEL
s45dQfKstAt6WN1WVMhxpflXFBNJtLtnF9fLkcuzkVoBiuS38+R/cdh3gJw9PECJxHGkbxQqo/ul
72v1HFPNssxUzizuc28pNaDKVe6zJY63srTRGVwOzz47angRcsfx0pUyTXMXwQxII2XqiQk2ZHcT
zt2sC12B8hLRmkXjXBfWZMKol88hwZh/VqUpAbhMsSKlXOKyJu1khQMjhshFx8wFhy+YWMeNQksx
IHbzrJ/arXpd25erlNggPuSJ2N2mHZV68ey8zACz3DQ2U66r4W/7YgVQGcZ65N1Y2KJAwFO9HozO
TjJcoALPBhziiZ1NYdawgtLyTEb0gd659GGPesugNIyAWZKMXXLtVeEQFUuGqKCseq1V4CMJ76jP
Ykjvb/fGCOJUFQOY3YqQnbSm6oGaQFJTlJ28kMhE0hkz72KYTToloOBfigq7pE7Mh/C/fYeMFWJI
OgUl6d9dptqbEO6wRNWT4SgLzbNV0N7ZHXfHQNfekuj1wIaRp2IHj3l/f19jQBFir8W3gj8WQ/fP
PMZUMMNgFpxPKOvFSD+5d4AE+6+xWBk58/lS7uKe+dYCqp4oE+diOYZhmIKwO0EYSCBP5tMFXhLz
gctoeEXnWXbz8OKMrP8N/G5hDYbgFhLhAhG4UZinqaxLVWSeRks38a4HJ3l8uO5CgwlOt8zKi4IU
1y8KApgzHs4d6hfWkaSgxN/q6dXo/LSbv+zlL7XC3Zq2vh5dwbX+0xKlQcxtmO5rfnZK2S9wCz56
6zwUEvc1PCuY+sb6WiEhav4s/V7yB1BmGPjotyPGnjkPu2cHchKdQqIYZ8NNDpzXsPb3Oq3syIZR
oOPn3NaQ+gvxLMOnbJWVhT6+xLHnEHP6ebK7fsaX09EisaZX3MmWVRlojva8bm7myZL50yH359MP
yXKKO0PTmw+DfelqdLU7Izefpxc+n2qNDBtr2GNM7I/em89ao4Tobx3XnU4WbAIBJiv8HPxJ8aP0
Qfj74kGNW6KmpXPH+nKmZ6vaFJRfbu1sbAEwH6pLmCj7Iv5BILQl+ZKG3dd7hoPpeJGEzi3LaiML
fW5djD9eQh062EULw5wJDQ9gOMMyRnPz7vN4+sGx6YA7WcLz8N1dz76Y+DAc7M7EVUJ9mKcJjacT
6oHHpEGGlW2tz62TqwmuGAqHsqMPPee3EOOnkyjxYdZM9bw33Wh9fg3dfNZLuFi5QPeRx+JBo82F
w1VLcSFX22kt9K/M7TwBu/P0zpnF6RPKipkV6FnzjAn1JxwnPQ4/4JuLD09M/1PvDS9OfQF7nmB9
+qZUcnHNPW4tnOn/UjP5TqfN/MTYaD3ExGiWVMAVXZ7TXKWdAz+xL/f3OKzzkjy8oVaRfgQ9v/jP
JyXs6fribLpt2TQPLyqgsHf2ljpzFo7/M973GtUKMTCUJahwuePE+R8npM6STnv5GbMGH2Kq9HbX
ldjlFg/DjWMeFLfi1w2FFcU8IwFlcezkdyl+/kGX/Mi7s3LJWHDh3zEftLfMcJKHP7qS/dGxFueU
v6PeHrdrLxecSowjfK4gR87u3K1f4cksHWZe63lkkSF9In5/+8/bn7Df6cmCq2vm55cSVqBDuOTr
m08lfTK+blN0ygJ2CPJxdMNY0VCqPPfHi9yMX4EecVl/nynh6PLfHRd2wO6nN7maJAM84LLOh5sS
z+MtgIArymUllV0ezjc8+zLJ1aREYfVuwYLpBN/Um77Juqc8/EkePiTcGqA57I2LMjnw5FOWdHH5
/KH74u24xOIz7jAMqLXIFksZ4HMbzaDEeibuCg5DHkzYQ1zYvlyBn/Cnpy57uIi/a+0M/Vp2Z+Sv
JopIDBJSqpA6p7fJtFVYV5CwQ2SCrVLETxZ0Ob2ktzSCYk/LM1FoOwQzpXgZLJwln2qFvHwFPWCA
uPms9X6CFV3fxoquH5YVXS/FyhimQkinWifPyxp8WL10SuaCH6l/W8wFBewQueDgTUmr4t9gJreK
VqWgh1VECb81wfxi7PgLnBGbidSW1uf3XZPxoExCNV5QfJUvv2+2gj37Ps356ceLm3enN3pdr5dZ
b8fZMI5pbms8AzxwvSSI2N3Mzifn72/eXV5MMsysYYfg5XxyWYJ8TKzz22gr0BPEjxbUJ+fcSOp1
Vvfn5HJB98aCImF3PobDtCjatiu1rfXZdwqH5balBgsa559gTyH5R2AK66Of5Eudbyi+BLC3EAIj
Gwb+e8NuSyz4Mj/5nJ0YCnCIWTEu83wIGskkTMDZD7ncz8yFjo3GA0SOyXBSbo9zTKPklk31RjHF
SsGHzRcbJVOs35Ji9PgtOcgGyG+lsqv3Ie6YeTRMpnphNy3fdFhtlNhUe7OEJD2fk6xAz+1j3/zn
9PLTT2QkxTK2/liNWz9IkavVy+5z8o3laAQdZH/z/al46Wlnk8L3FAfX2QfYV6AN+qsmi2meiVvm
L+fQb+PVp6cfexXX+mqp6K+8aDnAt2AzdD+9B0KtW3yqILsHkoKeeyaN3g3K2ht+Tm3D4gTw2R8A
kt/0K0X+OLGuqb/YKEkU+Hmezhhfl8hReCBeWctWUWtYbuMvTy8+s5El+KefkQY8hrEaslQYTPfB
NW37/rhWZiVxz2sMWtl9GiRjmD72trFZk289QKZ4VTZTfA8ETOj3xKfTQrKYazlEFGyUqWzNK26a
y+J72nn4I0xc8ST6Aviu92Zca4yGUSRjF8XcQG4YQyEbsmk7r5hcyyEU0y4x/Wmw9SHYLPi5IwYM
PlmUeZTPASme0+k5pyjMLBuFlmfn5Px8WHYx7vOW5+E+bzwM90z1VLntnPHCuaWiZtIK5VSu5bCr
1iWqqTN8ACj3GEwKeSJx//EjSlr354lXg+9O/xcaZhfexOWzPp9b5lF2fKqlevNuPMitp6ew519P
L/smQcKieOM1AgF89sXN8/Ibyhdhckun3S2ldtpyiEDWLamEdw6d8I2ncRX0+Rl4V2KVc+DZY5/z
/LdFMsAnPM45j6MFj8+H+3rA0/LsSA5tGDkydtPE5YKzoh4E7BBLHpcXJe3o0tmYygh6/rX+y9OS
O/cRD52pXt9YVlbgwy5kllg1mzhe+mni3IzIwwufdsoz9L+M8r1+1yM39l//tEeeFVxpo/51+sZu
drUtC372RdzrMls1Q+4U0tcU8vzOd1gud71h3xxRshWeesnADxEBSzzsIvbK8wu1K9Czp09q4JJ+
dzi4LPpdBJXwWmzPXguGL7FUTmPxpD9GOqBnIJ6bzs3kbe3PPqU/XA5KFKWnHsSPeGM9LQd+bhZO
x6VW0Rz/G73Ov6+4hj37mkCJZWWwE2dIE/FBouzLMlnwo0nJ35NODcu8mu8vN770lAEWP85Yf45P
w0LIXaYfeypbKL2D6au1t9RJquGwixvtUgy9ozSkU72w7L+CHjZZ1MoYWSC+SXPmz8WpSxlDyzUU
v7jV2PVtxj28xZijpHj9c2/Ga4+/Gq8d5t14rdzDxpfUv01CPtUKaw8Z+GGnVLfc63+nvs8T31LH
fOXeAsw1FT8i1tzluyRaYw+fJSmSUuabw+fcmt4stmyvFRp2Dar7e0ixTJWypcgaHqzCGpYpsN64
nNtvf8s/iyEgxXWVQjH8mbqspzX3RbRCJx6pwOF35QA/5A/RxWMxK35ENT3TBHpUq5KmKvUj8cay
PFelFoS4BhWLIzoqL0arKzLg/syZEzyszwgN/8U48clpEBK9RXS9rzX7eoOcXg4nRK9DXIE7XKhJ
E3CWr5g/x2uPx/arHC3q9BFslKNXAx7Gr7Se1tAReL8AnqquE8Wv6nhN1YyqymPmqtRaOEye9he9
4r7AI85SUp+kB029gnCNY9MH1Sl6pbUQgo/LeJCbSswzHgLaFYzPZggFSdn4Kff0OrgL1DC2M5s5
VuLGy1eCUnkkTMzDaoRvgPvz6JUQAT6XUUUrenXJfb6ga2DEmJ25B8+GfDU8e3v66WqCUKWcPxIW
LtWYChRawJUiCH/X8LhIyLTsV/9X/AdiSmJejegdUx3vHHZftR15Vt6rLoIeTP5QRdNNMeVOkKgt
PTxB4gVBgyOWUHwSig+YCP0TEBfJaRLsgUwWLGIk5Z/QkJF4wQj3wXjiBY2JhfoTx1M6vuUmtjxr
csPuENeYe+LgyngTZ0Rn7JhwaAkjREnMkNFbsuRJqHARZ0ZAjc7MESOABvEYSEhKAfENu1+hO7HZ
jIIOI3LP/X/FBL/UQkOC4vOAWTzNZYkU4ml6ku/7BfNJEsxDagOCmuGj4UpkfcMn5MWXBUPC8OzO
CCY0ARTqtCSQQQhTzaWxPNpTkepycTYgyNNlsZCXze4ci5GFOOYKIR5ilgaaTqk+EYcGYUO0SGKb
g82ro0T7xKjcLIxEY9T0yTtH/GqAQP05GSzEpTnzyRsJ52QSiufZLXIt/mpLuAvbWMeoCJZOXZff
E5yEwEV61h25cyj5gMaJ9wgrTQ9t6BP0caIrns1BKBoQnoJGFIVSilShIkkE9gEOEXQkZHM6uoA7
walC5QBI1i1VkJfJI5YZ4ExMiRQTSIzgdCVgS6AuJNdcEqVkvF/NoFVzRowvvkChC7YKGqe2TUIW
ScNAUvEkMCCJ4tlp4ohWMAeToVRAbeyPhLqoUHGIKrmjbsLIkRoUz2ZE7HJEmLsMHVwVDAIP4epD
sxj7JvFMsAWw99No6VsTGt0S/MItWHhN3PAJz4PFSZdyirctQnApCdgV3B4dE1FsEeWIYKYeEzx1
CRjBgCVkA0ECYV7iqxPZJPKxMDzgCew/5A8O2D4DMQBLYk75K+JQtoqgixnOIrwHZ8sxceJ/gfji
UHSzGTpfYcyFzuQIeACFE12IRbBRVZz2BariLKLC+sLE91GdNvpKHggliNOsohoZsjv1m3jOfAFu
Bo9VOc66BWWZKJEwTIJYQqXAUDAe0Kb4EsoFgxOHUdlyqtI77thA9nYK0EbQ5iDjc8C6ahlDg5ur
8qaVpUEoghATLqW7eOdyE6wHMwAi4TDRPCdGr+OxOTWXMUicjKWo60K4ToS4RfcJau3eEZIXFgXu
5L4qEaVGFgkOZ04oDgVmuL2NaGYhY+mQ0shBW4mYnnMOiuLonNAqcKC5ILMqSOuTOnIBo4vgIA+E
+v+eA0ypHqMfI/1foz+KeSBIUI59RZJCFxFwH/Jk5xVBOGpKlVbXm4ow4QS+iFmh6Iv+tQcKxbwQ
JKHHIFYCYdGHsEjkMaBo3VySLGckhtHV3ezBgoQlWnMkHdf7yVmfTM4vxuTq4vpiAs57dHVxNiaj
s48EctPLs4/HBG4ik/dw1xn5cv7+6oyMPr4fnI3HtaILyMlDb7WVOEYsdLhIFdARR8igtWDCJQtp
rJytBrKHWGML3yJuqYIrZNLNClSQwwKf4KDBmpDfHxmbNDJIPzE0+3ibGkxglkjA9a4duYxIYoz3
GEMwAxEdapt3oy2oegDUFjALExUpWSRX6lX2XfEA5sWCaM1qo654jV5uJ0lx3lCcz2lowsyo4vfj
ZWIsHNB26YqphuSoXkT1At/tUT8RaVGWEkgZE7DBl8dpTCgaYWqGMrzOZoBL8uutp2CNvJc+Xxo8
5DU8ce0VLQ4EkXufrOmPJOJAkA+Mtut1xSuM9lY4i40gKUxHYljxNgu5lwZb2VvdUc2aZlbDyI3S
5IZtkC0mlbOOcZrKospCLg6uSQ3ZTrxA5n0yuSSqoYoNqb6GeJPqIGgXZKYcwBWEeZjsdIuAIWhD
4IMR7sDIoihh6BjiBWhtnubB6LRwtDVVx6kiZY6g0t2apAZv/aGcsOayFol/G6W0D2iAUMdLPIix
uCVL0rIEFUlkhSapWMsV54sSpZgxmzYGZUCgKBIDVjE/TyDoNlcaG3LZVLRpzI3Q60n88uZ0Cklc
6sYsZyJzqFr4cZEVb0MgReQqkD6i9IA6mWBILAHFaonIPpLDNXfQTclT8pOOjDevs10UIH7UJMX7
OKrH7NDw1REKfRUiIDVbcFemmCYebixSfUEyZE1gQirICN8mazLVKkOLyVbJpgxvL7JaSpvQrYbL
GJEfk6qWUaBQnhi4GqfEqBAgvPY6jxXVMqaQtuQcqyyR6GNnACqyauQcckGwpVciuSOD0adj6As0
mDC/7h0bzF7kCtJ7rvBXBf4+6aRp9zojj4R0MvfWyKkNjmpB3dkJFLmyTLAZ2LAaCgYluFaDBpaZ
iOuwl0GWLUXOHtCrYYpJ3WPpNHFodWRrDUo2ES+4yKQ/jfxRmoevq1YsM7DTPURUxJkEflBV14XC
51pNyMj5zlaqxow91TCeDpRmU5DRS8vJRN1mT5edXtbISPVxaTgXHagqn5WZiBFnIZ0jd6AuYCsK
XJHMYE3sAfHoB2iIKhy4Dq7siCIfz/ZlUUyuJ58EpRGwhGybSUxwUUFoeT2crDtqqRvy4qSKvfqC
WpwANjOTeT+tZX4lGtYwKpPDqlW0pxVrJFcBWFrJYjdlKBoik35LYhssONSoaJxpCcPSIlU4N5vG
lET0LnWiuE6Trmdh23q+4yF84AkYjVMfA5TKw4LTlFmUW2BCIl2JAsjQRPricwuPWxN9QY7XdAky
RGPx+F1awaL7Vz5T+K1q2iaHjNbeIl2vyq5zTMRChTQAPDKAxnKJR9yrtJ1EqtS3wOpj6RdUn6rs
0ycBJBR3jovDSJ+n5rMaBZ029eerpNrHbm4xdhynd+UWurauLckq79TjCdr0TDpnZeIoSrlEKIIR
TmdRu4Ni8LeIJtD5o4gtmc6CcZ/JWtFkEpnJZmiRYjlShINFagFC6WKVMhelJPs40Ip9mJmEFklV
B6vDaAwCwDYq69vJpCFgssW6izBEIDbtjH9X1DSEdWMlXZVnYkcZbyHOChEDiWXZzFLMxVAMZuLr
f5GYkihPFqKmiTycmSjuiFp5SKOd6JNjHfBViU5ekDnULNFaPOvVjZWEapsiUpP1njqiqAHHARm/
1E3Ag8RNjVFdoNsX9ygX0cXxRDJcDdSsRueKE7VP0jRTrLHK5Zy+Cni4+iRKLAmW8UKpC0+OWa0L
2GuxoblX8ZvOBdBqtuXBwQIysxnPKAQmWVU+ALe6c8FRMYKUWuB5Qc3hgmKf+0sPS4QIv0UdAYfR
mnSse1Q7WbcLFoTHovN5CMWmXFhardxhIhWHVCgux5+gDybw++F7PJdd7TWoUIA+4Z7JPJTCzLkX
I0aC8DUDAlbLLEpD5FlJXlqmVM6GUEGfsl3ZEgQ9PF5cuO5sOiXgPCs6yFB9NJPMKs8xuMdgQY8J
vnUr4lW8yljA884YVNGgQnBAPsYD2ZrGFblmRHOrRmoLKRNvEsjOILQJJ5b6CoVQaF62p2NsaFry
mlV17HhrV60CEiLF+9O8ATWL/hIHFMthqlO69FlbD6BasiOk0nw85CmvLbUrZ0VmlSFdFo6dWMkz
XU9YKKBwGFgQqBxTOQxcnoU03hZJljNbIYJMHRiRuwTogNIiW7o4wKc8ZBrYqOvQSGXwkHRRL3DT
K8wBgEalq36qNNkGdourPX3yuwjeED6PxfLPV0Qqn3lZRcns7oVgAxOp0LFVgZ1uG4nKeVvAEvFc
BOhI5JKiMAP9OECrirZZ8uW4ggb5k+A+EwYFGbzWI/bJ26vTSV//d+e41XvQjhsPjWP939q/bWZx
6WKP8PRlC33rq25demJ51Wy9lFmPXO/P1rVyhmNoARmrZSeReYh1I9CatcT9kMSKkzD1yWkyH64W
8oXHATwQqSyxhROlAqumuwxgCzK9e/FWuBoxlLg/hyQRiYKETDOQqsi1ausVMh6IUpA9gOOLVB1k
3WK6HImcHyRiOpCoLmXJLO5DfoEUyNJlFJFzRnIp8EMuEq58deW4wh5i5qMdiQe1BpAgVPqVTg2P
Q4dW04KUaJGF4NaQb9MwB+Pe1OYxOMMcFPcPc4AkdLPX6CKy1zPHFcfLrSFzL8heLsQB6etrB2bZ
XRbwLVL74B3xQJlnyn2u7C2YiAH5dhYWWHmuP7KZqsNzPYXbj/IgyE+8LGQ8uspeesvoD9fHwdQv
0sLjsnRchieQTtS1Vr1Z78DPXy5gSnQsC/7fa7N2pzVr2x2dtaxZfaa3O7Nml2ntjqVT09Qb5BfA
HfNb5kN2kJPYkopt0vTJku9OIJ95aslL1zGzd8Plg5fXCUd29Hq9oWk6folxNHyfE5XNp4KVIhBA
Tl6d4C78KMrdOHbQIfx2nZNRgQK4xIo0zxYA70OnYB2BWpcTx9PpNQ1kigQv8sa5jtZTkYslsYPn
vlbq6uhFZ246PsWPkosXZ/D5CYESj+JAAQiHZpuih/x6txUug5gLQEMA5vaGzp2cmQjZNLKgkMFs
wGk3T6QxSnL+/PP/AdE4ukM=
===END CRASH DUMP===
