PocketMine-MP Crash Dump Thu Apr 29 03:45:53 AKDT 2021

Error: Argument 1 passed to phuongaz\AuraBoss\Entity\ViThu::__construct() must be an instance of pocketmine\level\Level, null given, called in C:\Users\Administrator\Downloads\ngscupdate\plugins\boss\src\phuongaz\AuraBoss\Boss.php on line 147
File: plugins/boss/src/phuongaz/AuraBoss/Entity/ViThu
Line: 37
Type: TypeError

THIS CRASH WAS CAUSED BY A PLUGIN
BAD PLUGIN: Boss_Quai v2.1

Code:
[28] 	public $health;
[29] 	public $drops = [];
[30] 	public $name;
[31] 	public $speed = 0.5;
[32] 
[33] 	public $spawnPos;
[34] 
[35] 	private $range = 500;
[36] 	
[37] 	public function __construct(Level $level, CompoundTag $nbt){
[38] 		if(is_null($nbt)){
[39] 			$nbt = Entity::createBaseNBT($player);
[40]     	}
[41]     	$skindata = $nbt->getString("skin", "");
[42] 		$skin = Boss::getInstance()->getManager()->getSkin($skindata);
[43]     	$this->setSkin($skin);
[44]     	$this->name = $nbt->getString("CustomName", "");
[45]     	$this->scale = $nbt->getFloat("scale", 1);
[46]     	$this->health = $nbt->getFloat("Health", 20);
[47]     	$this->attackDamage = $nbt->getFloat("damage", 3);

Backtrace:
#0 plugins/boss/src/phuongaz/AuraBoss/Boss(147): phuongaz\AuraBoss\Entity\ViThu->__construct(NULL , object pocketmine\nbt\tag\CompoundTag)
#1 plugins/boss/src/phuongaz/AuraBoss/Boss(173): phuongaz\AuraBoss\Boss->makeEntity(integer 0, array[13], object pocketmine\nbt\tag\CompoundTag)
#2 plugins/boss/src/phuongaz/AuraBoss/BossCommands(35): phuongaz\AuraBoss\Boss->spawnAllBoss()
#3 pmsrc/src/pocketmine/command/SimpleCommandMap(248): phuongaz\AuraBoss\BossCommands->execute(object pocketmine\command\ConsoleCommandSender, string[4] boss, array[1])
#4 pmsrc/src/pocketmine/Server(1809): pocketmine\command\SimpleCommandMap->dispatch(object pocketmine\command\ConsoleCommandSender, string[14] boss spawn-all)
#5 pmsrc/src/pocketmine/Server(1422): pocketmine\Server->dispatchCommand(object pocketmine\command\ConsoleCommandSender, string[14] boss spawn-all)
#6 pmsrc/vendor/pocketmine/snooze/src/SleeperHandler(113): pocketmine\Server->pocketmine\{closure}()
#7 pmsrc/vendor/pocketmine/snooze/src/SleeperHandler(75): pocketmine\snooze\SleeperHandler->processNotifications()
#8 pmsrc/src/pocketmine/Server(2155): pocketmine\snooze\SleeperHandler->sleepUntil(double 1619696753.4743)
#9 pmsrc/src/pocketmine/Server(1992): pocketmine\Server->tickProcessor()
#10 pmsrc/src/pocketmine/Server(1586): pocketmine\Server->start()
#11 pmsrc/src/pocketmine/PocketMine(291): pocketmine\Server->__construct(object BaseClassLoader, object pocketmine\utils\MainLogger, string[44] C:\Users\Administrator\Downloads\ngscupdate\, string[52] C:\Users\Administrator\Downloads\ngscupdate\plugins\)
#12 pmsrc/src/pocketmine/PocketMine(321): pocketmine\server()
#13 pmsrc(11): require(string[99] phar://C:/Users/Administrator/Downloads/ngscupdate/PocketMine-MP.phar/src/pocket)

PocketMine-MP version: 3.19.0 [Protocol 431]
Git commit: b307cd0aa15b76cfe41d2a649d14b3aa6fb78f64
uname -a: Windows NT NAMVPS-COM 6.3 build 9600 (Windows Server 2012 R2 Datacenter Edition) AMD64
PHP Version: 7.3.14
Zend version: 3.3.14
OS : WINNT, win
Composer libraries: 
- adhocore/json-comment 1.1.0@cf7998124d1050b83d7d985447fefd630e09c1a2
- daverandom/callback-validator unknown@unknown
- pocketmine/binaryutils 0.1.13@0abee38d4e2861621f262c79a2a3d699d8a697f4
- pocketmine/callback-validator 1.0.3@64787469766bcaa7e5885242e85c23c25e8c55a2
- pocketmine/classloader 0.1.2@9757928424652393b178a3760073113aa7c9911b
- pocketmine/log 0.2.1@830b44a2cf96ef703c550abe64302f230231ca49
- pocketmine/log-pthreads 0.1.3@e477ecf6ec214fdd4415ea1da3fdd9d73bf699ea
- pocketmine/math 0.2.6@43057cb8c179a9859677b496a788db922fd5cfc3
- pocketmine/nbt 0.2.18@9f82ca4d7f97fcd9a566e44b63c4f18a7657ae82
- pocketmine/pocketmine-mp 3.19.0@b307cd0aa15b76cfe41d2a649d14b3aa6fb78f64
- pocketmine/raklib 0.12.11@9cce458b8bfde3e4dfdbf70c659fc7b7fe26b5c4
- pocketmine/snooze 0.1.5@70b5e7937a06878dd321a3182ceb76d56298f2cd
- pocketmine/spl 0.4.2@6b08b7cf8c4afa17139c9a1b3bf1b408531de161

Loaded plugins:
AutoClearLagg 3.0.0 by Twisted for API(s) 3.0.0
Broadcaster 1.5 by EvolSoft for API(s) 3.0.0
PlayerSelectors 1.0.8 by Ad5001 for API(s) 3.0.0
ItemID 1.1.0 by KaitoDoDo for API(s) 3.0.0, 4.0.0
DevTools 1.14.0 by PocketMine Team for API(s) 3.11.3
XGTShowPlayerHP 1.0.1 by XGDAVIDYT for API(s) 3.14.1
BetterVoting 2.0.2 by Twisted for API(s) 3.0.0
TopVoter 3.2.0 by SalmonDE for API(s) 3.0.0
PECollide 1.0 by saxavlax001 for API(s) 3.0.0
Trash 1.0.0 by Mev for API(s) 3.0.0
AntiSpamPro 1.4.1 by awzaw for API(s) 3.0.0
Worlds 3.0.5 by survanetwork for API(s) 3.0.0
FormAPI 1.3.0 by jojoe77777 for API(s) 3.2.0
ScoreHud 5.1.1 by JackMD for API(s) 3.0.0
AlwaysSpawn 2.2.4 by Philip Shilling for API(s) 3.0.0
essentialsTP 1.2.2 by  for API(s) 3.0.0
PurePerms 1.4.3 by 64FF00 & ProjectInfinity for API(s) 3.0.0
Slapper 1.6.2 by Slapper for API(s) 3.0.0, 4.0.0
MyPlot 1.6.6 by Wiez, Exxarion, jasonwynn10 for API(s) 3.4.0
InvSee 1.0.0 by BlockHorizons for API(s) 3.0.0
iProtector 3.1.1 by LDX for API(s) 3.0.0
WorldProtect 2.3.7 by aliuly for API(s) 3.0.0
NGVS_Stats 1.0.0 by NguyenDongQuy for API(s) 3.0.0
NV_Haku_5 1 by Nguyen_Dong_Quy for API(s) 3.0.0
Warp 1.0.0 by  for API(s) 3.0.0, 4.0.0
NGVS_Rank 1.0.0 by NguyenDongQuy for API(s) 3.0.0
StatsCMD 1 by NguyenDongQuy for API(s) 3.0.0
NGVS_QidaCoin 1 by Nguyen_Dong_Quy for API(s) 3.0.0
FormImagesFix 0.0.1 by  for API(s) 3.11.4
MenuVT 1.0.0 by NguyenDongQuy for API(s) 3.0.0
Byakugan 1 by NguyenDongQuy for API(s) 3.0.0
NV_Sasori_20 1 by Nguyen_Dong_Quy_Edit_NQC for API(s) 3.0.0
BloodFX 1.0.2 by Vale914 for API(s) 3.0.0
NGVS_Xu 1 by Nguyen_Dong_Quy for API(s) 3.0.0
NV_Momochi_Zabuza_4 1 by Nguyen_Dong_Quy for API(s) 3.0.0
NGVS_AmBo 1 by NQC for API(s) 3.0.0
NGVS_Level 1 by NguyenDongQuy for API(s) 3.0.0
NV_Neji_Tre_7 1 by Nguyen_Dong_Quy for API(s) 3.0.0
Tang_Sinh_Chi_Thuat 1 by Nguyen_Dong_Quy for API(s) 3.0.0
NV_Thay_Iruka_8 1 by Nguyen_Dong_Quy for API(s) 3.0.0
Ghep_Trang_Bi 1 by NguyenQuocCuong for API(s) 3.0.0
DoiVang 1 by Nguyen_Dong_Quy for API(s) 3.0.0
NV_Hokage_Tsunade_12 1 by Nguyen_Dong_Quy for API(s) 3.0.0
NGVS_Quest 1 by NguyenDongQuy for API(s) 3.0.0
SlapperRotation 1.2.1 by jojoe77777 for API(s) 3.0.0
Nap_QidaCoin 1 by NguyenDongQuy for API(s) 3.0.0
NTUi 1 by Nguyen_Dong_Quy for API(s) 3.0.0
ChatAPI 0.4 by UnknownBallin for API(s) 3.0.0
PackGift 1 by NguyenDongQuy for API(s) 3.0.0
SkinShop 1 by phuongaz for API(s) 3.0.0
MIE_Protector 1.0.4 by FaigerSYS for API(s) 3.0.0, 4.0.0
NV_Ino_13 1 by NQC for API(s) 3.0.0
DDao_Thuat_Tam_Phap 1 by NguyenDongQuy for API(s) 3.0.0
Shop-NGSC 1 by NguyenDongQuy for API(s) 3.0.0
NV_Kankuro_18 1 by Nguyen_Dong_Quy_Edit_NQC for API(s) 3.0.0
NV_Chiyo_22 1 by Nguyen_Dong_Quy_Edit_NQC for API(s) 3.0.0
SK_Phuc_Loi 1 by Nguyen_Dong_Quy_Edit_NQC for API(s) 3.0.0
DC_Shuriken 1 by NguyenDongQuy for API(s) 3.0.0
MagicWE2 5.7.1 by XenialDan for API(s) 3.0.0
NV_Thay_Gai_16 1 by Nguyen_Dong_Quy_Edit_NQC for API(s) 3.0.0
Boss_Quai 2.1 by phuongaz for API(s) 3.0.0
NV_Jiraiya_9 1 by Nguyen_Dong_Quy for API(s) 3.0.0
Tam_Trung_Doan_Thu 1 by Nguyen_Dong_Quy for API(s) 3.0.0
NGVS_Khoe 1.0.0 by NguyenDongQuy for API(s) 3.0.0
TopMoneys 2 by moch for API(s) 3
NV_Ong_Tazuna_3 1 by Nguyen_Dong_Quy for API(s) 3.0.0
ClearCache 1 by NguyenDongQuy for API(s) 3.0.0
Nien_Ha_Hoa_Don 1 by NguyenDongQuy for API(s) 3.0.0
NV_Naruto_Tre_6 1 by Nguyen_Dong_Quy for API(s) 3.0.0
NGVS_Kit 0.4 by UnknownBallin for API(s) 3.0.0
CustomAlerts 2.1 by EvolSoft for API(s) 3.0.0
Sharingan 1 by NguyenDongQuy for API(s) 3.0.0
HubLobbySpawn 1 by LousWiteMC for API(s) 3.0.0
KhoiDauWorld 0.4 by NguyenDongQuy for API(s) 3.0.0
NGVS_LayHang 1.0.0 by NguyenDongQuy for API(s) 3.0.0
NGVS_Bac 1 by Nguyen_Dong_Quy for API(s) 3.0.0
NV_Thay_Kakashi_10 1 by Nguyen_Dong_Quy for API(s) 3.0.0
NV_Thay_Kakashi_1 1 by Nguyen_Dong_Quy for API(s) 3.0.0
NGVS_Vang 1 by Nguyen_Dong_Quy for API(s) 3.0.0
NV_Sakura_17 1 by Nguyen_Dong_Quy_Edit_NQC for API(s) 3.0.0
NV_Choji_15 1 by Nguyen_Dong_Quy_Edit_NQC for API(s) 3.0.0
BossAnnouncement 2.0.4 by XenialDan for API(s) 3.13
Skill_TheThan 1 by NguyenDongQuy for API(s) 3.0.0
NV_Sasuke_23 1 by Nguyen_Dong_Quy_Edit_NQC for API(s) 3.0.0
PLMenuUI 1.0.0 by NguyenDongQuy for API(s) 3.0.0
Giftcode 1.0.0 by  for API(s) 3.0.0, 4.0.0
ItemDropText 1.0.0 by AlexItz16 for API(s) 1.0.0, 3.0.0, 4.0.0
ManyWorlds 2.2.0 by aliuly for API(s) 3.0.0
HTHONGKIT 1.0.0 by NguyenDongQuy for API(s) 3.0.0
NGVS_Mana 1.0.0 by NguyenDongQuy for API(s) 3.0.0
NV_Hokage_Tsunade_2 1 by Nguyen_Dong_Quy for API(s) 3.0.0
BlockCMD 1.0.0-beta by kenygamer for API(s) 3.0.0-ALPHA10, 3.0.0-ALPHA11, 3.0.0-ALPHA12, 3.0.0
SK_Qua_Nap 1 by Nguyen_Dong_Quy_Edit_NQC for API(s) 3.0.0
EventUI 1.0.0 by RichHaoGaming for API(s) 3.18.0
Hoc_Nhan_Thuat 1 by NguyenDongQuya for API(s) 3.0.0
KeepInventory 1.0 by RichHaoGaming for API(s) 3.0.0
NinjaMode 1 by NguyenDongQuy for API(s) 3.0.0
NV_Gaara_21 1 by Nguyen_Dong_Quy_Edit_NQC for API(s) 3.0.0
NGVS_Loa 1.0.0 by NguyenDongQuy for API(s) 3.0.0
Am_Sat_Thuat 1 by NguyenDongQuy for API(s) 3.0.0
MapImageEngine 1.1.3 by FaigerSYS for API(s) 3.0.0
NGVS_GiaToc 1 by Nguyen_Dong_Quy for API(s) 3.0.0
Dan 1 by NguyenDongQuy for API(s) 3.0.0
TapToDo 2.3.0 by georgianYT for API(s) 3.0.0, 3.0.0-ALPHA8, 3.0.0-ALPHA9, 3.0.0-ALPHA10, 3.0.0-ALPHA11, 3.0.0-APLHA12
CmdSnooper 1.0.0 by HotshotHD for API(s) 3.1.1
NV_Orochimaru_24 1 by Nguyen_Dong_Quy_Edit_NQC for API(s) 3.0.0
TimeCommander 2.2 by Zeao for API(s) 3.0.0
NV_Jiraiya_11 1 by Nguyen_Dong_Quy_NQC for API(s) 3.0.0
DanhViThuUI 1.0.0 by  for API(s) 3.0.0, 4.0.0
Thuy_Long_Dan_Thuat 1 by Nguyen_Dong_Quy for API(s) 3.0.0
Thuy_Lao_Thuat 1 by NguyenDongQuy for API(s) 3.0.0
AntiServerStop 1.1 by paetti for API(s) 3.1.1
HuongDan 1.0.0 by Phan Hoàng Kha for API(s) 3.0.0
Bat_Quai_Khong_Chuong 1 by NguyenDongQuy for API(s) 3.0.0
NGVS_SucManh 1 by NQC for API(s) 3.0.0
NGVS_DCK 1 by Nguyen_Dong_Quy_edit_NQC for API(s) 3.0.0
BanManhViThu 1 by NguyenDongQuy for API(s) 3.0.0
Luan_Thuat_Tam_Phap 1 by NguyenDongQuy for API(s) 3.0.0
NV_Chiyo_19 1 by Nguyen_Dong_Quy_Edit_NQC for API(s) 3.0.0
DanhViThu 1 by NguyenDongQuy for API(s) 3.0.0
NV_Shikamaru_14 1 by Nguyen_Dong_Quy_Edit_NQC for API(s) 3.0.0

----------------------REPORT THE DATA BELOW THIS LINE-----------------------

===BEGIN CRASH DUMP===
eNrtPWlz2ziWfwWldO04W5YsUrem0hXHcmKvjyiRkvRss0sFkZDEmCLYPGwrU/3f9z0ApEBascVE
Y+2H7pmKxQfg4V14B3jg35UZD5c0ntyyMHK5X+k3Dyuxu2SVvtE2eu1eu9Nq1Jodo9OEhiRQTY1a
p9Gum616r9nrtnpt87Di0Sg+DUMeVvr/rsSrALpVxvBHwg4rSxZFdI7Q43CeLJkfE4MENIqYQ2JO
gkXC/Tn9ZlnHSUjf8CiyrFM/duOVZX12x4uk359MbO5HcZjY8cFLskyimEwZoT5xAUp9mxE+IwG3
b1i8dH1mWR67ZZ5lXeKfQ+Innkfm7i3zD4lNPQ/mdX1y0resTxEwDxM7MMyFCWjMQ8sa8Dvf49SB
Fn8e2Ung0BiQBl4yhwktaypojEIbYBuIx39rwSIg3CcekEOMZgfEMAMq3roeyuE/NnVObkgDzivn
VCiOEMMRIDhKxx+lw4/k6CMxGAYi7ZV+owNmEVIbfv5eeVEnW+DBfw6A6Zf9p5Vb/VVX7vWny0ty
SPj0K7PjnEb9aWxZMZ1b1glfBjzxnTGdvwQqXxjbk9RpfIck/Lf665LeMEncgevHbM5CUj8kNAzp
6nej8UdJusxt6YKBS+o70UGj9Sh5UUDv/GPPE7yIKRokWCJegTsj6siWCI9G7jLwmEJ/RYMDs9l9
ZIaUjuqv7J7ZScwONvCrcCO7fsQz7CPmOyw8JKBH15//3vyDINOZ8P4Q5DY3kztiIfigA6Nb7yF1
myYrclL91XFBHLG9+HEaDUUkEXKtgl8QRLYeJ7JpmgUiZcuaIjXbzglrK8LAjTk81GmLfM6/MUHx
yGMsYOEZYPWQXKPxHWp12L9tj0dJyP6SVtX5gYk6rcI8sivMl+sH84bchnhwzWN35to0hsijjLn7
qOBNo7XtFBFef4J17B04PJl64ID1gNZsiOl6j+u51/uenmPXvhlKLngoSTfqjyNrddvfQQbhK4wV
EmMzkqH4eQU/D8ye8R08uhNVhveGRuwEYnN0CfEEzWuDQSYgJFj9V9T1L/l8rq9gMMLSYSob3TL/
+In4KsVhPimOhlkURyQFLhEo7wiLAHqF7M/EDdmBIrDX+wP8IA37R0cn/SNB5lGOyqOMyKM1jdrk
1athDRFo5L2s/PHXYYX9nQk9mQn9bEYCYpaDJ65/y71bhqIEjA5o2I4raStAEMvkQ0JdANrcYagY
swsNVhyAa3Bt8suCUS9e/BM6mL1cgxPyICKvyO9/YGOjnmv06ZIJsJEDRwEDmb4i9VpLtJrQin8b
hV7g2Ic8El2aqktLdgndW5Ax+SWk/pwBpla9Lrq1RTP+6ui4ZolvoxMlumUIbZNfPKl0LTEBuqfx
y38jFikEC9zwgRtN0DAORKNs7alWK0YgkCE10e/bIQPy0Ldcvxkf/BJ4dMXCl0hhEwVE4D8r/gsv
jezyl+jG9cFyKOBBdNVf5yweiYV4YFWw0aocEqtiVSQiU00uxsEYVGK/D2POlZEfvBQorqgPqylU
VyPofJBNJTE11jTECxdzKL2f7NMs9kHVbqT0BJYbX15Dc57e1oNZYG3lULyFRRQjr9iAgw05sl0c
KY1x09Az0YJjzboc3CkOpnFM7ZsBXdL5xtkd0YIoGoDhr7/z+r/z+r/z+r/z+r/z+r/z+r/z+kfz
+sPKnPkspB7mj5gfQOjNjQHCpqCX9WZqpVEzerU6whPXcyp9o9toHlYg1XLYbaU/o17EIE8Necxt
DmibDQMmcTGLnTbqHdupU2q0pp22PWNNwzFpu9lzjOa0QWl7Nu10Z+0m4E4ULV8g6eF3Ebkek+vj
q8/DUfXk/RVp1xpEzE567XqdHKS9pHFBHgG6+GiSAaRLNiTQADp1XFy5L8nx1UBMgFuI/UqnBtzg
5TdwHYI3dQ3NEx4hAefX12MAiIs7SL0x3Ya4CQqYeO40pKHLIhQedRbAcMiOvkbcr6LjlKm7UTNq
9df2rNPrdQ2z6Rj1Vn3abTgdp9dtNZudGZs57Uad1Xu2QU1A71DgAVwDXx5hJTOFzKd6Sz3XQS0D
wsS/8UHVr9VfJHZtbFPXp+FKrBLoWoe5jcbrOp0y1ug6TWZ220bbNGZm27Q7PWrShtPu9Zwubfc6
s2Ye1cbJgZda43W72el2mjCm3Z7alHZYq9ttmU2TdVu22bDNFuvarZbgRkeIa9sTa1vRZr7udVqd
ntltms12y2z0GlOj06WNDmi104BYALjtXs8wpnlMHp8LDGbNeN1t1KfNJjXtWa/NZp16A2ZGhtvN
Rt2cmfBPw7Bps/cAQzWIF5DzO6mgGq9Zs9Nh9qzNbNNozhyn2TRajBoObcBFz+k0pjOQFqN5VEsa
LxQ17dcwaatjT7u2AeIV9xE6nWmz16adbteZ9kxz5rTsmd3Io4CcLOWn+7o365pAsNOZgU5sp0db
7TZrNqftht2cGV3aabc6lHULwl3/rC6DbJW+LrHkNGQhvQHblnIBmozXPdtmzVZ32p3OHNZgTWfm
TEHWdrvVm9mdKRix2Z627AIaGe+UeFuvO/Vpi3V6jQ6tt7udruOAO6QNA7hlQJvTapu97sy0nQKS
wBMYmmAt7Wm9O+3Ys67dpDNqdIxGz+5RYwqKMabNerfVMBwGsbPyV1ZIi7V5nMT8xGM0vKTzuebp
8vDDiu7k6sLH0SRe8DDCUmJ8B66WOegzaeAiRHaCa+ZTiNrgQCCegfNzILr7aFe/Q1vEZ/FAByyp
KOBjic6yYApuIxEeEIEpbp4mXDDolN+Pxl/ef7wcAOiOTSM3RgYWcRxEEBLAvy6SaQ28zpEi8zha
ecny6uQojw/k8iYEjDaFTqEmCh2qCwIUlxfD6S33RsDTruSgTQxZfY4KxfpofPxx/Gm4kfG7u7sa
A4oQey2+Qf6GonIfMQ9yB0HzOrAVWvJ81mvdPKfHTqteN3bFp8RmWQUiZC7zlJ6Rr/OYLc8HGjsK
kOfCKJrtBXVjPoD/PWAEKu2fYShDbFmSkvTvNswM2O2Yc0/XTgYqMNQscrTOT8iY0WWOLwP8+I8y
lBIA+d6alC1sUFt8a9KOMhzA7W/vxqMFv5OqPxtqTBdbiiZp5Fn/7d3g+PP54F/jPNPNmvGjTGcY
LatAy/aW+YbFsGA/Q4Xk6941B9YZM4Ex8z/gXCtDdz5fyc2sU99eUD+OKhs87lQQdisIA5+TJ/NJ
bsc8gM4555mB8iHELFruiHpL7g9OH2VTZdCP8inMDKfU2EuRW1ZKzvrXNnwNT0+4B5ke0z1mBisY
Zp6viN7TW4/e79Bdaiih0GK2JKNok5uWpdBRSKOFriBxXVxcBS6uoH7ZEfWACoSvJn1S8sdQ+o8C
uoQiXU9ONGie8mbRLdC7b/RuV7QLZJCWwPQRTA+VHCQlOVqeZOgLDz1H9+0KUMywCqlFlIS31Gfx
HQ9vdmZHiNOy7gQBlpURslVapVLImkBSU5QdvZDIkNG3PFweD881TlNIXmONoq195V856+B/OUbN
H2d0jdGyFBHZj210NsLi9SxxNF4ykM5MC2vKPDP/A1Xi1WBXGpPYLCudff1rq7Xk3dFVNMKNSH0t
adB8JDJrzUJ2sXA9NyAj+ONhRNgRV4FAGymssLwERWLD1LLkhtfTbo1FEYOVCAFirCcROXDe8MxC
oN0RN/qMllWY/+lIk4RsyMJlLjfPYEVf18jrp918+7ZeJ/9FwBfh9uC5P3N9N17tSlETOQEk6ilF
2s8fqMfEWHVfZY0HF5xHgyCXRqSQvATaxVwp7bbjfD6SaLdP+65WQ4/HGv0KUCS/nSf/i8u+AeT0
/p6G2Omw8pVG3L9b+b5RzzHVLJ0Antrc58uVdHkqGec+W+F8mZEOT+FycPrZVdOLmDCKV56UaRrC
BTMgjZSpJ9bmuX87YnrupABPJB1vPKDyjIfuN+5HO6updaRQlglKHrqZ76vWhcUViwJVY0gD5gP5
g4BwOfhtV6wAKstaz7yddW5YhoCnenUyPD3SuEgzFQUp5ispOB8wGrVOIfny3MTbmfuR2FTCEkgK
tsl6N7B8lbjhzGWeo28Oprd445Dh1iXutBzluAWhXL/7PJqMYhrrDloDPmHS1/NkxfwB9+cfkp3J
Bae3rDUR27up68+TM3qTTFo6Mxksx8smPibIyGSXnHxubU/8FxoGul3i5ePi33FUGJyUkDRq5yP1
b4pmI2D7sJqTN9tTL8zq5ErfYctAT1rJjulOJy4p+w+uQ0+46xfln8Gf39o/lDEgLFfO8VGe6K17
Xyiq1nCdifqDPbLCbmDzRwlfJn8CZZaFL5O4Yu6Ze18iOWJ+8nmsJ0cSsI9VMPo8LrGZtwLHOKe6
DWWg514Gb/51fPHp3fG1WTchIR/dQPG0pccfQUoZuhOznnf6a/D2K2GC944n1x9OdhcAkJut9eFx
7rz9TVeHghRNqVAmfKYe6xnNXVGt0FmWmr6ka/otKTql35I9uKOz8W+lMocrvuT2wp38L50m3+ik
mTenB637yCaaJTVxvHzDi7oQsMeI3531H78pSa945rdIsAQ+tz+6lM+cl7Cfa/bVnYxDNunkLUeD
78NmOtszMaYw+cj1F5MTsPTxIqF6obSp9fkZGo9OxuXiw3hBV5PzMLmhk25eM7mWfeimu71u3i1Y
AFaEOnjjamzk4U8y8SHh9gk+YrszfZRY4wPufqa5+4Yp5PmFP/hcrqzkN5AXTsZR4lOHTQyzUGE+
aN6HORlm2SIiYVH8oIIQwOf2t4OzEuWb3L78yGPxjO7DbdWspbhDbmx1a+Zn8u88ASX0QYONNZ0O
fm6dwOTjBSvBw/iT7prE5fOvg/O3o+1JPlnQOH9XL4XkS8/CnaNP8oHMNxRv8exsBwNmtiz895rd
bM/CkNo379yZvo4z0HNbzPBdiS0AfIlptOD6plcGeoTw9BWR3d2uS185wdnlv1uV/eenk01753l4
sXIrGNJb6s5ZOPrXaNe3eDLEoA+doMLlluHv3OcTo5GPeQr2PKUEBLdGiURjQLnMUCdjupwMF1Q3
sk2tzx7uBmO8nbp1HouLonr9bnSiL5YM9ux7lmelkqcL6t8kIVhLIf/W4HvdozG6pdiB8mfFJ2Yh
Bcyg+91uKpECji7A9hN7csn1qK1D98jK8LLEcj+ZjBZJ6N4wPXXSoc++QD5eWNbgZKswQueu/eVU
t6YMlH8Yp/PgEVHmu9Qb0J1lIPcCoUNF3ipp2P6JlbSgfkfdidHeUGmrhv0u9XaJ7djsvXttQ1Z7
F1+/VfxsOUr+tdgtPdb/uCF1V3TSy2tlDd5HtdorszG1nIzDBCgYcOpj7M7tSz1o3MO21HhQalsK
C+2LBWfF4lvA9nHj6OK8hDp4IB61ifLPRStYbmHkKcctdJ3gH75hB3jEE89yylLR+z0ofky/JT6d
FBLaXMs+VkSJDFe85nNC7YVuQRrwuQPeSYlwfe2C9M7o5IxTFKKuhELLs294nJ0Nym0uX9MwibnY
3i+EvFzLPqypXXIz8MJ9sBWIoOffB7k4LrEOxBsgxx4Lc08w5cCPRupdv+Omz2xZBTp+7C230YLi
e+G5+/Rr2PPXfscfz6/L36k/S6aXfDpdFZ/XzsMf4eaSJ9EXwHe1s3RwjdGyimQ8yQ9EandAE/FA
ncZODvzo2vnPhPGyzxFd0tVZ/p5MDryPVOTyrCQPb6hdpB9B+3jk4E2pXESURRf0hkYLKI3qG2om
rXEvd5TqP8HPY+zshZuSZvV5w7rY093Ks3G525UjegN14sToFJ+JSsH7LcI7Jffb+FcwmVZxv01B
98tKq9x+wrHv88S31cf+ctsKuabiO7TNbXZ+jMYONn6KpJR5l0AkA7DSGSx2P39bR4M/d8ai5i25
gKLkhk3MxoOHChV4v7u8JSrF4SU+jvpJv8WZgfYR3a+uP5V46sWdxeknL9MHXlLQsz4bP6b+mKMN
4fQn3GHlPuYwCHkwZvdx4ZMOGfgJRUABcX8efzPamhLSbjthD4lBQko89Ez91YN3fzVg8dXL+nO8
SbOE+dPXf7dl5Gx89v763cW5/gD3GraPFXI2viiZqeBHRIuZioDt+fUdpOFnHrN6/Cmr/TxkZZZ6
ntu+yb9mkoEeaKY6ZTHN83DD/NUcxj14/7N6fDk8Ozay5a+ujcK1mbmHn3m5ULybotG9zX3FDwmd
XOduumvAPYbOD9fba+/0FrKfXNxMIU+sqo+uvTij/B1dFl8qN7o/TrqavIRj4/bkeiHviOQe5C00
bJuO0d35t+2ZuGAsOPeRdR6u9G2WHPzRL5Z8Xx0/s8+y4FRiHOJHM3LklNkJ97/Sq3x+s4Y9++73
VSlf/Y5SqCXNQpmfQfebIBtlt8H4gwCKoL1sf70/Fh/02Jb+4yWUJfGDVZ4DP7cpHY/K3A29ooF4
5e/Un4uP42v5ZK6h+PmzxrbP0u3gGbocJcXrrc3snUvH/MFmpYI+fzbzroQnHuQq+sEe6vhBmRp+
TIMxfglPf05AQorv+BfW9JzxcO5Sv/DhNa3YktlVN3/ZK+Rej+Rmw0uRm/3oxyRpEHMHYs6an6fv
ki2dkc95/hMkGvAJN3fG42jB47P8d3+MH/8Snb10Ijm1ZeXI2OoGfogv4i1pmEzMwkt6+ab9RqAS
7+qN3WX6ufX8t+Zy8EJFnWfofxnlO/0OR27un/8UR56V/FNJhrH5sSSjVBKx221do5RjXIjjInK1
gg591p2q4zJvgAN9K0h08NmpDYXCptY9PFp1WerRKkl0+oT3A26yhmffhb4sw4X4Cp/4xPkozr0h
UWgopESFpxApi2N3V047P3OJOhQfXcxnDxnoicAzhCqVnHErqddZ3Z+Ti8XuilBFQondHMim8clP
fEYPLPxEPJKpb+1sbH/27yh8uDgp+yDiKLGvwF09+AKQAj/PGx6jq5Il2+DkokgxgkqEDLbjqA/T
lzEn/yqNETkr0sDPbjxXZYLHZZJGhU1v2WxqffaX+Mu9ZJO9xWH0Nr3bYfT2fK+59wNJyaaU5Pkr
tzJmhbdZF+4NFWm8Ucjwcy371cbWCT4eUEBDYCFmxa+apye1wIhqVdJRpX4kYrY8L6YWhFgbxeLo
kcqLYXZFTrg/c+cEDyK0Qst/MUp8chyExGwR0+wbzb7ZIMcXgzEx66aBPTzqzxM6Z6+YP8frJY+d
Vzla1Kkq2ChnrwY8jF8ZPaNhIvBuATxVPTeKX9XxmqrnBKryCL0qheqLyZMMo1fcF3jEOVHq63ag
qldGW8xN79Wg6JXRQgje6Fhyh0nMMx4C2gzGZzOEgqQc/EBseh3cBmoax53NXDvx4tUrQak86ibm
YTXCHMifR6+ECPCrHlU0p1cX3OcLugZGjDlaHzz58tXg9O3xJ8jbAKqU82fCwpWaU4FCG7hSBOHv
Gh6GecdD59V/i/9ATEnMqxG9ZWrgrcvuqo4rzwF81UXQ/ZTfV9F+U0y5kzFqqyWejPGCoMERWyg+
CcUb5kL/BMRFcpoEeyDjBYsYSfknNGQkXjDCfTCeeEFjYqP+xOGbrm97iSNP0nxgd4hrxJfiWM74
Ic6Iztgh4dASRoiSTENGb8iKJ6HCRdwZATW6M1fMABrEIy69FSK+ZncZuiOHzSjoMCJ33P9HTPBV
ehoSFN8SmMVTalZIIZ4UKPm+WzCfJME8pA4gqFk+Gq5E1rd8Ql58WTAkDE8mjWARE0ChzoECGYSw
1Dway4NLFakeF+cegjw9Fgt5OezWtRlZiCO8ELJEzNJA0yXVJ+JT7tgQLZLY4WDz6qDUPrEq1wsr
MRid+uSdK341QKCQz0JcwcvpzCdvJJyTcSjSXZtcib/GCnphG+tYFcHSsefxO4KLELhIz/Ejty4l
H9A4sY+w0vT7j32Cfk0MxW/+E4oGhCe8EUWhlCJVqEgSgX2AEwQdCdkcD8+hJ3hWJ0Ik65YqyGvK
I6ZNcCqWRIoJJEZwuRKwJVAXkjtdEaVk7K9WUNasifHFFwjaYKugceo4JGSRNAwkFU85A5Iongsn
DqAFc5gylAqojf2ZUA8VKo6IJbfUSxg5UJPiuZOIXc4Ia5ehg6uCQeABY31oFnNfJ8sp2ALY+3G0
8u0xjW4Ifg8cLLwmOnzC025x0aWcYrdFCC4lAbuC7tEhEQ8iEOWIYKUeEjxNChjBiCVkA0ECYcvE
V6fNSeQjYXjAE9h/yO9dsH0GYgCWxJryM+JQtoqg8xmuIuyDq+WQuPE/QHxxKIY5DJ2vMObCYHIA
PIDCiSnEItioKk77AlVxFVFhfWHi+6hOB30lD4QSxCldUY0M2K36TZbufAFuBj+Of6i7BWWZKJEw
TIJYQqXAUDBLoE3xJZQLBicO2XLkUqW33HWA7M0UoI2gzXEQNFhXTTM06FyVnTJLg1AEISZcSXfx
zuNTsB6M+kTCYaEt3Ri9zpLN6XQVg8TJSIq6LoTrRohbDB+j1u5cIXlhUeBO7qoSUWpkkeBw5obi
yGOG9wwRzSxkLJ1SGjloKxHLc85BURydE1oFTjQXZFYFaX1SRy5gdhEc5EFX/+85wDTqMfox0v8c
/VHMA0GCcuwZSQpdRMB9yHOrM4Jw1pQqo242FWHCCXwRq0LRF/1jBxSKdSFIQo9B7ATCog9hkcgj
TtG6uSRZrkgMo1lvdm9DwhKtOZKO6/34tE/GZ+cjcnl+dT4G5z28PD8dkeHpRwK56cXpx0MCncj4
PfQ6JV/O3l+ekuHH9yeno1Gt6AJy8jBbbSWOIQtdLlIFdMQRMmgvmHDJQhqZszVA9hBrHOFbRJcq
uEIm3axABTks8AkOGqwJ+f2esUkjg/QTQ7OP3dRkArNEAq537chlRBJzvMcYghmIGFB72BttQdUA
oLaA2ZioSMkiuVKvcmzGA5gXC6I1q4264jV6uZkkxXlDcT6n4RRWRhUPO5GJsXBAm6UrlhqSo0YR
NQp895L6iUiLdEogZUzABl8epjGhaISpGcrwOpsBLsnvcr0Ea+S99PnS4CGv4YnnZLS4EETufLKm
P5KIA0E+MNqu1xWvMNtb4SweBElhOhJDxtss5Ms02MrRqkdVN01dw8iN0uQD2yAbTCpnHaM0lUWV
hVwc2ZAaspMsA5n3yeSSqIYqNqT6GmAnNUDQLshMOYArCPOw2OkGAUPQhsAHM9yCkUVRwtAxxAvQ
2jzNg9Fp4Wxrqg5TRcocQaW7NUkNdv2unLDmsheJfxOltJ/QAKHuMllCjMVbMyQtS1CRRFZokoq1
XHG9KFGKFfPQxqAMCBRFYsIq5ucJBN1mprEBl01Fm8bcCL2exC87p0tI4lIddc5E5lC18c3XjLcB
kCJyFUgfUXpAnUwwJJaAYrVE5BjJ4Zo7GKbkKflJZ8bO62wXBYhv3KZ4H0f1mB1avjpwpq9CBKRm
C+7JFHOKBzeLVF+QDFkTmJAKMsK3yZpMtcrQMmVZsinD2wtdS2kTutVwFSPyQ1I1NAUK5YmJq3FK
jAoBwmuv81hRLWMK6UjOscoSiT4OBqAiq0bOIBcEW3olkjtyMvx0CGOBhimsrzvXAbMXuYL0nhn+
qsDfJ5007V5n5JGQjta3Ro4dcFQL6s2OoMiVZYLDwIbVVDApwb0aNDBtIa7DnoZML0VO79GrYYpJ
vUPpNHFqdRRtDUo2ES+4yKQ/Df1hmoevq1YsM3DQHURUxJkEflBV14XC50otyMj9xjJVY8aeahgP
t0izKcjopeVoUbfZM+WglzUyVGM8Gs7FAKrKZ2UmYsZZSOfIHagL2IoCTyQzWBMvgXj0AzREFZ54
Lu7siCIfzyxmUUyuxp8EpRGwhGxPk5jgpoLQ8no6WXfUUje0jJMqjuoLanEBOGyazPtpLfMrMbCG
UZkcVq2iPa1YI7kLwNJKFocpQzEQmfRbEtvJgkONisaZljAsLVKFc3NoTElEb1Mnivs06X4Wtq3X
Ox6TBZ6A0Tj1MUCpPMItTZlFuQUmJNKVKIAMTaQvPrfxoCExFuR4RVcgQzSWJb9NK1h0/8pnCr9V
TdvklNHaW6T7Vfo+x1hsVEgDwM+Y01hu8Yi+SttJpEp9G6w+ln5BjanKMX0SQEJx63o4jfR5aj2r
WdBpU3+eJdU+DvOKseMw7ZXb6Nq4tySrvOMlT9CmZ9I5KxNHUcotQhGMcDmL2h0Ug79FNIHBH0Vs
0QYLxn0ma8Upk8imbIYWKbYjRThYpBYglC52KXNRSrKPE2Xsw8oktEiqOjQeZmMQADZRWd9MJg0B
kyP2XYQhArHpYPybUdMQ1o2VdFWe9B1p3kKcJismEtuy2lbM+UBMNsUHtyOxJFGeLERNE3noNFHc
EbXzkEY7MSbHOuCrEpO8IHOoWaK1eNa7G5mEag9FpBbrHXVFUQOOAzJ+qZuAB4mXGqO6QLcv+igX
0cX5RDJcDdSqRueKC7VP0jRT7LHK7Zy+Cni4+yRKLAmW8UKpCw/myvYFnLXY0Nyr+HpRAZSttjw4
WEBmNuOaQmCRVeWDMFnPBUfFCFJqwXIZ1FwuKPa5v1piiRDhx0Ij4DBak451j2on63bBgvBYdD4P
odiUG0vZzh0mUnFIheJy/An6YAG/H7zH8+bVvQYVCtAn3DGZh1JYOXdixkgQvmZAwGrapjREnkzy
0jKlch4IFfQp25UtQdDDY9OF69bTKQHnuuggQ/XRTLRdnkNwj8GCHhJ8X0LEqzjLWMDzzhhU0aBC
cEA+xgPZmsYVuWdEc7tG6h6SFm8SyM4gtAknlvoKhVBoXranczzQtORVV3XsLteuWgUkRIr907wB
NYv+EicU22FqULr1WVtPoFr0GVJpPh7ylNeW2pWrQttlSLeFYzdW8kz3ExYKKBwGFgQqx1QOA7dn
IY13RJLlzjJEkKkDI/IuATqgtMiWLg7wKQ+ZBjbquTRSGTwkXXQZeOkV5gBAo9JVP1WabAO7xd2e
PvldBG8In4di++cPRCrfB8uipH73QrCBiVToOqrATm8bicp5U8AS8VwE6EjkkqIwA/24QKuKtjr5
cl5Bg/xJ8D4TBgUZvNYz9snby+Nx3/xn57DVuzcOG/eNQ/Ofxj8dZnPpYg/wICcbfeurbl16YnnV
bL2UWY/c79frWrnCMbSAjNW2k8g8xL4RaM1e4f2QxI6TMPXJaTIfZhv5wuMAHohUtriFE6UCq6Z3
GcAWZHr34q1wNWIq0T+HJBGJgoRMNEhV5Fq19Q4ZD0QpyO7B8UWqDrJvMF2ORM4PEpm6kKiuZMks
+iG/QApk6TKKyDUjuRT4IRcJM19dOayw+5j5aEfiJcYTSBAq/UqnhscsQ+vUhpRooUPw1pDv0DAH
48uJw2Nwhjko3j/MAZLQ06/RRejXM9cTBw2vIfNloF8uxDG362sXVtmtDvgaqceoOuIxquVU3ufS
u2AiBuQ7Oiyw81x/ZDNVh+dGCrcf5UGQnyx1yGh4qV8uV9Gfno+TqV+khUf4mLgNTyCdqButerPe
gZ+/nMOS6Ng2/L/XZu1Oa9Z2OiZr2bP6zGx3Zs0uM9od26TTqdkgvwDumN8wH7KDnMRWVNwmTd+X
/+YG8qm4lrz03KneGy7vl3mdcGTHrNcbhmHiwx7DwfucqBw+EawUgQBy8+oEd+FHUa7jyEWH8NtV
TkYFCuASK9I8WwC8C92CdQRqX06dPm2ATJHgRd4419F6InKxJHbxIPZKXR0e786nrk/xzSrxbCA+
VCxQ4rfSUQDCoTlTMUJ+OskOV0HMBaAhAHPngc7dnJkI2TR0UMhgNeCymyfSGCU5f/31fwWZBaI=
===END CRASH DUMP===
