PocketMine-MP Crash Dump Tue Aug 4 02:36:08 AKDT 2020

Error: Attempted to create tile pocketmine\tile\Chest in unloaded chunk 107 -172
File: src/pocketmine/level/Level
Line: 2607
Type: InvalidStateException

Code:
[2598] 			throw new LevelException("Invalid Tile world");
[2599] 		}
[2600] 
[2601] 		$chunkX = $tile->getFloorX() >> 4;
[2602] 		$chunkZ = $tile->getFloorZ() >> 4;
[2603] 
[2604] 		if(isset($this->chunks[$hash = ((($chunkX) & 0xFFFFFFFF) << 32) | (( $chunkZ) & 0xFFFFFFFF)])){
[2605] 			$this->chunks[$hash]->addTile($tile);
[2606] 		}else{
[2607] 			throw new \InvalidStateException("Attempted to create tile " . get_class($tile) . " in unloaded chunk $chunkX $chunkZ");
[2608] 		}
[2609] 
[2610] 		$this->tiles[$tile->getId()] = $tile;
[2611] 		$this->clearChunkCache($chunkX, $chunkZ);
[2612] 	}
[2613] 
[2614] 	/**
[2615] 	 * @return void
[2616] 	 * @throws LevelException
[2617] 	 */

Backtrace:
#0 src/pocketmine/tile/Tile(171): pocketmine\level\Level->addTile(object pocketmine\tile\Chest)
#1 src/pocketmine/tile/Spawnable(62): pocketmine\tile\Tile->__construct(object pocketmine\level\Level, object pocketmine\nbt\tag\CompoundTag)
#2 src/pocketmine/tile/Tile(117): pocketmine\tile\Spawnable->__construct(object pocketmine\level\Level, object pocketmine\nbt\tag\CompoundTag)
#3 src/pocketmine/level/format/Chunk(721): pocketmine\tile\Tile::createTile(string[5] Chest, object pocketmine\level\Level, object pocketmine\nbt\tag\CompoundTag)
#4 src/pocketmine/level/Level(2681): pocketmine\level\format\Chunk->initChunk(object pocketmine\level\Level)
#5 src/pocketmine/level/Level(2293): pocketmine\level\Level->loadChunk(integer 107, integer -171, boolean 1)
#6 src/pocketmine/level/Level(2955): pocketmine\level\Level->getChunk(integer 107, integer -171, boolean 1)
#7 src/pocketmine/Player(1052): pocketmine\level\Level->populateChunk(integer 107, integer -171)
#8 src/pocketmine/Player(1851): pocketmine\Player->sendNextChunk()
#9 src/pocketmine/Server(2401): pocketmine\Player->checkNetwork()
#10 src/pocketmine/Server(2154): pocketmine\Server->tick()
#11 src/pocketmine/Server(1994): pocketmine\Server->tickProcessor()
#12 src/pocketmine/Server(1588): pocketmine\Server->start()
#13 src/pocketmine/PocketMine(273): pocketmine\Server->__construct(object BaseClassLoader, object pocketmine\utils\MainLogger, string[36] C:\Users\Administrator\Desktop\ngvs\, string[44] C:\Users\Administrator\Desktop\ngvs\plugins\)
#14 src/pocketmine/PocketMine(304): pocketmine\server()
#15 (11): require(string[91] phar://C:/Users/Administrator/Desktop/ngvs/PocketMine-MP.phar/src/pocketmine/Poc)

PocketMine-MP version: 3.14.2 [Protocol 407]
Git commit: 4fc5b9772ab3a9612abb052dc4233104dcb0ea02
uname -a: Windows NT DESKTOP-FGC3VCR 10.0 build 18363 (Windows 10) AMD64
PHP Version: 7.3.14
Zend version: 3.3.14
OS : WINNT, win
Composer libraries: 
- adhocore/json-comment 0.1.0@8448076039389f558f39ad0553aab87db3f81614
- ocramius/package-versions 1.5.1@1d32342b8c1eb27353c8887c366147b4c2da673c
- pocketmine/binaryutils 0.1.11@e8cb65db1b7998eebb739b124f2a989fe87366eb
- pocketmine/callback-validator 1.0.1@4aef6bb25f97d0b830ba0b4f66834b1a9c86fc9a
- pocketmine/classloader 0.1.0@4ccdb30e48f030bfcad04bb0a208d198ec631993
- pocketmine/log 0.2.0@e59bedb5d4bbeb9a26647cb7c367cb2fa72addfa
- pocketmine/log-pthreads 0.1.0@9bbcef398b01487ab47c234a6a7054722abbe067
- pocketmine/math 0.2.4@b1c28b236df8b795d7b06cf8421f9962b12ac410
- pocketmine/nbt 0.2.14@b31dca98443328c4bab76dc1b84c1473c79be20e
- pocketmine/raklib 0.12.8@9fea763ffc922db083e4528d4acd0b13d0ea83a4
- pocketmine/snooze 0.1.2@88420da3d9335dbcb3ee2decfd5e5453d057dcdf
- pocketmine/spl 0.4.1@ff0579a0be41bbe65d3637607715c0f87728a838
- doctrine/instantiator 1.3.1@f350df0268e904597e3bd9c4685c53e0e333feea
- myclabs/deep-copy 1.9.5@b2c28789e80a97badd14145fda39b545d83ca3ef
- phar-io/manifest 1.0.3@7761fcacf03b4d4f16e7ccb606d4879ca431fcf4
- phar-io/version 2.0.1@45a2ec53a73c70ce41d55cedef9063630abaf1b6
- phpdocumentor/reflection-common 2.1.0@6568f4687e5b41b054365f9ae03fcb1ed5f2069b
- phpdocumentor/reflection-docblock 5.1.0@cd72d394ca794d3466a3b2fc09d5a6c1dc86b47e
- phpdocumentor/type-resolver 1.2.0@30441f2752e493c639526b215ed81d54f369d693
- phpspec/prophecy v1.10.3@451c3cd1418cf640de218914901e51b064abb093
- phpstan/phpstan 0.12.29@9771daaf6b95c6313b908d0bcdee0afcd51f838a
- phpstan/phpstan-phpunit 0.12.11@ab783a8ea634ea23305a8818c4750603e714489b
- phpstan/phpstan-strict-rules 0.12.2@a670a59aff7cf96f75d21b974860ada10e25b2ee
- phpunit/php-code-coverage 8.0.2@ca6647ffddd2add025ab3f21644a441d7c146cdc
- phpunit/php-file-iterator 3.0.2@eba15e538f2bb3fe018b7bbb47d2fe32d404bfd2
- phpunit/php-invoker 3.0.1@62f696ad0d140e0e513e69eaafdebb674d622b4c
- phpunit/php-text-template 2.0.1@0c69cbf965d5317ba33f24a352539f354a25db09
- phpunit/php-timer 5.0.0@b0d089de001ba60ffa3be36b23e1b8150d072238
- phpunit/php-token-stream 4.0.2@e61c593e9734b47ef462340c24fca8d6a57da14e
- phpunit/phpunit 9.2.5@ad7cc5ec3ab2597b329880e30442d9054526023b
- sebastian/code-unit 1.0.3@d650ef9b1fece15ed4d6eaed6e6b469b7b81183a
- sebastian/code-unit-reverse-lookup 2.0.1@c771130f0e8669104a4320b7101a81c2cc2963ef
- sebastian/comparator 4.0.2@266d85ef789da8c41f06af4093c43e9798af2784
- sebastian/diff 4.0.1@3e523c576f29dacecff309f35e4cc5a5c168e78a
- sebastian/environment 5.1.1@16eb0fa43e29c33d7f2117ed23072e26fc5ab34e
- sebastian/exporter 4.0.1@d12fbca85da932d01d941b59e4b71a0d559db091
- sebastian/global-state 4.0.0@bdb1e7c79e592b8c82cb1699be3c8743119b8a72
- sebastian/object-enumerator 4.0.1@15f319d67c49fc55ebcdbffb3377433125588455
- sebastian/object-reflector 2.0.1@14e04b3c25b821cc0702d4837803fe497680b062
- sebastian/recursion-context 4.0.1@a32789e5f0157c10cf216ce6c5136db12a12b847
- sebastian/resource-operations 3.0.1@71421c1745788de4facae1b79af923650bd3ec15
- sebastian/type 2.1.0@bad49207c6f854e7a25cef0ea948ac8ebe3ef9d8
- sebastian/version 3.0.0@0411bde656dce64202b39c2f4473993a9081d39e
- symfony/polyfill-ctype v1.17.1@2edd75b8b35d62fd3eeabba73b26b8f1f60ce13d
- theseer/tokenizer 1.1.3@11336f6f84e16a720dae9d8e6ed5019efa85a0f9
- webmozart/assert 1.9.0@9dc4f203e36f2b486149058bade43c851dd97451
- pocketmine/pocketmine-mp 3.14.2@4fc5b9772ab3a9612abb052dc4233104dcb0ea02

Loaded plugins:
PECollide 1.0 by saxavlax001 for API(s) 3.0.0
Slapper 1.6.0 by jojoe77777 for API(s) 3.13.0
Broadcaster 1.5 by EvolSoft for API(s) 3.0.0
AlwaysSpawn 2.2.4 by Philip Shilling for API(s) 3.0.0
PurePerms 1.4.3 by 64FF00 & ProjectInfinity for API(s) 3.0.0
AutoClearLagg 3.0.0 by Twisted for API(s) 3.0.0
KeepInventory 1.0 by KhoaGamingPro for API(s) 3.0.0
iProtector 3.1.1 by LDX for API(s) 3.0.0
WorldProtect 2.3.7 by aliuly for API(s) 3.0.0
ScoreHud 5.1.1 by JackMD for API(s) 3.0.0
FormAPI 1.3.0 by jojoe77777 for API(s) 3.2.0
InvSee 1.0.0 by BlockHorizons for API(s) 3.0.0
PlayerSelectors 1.0.7 by Ad5001 for API(s) 3.0.0
DEVirion 1.2.7 by poggit, SOFe for API(s) 3.0.0
DevTools 1.14.0 by PocketMine Team for API(s) 3.11.3
essentialsTP 1.2.2 by  for API(s) 3.0.0
CustomAlerts 2.1 by EvolSoft for API(s) 3.0.0
NV_Gaara_21 1 by Nguyen_Dong_Quy_Edit_NQC for API(s) 3.0.0
MenuVT 1.0.0 by NguyenDongQuy for API(s) 3.0.0
SK_Phuc_Loi 1 by Nguyen_Dong_Quy_Edit_NQC for API(s) 3.0.0
FlyText 1 by Nguyen_Dong_Quy for API(s) 3.0.0
DoiVang 1 by Nguyen_Dong_Quy for API(s) 3.0.0
Thuy_Lao_Thuat 1 by NguyenDongQuy for API(s) 3.0.0
SK_Beta 1 by Nguyen_Dong_Quy_Edit_NQC for API(s) 3.0.0
BanManhViThu 1 by NguyenDongQuy for API(s) 3.0.0
Moc_Dinh_Bich 1.2 by LonMongManh69 for API(s) 3.0.0
DBTT 1.2 by LonMongManh69 for API(s) 3.0.0
NGVS_Vang 1 by Nguyen_Dong_Quy for API(s) 3.0.0
NV_Thay_Kakashi_10 1 by Nguyen_Dong_Quy for API(s) 3.0.0
HTHONGKIT 1.0.0 by NguyenDongQuy for API(s) 3.0.0
Shop-NGSC 1 by NguyenDongQuy for API(s) 3.0.0
BedrockClans 2 by Wertzui123 for API(s) 3.0.0
MIE_Protector 1.0.4 by FaigerSYS for API(s) 3.0.0, 4.0.0
NGVS_Khoe 1.0.0 by NguyenDongQuy for API(s) 3.0.0
NGVS_Bac 1 by Nguyen_Dong_Quy for API(s) 3.0.0
NGVS_Stats 1.0.0 by NguyenDongQuy for API(s) 3.0.0
TimeCommander 2.2 by Zeao for API(s) 3.0.0
NGVS_LayHang 1.0.0 by NguyenDongQuy for API(s) 3.0.0
Byakugan 1 by NguyenDongQuy for API(s) 3.0.0
Bat_Quai_Khong_Chuong 1 by NguyenDongQuy for API(s) 3.0.0
NV_Jiraiya_9 1 by Nguyen_Dong_Quy for API(s) 3.0.0
Tang_Sinh_Chi_Thuat 1 by Nguyen_Dong_Quy for API(s) 3.0.0
NinjaMode 1 by NguyenDongQuy for API(s) 3.0.0
Luan_Thuat_Tam_Phap 1 by NguyenDongQuy for API(s) 3.0.0
Warp 1.0.0 by  for API(s) 3.0.0, 4.0.0
BloodFX 1.0.2 by Vale914 for API(s) 3.0.0
FormImagesFix 0.0.1 by  for API(s) 3.11.4
NV_Sasori_20 1 by Nguyen_Dong_Quy_Edit_NQC for API(s) 3.0.0
NGVS_Kit 0.4 by UnknownBallin for API(s) 3.0.0
KhoiDauWorld 0.4 by NguyenDongQuy for API(s) 3.0.0
Hoi_Thien 1.2 by LonMongManh69 for API(s) 3.0.0
Nien_Ha_Hoa_Don 1 by NguyenDongQuy for API(s) 3.0.0
NGVS_Loa 1.0.0 by NguyenDongQuy for API(s) 3.0.0
Dan 1 by NguyenDongQuy for API(s) 3.0.0
Skill_TheThan 1 by NguyenDongQuy for API(s) 3.0.0
NTUi 1 by Nguyen_Dong_Quy for API(s) 3.0.0
ManyWorlds 2.2.0 by aliuly for API(s) 3.0.0
NV_Ino_13 1 by NQC for API(s) 3.0.0
NV_Thay_Gai_16 1 by Nguyen_Dong_Quy_Edit_NQC for API(s) 3.0.0
NGVS_QidaCoin 1 by Nguyen_Dong_Quy for API(s) 3.0.0
DDao_Thuat_Tam_Phap 1 by NguyenDongQuy for API(s) 3.0.0
Hoc_Nhan_Thuat 1 by NguyenDongQuya for API(s) 3.0.0
NV_Choji_15 1 by Nguyen_Dong_Quy_Edit_NQC for API(s) 3.0.0
SlapperRotation 1.2.1 by jojoe77777 for API(s) 3.0.0
NV_Naruto_Tre_6 1 by Nguyen_Dong_Quy for API(s) 3.0.0
Sharingan 1 by NguyenDongQuy for API(s) 3.0.0
AntiServerStop 1.1 by paetti for API(s) 3.1.1
NGVS_Level 1 by NguyenDongQuy for API(s) 3.0.0
CmdSnooper 1.0.0 by HotshotHD for API(s) 3.1.1
SK_Qua_Nap 1 by Nguyen_Dong_Quy_Edit_NQC for API(s) 3.0.0
HuongDan 1.0.0 by Phan Hoàng Kha for API(s) 3.0.0
ClearCache 1 by NguyenDongQuy for API(s) 3.0.0
NV_Hokage_Tsunade_12 1 by Nguyen_Dong_Quy for API(s) 3.0.0
NGVS_Mana 1.0.0 by NguyenDongQuy for API(s) 3.0.0
DC_Shuriken 1 by NguyenDongQuy for API(s) 3.0.0
NV_Ong_Tazuna_3 1 by Nguyen_Dong_Quy for API(s) 3.0.0
NGVS_Quest 1 by NguyenDongQuy for API(s) 3.0.0
MagicWE2 5.7.1 by XenialDan for API(s) 3.0.0
PackGift 1 by NguyenDongQuy for API(s) 3.0.0
DanhViThuUI 1.0.0 by  for API(s) 3.0.0, 4.0.0
NV_Momochi_Zabuza_4 1 by Nguyen_Dong_Quy for API(s) 3.0.0
NGVS_Xu 1 by Nguyen_Dong_Quy for API(s) 3.0.0
MapImageEngine 1.1.3 by FaigerSYS for API(s) 3.0.0
ChatAPI 0.4 by UnknownBallin for API(s) 3.0.0
NV_Kankuro_18 1 by Nguyen_Dong_Quy_Edit_NQC for API(s) 3.0.0
Thuy_Long_Dan_Thuat 1 by Nguyen_Dong_Quy for API(s) 3.0.0
NV_Thay_Kakashi_1 1 by Nguyen_Dong_Quy for API(s) 3.0.0
Giftcode 1.0.0 by  for API(s) 3.0.0, 4.0.0
Tam_Trung_Doan_Thu 1 by Nguyen_Dong_Quy for API(s) 3.0.0
StatsCMD 1 by NguyenDongQuy for API(s) 3.0.0
NV_Jiraiya_11 1 by Nguyen_Dong_Quy_NQC for API(s) 3.0.0
Nap_QidaCoin 1 by NguyenDongQuy for API(s) 3.0.0
NV_Neji_Tre_7 1 by Nguyen_Dong_Quy for API(s) 3.0.0
NGVS_Rank 1.0.0 by NguyenDongQuy for API(s) 3.0.0
Bat_Quai_Tu_Chuong 1 by NguyenDongQuy for API(s) 3.0.0
Am_Sat_Thuat 1 by NguyenDongQuy for API(s) 3.0.0
NGVS_GiaToc 1 by Nguyen_Dong_Quy for API(s) 3.0.0
Boss_Quai 2.1 by phuongaz for API(s) 3.0.0
NV_Chiyo_22 1 by Nguyen_Dong_Quy_Edit_NQC for API(s) 3.0.0
NV_Shikamaru_14 1 by Nguyen_Dong_Quy_Edit_NQC for API(s) 3.0.0
PLMenuUI 1.0.0 by NguyenDongQuy for API(s) 3.0.0
Dich_Chuyen_Chi_Thuat 1 by NguyenDongQuy for API(s) 3.0.0
HubLobbySpawn 1 by LousWiteMC for API(s) 3.0.0
SkinShop 1 by phuongaz for API(s) 3.0.0
TapToDo 2.3.0 by georgianYT for API(s) 3.0.0, 3.0.0-ALPHA8, 3.0.0-ALPHA9, 3.0.0-ALPHA10, 3.0.0-ALPHA11, 3.0.0-APLHA12
DanhViThu 1 by NguyenDongQuy for API(s) 3.0.0
NGVS_DCK 1 by Nguyen_Dong_Quy_edit_NQC for API(s) 3.0.0
NV_Hokage_Tsunade_2 1 by Nguyen_Dong_Quy for API(s) 3.0.0
NV_Chiyo_19 1 by Nguyen_Dong_Quy_Edit_NQC for API(s) 3.0.0
NV_Thay_Iruka_8 1 by Nguyen_Dong_Quy for API(s) 3.0.0
NV_Haku_5 1 by Nguyen_Dong_Quy for API(s) 3.0.0
NV_Sakura_17 1 by Nguyen_Dong_Quy_Edit_NQC for API(s) 3.0.0

----------------------REPORT THE DATA BELOW THIS LINE-----------------------

===BEGIN CRASH DUMP===
eNrtfQtz20aS8F+ZUlK39pZI4f3QnlOWKdnSWZIVi7azu0yxBsCARARiuHhIovfLf/+6ZwYgANGK
mGilq7rsXcVCY9DT78dgiPn3TszzBS2n1ywvEp7t7Ju7O2WyYDv7uu07tumajre7k9KiPMpznu/s
/3unXC3h9s5Jdk3TJLosacmObkO2LPH53Z0FKwo6wxEHZckWy5JFpOQkzBkMJGWSMrLk4RUrF0nG
JhMETCajOStKkmSkylJOI3gknFfZFdE1lwx01wC8cZWmb2EwIF7Oab6/tzfa3/tUAN17BxHgSooy
pyXP9w5ZcVXy5V42uy72LsRUZzDV4OxiiA/uFXm4t6ZgL2XXLN07xf/C/SXOJGf59jgYkwJoZ99w
NBfkldMQLv65851Geg8hd3tj+M8L3dVf7nc4FwgnE4Fx8AONIjGOB7+wsPyWiF7C1N/pG2e5XNKb
jAaAwjF6M0kEiH7ww3Qa8gxEVYXlprnaRO2SDQOyoASEdAYE8cWSV1k0pjNBlnEP87q7kaSG5v8k
XSbZqElp+HsjtLMXrqF/U2b7+9J2BSdAYZLN/mn/TIQ+NpLyB2i1yLet7oXheN+wIckL2ggwM/gB
nKGUfP0GdWJO+945Dd+8127RXeVcSVayGcvRZ3dJfQHOq++SgPOU0YzoYkLn3gl92753whkrt5zP
7c93kdIVy1/omm3cO9WSL6sUNP8b84lJvG9N4tl9pck7gx8KlkXn7FaxI7D4fSyXLIfQ/MKwtG9h
CecsvDpn5Q3PFRJd+xYW3bZ6WOSdwQ9lEtZP6994Wvf9+56+yHkIoZ/nCo3xLTS2530DTVHSvFSP
3/HadSR/YbjmNzBsiCJvaMFGkMCKU0ws+UaHrMDbi8nkjCbZKZ/NcJRydNMBT9+fTESimUw6mWYy
UakGPBpyzWTSPGVZWzy1TKtZksEfknHrHsZNra+BQgpVPmoTiLQwIGf/qpK8CVa+/jN51JQJI17u
/Pzr7g577ppgq0wNBEtZT5PsmqfXbMGyEh7POIzY3Ql5xJAXw/Y9gE5K/L9ynvMbkrEbIvA1TL2Y
1MwSzAsEvC+NJjsv/waIAIGvEPyKl46mwaX8S1c3vhe8/EReke9LkZchrL1NOc9/evGS/PADsf4m
xxud8f+4O/4f3fFmM5OlnkziF0lRsPLF9+U8KTBeAKLin9/PaTEHdC9evFC0vCT/RbTbt+p/L8l/
/zcxjZfk/8EQoqbvDfn55ct/y8nsRmAbZvl5Xd0I4l8qWp1aSCwtmELkbpD8ZLLRrkAF37SmyQ4Z
EhDRNETPV9MCCOB3DarWhWKy1qKjeV0t+rVsda3WimQWsQOvjWJOohcvf65VJXHpeveREPJTLgL/
iEIEr3Ww20haPSb1LwnQG+XqUrl7f/2rvJTiJ38lr3NWVnlGrnkSyVtOc0sItOjZsRzkqkF7O7/+
Wc7+Wc7+Wc7+Wc7+Wc7+Wc7+nypnd3dmLGM5TbEGzCguge10ngWaAhD+eqlsxxzq1hDr0KBK0mhn
X/d0fXcnKaYRu97ZjymUNVBy5rzkIQe0Fi4WzRIsOa04tAPfdQ0amNSHNE+DANw3Ci3DNHXNisJA
Y1RD3JWi5UuSRZi/z8fk8Ojy/fjDxeDtu5H5efQRXHioEUED0T3TMcmLerCuvSQHZ4eOBYhwcWt/
xx0i1XD5FdxV8KCu4faUFzjRyfn5GADi4ibJRGkMcR0EPU2TIKd5wgoUEo3mwFjO9n4peDaAMaqe
1ob6UHvtWZanuVCR+qbnx7btxaZPI822TUoDz40CM/Z0R0zNw5wukqrYW9LwCvqEgRIxEqAP7aH+
Wo9Mw7SMwAt1FoC/2GboeZ4bmg5gcAMrNCLquGaIfKwVGyQZzVfCGxRZuv6aeWHg2FGgB67ve4wF
gWv6gW5YsUF9oJR5LmBlQRdVSNM0AOoGohBFKxO0Ac7XFmWxEwSGHftupAWeqQVUC6zYcTzTCnTq
h54Thz7tIUQfFmVo3ojMCkMQi8YsL9YASxyCvCwwDGpoXqQDsaFjQtgyu5hSPhMYDMDAbD9gUWBH
8BgLfGo4juWGAQoK/jFiChYXRTG9g2GwhPKQ0ahoiPGDIGSgMy/QdMtzaQCIQAfUoa5mW66BJss0
x+2igrw9V9RYrwM9NLzAMJ0o9kDaduQGmhPGnmXose87BkidhhZU0x0UUE4oDDqgMPUoBL1Ylmka
XmgFNHCdKNQDzwpB82boAsOGxroocnoFlipZMYbea9AqdR0zBjUYRhRonsks2/Aii4agMd2MwNk8
k1pdLEXG+VemBGK89oBuLaJm5Jsm2E8YmIwZEQvjyGa2ZQMS243CKO4hWaYCgwWWEscwxAfjYJYO
wgMrBGcFF3Fd3Q612IN44AEdHmCIeIjRju1BKC1pViaNyZmIyLS1KNaggmK+Ztm+y8wg8kPL8ezQ
NpnGTNOMGUM1L1ZgaUGxFzG2BB9drgQSf2i/DgzQjuv5zNOo7wZgF7qlW3YMLPoBMBR5ZkhNJviB
qDlIOGg3S2KoE5Xtm69d19HBTEOw18CKrFh3mBuCf2lOBDbjh9Qy4X5stXCsw6ch3cemBgOqKSpT
C0E0kW2HLGKxrzkgH40GNNYDR4YokEuFYQaifM7iFDJfomKPQomm69iOF4MwXGYHIGkwV9MB76RM
M+Mw0Flkx4bm+MF9KAEapKBGQGoLpGHkGpHpWyF1fSsyLcehJnhUqPmRTZ0QzNRzwEfYHaS4NjLI
WYErDlKF6KmQ+yw9NlzbYJZvgmP7tuEEUNKwyAMJWLHp+JEjfX2+LJYMUlbOl1AdoQavIZSh/C1b
D80QFeeFsWNpETN0z9ctX9OZDZw7FiaWBgtY0p76t3YOw38NeUiPKIUg5tsYYczAh3ijBSHYjEbj
MLL1GKyS3kUygH+rLClrZBBewT/BkzxGHdNiFLKZZlPPA/Is19YgGzBXh8RQy76DDPN7WA7yKmVF
Q95riOsatX0ax24Y+07s2pGhQ+60PEejEdU1ZtiBwZTckRpEOMDVHPgPiFwuPHlgbMbrkGJAjOMo
ijAQaoYNCTg2dMeyKOgjciGoOGEU9pDhOtMgKVmuvNAUyFhAQV226cVGAFiYpkOUCwIwgsiImWlE
FkTvODJ6yHDx6YrVaPTXjhE7vgOhHtSoge/auskcn4FCIkhOjmtFjmFAiuuhKaHUHuDyB5b0jTdp
oeOHAcjJjmxTB6+GQGBY1LQN2/QhbFjUgNil+X1kyUJQZAMS7XWgRZrnR0zT9IA6WhyDpTMTrNNk
EHh1iD0axH8RpzpIgC2hRUYXWONIITl6aPsm811IhuAe4JeQRbQQ8m1IvcihEDSpbvXUp4zKB1ex
X1NQS2iz0KSQZCFSmYbveRDjwIOMyAfvtnGhzESTKkAnBQTLbE/oX6GRsSpybA2CSqDHLGToZyBY
Rhn8B/wWooELrEH5RDejAQ/GyMUGKedX1bIReAjOo5tarDHPcXwo3SDkGVrg6ppOPch/YWj4joyi
bayLJa2NScoJMnXk2SyGgBxR8BY91hwaW+C7oYXS8z0K0cKzOniiJI4VBv21yWzDDG3XiQ1AEUJi
ik0Ndc6grrCpHeqQLlyvyx/LrpOcZ6pyw0gHxRZUP1oMfDDDD00zcsFBdJdFhglqZwYUM+g1QmUt
RLdLnpcsb8iJdCMOQMV2RH3wBU2PfIjFts8sEA7VIMj7aIh6B8ss5QFNwYakTVvSHKFYg7Ti+lDd
YAnoGRDEHR8SP1SBLmQY3Q88KhaE15hkWzRgGYThtqSBPTuGKiqCgsjygRWbQaAL4jgwTReQmboB
tapn2fYmdCpBCGxS/2C64OVmCEHIM/Qw1FwNHN8zXQ+SDYR21/E0iMNd4nIWViILQoTK0JEb4qhp
YEq2Y023IRhpIQankDkhRAUnwoJJBxFYbg9dwas8ZAO+RF5V5SyjC4RbIEt3Ldv1vIhZMQ0pw9qX
xj5UZrYWRCYL9S63ajlfZlOoDCzf0NzQiT3bYi5EECgMoWLyLY+GHgM1gFtFXgdDu0lCHWqWrgcR
lDxQvDEHCikjMP3QiC2o4aCipZBxoMb3hU2tFjHPVtChpSsIvOkgVORg0nOBJYNFkQviDqAMg+AJ
9DPIclA/BJBBvViPHSgjoKgDXOWcFYxBDsbQlHxV+ReKqNfgtKYTA0sW06GkxcqOARPMgepA030W
g+VSLcZAecOCBf8KvfwelOwsL1UFBSUy9GtQSZgQGyEFQELCxGt7IDBmgWnaehRBnrL1bkW4/nOw
WDZd5OsHt4S/Nu8xRBd2cTTiKfQkrN23NrDdnbUmQJlwTatyzvMCF3gLekuvU3oLcR77X7pMECoU
htdMrGVCk1jmFTSyEVtCy4gPwr2Cx+VhG7CgCc7RQjmZQNEiyZBrEfgyBhoeGHU5Pvg4/nQhZVsk
wtdx6fkypcsly1uc1JAuH06fk1/4L5y5+L8OI7r5BziRM/dJv/hwOf7y4ePpYYf4eVkui/29Peju
51UwhPi+tyZpr2YCOHyTA5oQnKTDZRva5dTu8nl0zdNLIPix1NWaeDLpUnGPqmpub25uhgwoQuzD
8gr5O0hv6KoQC+Et/trQNn8GtoldDi/mSZosySX8kybZ7LEYXQq0hcI6mVBBUYEUTSZyKe23zfOi
ytkFyxdF29UaWFdx1tDsMuZYb99qGvkvcpFzzCUnWYwL26vH4nAqJ5hMGopaf/4O+xXPyjCzt8aD
Kq5KPsLXV6d0NmsruQNvS0Py1ZHG+CYBO4sei/lSogO9AhHi3VoKREwmfZq2FYIi86BYpdXibLTX
xQfCeA9t9Ul2LTq9VUsYXfi9Ufj9nNN3FPLBDCzjsQTSQTqZdMh5WEhD7hJ4uFT1TsNaC9hVMiTW
Lmenhz89Fj+AajJZz/y7ozLgGZyNLo72WlwAo1/w9b2CtFjtgLuByxy6XWZpmlTpo3mzxDaZiH0F
S0nBQ7LoBpbPqiSPE5ZG7cpDFRB70Kzhoh3G/L0Ot5iNcXH3uIra6bgGtYVh39X8/9Dw6uzwsYQh
sU0m9ezrvx5ixG95vji4OGlxUUO6bmk+sKgwfj8ja4yTiSKi+eMhrIALX7J2oacAvfjSZ+QNLmQd
8zz5ip3BY5UObaRiiwZQcjeXfpsZ+cbvksmGqpNTe3f67PU87wAq9serYCW2+oVkQ8TDg+bh0eck
F8Q2DDWgLidGn5Mln+H7IXC9D2/Zo5U+Aulkci1ImEwiVv/VIus3Kp9Ddj3mPG0rqQF1eYJepmd9
65doZIwrQ50CHdzu9/JVE4BvIBtStguNa9L2Ghy4rQ3aPFxyT4vxRYvjDrivSaPD9COprj3jZNKb
/zcNcVQVJV8cpNCythXXAXeTmv6f7TbaM08mPTp+X79x/nn6jtKcTg29xWIb2lFUl7/zWbVi2fSQ
Z7Ppj9VqehQl5fT8x9Fj8Xv+2dAfHjfOWFZ9Hre4UIDfCO6SCeQBWHgsyi8/jx9O+OX76cW8Cqen
PGmXCi3oM+rg4vThjLxNV2OxGLeuFBTk4Qw8Gt3j91AayOm3yD08+UyzdldWQ56eg8PPD6d7PAfV
n1I+hT9oWwG9G7/JxSP7wfgU/ODyKknTBzrCG1bSrhMIyDM6wJstPPkNzc5oNv+cgLTby1Nt8FOr
4M3ZNrHojIfTwySbT98k4bwdSzvwXvLuda08OwMWkGPHfywuzg7f3DGkbxZbb8btNCAun55inPbB
JJ+/+3w57UWeNezpY8/xeIvgA9XCeE5X0/f0ihbzZIrbu9ulRP/m07Nz/lnXHs7P8fj4w/m79ydt
I1rDnqOcOMZk9uByYs6Xg/N3l6N2HG1gTx1+Lo+3CJ8syqGjGKU0axfcHXCn4O7S/wUq4a9Vohvm
YxG/xjiZtKn43ctna4R7Ha4w8p4cTTctF3bhfevrrf6/pckMmu6/X96RwK58Gfx7JdEgBtbbBPUu
HxQuMK69n3PWj3UC9hzu9f5ki2CHlL6hYZ94BD1HnH6zJen4G6CiT7wEPofocfrJZE3EFiVvsmAj
vljQLOq8C+zCe2/Luhz9g1H+qAvsnbn/+Bp7l5Vag6d0dbyhUqjBz6HF022C/IpeVTPaXt5rQE9e
G//94P2ndwfnhmZoW/Qpb2gJTkwTjFjgz6N5xTv62Hz/yZn78f1oC6agUPufJKfJik79bv22Bj9H
5eZvERLA/qeX2KWMoNK80wpvuPv0DI0vR9u0xOdJ9gs9453dKWvYU5vU+dnDlXFa0UxKeTqmi+nF
nC5bPGy6+9TcnI5xVfjBqvhC8zYH4vL+YPvINdjhaIsom3Ievf2pHZQUpE9yLyd+pinzdeuxZKzQ
Qfksp99iMZHni5MFnbHibXLbe/m4hre50XDD3jcVoOtD6/dysaj+VeArIPxhZSLmjpPbrRrkS1rw
PJkavdZ4DX7eZXZtyyryfVLeqd6TsqeNXm/yKbvK+E32huIWokcr3Q8eTjlk4+SQVuI1fXurSRt8
Lwf/mebjcIuVCY6JK2Ht4mkNe/o1ruMtVriAwukxnR5zipbcSWfdO0+e1I6PD7fJyKLY5vRO/c3p
89TeHw7ENogHv+LolN6Hz1B1w5xbrGahXsDA2XjeIbwLf/L3GnLeLaLm+FP75Z64fPri8+Tt5Rav
Ami2EkGxvVzQAvY3ompPsZ8LeuGV2NNVbJV+TzI+xc9/tHOvgt2nhcfMsbq5/Yr6O+gh8Qskd1bT
1Y1nLRp0Z8ui4cckoiOeZP3I2cCf3iF+3KamPjys36Nu6mg23X3yyHq4XUtzzMPp+bzuxDpFRefG
Q/mgj1lYbOEsozn/BRzC7npKA31eN7G3SHbyhw4feSl+hXT3dxzNnf72Kf1BWy//yHucLgFbqeec
5lUJzpGzaS+Yde48x+qSs817NYrfz+hWIQ3s6d+rHXw8Od9+7fIgKxP5eZTLkrfjV+9Gb1dib58l
ZWWZdHciDvXfvWO0M/OWSUV+pq5fi6tv1z3xepL8WtBDyR8tosuM8+7vtVrA32gmjnlZzHl5fPhY
aggXUSGnnkw6ZDxk386PFQVnXna37tTAZ4y/P55v0V3jMn23PWpAv6EMyPYZOeaTStOYls3I+/nj
pUJFwhaGJb6Nh5/FaxvWGvjUfjE63SpbHHP8hs10XFQZjdgUP+HXThl3bz/LfhJjyzgFjdOdJQMB
e+a3rkjDFiXwaHo5r/LkqrME1YY+eR78+H4yORw90LY+gB2M6VcwnWmvG+zceQ6LMrftpirxIZle
KyWAT952HG+zqjBLwi9HRmdNQYG6P4py+1XHTyxLaIrR+JHovhUIIxlbJQ1b/JiVhlfvkritggb0
1Aq4eDfaagFQbkX9dNJdCGygT/pW6+Dzdr3eGV/wcJ5M/0GD6iudWl03vnP3OVzZ2tKVf6r6fvxT
9SybiX7axo+X4i3cUTYTH4hueXPnRq+P6P+q+9sb1h5ho1qHkv71gyqpOS27P32sIU//pgtnxk+6
0vKcXW3lMe9pdlXlfKp7XV9pwZ93hcTb9ocOSMvhhmWrTXefYYvH6eF4u4033R3S9+2efpZ49nD1
YPYLu7tVGtCTZpUxzcYcEztOP+J3P6Fy3y6ixXScV2hEXFpRZxPRnZvPYGDjrQxMbKwcnR22m/Ma
9OTlupp4qwBWb0DT9c0b0/StfqX4uLFrix8ontPlxncgbfCTv/ymy/Gcbbeay35JxIqt21vLXcOf
I0i5WxZdHyH79csuAXuOhnz0ZpsfmandpePqnq2n65tPv+90vM2+04PF9BLfmfVSeQf81CwcXI63
3RHyLqFjfudXAQr69P7wbptfLfKiEEbTtqMGdu8v3JfCxOjXx/vMlMSHXx7KKRIxmeB/H/weMFnx
qWH03wMq6PPusTO22zA4T67ogubVVO+1uJ07z1u4b9HoXpziz/E7Sw4N6Dki7tn5py2WTJIQd40L
eW7aWr75/pMvw4222lp+XAWnPAhW/Y/NdeH3MHHKq+IL4Dt7NJNaY5xM+mQ8ZKdYhr9z7G4Sk6B7
uPjPhTCcXf73YW3HcswPeafXkJD+h7N67jFjPJ8lNPv7eMOP/sS/g4PTi+MDr3vpdy/13mhRU6vr
i1O4Nn73t+XosuQRn0zW/Dx8jXLTCuXTO9ZWS5SY9w9H7/ulAIK2iNbskaM1TP9H3sLd/xLued7B
GVvuEcIqQPc31Qa6/8yJ1N9+b+BJXl3Rqbdhsai+8xw68bYzMnpVTXu7thTsOYi3t/xJxxXUqFPd
7f+kowY/r0k9uB/GzyHTHOgvWf+DY/WJP/DEYCDpGNCsEDt/5FFDQzxUgeWlONJm57uL5oqMeBYn
M4Kf/p/kk+y7M56Rg2VODJfozr7l75sa+XLyhoj9SzAgpdmsgqDyimUzvF7wMnrVIYXITUJ4U04+
wE+mv9J93TQQeDMHlgZpUpSveBwjhGYZr7IQP9coTsei4Txh8tzK4hXPBCYsLwbqC5Ggq1e6I2an
t+qh4pUt6JuBhBY8Yq/EVczxe+ENTM0Hoorwy4r19fJ6qabBL80nYZWWq1eCVnlWUsnzQYFbqbJZ
8UoIQZw0hsb06j3P+JyugQVjUWsMftP71eHR24NPp2OEKu38q2L5Ss2pQHkIXCmC8O/hkhbFDc+j
V38V/wMxVSUfFPSaqQevE3YziBI8VCJkrzwE3Qb8doAGXGPqfJN7uFrgKS3fEbQ4EgrNV/JL6sIA
CIiLdHQJBkHG+HFxUvNPaM5IOWeEZ2A95ZyWJET9lSRgJMnCtMITJwH9HcNDXJd8AU/GpLyLs6Ax
2yUc7uQFoiRBzugVWfEqV7hIEhNQYxInYgbQYA7GkK4Q8Tm7adDtRSymoMOC3PDsLyXBHZE0Jyi+
BTCLZxytkEI8olLyfTNnGamWs5xGgGA4ydB0JbL9SUbId1/mDAnD8zfx/DcCKNSpYSCDHHwNT6eI
5G1BasphGmAV/mKlkBd+jzBkZE6zKBUSXCBmaaC1U+0TcZoW3ijmVRlxsHl1qOw+meyczyeVzmiQ
kXeJ+MsEgWYzAtkRL4M4I28knJNxLnY5heRM/KuvYBTeY+5kR7B0kKb8hqAbAhdEfSiVXCeU/IjG
iWOEldbfUN0nGNjEo1Cr3xCKBlRw4EVRKKVIFSpSFWAfEAVBR0I2BxcnMBJCa1QgkvUdPAYr4AVr
TXAkXKLGBBIj6K4EbAnUheQGK6KUjOOVBzW3W2L87gu0WWCroHEaRSRnhTQMJBXPvwOSaFHlItYQ
MIeAoVRAbexfFU1RobPkGsZe07Ri5IWaFKLhS8QuZ8RjbzDEDcAg8Bi6fbgt5j6vFgHYAtj7QbHK
wjEtrvAE3Suw8KEY8KkAwaDT1ZzisHkOIaUCu4Lhxa48cpeoQASeukvwWA1gBFOWkA1kCYQtqgxs
G4dI5JfC8IAnsP+c3yZg+wzEACwJn8oa4lC2iqCTGL0Ix6C37JKk/AuIr8zFYxHD4CuMufcweQE8
gMKJIcQi2BgoTvcFqr4XUWF9eZVlqM4IYyVfCiWIA96KITlk1+pvskhmcwgzOS3mu+2woCwTJZLn
1bKUUCkwFMwCaFN8CeWCwYnT2yLpqhSPjwWyN1OANoI2x0HQYF3DlqHB4IEc1FgapCJIMflKhot3
4nwPgmmfSDg42iIRxzwv2IwGqxIkTi6lqDUh3KRA3OLxMWrtJhGSFxYF4eRmIBHVRlYIDuMESIRY
yfCb14gmzhmrp5RGDtqqhHvOOCgKTwoSVoETqWNIBGn7REMuYHaRHOQxaf/rOcA66j76MdP/MfqL
ki8FCSqwNyQpdAWB8IGpmkUNQThrTZWuGZYiTASBL8IrFH3FXx6BQuEXgiSMGCSsIC1mkBYJu2Vh
JaI7lyRLj8Q02oxmtyEULMWaIxm4PoyP9sn4+OSSnJ6cnYwheF+cnhxdkoujjwSK0/dHH3cJDCLj
DzDqiHw5/nB6RC4+fhgdXV4O+yGgIw/DdpQ4LliecFEqYCAuxNnWeCpqLY0m2Ooge8g1kYgtYsgA
QiGTYVaggiIW+IQADdaE/H7L2KSRQQGKqTnDYWoygVkigdC7DuQyI4k5PmAOwQpEPDC8OxptQTUB
oLYlC7FQkZJFcqVe5bMND2BebFmsWYViW/JavNxMkuLcVJzPaB7gSZJ4AIksjEUA2ixd4WpIjnqK
qKcgdi9oVomyqE0JlIwV2ODL3Ton9I2wNkOZXuMYcEl+F2sXHJIPMuZLg4e6hldp1NCSQBK5ycia
/kIiXgrygVFH0xSvMNtbESzuJElhOhJDw1uc80WdbOXTasSgbZptDSM3SpN3bINsMKmOdVzWpSyq
LOfi+I3akKNqsZR1nywuiboxwBu1vg5xkHpA0C7IrDmAK0jz4Ox0g4AhaUPigxmuwciKomIYGMo5
aG1W18EYtHC2NVW7tSJljaDK3aGkBod+U07Yc8lz72vaR3SJ0GRRLSDH4leQSN2WoCKJ7NAkFWu5
or8oUQqPuWtj0AYsFUViwgHW5xUkXavR2CFXp9v3bBprI4x6Er8cXLuQxKUGtjkTlcMgxN33DW+H
QIqoVaB8ROkBdbLAkFjwKFeGLRA+IzlccwePKXlKfuqZcfC62kUB4q7/Gu/9qO6zw0mWyROl91WK
gNJszlNZYga0hLYaS31BcoGnYROVZERskz2ZuitTS8CaYlOmt+/aWqpvYVjNVyUi3yUDvaVAoTwx
8aCsiVEpQETtdR0rumUsISPJOXZZotDHhwGoyBqSY6gFwZZeieKOjC4+7cKzQEMA/nWTRGD2olaQ
0bPBPxD494lbl93rirwQ0mmNHZKDCALVnKbxHjS5sk2IGNiwmgomJbhYgwbWcsR12msha7ciR7cY
1bDEpHjCPMocp1aHGA+hZRP5gotK+tNFdlHX4euuFdsMfOgGMirirJbZcqCue43PmXLIIvnKGlVj
xV5rGL+yXldTUNFLy2llXcs35EMvh+RCPZPSfCYeoKp9VmYiZoxzOkPuQF3AVrFMRTGDPfECiMc4
QHNU4ShNcGVHNPl46DUrSnI2/iQoLYAlZDuoSoKLCkLL6+lk3zGsw9CirAb41L6gFh0gYkE12697
mR+Ijj2MquSwaxX36461kKsArO5k8TFlKDoik3FLYhvNOfSoaJx1C8PqJlUEt4iWlBT0ug6iuE5T
r2fhvbW/4zG3EAkYLesYA5TKU7Trklm0W8tclivFEio0Ub5kPMRDo8SzIMczugIZorEs+HXdwWL4
VzFTxK1BfU9OWayjRb1e1V7nGIuFCmkA+BUdWsolHjFWabsqVKsfgtWXMi6oZwbymX2yhILiOklx
GhnzlD+rWTBo02zWFNUZPpb2c8duPaqz0LVxbUl2eQcLXqFNxzI4KxNHUcolQpGM0J1F7w6Kwb9F
NoGHP4rc0npYMJ4x2SsGTCILWIwWKZYjRTqY1xYglC5WKTtZSrKPEzXsg2cS2icVeAlFmCUMEsAm
KrXNZNIcMEVi3UUYIhBbP4z/NtSYwrqxkx5US7BIVrSihThLSkwkFmZbSzEnh2IycUhwIVwS5cly
1DTUtRC6FkRxR9TKQ53txDMd1gHfgBjkOzKDnqVYi2e9utFIaHhXRMpZb2gimhoIHFDxS90s+bJK
a2NUFxj2xRgVIjycTxTDg6Xyagyu6Kj7pC4zxRqrXM7ZVwkPV59EiyXBMl8odeEha826QLQWG5q7
OJu3B2q8rQtezqEyi3lLIeBkA/nNyWbknKNiBCnD5WKxHCZcUJzxbLXAFgGPE8XlvLBYk459j7pP
1vcFCyJi0dksh2ZTLiw1K3dYSJU5FYrr8CfoAwf+cPhhH+ShXjaoVIAx4YbJOpSC59yIGQtB+JoB
ARu2FqUh8zSSl5YplXNHqKBPeV/ZEiQ9cbIohu52OSXgvC06qFAzNJPWKs8uhMflnO4CGMSA+aps
KhaIvDGDLhpUCAEow3wg79Z5Ra4Z0c6qkXqJ1Mo3FVRnkNpEEKtjhUIoNC/v13Pc0bTkta3qMlms
Q7VKSIgUx9d1A2oW4yVOKJbD1EP10udwPYG6056hlub9KU9Fbald6RWtVYZ6WbhMSiXPej1hroAi
YGBDoGpMFTBweRbK+EgUWUncIIJKHRiRbwkwANVNtgxxgE9FyDqx0TShhargoeiii2VaX2ENADQq
Xe3XSpP3wG5xtWef/FMkb0ifu2L552dEKr9m02TJ9tsLwQYWUnkSqQa7fm0kOudNCUvkc5GgC1FL
isYM9JMArSrbtsmX8woa5J8E3zNhUpDJaz3jPnl7ejDeN/7m7tr+rb5r3pq7xt/0v0Us5DLEvsDD
0EKMra88TUZieWXZL2XVI9f7232t9HBMLSBjtewkKg+xbgRaC1f4PqQKyyqvY3JdzOfNQr6IOIAH
MlUoXuEUtcAG9VsGsAVZ3n33VoQaMZUY30FSiUJBQqYtyEDUWsP1ChlfilaQ3ULgK1QfFF5huVyI
mh8kEiRQqK5kyyzGIb9AClTpMotIn5FcCvxQi+RNrN7Z3WG3JcsKeR7xv3dGUCDs7O+4QzzxFu4G
IZRE8zYEXw1lEc07ML6YRryEYNiBqjOB14AqT9vXkTxBurmOk1SeTt1AZuL03eZyDumjfZ2Al123
Ab8UaoOfK3YmLQL5nqs9BAsxID9qw5Zhl+uP8ghp+Vp9/aQI+0UXBPXJog25vDhtXy5Wxb/SDCdT
fxE8vl03cBmeQDmh6bZmaS78+f0JuIQbhvD/vsMc146dyDWYHcZabDhubHlMd9wQjxw2TPI9Hpzc
OjC5mXBFxWtSQ323/WuylD+Ks+VlmgTt0XB5u+jqhCM7hqaZum7glpWLww8dUUV8KljpAwGUdNUJ
4SIris7AywQDwk9nHRn1KIBL7Ei7bAHwJk961rFU63LiZEtjqINMkeB51zjX2XoqarGqTPCQtB1t
KI/5TGZBklE8GVR82wL3GQmU+MkbFIAIaFEgnpCbk8N8tSy5AJgCMIvu6DzpmImQjdkGNceLzypp
jJKcX3/9/1sGpt0=
===END CRASH DUMP===
