PocketMine-MP Crash Dump Tue Aug 4 00:28:08 AKDT 2020

Error: Attempted to create tile pocketmine\tile\Chest in unloaded chunk 107 -172
File: src/pocketmine/level/Level
Line: 2607
Type: InvalidStateException

Code:
[2598] 			throw new LevelException("Invalid Tile world");
[2599] 		}
[2600] 
[2601] 		$chunkX = $tile->getFloorX() >> 4;
[2602] 		$chunkZ = $tile->getFloorZ() >> 4;
[2603] 
[2604] 		if(isset($this->chunks[$hash = ((($chunkX) & 0xFFFFFFFF) << 32) | (( $chunkZ) & 0xFFFFFFFF)])){
[2605] 			$this->chunks[$hash]->addTile($tile);
[2606] 		}else{
[2607] 			throw new \InvalidStateException("Attempted to create tile " . get_class($tile) . " in unloaded chunk $chunkX $chunkZ");
[2608] 		}
[2609] 
[2610] 		$this->tiles[$tile->getId()] = $tile;
[2611] 		$this->clearChunkCache($chunkX, $chunkZ);
[2612] 	}
[2613] 
[2614] 	/**
[2615] 	 * @return void
[2616] 	 * @throws LevelException
[2617] 	 */

Backtrace:
#0 src/pocketmine/tile/Tile(171): pocketmine\level\Level->addTile(object pocketmine\tile\Chest)
#1 src/pocketmine/tile/Spawnable(62): pocketmine\tile\Tile->__construct(object pocketmine\level\Level, object pocketmine\nbt\tag\CompoundTag)
#2 src/pocketmine/tile/Tile(117): pocketmine\tile\Spawnable->__construct(object pocketmine\level\Level, object pocketmine\nbt\tag\CompoundTag)
#3 src/pocketmine/level/format/Chunk(721): pocketmine\tile\Tile::createTile(string[5] Chest, object pocketmine\level\Level, object pocketmine\nbt\tag\CompoundTag)
#4 src/pocketmine/level/Level(2681): pocketmine\level\format\Chunk->initChunk(object pocketmine\level\Level)
#5 src/pocketmine/level/Level(2293): pocketmine\level\Level->loadChunk(integer 107, integer -171, boolean 1)
#6 src/pocketmine/level/Level(2955): pocketmine\level\Level->getChunk(integer 107, integer -171, boolean 1)
#7 src/pocketmine/Player(1052): pocketmine\level\Level->populateChunk(integer 107, integer -171)
#8 src/pocketmine/Player(1851): pocketmine\Player->sendNextChunk()
#9 src/pocketmine/Server(2401): pocketmine\Player->checkNetwork()
#10 src/pocketmine/Server(2154): pocketmine\Server->tick()
#11 src/pocketmine/Server(1994): pocketmine\Server->tickProcessor()
#12 src/pocketmine/Server(1588): pocketmine\Server->start()
#13 src/pocketmine/PocketMine(273): pocketmine\Server->__construct(object BaseClassLoader, object pocketmine\utils\MainLogger, string[36] C:\Users\Administrator\Desktop\ngvs\, string[44] C:\Users\Administrator\Desktop\ngvs\plugins\)
#14 src/pocketmine/PocketMine(304): pocketmine\server()
#15 (11): require(string[91] phar://C:/Users/Administrator/Desktop/ngvs/PocketMine-MP.phar/src/pocketmine/Poc)

PocketMine-MP version: 3.14.2 [Protocol 407]
Git commit: 4fc5b9772ab3a9612abb052dc4233104dcb0ea02
uname -a: Windows NT DESKTOP-FGC3VCR 10.0 build 18363 (Windows 10) AMD64
PHP Version: 7.3.14
Zend version: 3.3.14
OS : WINNT, win
Composer libraries: 
- adhocore/json-comment 0.1.0@8448076039389f558f39ad0553aab87db3f81614
- ocramius/package-versions 1.5.1@1d32342b8c1eb27353c8887c366147b4c2da673c
- pocketmine/binaryutils 0.1.11@e8cb65db1b7998eebb739b124f2a989fe87366eb
- pocketmine/callback-validator 1.0.1@4aef6bb25f97d0b830ba0b4f66834b1a9c86fc9a
- pocketmine/classloader 0.1.0@4ccdb30e48f030bfcad04bb0a208d198ec631993
- pocketmine/log 0.2.0@e59bedb5d4bbeb9a26647cb7c367cb2fa72addfa
- pocketmine/log-pthreads 0.1.0@9bbcef398b01487ab47c234a6a7054722abbe067
- pocketmine/math 0.2.4@b1c28b236df8b795d7b06cf8421f9962b12ac410
- pocketmine/nbt 0.2.14@b31dca98443328c4bab76dc1b84c1473c79be20e
- pocketmine/raklib 0.12.8@9fea763ffc922db083e4528d4acd0b13d0ea83a4
- pocketmine/snooze 0.1.2@88420da3d9335dbcb3ee2decfd5e5453d057dcdf
- pocketmine/spl 0.4.1@ff0579a0be41bbe65d3637607715c0f87728a838
- doctrine/instantiator 1.3.1@f350df0268e904597e3bd9c4685c53e0e333feea
- myclabs/deep-copy 1.9.5@b2c28789e80a97badd14145fda39b545d83ca3ef
- phar-io/manifest 1.0.3@7761fcacf03b4d4f16e7ccb606d4879ca431fcf4
- phar-io/version 2.0.1@45a2ec53a73c70ce41d55cedef9063630abaf1b6
- phpdocumentor/reflection-common 2.1.0@6568f4687e5b41b054365f9ae03fcb1ed5f2069b
- phpdocumentor/reflection-docblock 5.1.0@cd72d394ca794d3466a3b2fc09d5a6c1dc86b47e
- phpdocumentor/type-resolver 1.2.0@30441f2752e493c639526b215ed81d54f369d693
- phpspec/prophecy v1.10.3@451c3cd1418cf640de218914901e51b064abb093
- phpstan/phpstan 0.12.29@9771daaf6b95c6313b908d0bcdee0afcd51f838a
- phpstan/phpstan-phpunit 0.12.11@ab783a8ea634ea23305a8818c4750603e714489b
- phpstan/phpstan-strict-rules 0.12.2@a670a59aff7cf96f75d21b974860ada10e25b2ee
- phpunit/php-code-coverage 8.0.2@ca6647ffddd2add025ab3f21644a441d7c146cdc
- phpunit/php-file-iterator 3.0.2@eba15e538f2bb3fe018b7bbb47d2fe32d404bfd2
- phpunit/php-invoker 3.0.1@62f696ad0d140e0e513e69eaafdebb674d622b4c
- phpunit/php-text-template 2.0.1@0c69cbf965d5317ba33f24a352539f354a25db09
- phpunit/php-timer 5.0.0@b0d089de001ba60ffa3be36b23e1b8150d072238
- phpunit/php-token-stream 4.0.2@e61c593e9734b47ef462340c24fca8d6a57da14e
- phpunit/phpunit 9.2.5@ad7cc5ec3ab2597b329880e30442d9054526023b
- sebastian/code-unit 1.0.3@d650ef9b1fece15ed4d6eaed6e6b469b7b81183a
- sebastian/code-unit-reverse-lookup 2.0.1@c771130f0e8669104a4320b7101a81c2cc2963ef
- sebastian/comparator 4.0.2@266d85ef789da8c41f06af4093c43e9798af2784
- sebastian/diff 4.0.1@3e523c576f29dacecff309f35e4cc5a5c168e78a
- sebastian/environment 5.1.1@16eb0fa43e29c33d7f2117ed23072e26fc5ab34e
- sebastian/exporter 4.0.1@d12fbca85da932d01d941b59e4b71a0d559db091
- sebastian/global-state 4.0.0@bdb1e7c79e592b8c82cb1699be3c8743119b8a72
- sebastian/object-enumerator 4.0.1@15f319d67c49fc55ebcdbffb3377433125588455
- sebastian/object-reflector 2.0.1@14e04b3c25b821cc0702d4837803fe497680b062
- sebastian/recursion-context 4.0.1@a32789e5f0157c10cf216ce6c5136db12a12b847
- sebastian/resource-operations 3.0.1@71421c1745788de4facae1b79af923650bd3ec15
- sebastian/type 2.1.0@bad49207c6f854e7a25cef0ea948ac8ebe3ef9d8
- sebastian/version 3.0.0@0411bde656dce64202b39c2f4473993a9081d39e
- symfony/polyfill-ctype v1.17.1@2edd75b8b35d62fd3eeabba73b26b8f1f60ce13d
- theseer/tokenizer 1.1.3@11336f6f84e16a720dae9d8e6ed5019efa85a0f9
- webmozart/assert 1.9.0@9dc4f203e36f2b486149058bade43c851dd97451
- pocketmine/pocketmine-mp 3.14.2@4fc5b9772ab3a9612abb052dc4233104dcb0ea02

Loaded plugins:
WorldProtect 2.3.7 by aliuly for API(s) 3.0.0
ScoreHud 5.1.1 by JackMD for API(s) 3.0.0
DevTools 1.14.0 by PocketMine Team for API(s) 3.11.3
PECollide 1.0 by saxavlax001 for API(s) 3.0.0
essentialsTP 1.2.2 by  for API(s) 3.0.0
Broadcaster 1.5 by EvolSoft for API(s) 3.0.0
FormAPI 1.3.0 by jojoe77777 for API(s) 3.2.0
KeepInventory 1.0 by KhoaGamingPro for API(s) 3.0.0
DEVirion 1.2.7 by poggit, SOFe for API(s) 3.0.0
InvSee 1.0.0 by BlockHorizons for API(s) 3.0.0
PurePerms 1.4.3 by 64FF00 & ProjectInfinity for API(s) 3.0.0
AutoClearLagg 3.0.0 by Twisted for API(s) 3.0.0
PlayerSelectors 1.0.7 by Ad5001 for API(s) 3.0.0
AlwaysSpawn 2.2.4 by Philip Shilling for API(s) 3.0.0
iProtector 3.1.1 by LDX for API(s) 3.0.0
Slapper 1.6.0 by jojoe77777 for API(s) 3.13.0
NGVS_Stats 1.0.0 by NguyenDongQuy for API(s) 3.0.0
DC_Shuriken 1 by NguyenDongQuy for API(s) 3.0.0
PLMenuUI 1.0.0 by NguyenDongQuy for API(s) 3.0.0
NV_Thay_Gai_16 1 by Nguyen_Dong_Quy_Edit_NQC for API(s) 3.0.0
NGVS_Quest 1 by NguyenDongQuy for API(s) 3.0.0
Am_Sat_Thuat 1 by NguyenDongQuy for API(s) 3.0.0
ClearCache 1 by NguyenDongQuy for API(s) 3.0.0
NV_Thay_Kakashi_1 1 by Nguyen_Dong_Quy for API(s) 3.0.0
AntiServerStop 1.1 by paetti for API(s) 3.1.1
FormImagesFix 0.0.1 by  for API(s) 3.11.4
Dan 1 by NguyenDongQuy for API(s) 3.0.0
Giftcode 1.0.0 by  for API(s) 3.0.0, 4.0.0
NGVS_Rank 1.0.0 by NguyenDongQuy for API(s) 3.0.0
NGVS_GiaToc 1 by Nguyen_Dong_Quy for API(s) 3.0.0
SK_Beta 1 by Nguyen_Dong_Quy_Edit_NQC for API(s) 3.0.0
NV_Kankuro_18 1 by Nguyen_Dong_Quy_Edit_NQC for API(s) 3.0.0
NV_Momochi_Zabuza_4 1 by Nguyen_Dong_Quy for API(s) 3.0.0
ChatAPI 0.4 by UnknownBallin for API(s) 3.0.0
Boss_Quai 2.1 by phuongaz for API(s) 3.0.0
NV_Jiraiya_11 1 by Nguyen_Dong_Quy_NQC for API(s) 3.0.0
NV_Sasori_20 1 by Nguyen_Dong_Quy_Edit_NQC for API(s) 3.0.0
StatsCMD 1 by NguyenDongQuy for API(s) 3.0.0
MapImageEngine 1.1.3 by FaigerSYS for API(s) 3.0.0
NV_Jiraiya_9 1 by Nguyen_Dong_Quy for API(s) 3.0.0
NV_Hokage_Tsunade_12 1 by Nguyen_Dong_Quy for API(s) 3.0.0
NinjaMode 1 by NguyenDongQuy for API(s) 3.0.0
NV_Ong_Tazuna_3 1 by Nguyen_Dong_Quy for API(s) 3.0.0
Tam_Trung_Doan_Thu 1 by Nguyen_Dong_Quy for API(s) 3.0.0
NV_Ino_13 1 by NQC for API(s) 3.0.0
Hoc_Nhan_Thuat 1 by NguyenDongQuya for API(s) 3.0.0
BloodFX 1.0.2 by Vale914 for API(s) 3.0.0
DanhViThu 1 by NguyenDongQuy for API(s) 3.0.0
SkinShop 1 by phuongaz for API(s) 3.0.0
Bat_Quai_Khong_Chuong 1 by NguyenDongQuy for API(s) 3.0.0
NGVS_Kit 0.4 by UnknownBallin for API(s) 3.0.0
SK_Qua_Nap 1 by Nguyen_Dong_Quy_Edit_NQC for API(s) 3.0.0
NV_Chiyo_22 1 by Nguyen_Dong_Quy_Edit_NQC for API(s) 3.0.0
NV_Gaara_21 1 by Nguyen_Dong_Quy_Edit_NQC for API(s) 3.0.0
SlapperRotation 1.2.1 by jojoe77777 for API(s) 3.0.0
NGVS_Mana 1.0.0 by NguyenDongQuy for API(s) 3.0.0
PackGift 1 by NguyenDongQuy for API(s) 3.0.0
BedrockClans 2 by Wertzui123 for API(s) 3.0.0
BanManhViThu 1 by NguyenDongQuy for API(s) 3.0.0
Luan_Thuat_Tam_Phap 1 by NguyenDongQuy for API(s) 3.0.0
NGVS_Loa 1.0.0 by NguyenDongQuy for API(s) 3.0.0
Hoi_Thien 1.2 by LonMongManh69 for API(s) 3.0.0
Sharingan 1 by NguyenDongQuy for API(s) 3.0.0
Moc_Dinh_Bich 1.2 by LonMongManh69 for API(s) 3.0.0
NV_Naruto_Tre_6 1 by Nguyen_Dong_Quy for API(s) 3.0.0
NV_Shikamaru_14 1 by Nguyen_Dong_Quy_Edit_NQC for API(s) 3.0.0
CmdSnooper 1.0.0 by HotshotHD for API(s) 3.1.1
CustomAlerts 2.1 by EvolSoft for API(s) 3.0.0
NV_Chiyo_19 1 by Nguyen_Dong_Quy_Edit_NQC for API(s) 3.0.0
SK_Phuc_Loi 1 by Nguyen_Dong_Quy_Edit_NQC for API(s) 3.0.0
Thuy_Lao_Thuat 1 by NguyenDongQuy for API(s) 3.0.0
TapToDo 2.3.0 by georgianYT for API(s) 3.0.0, 3.0.0-ALPHA8, 3.0.0-ALPHA9, 3.0.0-ALPHA10, 3.0.0-ALPHA11, 3.0.0-APLHA12
MIE_Protector 1.0.4 by FaigerSYS for API(s) 3.0.0, 4.0.0
KhoiDauWorld 0.4 by NguyenDongQuy for API(s) 3.0.0
HTHONGKIT 1.0.0 by NguyenDongQuy for API(s) 3.0.0
NV_Thay_Kakashi_10 1 by Nguyen_Dong_Quy for API(s) 3.0.0
NV_Choji_15 1 by Nguyen_Dong_Quy_Edit_NQC for API(s) 3.0.0
DDao_Thuat_Tam_Phap 1 by NguyenDongQuy for API(s) 3.0.0
NGVS_Level 1 by NguyenDongQuy for API(s) 3.0.0
Nap_QidaCoin 1 by NguyenDongQuy for API(s) 3.0.0
DanhViThuUI 1.0.0 by  for API(s) 3.0.0, 4.0.0
NV_Sakura_17 1 by Nguyen_Dong_Quy_Edit_NQC for API(s) 3.0.0
Byakugan 1 by NguyenDongQuy for API(s) 3.0.0
Warp 1.0.0 by  for API(s) 3.0.0, 4.0.0
NGVS_LayHang 1.0.0 by NguyenDongQuy for API(s) 3.0.0
Skill_TheThan 1 by NguyenDongQuy for API(s) 3.0.0
NV_Hokage_Tsunade_2 1 by Nguyen_Dong_Quy for API(s) 3.0.0
Tang_Sinh_Chi_Thuat 1 by Nguyen_Dong_Quy for API(s) 3.0.0
TimeCommander 2.2 by Zeao for API(s) 3.0.0
NGVS_Xu 1 by Nguyen_Dong_Quy for API(s) 3.0.0
HuongDan 1.0.0 by Phan Hoàng Kha for API(s) 3.0.0
DoiVang 1 by Nguyen_Dong_Quy for API(s) 3.0.0
Shop-NGSC 1 by NguyenDongQuy for API(s) 3.0.0
NV_Haku_5 1 by Nguyen_Dong_Quy for API(s) 3.0.0
Dich_Chuyen_Chi_Thuat 1 by NguyenDongQuy for API(s) 3.0.0
Bat_Quai_Tu_Chuong 1 by NguyenDongQuy for API(s) 3.0.0
Thuy_Long_Dan_Thuat 1 by Nguyen_Dong_Quy for API(s) 3.0.0
NV_Thay_Iruka_8 1 by Nguyen_Dong_Quy for API(s) 3.0.0
ManyWorlds 2.2.0 by aliuly for API(s) 3.0.0
NV_Neji_Tre_7 1 by Nguyen_Dong_Quy for API(s) 3.0.0
Nien_Ha_Hoa_Don 1 by NguyenDongQuy for API(s) 3.0.0
NGVS_DCK 1 by Nguyen_Dong_Quy_edit_NQC for API(s) 3.0.0
NGVS_Khoe 1.0.0 by NguyenDongQuy for API(s) 3.0.0
NGVS_QidaCoin 1 by Nguyen_Dong_Quy for API(s) 3.0.0
NTUi 1 by Nguyen_Dong_Quy for API(s) 3.0.0
NGVS_Vang 1 by Nguyen_Dong_Quy for API(s) 3.0.0
MenuVT 1.0.0 by NguyenDongQuy for API(s) 3.0.0
MagicWE2 5.7.1 by XenialDan for API(s) 3.0.0
HubLobbySpawn 1 by LousWiteMC for API(s) 3.0.0
FlyText 1 by Nguyen_Dong_Quy for API(s) 3.0.0
NGVS_Bac 1 by Nguyen_Dong_Quy for API(s) 3.0.0
DBTT 1.2 by LonMongManh69 for API(s) 3.0.0

----------------------REPORT THE DATA BELOW THIS LINE-----------------------

===BEGIN CRASH DUMP===
eNrtfYtT20i297+iYqbuJlvY6P1gb6ZCgAQujzDBSWZ3PeVqSS1bgy159QCc/eZ//36nW7Il4RCc
YeFW3ZndCuhIOn3eLwn1v7eiNJuxYnTNszxOk61dY3uriGd8a1ezPNvSPdt1t7emLC8OsyzNtnb/
vVUs5ji9dZxcs2kcXhas4Ie3AZ8XdP/21oznORvTFXtFwWfzgodKkSpBxnGhUsRTrszT4IoXszjh
wyEBhsP9Cc8LJU6UMpmmLMQtwaRMrhRNdZSe5ujAG5XT6VtcDMTzCct2d3b2d3c+5qB7Zy8Erjgv
Mlak2c4Bz6+KdL6TjK/znQux1BmW6p1d9OnGnTwLdlYU7Ez5NZ/unNK/OD+nleQqX78O10wB2trV
bdWBvDIW4OCfWz+oSucm4m5ngH9eaI72crfFuUA4HAqMvZ9YGIrrUv83HhRfE9FLLP2DtnaVyzm7
SZgPFLbeWUkiIPS9n0ajIE0gqjIo1q3VJGpbWXNB4hdAyMYgKJ3N0zIJB2wsyNLvYV5z1pK0pPk/
SZehrNWkNPydfbKzF46ufVVmu7vSdgUnoDBOxv+0flWEPtaS8gdoNZWvW90L3Xa/YkOSF7IRMNP7
Cc5QSL6+QZ1Y07p3Td0z7rVbcle5VpwUfMwz8tltpT6A82rbip+mU84SRRML2vcu6FnWvQuOebHh
ek53vYspW/DshaZa+r1LzdN5OYXmv7GeWMT92iKu1VWaPNP7KedJeM5vK3YEFq+L5ZJnCM0vdFP9
GpZgwoOrc17cpFmFRFO/hkWzzA4Weab3UxEH9d3aV+7WPO++uy+yNEDoT7MKjf41NJbrfgVNXrCs
qG6/47WrSP5Cd4yvYFgTRd6wnO8jgeWnlFiytQ5Zwtvz4fCMxclpOh7TVZWjGzY8fXc4FIlmOGxl
muGwSjXwaOSa4XB5l2lucNd8Wo7jBL9Ixs17GDfUrgZyKVR5q6Ug0uKCjP+rjLNlsPK0X5VHTZm4
4uXWr79vb/Hnrgk2ytQgWMp6FCfX6fSaz3hS4PYkxRXbW0EacuJFtzwX0GFB/ysmWXqjJPxGEfiW
TL0Y1swqlBcUeN80HG69/BsQAYFXIfidDm1VxaH8TatO/Ch4+UV5pfxYiLyMsPZ2mqbZLy9eKj/9
pJh/k9frrev/cff6f7SvN5YrmdWdcfQiznNevPixmMQ5xQsgyv/544TlE6B78eJFRctL5b8U9fZt
9d9L5b//WzH0l8r/wyVKtXznkl9fvvy3XMxaCmzNKr+uqhtB/MuKVrsWEp/mvELkrJH8cLjWrqCC
r1rTcEvpKxDRKCDPr5YFCPC7BlXromKy1qKtum0terVsNbXWimSWsIPXpWKOwxcvf61VJXFpWvuW
APkpE4F/nyGC1zrYXkq6uk3qXxKgLZWrSeXu/PWv8lCKX/mr8jrjRZklynUah/KUvTwlBJp37Fhe
5FQX7Wz9/mc5+2c5+2c5+2c5+2c5+2c5+3+qnN3eGvOEZ2xKNWDCaAS21boXNPkQ/mpUtmX0NbNP
dahfxtNwa1dzNW17K85HIb/e2o0YyhqUnFlapEEKtCYNi8YxlZxmFFi+5zg68w3mIc0z34f7hoGp
G4ammmHgq5yphLusaPkcJyHl7/OBcnB4eTJ4f9F7+27f+LT/AS7cVxVBg6K5hm0oL+qLNfWlsnd2
YJtARMOt3S2nT1Tj8AvcVfBQHeP0KM1poePz8wEA4uAmTkRpjLgOQY+msZ+xLOY5CYmFEzCW8Z3f
8jTp4Zqqnlb7Wl997ZqmqzqoSD3D9SLLciPDY6FqWQZjvuuEvhG5mi2WToOMzeIy35mz4Ap9Qq8S
MRGg9a2+9loLDd0wdd8NNO7DXywjcF3XCQwbGBzfDPSQ2Y4REB8rxfpxwrKF8IaKLE17zd3At63Q
13zH81zOfd8xPF/TzUhnHijlrgOs3G+jCth06oO6nihEycoEbcD52mQ8sn1ftyLPCVXfNVSfqb4Z
2bZrmL7GvMC1o8BjHYTkw6IMzZYiM4MAYlG56UYqsEQB5GXCMJiuuqEGYgPbQNgy2pim6Vhg0IGB
W57PQ98KcRv3PabbtukEPgkKP/SIweLCMGJ3MPTmKA85C/MlMZ7vBxw6c31VM12H+UAEHTCbOapl
OjqZLFdtp40KeXtSUWO+9rVAd33dsMPIhbSt0PFVO4hcU9ciz7N1SJ0FJqrpFgqUExUGDSgMLQyg
F9M0DN0NTJ/5jh0Gmu+aATRvBA4Y1lXeRpGxK1iqZEXvu6+hVebYRgQ16Hroq67BTUt3Q5MF0Jhm
hHA212BmG0uepOkXXglEf+2CbjVkRugZBuwn8A3O9ZAHUWhxy7SAxHLCIIw6SOZTgcGEpUQRLvFg
HNzUIDxYIZwVLuI4mhWokYt44IIOFxjCNKBox3cQSguWFPHS5AxCZFhqGKmooLinmpbncMMPvcC0
XSuwDK5ywzAizknNswUszc93Qs7n8NH5QiDx+tZrX4d2HNfjrso8x4ddaKZmWhFY9HwwFLpGwAwu
+EHU7MUptJvEEerEyvaN145jazDTAPbqm6EZaTZ3AviXaoewGS9gpoHzkdnAsQqfunQfi+kcVDNS
phpANKFlBTzkkafakI/KfBZpvi1DFORSUphBlM94NEXmi6vYU6Ek07Ut240gDIdbPiQNczVseCfj
qhEFvsZDK9JV2/PvQwmoP4UagdQSSIPQ0UPDMwPmeGZomLbNDHhUoHqhxewAZura8BF+BynNRnoZ
z2niIFVInorcZ2qR7lg6Nz0Dju1Zuu2jpOGhCwmYkWF7oS19fTLP5xwpK0vnqI5Ig9cIZSR/09IC
IyDFuUFkm2rIdc31NNNTNW6Bc9ukxLLEAkvaqX7WzqF7r5GHtJAxBDHPoghj+B7ijeoHsBmVRUFo
aRGskt1F0sPPMomLGhnCK/wTnuRyZhsmZ8hmqsVcF+SZjqUiG3BHQ2KoZd9CRvk9KHpZOeX5krzX
iOsqszwWRU4QeXbkWKGuIXearq2ykGkq1y1f55XciRpC2KNpDv6ByOXgyYWx6a8DRgExisIwpECo
6hYScKRrtmky6CN0EFTsIAw6yGjO1IsLnlVeaAhk3GdQl2W4ke4DC1c1RDnfhxGEesQNPTQRvaNQ
7yCj4dMVr9For209sj0boR5qVOG7lmZw2+NQSIjkZDtmaOs6UlwHTYFSu0fjDyrpl96kBrYX+JCT
FVqGBq9GINBNZli6ZXgIGybTEbtUr4ssngmKLCBRX/tqqLpeyFVV85mtRhEsnRuwToMj8GqIPSri
v4hTLSRgS2iRsxnVOFJIthZYnsE9B8kQ7gG/RBZRA+TbgLmhzRA0mWZ21FcZlQdXsV4zqCWweGAw
JFlEKkP3XBcxDh6khx6826JBmUEmlUMnOYJlsiP0X6GRsSq0LRVBxdciHnDyMwiWM45/4LeIBg5Y
Q/nE1qOBB1Pk4r1pml6V86XAAziPZqiRyl3b9lC6IeTpqu9oqsZc5L8g0D1bRtEm1tmc1cYk5YRM
HboWjxCQQwZv0SLVZpEJ3w1Mkp7nMkQL12zhCeMoqjBorw1u6UZgOXakA0WAxBQZKumco66wmBVo
SBeO2+aPJ9dxliZV5UaRDsUWqh81Ah9c9wLDCB04iObwUDegdq6jmCGvESprILqdp1nBsyU5oaZH
PlRshcyDL6ha6CEWWx43IRymIsh7ZIhaC8t4mvpsChuSNm1Kc0SxhrTieKhuqAR0dQRx20PiRxXo
IMNonu8yMRBeYZJtUY8nCMNNSYM9K0IVFaIgMj2wYnEEOj+KfMNwgMzQdNSqrmlZ69BVCUJgk/qH
6cLLjQBByNW1IFAdFY7vGo6LZIPQ7tiuijjcJi7jQSmyICJUQo68JI4ZOqVkK1I1C8FIDSg4BdwO
EBXskAomDSIwnQ66PC2zgPfSOfFaVc4yuiDcgizNMS3HdUNuRixgnGpfFnmozCzVDw0eaG1uq3G+
zKaoDExPV53AjlzL5A4iCApDVEye6bLA5VAD3Cp0WxiaTRLpUDU1zQ9R8qB44zYKKd03vECPTNRw
qGgZMg5qfE/Y1GIWpckCHdp0gcA77QUVOZT0HLCk8zB0IG4fZRiCJ+jnyHKoH3xkUDfSIhtlBIo6
4ComPOccOZhCU/ylyr8ool7DaQ07Aksm11DSUmXHwQS3UR2omscjWC5TIwqUN9yfpV/Qy++gZOdZ
UVVQKJHRr6GSMBAbkQKQkCjxWi4Exk2YpqWFIfKUpbUrwtWvvdl82UW+fnBL+PvyOYbowj7Tk4cL
NJmwy0br2gJvbzWrLqNP5sPKYpJmOQ160dKU0wW1wGweE0DojI65GGeiTyyyEr1syOfoGukenMvT
qDhoAmYspgUktuFQPBKZSwrkMIKexqDjwTWXg70Pg48XUrh5LJx9UhTzHE09OuRJ6fcRI3fO0PdH
MZ+GTaFVvO8gz1C/kSPo7LS4hXwuqS89KsOGQJagpjBEwGsL43/Q5Z0dPJYwJLbhsF599dtKGBfv
Lwef3384PWiJg9g44NeDNJ3mDTaWoCYbGpmQ2uZjNbtQBpSQmwxp8IDv5agmgAY/S1I2U+uKtJ0l
DnB7cbifTtFd8+YEZglr89thNme37HrKblGxPJbmGiiHQ5TfkoyHGDLxwhEpqGub5oOLBjstcJsj
XUySVjw9EhvNFYfDzvrfNMA3Ga4IhI81uGhC20xYbbUcXqfTSxD2WDppLDwctql4gAXe3Nz0OSgi
7P3iivh7m2azvYvjBm81pM2X0TW439LfUu7Qfy3e9O/nbYVxOKyIWP7yEFWdoME/Tq5Fz7loMNSG
3+tFJ5OUvWMIsmOE0sfSWQvpcNgip+tN90TCw09xJsheRcIa1PWjTnabp2MauiIpvH/LH4sriXQ4
vBYkDIchr39rkPWNGAExXPJmsKsAHR11tfSGxhJHaRZ/oTrvsTyriVQ8cAclw6F8yPAQBV2UGb/g
2ayZq1awNktm32izZJtv36qq8l8KTITq7OMkood+j1aSjOQCw+GSosav3+JuXQKje6syZIUHUtgr
i3SfHu2fsvG4IYk2vCkN466CBzcxglr4WMwXEt1wiCVS8d7BFEQMh12aNhVCReZevpiWs7P9nTY+
MgnxSO+Sy46pZRidM12L73jwHkryx0vsElv9xHFJxMNj0d70hi1y8bC/qeIGtF1v632zU5pN4mk8
Vy7xY4q4+GgxSaDNK6zQt6AoJ4ruevLXglJcVdFpM+E3gG3bvVM9nx788ljsANVwuFr5YfpZY6fA
0zvbvzjcaXBBLcKUzeetsqaGtK3RfmDq14w/UGvKlb+bxRVJOzUT4PD83afLEb0z1XS9BvAbeeZ8
XC54cpAm45/LR4vEtPxwuCJigwpgf3Q5KbMYjXyzCGhAW/w8AS+XH06Q7vcflB1Pz3hSfmwWmkvQ
c6jh7PzjwyV//mk0mLDF6B2LR/Q+2cqW2ie+Kf8RcTECG6PDMC5G5z/vP5pZfdLsDRgi8/u5FA+y
2o4hgU9tSAdHGySf2eiSFZB7yZrUt8BPTf/e5WA4vLxC3nkIB6JGEG89NuhvAJ+a+v3TzV3hhF0x
JNqRtsYbVuce7hCP5wcbWFJSxPJFo8sinTdtqX2iM2jqNFeMF0XcToR97bsNqbXyw1mhNvl4xsY8
fxvfdpr5FbzJiErD8a/OWzT0KN/Lw6z8V06dIb3EGIu1o/h2gzTHWumNPX1aw5oPJ/ddHBX1i/MV
zUvQ/YmtS+22fNrzvVQPWDJIiXJafj+9O6n7Rjr4wJKrbjYQsOdIz/tvNqT+XcwGadClv4I+fRh6
N3g4/Zcnoze8YM06vII8Yz3xZrBRTjiBoZRZOtLcdj5owJ+3OHI3YucsnaUBMtg/mF9+YSOzzdSd
s8+R5syHM7Q/YUV7xltD2gmh06R/TK6S9CZ5w6ibfjTHnsj32llxzq8ezsKbNM8hPxY3h/BLWHva
0E3QkxLCZ18eb8gg8dH8KGNExHBI/z7QtP4nzli8YCOtUzk14Bt4yuM6ibaRk1yyPM3ika62GVmB
n9XjdXWDCEyN+P7ZQTME16An76mrhR9O/RmbixLvMBmLv/Rb8tA50SljuyPotyweo+z8++VjcbJE
SKw0Kekeb+g53nrH8Z4lDHsbucxRSm93jwZ5mbCQj+iP25qs3D39HCxp+gY8xclv7Kxd/q5gT+07
52cbaeM9JDdgXyDskdFWROvMc+jAeDgjAzYbDbISFByg/KcBSIOXNSefnp3B4GCT8Qjkf5ygZOzo
pILdR/6jJsMNVHCUBqPziZRvayjVOfFQf2CPxcbRBlX8m2mahm9/aRZYFaTbALZf09j6xKbc08zH
orlCh6JKLr/R5GDyKW47wAr25FOET5v0gFdxcjlpDaGWoHsI/8/VtrS6/PdBtsMKUYmPTiYUO/YF
mqYlrT3/1Bp58/PJ/iZxiCYIJ/GdEflJXDxD43Syt9FEAdIenbN5e6hQA5+xMP/5fKMUvT+JF+lI
79RJS+jzdhj6Rqy8YyxjI73T9i2hz8vKBp1f9Xz1Q1qIF63vPj5enum+lqQ96DHyH+md2gRsOEI8
Ywnr+rqAPfNjYqLh4axcsOCKJsDNB6016KkD7sW7/Q3qDx5maXC1P2VJ83F9C9wa9LQZ+Myz4ksZ
a7rxWNSvMKIWaVDx3S8prBDutLgSCTQ5W1O9tMBPni7PNqlgTsu6zB1R03ExaSWfdWefmp/TAb0A
vFn6P03vhAQCPUdEOH2/J96IfXhTEkPicetlkRWsE5s77zClyRmIJ9OzvcfsRTrC/9orWJcTRh86
aD0IXMGefCJ3tPfh+Pzd3rmu0lDxwQZ0hubvIE4mozdxMGmO5Vrwp1fE2cGbB2sCFco5y8oiHQ0y
Puq8+tI68xxTEnuzefUkvmIz0DzSOg90Wmee9znVJo91ZuFlkqbtV/gawG8EqaO0yCdpcXTwWO8u
BLMwl0sPhy0yvs1JmRfpbG+K/NhM/S3wvc94HvvPLJorg5k2Hd/3hxbLtkXz1jUzmvfMhudt1F5e
TMoAmTBu95dL6DOycrHBy0woSBajU5bemdt1Tjx1xhmcbjIvHbD5ID1IW1NfCen+1WMnAox5mo1j
lvx9sHX3XRTxs7d3enG057YPvfah1rlaPMCsji9Ocax/93v7bF6kYTocrvj5dtI9Phyte4G7De+G
RvOhj8L+4Ds6zUdiTYI6hw/6a6dJGh+wUvzdZ/OPnZrge6dU/xHLPdngueXR4Oj9+buT40GzQF3C
nqPEPhqc/IE3IdX7XoVUn+dRnrrhtC39DbRa3QRVQZ83QVkbPAg4qEP3ul503dknfzhw8D3NqPig
b7cdrb7y+8S9tPyu4oNti81HP8ch20/jZk/XAj/5w2IklQn/jqdLrT9iaEKf9HXPvU+DDd/WuSoz
NqIv3bbf1qnBz+vdzgaDwgVobg8HlqAnn5H9fe/k4+ajgc8sa0Ykcfik1nOwv+Fw/JQtjljrmV4L
/CwDsaONnq9Opwj6HFk5aT9kbcCfvM6X6/6RV4juf4PoeV4g0jd5eQWLX9IwDG3w3TZszdlneH3l
cn+jdiye8f10NmNJ2JrMtOGdP5BtM/IPztJH/SPS1tp//O9I26zUIeKXshsdfnmOt42OBhu8MnJE
LyK0/+JkCfpGTEPdmChH6bBUVa4mY+Vk8niv7VQkbFCcpPGndniuIU+vgIMN/gSLXnDpnb+73G9N
+mvY00/6NwvFKDpGnWapgj1H2N2kQYoDiqmCkHWBd/35J2+S9jcKvMuXjAblPW8grU4+/etHg01e
P5IzSLKSgzVvFq47+wyp8XTTNzvFVOQ4K6/YyF0zL6nPPIf/uJu8cp8sxIgtb71uvwR2P3+hPsXn
5pCOF+KTc/lGUeyc/xaLZ3idzrABfw5tOJu8hA4KjhiKX0aEtF5Fb5958hnD0dHBplOeg/2Tbh1F
oA3ac/7I7TmW37BbPJmk/M5rkwR7jj7x5HjTDyOsmVS14E/vDz9v1LAPPjYfzInDpyf5+O3lhnL/
tGbA8Ew17NFggyKWPmPyqfkUowI8h7FfbjIWPGPjOPh8qLeSWAVqfyTU6T5x/4UnMZtSm/RIhN8K
hKFseiQND/9m01Hpn6a+v+h+kqoNv8eMTtMy/wx8Z48WNFcYh8MuGd/+nMN0MRAfRV59yKGCPL0r
XNBDsWr5DR36DbvzF/kEeg533uB7AgdvBk1nFodP/5YWLfvA17Toc8gsA7UF7375tt7xB3f0epKM
Hkty8b0SudVQnzZV4FkhtrTZ+uFieaTsp0kUjxX69P8wGyY/gEdlb54puqNo9q7p7Rqq8vn4jSJm
37hgilBdsjF/xZMxHc/SInzVIkWRnzahk3LxHn0y/ZXmaYZOwJsJWOpN47x4lUYRQViSpGUS0DeP
xe5YLJjEXO5bmb9KE4GJnKpXfWYZGnql2WJ1dlvdlL+yBH1jSGiWhvyVOIpS+l74ElatB1GF9Hni
+nh+Pa+WoS/Nx0E5LRavBK1yr6QizXo5fQAmGeevhBDETmNkOq9O0iSdsBUw5zxsXEPf9H51cPh2
7+PpgKCVdv5V8mxRrVmBsgBcVQTR7/05y3NU+uGrv4r/IKaySHs5u+bVjdcxv+mFMW0qEfBXLoFu
/fS2R0ZbY2p9k7u/mNEuLT8o5CRKIDRfyi+pCwNQIC6lpUsYhDKgj4srNf8Ky7hSTLiSJrCeYsIK
JSD9FYrPlTgJpiXtOAn0dwyPcF2mM9wZKcVdnDmL+LaS4kyWE0rFzzi7UhZpmVW4lDhSoMY4isUK
0GAGY0BTBMTn/GaJbifkEYMOc+UmTf5SKPTnAixTSHwzMEt7HC2IQtqiUvJ9M+GJUs7HGQuBoD9M
yHQlst1hoig/fJ5wIoz236T93xSgqHYNgwwy+BrtThHK04LUaYplwCp+44WQF306NeDKhCXhVEhw
RpilgdZOtauI3bToRD4pizCFzVebyu4qw63zybDUOPMT5V0sfjMg0GSs7E/EoR8lyhsJT5VBJmaW
gXImfmoLXEXnuDPcEiztTafpjUJuCC6U6mvjynXMlJ/JOOkaYaX1h8h3FYpr4tbLCe5kZEB5Cl4q
CqUUWYVKKXPYB4IgdCRks3dxjCsRTtG5AsnqDG2D5ac5byxwKFyixgSJKeSuCmwJ6iJy/YVSKZmu
rzxoebohxh8+I7TCVqFxFoZKxnNpGEQq7X8HklheZiLWKDAHn5NUoDb+r5JNSaHj+BrXXrNpyZUX
1aKIhi8Ju1yRtr2hENeDQdA2dLs4LdY+L2c+bAH2vpcvkmDA8ivaQfcKFt4XF3zMIRhyuppTumyS
IaSUsCtcnm/LLXeVKhDBU7cV2lYDjFCiErJBliDYrExg23SJRH4pDA88wf6z9DaG7XOIASwJn0qW
xJFsK4KOI/Iiuoa8ZVuJi79AfEUmbgs5BV9hzJ2blRfgAQpXdCEWwUav4nRXoOp6ERPWl5VJQuoM
KVamc6EEscFb3lcO+HX1uzKLxxOEmYzlk+1mWKgskySSZeW8kFApMBLMDLRVfAnlwuDE7m2hdFVG
28eC7PUUkI2QzaUQNKyr3zA0XNyTFy0tDakIKSZbyHDxTuzvoVDWVyQcjjaLxTbPMz5m/qKAxJVL
KWpVCDfOCbe4fUBau4mF5IVFIZzc9CSi2shywWEUg0TESk5fmiY0UcZ5vaQ0cmirFO45TqEo2ilI
WAUtVG1DIkjbVVTiAquL5CC3SftfzwGVUffRT5n+j9GfF+lckFAF9iVJFbpcQfigVM3DJUG0ak2V
pupmRZgIAp+FV1T05X95BAqFXwiSKGIoQYm0mCAtKvyWB6WI7qkkWXokpdHl1fw2QMGSrziSgev9
4HBXGRwdXyqnx2fHAwTvi9Pjw0vl4vCDgnr65PDDtoKLlMF7XHWofD56f3qoXHx4v394ednvhoCW
PHTLrsRxwbM4FaUCBeJc7G1Nu6LW0lgGWw2yR64JRWwRl/QQCrkMswIViljwiQANayJ+v2Zs0shQ
gFJqTuiyajGBWSJB6F0FcpmRxBrvKYdQBSJu6N+9mmyh6gGgtjkPqFCRkiVypV7lvUseYF58nq9Y
RbEtec1friep4tyoOB+zzKedJGnbBlkYiwC0XrrC1Yic6i6luguxe8aSUpRFTUpQMpawwZfbdU7o
GmFthjK9RhFwSX5nKxfsK+9lzJcGj7omLafhkpYYSeQmUVb05xLxXJAPRm1VrXjFam9FsLiTJIXp
SAxL3qIsndXJVt5dXdFrmmZTw8RNpck7tqGsMamWdVzWpSypLEvFp6lrQw7L2VzWfbK4VKoTPTpR
6+uALqpuELQLMmsOcIQ0D2dnawSMpI3EhxWuYWR5XnIKDMUEWhvXdTAFLVptRdV2rUhZI1Tlbl9S
Q5d+VU7Uc8l972va99mcoPGsnCHH0usCSt2WkCIV2aFJKlZyJX+pRCk85q6NoQ2YVxSJBXtUn5dI
uuZSYwdptbt9x6apNqKoJ/HLi2sXkriqC5ucicqhF9DnWZe8HYAUUaugfCTpgTpZYEgstJUrpxaI
7pEcrrjDbZU8JT/1ynTxqtolAdJnYWu896O6zw6HSSJ3lN6tUgRKs0k6lSWmzwq01VTqC5Jz2g1b
qZKMiG2yJ6vOytTi82WxKdPbD00t1acorGaLgpBvKz2toUChPLFwr6iJqVKAiNqrOlZ0y1RChpJz
6rJEoU83A1iR1VeOUAvCll6J4k7Zv/i4jXtBgw//uolDmL2oFWT0XOLvCfy7ilOX3auKPBfSaVzb
V/ZCBKoJm0Y7aHJlmxBy2HC1FBZVaFRDBtZwxFXaayBrtiKHtxTVqMRktMM8yZyWrjYx7qNlE/ki
FZX0x4vkoq7DV10rtRl00w0yKuEs58m8Vx13Gp+zyiHz+Atfqpoq9lrDtEVOXU2hopeW08i6pqfL
m172lYvqninLxuIGVrXPlZmIFaOMjYk7qAts5fOpKGaoJ56BeIoDLCMV7k9jmuyIJp82veZ5oZwN
PgpKc7BEbPtlodBQQWh5tZzsO/p1GJoVZY/u2hXUkgOE3C/Hu3Uv85OiUQ9TVXLUtYrzdceayykA
rztZuq0yFI2Qybglse1PUvSoZJx1C8PrJlUEt5AVTMnZdR1EaU5Tz7Po3MrfaZtbRALOijrGgFK5
i3ZdMot2a57JciWfo0IT5UuSBrShgrgXcjxjC8iQjGWWXtcdLIX/KmaKuNWrz8kl81W0qOdVzTnH
QAwqpAHQl31ZIUc84tpK22VetfoBrL6QcaG6pyfv2VXmKCiu4yktI2Ne5c/VKhS0WTJeFtUJ3Tbt
5o7t+qrWoGvtbEl2eXuztCSbjmRwrkycRClHhCIZkTuL3h2Kod9FNsHNH0RuadwsGE+47BV9LpH5
PCKLFONIkQ4mtQUIpYspZStLSfZpoSX78EyFdUkFL4EIswpHAlhHpbqeTJYBUyjmLsIQQWx9M/1c
UmMI66ZOulfOYZE8b0QLsV+KWEgMZhujmOMDsZjYJDgXLkny5BlpGnUtQtdMqbhTqslDne3EPS3W
ga+n6MoPyhg9S74Sz2q6sZRQ/66IKme9YbFoahA4UPFL3czTeTmtjbE6oLAvrqlChEvriWK4N6+8
moIrOequUpeZYsYqxzm7VcKj6ZNosSRY5otKXbQByXIuEK7ERuYu9ubtgJbe1gbPJ6jMorShEDhZ
T76cubxykpJiBCn9+Ww278epoDhJk8WMWgTaTpTGeUG+Ip36nuq8sjovWBARi43HGZpNOVhaTu6o
kCoyJhTX4k/QBwd+f/B+F/KoHjZUqYBiwg2XdSiD59yIFXNB+IoBAes3htLIPEvJS8uUyrkjVOhT
nq9sCUlP7CxKobtZTgl42hQdKtSEzKQx5dlGeJxP2DbAEAPlq2JZsSDyRhxdNFSIAJRQPpBn67wi
Z0asNTWqHh018k2J6gypTQSxOlZUCIXm5fl6jTualrw2VV3Es1WorhISIaXr67qBNEvxkhYU47Dq
pnr02V8tUJ1prlBL8/6UV0VtqV3pFY0pQz0WLuKikmc9T5hUQBEwqCGoaswqYNB4FmV8KIqsOFoi
QqUORuRTAgpAdZMtQxzwVRGyTmxsGrO8quBRdLHZfFofUQ0AGitd7dZKk+dgtzTt2VX+KZI30ue2
GP/8SkjlO1fLLNl8eiHYoEIqi8Oqwa4fG4nOeV3CEvlcJOhc1JKiMYN+YtBaZdsm+XJdQYP8VaHn
TJQUZPJarbirvD3dG+zqf3O2Le9W2zZujW39b9rfQh6kMsS+oB1FA4qtr1xVRmJ5ZFovZdUj5/3N
vlZ6OKUWyLgaO4nKQ8yNoLVgQc9DyqAoszom18V8thzki4gDPMhUgXiEk9cC69VPGWALsrz74a0I
NWIpcX0LSSkKBQkZNSA9UWv1VxOydC5aQX6LwJdXfVBwReVyLmp+SMSPUaguZMssriN+QQqqdJlF
pM9ILgV+1CLZMlZvbW/x24InudyP+N9b+ygQtna3nD7teIuzfoCSaNKE0KOhJGRZC5bORmFaIBi2
oNWewCtAmU2bx6HcQXp5HMVTuTv1EjIWu+8uDydIH83jGF523QT8llfPvx3xKsvMl8+5mpdQIQby
wyZsHrS5/iC3kJYP01d3irCft0GoT2ZNyOXFafNwtsj/NU1oseo3hbZv13QawysoJ1TNUk3Vwa8/
HsMlnCDA/z2b244V2aGjcyuI1Ei3nch0uWY7AW05rBvKj7RxcmPD5OWCCyYek+rVn4x/iefyW8qW
PJzGfvNqHN7O2jpJiR1dVQ1N0+nv6C8O3rdEFaYjwUoXCFDcVifCRZLnrQsvYwoIv5y1ZNShAIfU
kbbZAvAmizvWMa/mcmKbM72vQaZE8KRtnKtsPRK1WFnEtFvvltqXm2vGYz9OGO3HKT4uQm9OCJT0
PTgSgAhooS/ukJ/1CLLFvEgFwBCAcXhH53HLTIRsjCZoub34uJTGKMn5/ff/D8EVpuM=
===END CRASH DUMP===
