PocketMine-MP Crash Dump Tue Aug 4 05:24:33 AKDT 2020

Error: Attempted to create tile pocketmine\tile\Chest in unloaded chunk 107 -172
File: src/pocketmine/level/Level
Line: 2607
Type: InvalidStateException

Code:
[2598] 			throw new LevelException("Invalid Tile world");
[2599] 		}
[2600] 
[2601] 		$chunkX = $tile->getFloorX() >> 4;
[2602] 		$chunkZ = $tile->getFloorZ() >> 4;
[2603] 
[2604] 		if(isset($this->chunks[$hash = ((($chunkX) & 0xFFFFFFFF) << 32) | (( $chunkZ) & 0xFFFFFFFF)])){
[2605] 			$this->chunks[$hash]->addTile($tile);
[2606] 		}else{
[2607] 			throw new \InvalidStateException("Attempted to create tile " . get_class($tile) . " in unloaded chunk $chunkX $chunkZ");
[2608] 		}
[2609] 
[2610] 		$this->tiles[$tile->getId()] = $tile;
[2611] 		$this->clearChunkCache($chunkX, $chunkZ);
[2612] 	}
[2613] 
[2614] 	/**
[2615] 	 * @return void
[2616] 	 * @throws LevelException
[2617] 	 */

Backtrace:
#0 src/pocketmine/tile/Tile(171): pocketmine\level\Level->addTile(object pocketmine\tile\Chest)
#1 src/pocketmine/tile/Spawnable(62): pocketmine\tile\Tile->__construct(object pocketmine\level\Level, object pocketmine\nbt\tag\CompoundTag)
#2 src/pocketmine/tile/Tile(117): pocketmine\tile\Spawnable->__construct(object pocketmine\level\Level, object pocketmine\nbt\tag\CompoundTag)
#3 src/pocketmine/level/format/Chunk(721): pocketmine\tile\Tile::createTile(string[5] Chest, object pocketmine\level\Level, object pocketmine\nbt\tag\CompoundTag)
#4 src/pocketmine/level/Level(2681): pocketmine\level\format\Chunk->initChunk(object pocketmine\level\Level)
#5 src/pocketmine/level/Level(2293): pocketmine\level\Level->loadChunk(integer 107, integer -171, boolean 1)
#6 src/pocketmine/level/Level(2955): pocketmine\level\Level->getChunk(integer 107, integer -171, boolean 1)
#7 src/pocketmine/Player(1052): pocketmine\level\Level->populateChunk(integer 107, integer -171)
#8 src/pocketmine/Player(1851): pocketmine\Player->sendNextChunk()
#9 src/pocketmine/Server(2401): pocketmine\Player->checkNetwork()
#10 src/pocketmine/Server(2154): pocketmine\Server->tick()
#11 src/pocketmine/Server(1994): pocketmine\Server->tickProcessor()
#12 src/pocketmine/Server(1588): pocketmine\Server->start()
#13 src/pocketmine/PocketMine(273): pocketmine\Server->__construct(object BaseClassLoader, object pocketmine\utils\MainLogger, string[36] C:\Users\Administrator\Desktop\ngvs\, string[44] C:\Users\Administrator\Desktop\ngvs\plugins\)
#14 src/pocketmine/PocketMine(304): pocketmine\server()
#15 (11): require(string[91] phar://C:/Users/Administrator/Desktop/ngvs/PocketMine-MP.phar/src/pocketmine/Poc)

PocketMine-MP version: 3.14.2 [Protocol 407]
Git commit: 4fc5b9772ab3a9612abb052dc4233104dcb0ea02
uname -a: Windows NT DESKTOP-FGC3VCR 10.0 build 18363 (Windows 10) AMD64
PHP Version: 7.3.14
Zend version: 3.3.14
OS : WINNT, win
Composer libraries: 
- adhocore/json-comment 0.1.0@8448076039389f558f39ad0553aab87db3f81614
- ocramius/package-versions 1.5.1@1d32342b8c1eb27353c8887c366147b4c2da673c
- pocketmine/binaryutils 0.1.11@e8cb65db1b7998eebb739b124f2a989fe87366eb
- pocketmine/callback-validator 1.0.1@4aef6bb25f97d0b830ba0b4f66834b1a9c86fc9a
- pocketmine/classloader 0.1.0@4ccdb30e48f030bfcad04bb0a208d198ec631993
- pocketmine/log 0.2.0@e59bedb5d4bbeb9a26647cb7c367cb2fa72addfa
- pocketmine/log-pthreads 0.1.0@9bbcef398b01487ab47c234a6a7054722abbe067
- pocketmine/math 0.2.4@b1c28b236df8b795d7b06cf8421f9962b12ac410
- pocketmine/nbt 0.2.14@b31dca98443328c4bab76dc1b84c1473c79be20e
- pocketmine/raklib 0.12.8@9fea763ffc922db083e4528d4acd0b13d0ea83a4
- pocketmine/snooze 0.1.2@88420da3d9335dbcb3ee2decfd5e5453d057dcdf
- pocketmine/spl 0.4.1@ff0579a0be41bbe65d3637607715c0f87728a838
- doctrine/instantiator 1.3.1@f350df0268e904597e3bd9c4685c53e0e333feea
- myclabs/deep-copy 1.9.5@b2c28789e80a97badd14145fda39b545d83ca3ef
- phar-io/manifest 1.0.3@7761fcacf03b4d4f16e7ccb606d4879ca431fcf4
- phar-io/version 2.0.1@45a2ec53a73c70ce41d55cedef9063630abaf1b6
- phpdocumentor/reflection-common 2.1.0@6568f4687e5b41b054365f9ae03fcb1ed5f2069b
- phpdocumentor/reflection-docblock 5.1.0@cd72d394ca794d3466a3b2fc09d5a6c1dc86b47e
- phpdocumentor/type-resolver 1.2.0@30441f2752e493c639526b215ed81d54f369d693
- phpspec/prophecy v1.10.3@451c3cd1418cf640de218914901e51b064abb093
- phpstan/phpstan 0.12.29@9771daaf6b95c6313b908d0bcdee0afcd51f838a
- phpstan/phpstan-phpunit 0.12.11@ab783a8ea634ea23305a8818c4750603e714489b
- phpstan/phpstan-strict-rules 0.12.2@a670a59aff7cf96f75d21b974860ada10e25b2ee
- phpunit/php-code-coverage 8.0.2@ca6647ffddd2add025ab3f21644a441d7c146cdc
- phpunit/php-file-iterator 3.0.2@eba15e538f2bb3fe018b7bbb47d2fe32d404bfd2
- phpunit/php-invoker 3.0.1@62f696ad0d140e0e513e69eaafdebb674d622b4c
- phpunit/php-text-template 2.0.1@0c69cbf965d5317ba33f24a352539f354a25db09
- phpunit/php-timer 5.0.0@b0d089de001ba60ffa3be36b23e1b8150d072238
- phpunit/php-token-stream 4.0.2@e61c593e9734b47ef462340c24fca8d6a57da14e
- phpunit/phpunit 9.2.5@ad7cc5ec3ab2597b329880e30442d9054526023b
- sebastian/code-unit 1.0.3@d650ef9b1fece15ed4d6eaed6e6b469b7b81183a
- sebastian/code-unit-reverse-lookup 2.0.1@c771130f0e8669104a4320b7101a81c2cc2963ef
- sebastian/comparator 4.0.2@266d85ef789da8c41f06af4093c43e9798af2784
- sebastian/diff 4.0.1@3e523c576f29dacecff309f35e4cc5a5c168e78a
- sebastian/environment 5.1.1@16eb0fa43e29c33d7f2117ed23072e26fc5ab34e
- sebastian/exporter 4.0.1@d12fbca85da932d01d941b59e4b71a0d559db091
- sebastian/global-state 4.0.0@bdb1e7c79e592b8c82cb1699be3c8743119b8a72
- sebastian/object-enumerator 4.0.1@15f319d67c49fc55ebcdbffb3377433125588455
- sebastian/object-reflector 2.0.1@14e04b3c25b821cc0702d4837803fe497680b062
- sebastian/recursion-context 4.0.1@a32789e5f0157c10cf216ce6c5136db12a12b847
- sebastian/resource-operations 3.0.1@71421c1745788de4facae1b79af923650bd3ec15
- sebastian/type 2.1.0@bad49207c6f854e7a25cef0ea948ac8ebe3ef9d8
- sebastian/version 3.0.0@0411bde656dce64202b39c2f4473993a9081d39e
- symfony/polyfill-ctype v1.17.1@2edd75b8b35d62fd3eeabba73b26b8f1f60ce13d
- theseer/tokenizer 1.1.3@11336f6f84e16a720dae9d8e6ed5019efa85a0f9
- webmozart/assert 1.9.0@9dc4f203e36f2b486149058bade43c851dd97451
- pocketmine/pocketmine-mp 3.14.2@4fc5b9772ab3a9612abb052dc4233104dcb0ea02

Loaded plugins:
Broadcaster 1.5 by EvolSoft for API(s) 3.0.0
InvSee 1.0.0 by BlockHorizons for API(s) 3.0.0
PlayerSelectors 1.0.7 by Ad5001 for API(s) 3.0.0
DEVirion 1.2.7 by poggit, SOFe for API(s) 3.0.0
ScoreHud 5.1.1 by JackMD for API(s) 3.0.0
FormAPI 1.3.0 by jojoe77777 for API(s) 3.2.0
essentialsTP 1.2.2 by  for API(s) 3.0.0
PECollide 1.0 by saxavlax001 for API(s) 3.0.0
AlwaysSpawn 2.2.4 by Philip Shilling for API(s) 3.0.0
iProtector 3.1.1 by LDX for API(s) 3.0.0
DevTools 1.14.0 by PocketMine Team for API(s) 3.11.3
KeepInventory 1.0 by KhoaGamingPro for API(s) 3.0.0
AutoClearLagg 3.0.0 by Twisted for API(s) 3.0.0
Slapper 1.6.0 by jojoe77777 for API(s) 3.13.0
WorldProtect 2.3.7 by aliuly for API(s) 3.0.0
PurePerms 1.4.3 by 64FF00 & ProjectInfinity for API(s) 3.0.0
Thuy_Long_Dan_Thuat 1 by Nguyen_Dong_Quy for API(s) 3.0.0
DanhViThu 1 by NguyenDongQuy for API(s) 3.0.0
Boss_Quai 2.1 by phuongaz for API(s) 3.0.0
DDao_Thuat_Tam_Phap 1 by NguyenDongQuy for API(s) 3.0.0
Bat_Quai_Khong_Chuong 1 by NguyenDongQuy for API(s) 3.0.0
NV_Shikamaru_14 1 by Nguyen_Dong_Quy_Edit_NQC for API(s) 3.0.0
MapImageEngine 1.1.3 by FaigerSYS for API(s) 3.0.0
SK_Qua_Nap 1 by Nguyen_Dong_Quy_Edit_NQC for API(s) 3.0.0
NGVS_Rank 1.0.0 by NguyenDongQuy for API(s) 3.0.0
NTUi 1 by Nguyen_Dong_Quy for API(s) 3.0.0
BanManhViThu 1 by NguyenDongQuy for API(s) 3.0.0
MIE_Protector 1.0.4 by FaigerSYS for API(s) 3.0.0, 4.0.0
NV_Haku_5 1 by Nguyen_Dong_Quy for API(s) 3.0.0
Moc_Dinh_Bich 1.2 by LonMongManh69 for API(s) 3.0.0
BedrockClans 2 by Wertzui123 for API(s) 3.0.0
NGVS_Kit 0.4 by UnknownBallin for API(s) 3.0.0
PackGift 1 by NguyenDongQuy for API(s) 3.0.0
Nien_Ha_Hoa_Don 1 by NguyenDongQuy for API(s) 3.0.0
NV_Gaara_21 1 by Nguyen_Dong_Quy_Edit_NQC for API(s) 3.0.0
KhoiDauWorld 0.4 by NguyenDongQuy for API(s) 3.0.0
MenuVT 1.0.0 by NguyenDongQuy for API(s) 3.0.0
CmdSnooper 1.0.0 by HotshotHD for API(s) 3.1.1
NGVS_Vang 1 by Nguyen_Dong_Quy for API(s) 3.0.0
ClearCache 1 by NguyenDongQuy for API(s) 3.0.0
Byakugan 1 by NguyenDongQuy for API(s) 3.0.0
NGVS_Khoe 1.0.0 by NguyenDongQuy for API(s) 3.0.0
NV_Ong_Tazuna_3 1 by Nguyen_Dong_Quy for API(s) 3.0.0
PLMenuUI 1.0.0 by NguyenDongQuy for API(s) 3.0.0
HubLobbySpawn 1 by LousWiteMC for API(s) 3.0.0
NGVS_Bac 1 by Nguyen_Dong_Quy for API(s) 3.0.0
DBTT 1.2 by LonMongManh69 for API(s) 3.0.0
NGVS_DCK 1 by Nguyen_Dong_Quy_edit_NQC for API(s) 3.0.0
ManyWorlds 2.2.0 by aliuly for API(s) 3.0.0
StatsCMD 1 by NguyenDongQuy for API(s) 3.0.0
NV_Thay_Iruka_8 1 by Nguyen_Dong_Quy for API(s) 3.0.0
NGVS_Quest 1 by NguyenDongQuy for API(s) 3.0.0
NV_Thay_Kakashi_10 1 by Nguyen_Dong_Quy for API(s) 3.0.0
HTHONGKIT 1.0.0 by NguyenDongQuy for API(s) 3.0.0
Am_Sat_Thuat 1 by NguyenDongQuy for API(s) 3.0.0
AntiServerStop 1.1 by paetti for API(s) 3.1.1
SK_Phuc_Loi 1 by Nguyen_Dong_Quy_Edit_NQC for API(s) 3.0.0
NV_Neji_Tre_7 1 by Nguyen_Dong_Quy for API(s) 3.0.0
NV_Sasori_20 1 by Nguyen_Dong_Quy_Edit_NQC for API(s) 3.0.0
NV_Sakura_17 1 by Nguyen_Dong_Quy_Edit_NQC for API(s) 3.0.0
SlapperRotation 1.2.1 by jojoe77777 for API(s) 3.0.0
NV_Chiyo_22 1 by Nguyen_Dong_Quy_Edit_NQC for API(s) 3.0.0
Giftcode 1.0.0 by  for API(s) 3.0.0, 4.0.0
Thuy_Lao_Thuat 1 by NguyenDongQuy for API(s) 3.0.0
Tam_Trung_Doan_Thu 1 by Nguyen_Dong_Quy for API(s) 3.0.0
NV_Choji_15 1 by Nguyen_Dong_Quy_Edit_NQC for API(s) 3.0.0
FormImagesFix 0.0.1 by  for API(s) 3.11.4
Dich_Chuyen_Chi_Thuat 1 by NguyenDongQuy for API(s) 3.0.0
DoiVang 1 by Nguyen_Dong_Quy for API(s) 3.0.0
BloodFX 1.0.2 by Vale914 for API(s) 3.0.0
FlyText 1 by Nguyen_Dong_Quy for API(s) 3.0.0
NV_Hokage_Tsunade_2 1 by Nguyen_Dong_Quy for API(s) 3.0.0
NV_Thay_Kakashi_1 1 by Nguyen_Dong_Quy for API(s) 3.0.0
DC_Shuriken 1 by NguyenDongQuy for API(s) 3.0.0
TimeCommander 2.2 by Zeao for API(s) 3.0.0
Hoc_Nhan_Thuat 1 by NguyenDongQuya for API(s) 3.0.0
NV_Ino_13 1 by NQC for API(s) 3.0.0
NV_Thay_Gai_16 1 by Nguyen_Dong_Quy_Edit_NQC for API(s) 3.0.0
NGVS_LayHang 1.0.0 by NguyenDongQuy for API(s) 3.0.0
NV_Momochi_Zabuza_4 1 by Nguyen_Dong_Quy for API(s) 3.0.0
NGVS_QidaCoin 1 by Nguyen_Dong_Quy for API(s) 3.0.0
Dan 1 by NguyenDongQuy for API(s) 3.0.0
NGVS_GiaToc 1 by Nguyen_Dong_Quy for API(s) 3.0.0
NinjaMode 1 by NguyenDongQuy for API(s) 3.0.0
NGVS_Loa 1.0.0 by NguyenDongQuy for API(s) 3.0.0
NGVS_Mana 1.0.0 by NguyenDongQuy for API(s) 3.0.0
Sharingan 1 by NguyenDongQuy for API(s) 3.0.0
MagicWE2 5.7.1 by XenialDan for API(s) 3.0.0
HuongDan 1.0.0 by Phan Hoàng Kha for API(s) 3.0.0
SkinShop 1 by phuongaz for API(s) 3.0.0
Nap_QidaCoin 1 by NguyenDongQuy for API(s) 3.0.0
DanhViThuUI 1.0.0 by  for API(s) 3.0.0, 4.0.0
Shop-NGSC 1 by NguyenDongQuy for API(s) 3.0.0
NGVS_Xu 1 by Nguyen_Dong_Quy for API(s) 3.0.0
Tang_Sinh_Chi_Thuat 1 by Nguyen_Dong_Quy for API(s) 3.0.0
NV_Jiraiya_11 1 by Nguyen_Dong_Quy_NQC for API(s) 3.0.0
NGVS_Stats 1.0.0 by NguyenDongQuy for API(s) 3.0.0
Skill_TheThan 1 by NguyenDongQuy for API(s) 3.0.0
ChatAPI 0.4 by UnknownBallin for API(s) 3.0.0
NV_Chiyo_19 1 by Nguyen_Dong_Quy_Edit_NQC for API(s) 3.0.0
Warp 1.0.0 by  for API(s) 3.0.0, 4.0.0
TapToDo 2.3.0 by georgianYT for API(s) 3.0.0, 3.0.0-ALPHA8, 3.0.0-ALPHA9, 3.0.0-ALPHA10, 3.0.0-ALPHA11, 3.0.0-APLHA12
Hoi_Thien 1.2 by LonMongManh69 for API(s) 3.0.0
NV_Naruto_Tre_6 1 by Nguyen_Dong_Quy for API(s) 3.0.0
NV_Kankuro_18 1 by Nguyen_Dong_Quy_Edit_NQC for API(s) 3.0.0
NV_Hokage_Tsunade_12 1 by Nguyen_Dong_Quy for API(s) 3.0.0
Bat_Quai_Tu_Chuong 1 by NguyenDongQuy for API(s) 3.0.0
Luan_Thuat_Tam_Phap 1 by NguyenDongQuy for API(s) 3.0.0
NV_Jiraiya_9 1 by Nguyen_Dong_Quy for API(s) 3.0.0
SK_Beta 1 by Nguyen_Dong_Quy_Edit_NQC for API(s) 3.0.0
CustomAlerts 2.1 by EvolSoft for API(s) 3.0.0
NGVS_Level 1 by NguyenDongQuy for API(s) 3.0.0

----------------------REPORT THE DATA BELOW THIS LINE-----------------------

===BEGIN CRASH DUMP===
eNrtfQtz20aS8F+ZUlK39pZI4f1QzinLkmzpLMmKRdvZXaZYA2BAIgIxDB6S6P3y37/umQEIQJQi
Olrpqi7ZLYtoDHr63T2Nx/x7K+b5nJaTK5YXCc+2ds3trTKZs61d3fYd23ItFyApLcrDPOf51u6/
t8rlAk5vHWdXNE2ii5KW7PAmZIsSr9/emrOioFMcsVeWbL4oWURKTsKcwUBSJikjCx5esnKeZGw8
RsB4vD9jRUmSjFRZymkEl4SzKrskuuaSge4agDeu0vQtDAbEixnNd3d29nd3PhVA985eBLiSosxp
yfOdA1Zclnyxk02vip1zMdUpTDU4PR/ihTtFHu6sKNhJ2RVLd07wXzi/wJnkLHePgzEpgLZ2DUdz
QV45DeHgX1vfaaR3EXK3M4J/Xuiu/nK3w7lAOB4LjIMfaRSJcTz4lYXlXSJ6CVN/p6+d5WJBrzMa
AArH6M0kESD6wY+TScgzEFUVluvmahO1TdYMyIISENIpEMTnC15l0YhOBVnGPczr7lqSGpr/k3SZ
ZK0mpeHv7KOdvXAN/U6Z7e5K2xWcAIVJNv2X/QsR+lhLyp+g1SJ3W90Lw/HusCHJC9oIMDP4EZyh
lHz9AXViTvveOQ3fvNdu0V3lXElWsinL0We3SX0Azqtvk4DzlNGM6GJC594Jfdu+d8IpKzecz+3P
d57SJctf6Jpt3DvVgi+qFDT/B/OJSby7JvHsvtLkmcGPBcuiM3aj2BFY/D6WC5ZDaH5hWNpdWMIZ
Cy/PWHnNc4VE1+7CottWD4s8M/ixTML6av2Oq3Xfv+/q85yHEPp5rtAYd6GxPe8ONEVJ81Jdfstr
V5H8heGad2BYE0Xe0ILtQwIrTjCx5GsdsgJvL8bjU5pkJ3w6xVHK0U0HPH13PBaJZjzuZJrxWKUa
8GjINeNxc5VlbXDVIq2mSQY/JOPWPYybWl8DhRSqvNQmEGlhQM5+q5K8CVa+/gt51JQJI15u/fL7
9hZ77ppgo0wNBEtZT5LsiqdXbM6yEi7POIzY3gp5xJAXw/Y9gI5L/F85y/k1ydg1Efgapl6Ma2YJ
5gUC3pdG462XPwAiQOArBL/joaNpcCh/6erE94KXn8kr8n0p8jKEtbcp5/nPL16SH38k1g9yvNEZ
/8/b4//ZHW82M1nqyiR+kRQFK198X86SAuMFICr+9f2MFjNA9+LFC0XLS/JfRLt5q/57Sf77v4lp
vCT/D4YQNX1vyC8vX/5bTmY3Alszyy+r6kYQ/1LR6tRCYmnBFCJ3jeTH47V2BSq405rGW2RIQEST
ED1fTQsggN82qFoXislai47mdbXo17LVtVorklnEDrw2ijmOXrz8pVaVxKXr3UtCyE+5CPz7FCJ4
rYPtRtLqMql/SYDeKFeXyt35+9/loRQ/+Tt5nbOyyjNyxZNInnKaU0KgRc+O5SBXDdrZ+v2vcvav
cvavcvavcvavcvavcvb/VDm7vTVlGctpijVgRrEFttW5FmgKQPirVtmWOdStIdahQZWk0dau7un6
9lZSTCJ2tbUbUyhroOTMeclDDmgtbBZNEyw5rTi0A991DRqY1Ic0T4MA3DcKLcM0dc2KwkBjVEPc
laLlS5JFmL/PRuTg8OL96MP54O27ffPz/kdw4aFGBA1E90zHJC/qwbr2kuydHjgWIMLm1u6WO0Sq
4fAruKvgQR3D6QkvcKLjs7MRAMTBdZKJ0hjiOgh6kiZBTvOEFSgkGs2AsZzt/FrwbABjVD2tDfWh
9tqzLE9zoSL1Tc+PbduLTZ9Gmm2blAaeGwVm7OmOmJqHOZ0nVbGzoOElrBMGSsRIgD60h/prPTIN
0zICL9RZAP5im6HneW5oOoDBDazQiKjjmiHysVJskGQ0XwpvUGTp+mvmhYFjR4EeuL7vMRYErukH
umHFBvWBUua5gJUFXVQhTdMAqBuIQhStTNAGOF9blMVOEBh27LuRFnimFlAtsGLH8Uwr0Kkfek4c
+rSHEH1YlKF5IzIrDEEsGrO8WAMscQjyssAwqKF5kQ7Eho4JYcvsYkr5VGAwAAOz/YBFgR3BZSzw
qeE4lhsGKCj4Y8QULC6KYnoLw2AB5SGjUdEQ4wdByEBnXqDplufSABCBDqhDXc22XANNlmmO20UF
eXumqLFeB3poeIFhOlHsgbTtyA00J4w9y9Bj33cMkDoNLaimOyignFAYdEBh6lEIerEs0zS80Apo
4DpRqAeeFYLmzdAFhg2NdVHk9BIsVbJiDL3XoFXqOmYMajCMKNA8k1m24UUWDUFjuhmBs3kmtbpY
iozzr0wJxHjtAd1aRM3IN02wnzAwGTMiFsaRzWzLBiS2G4VR3EOySAUGCywljmGID8bBLB2EB1YI
zgou4rq6HWqxB/HAAzo8wBDxEKMd24FQWtKsTBqTMxGRaWtRrEEFxXzNsn2XmUHkh5bj2aFtMo2Z
phkzhmqeL8HSgmInYmwBPrpYCiT+0H4dGKAd1/OZp1HfDcAudEu37BhY9ANgKPLMkJpM8ANRc5Bw
0G6WxFAnKts3X7uuo4OZhmCvgRVZse4wNwT/0pwIbMYPqWXC+dhq4ViFT0O6j00NBlRTVKYWgmgi
2w5ZxGJfc0A+Gg1orAeODFEglwrDDET5nMUpZL5ExR6FEk3XsR0vBmG4zA5A0mCupgPeSZlmxmGg
s8iODc3xg/tQAjRIQY2A1BZIw8g1ItO3Qur6VmRajkNN8KhQ8yObOiGYqeeAj7BbSLE3MshZgR0H
qUL0VMh9lh4brm0wyzfBsX3bcAIoaVjkgQSs2HT8yJG+PlsUCwYpK+cLqI5Qg1cQylD+lq2HZoiK
88LYsbSIGbrn65av6cwGzh0LE0uDBSxpR/2tncPwX0Me0iNKIYj5NkYYM/Ah3mhBCDaj0TiMbD0G
q6S3kQzgb5UlZY0Mwiv4J3iSx6hjWoxCNtNs6nlAnuXaGmQD5uqQGGrZd5Bhfg/LQV6lrGjIew1x
XaO2T+PYDWPfiV07MnTInZbnaDSiusYMOzCYkjtSgwgH2M2Bf0DksvHkgbEZr0OKATGOoyjCQKgZ
NiTg2NAdy6Kgj8iFoOKEUdhDhn2mQVKyXHmhKZCxgIK6bNOLjQCwME2HKBcEYASRETPTiCyI3nFk
9JBh8+mS1Wj0144RO74DoR7UqIHv2rrJHJ+BQiJITo5rRY5hQIrroSmh1B5g+wNL+sabtNDxwwDk
ZEe2qYNXQyAwLGrahm36EDYsakDs0vw+smQuKLIBifY60CLN8yOmaXpAHS2OwdKZCdZpMgi8OsQe
DeK/iFMdJMCW0CKjc6xxpJAcPbR9k/kuJENwD/BLyCJaCPk2pF7kUAiaVLd66lNG5YOr2K8pqCW0
WWhSSLIQqUzD9zyIceBBRuSDd9vYKDPRpArQSQHBMtsR+ldoZKyKHFuDoBLoMQsZ+hkIllEG/4Df
QjRwgTUon+h6NODBGLnYIOX8slo0Ag/BeXRTizXmOY4PpRuEPEMLXF3TqQf5LwwN35FRtI11vqC1
MUk5QaaOPJvFEJAjCt6ix5pDYwt8N7RQer5HIVp4VgdPlMSxwqC/NpltmKHtOrEBKEJITLGpoc4Z
1BU2tUMd0oXrdflj2VWS80xVbhjpoNiC6keLgQ9m+KFpRi44iO6yyDBB7cyAYga9RqishehmwfOS
5Q05kW7EAajYjqgPvqDpkQ+x2PaZBcKhGgR5Hw1R72CZpjygKdiQtGlLmiMUa5BWXB+qGywBPQOC
uOND4ocq0IUMo/uBR0VDeIVJLosGLIMw3JY0sGfHUEVFUBBZPrBiMwh0QRwHpukCMlM3oFb1LNte
h04lCIFN6h9MF7zcDCEIeYYehpqrgeN7putBsoHQ7jqeBnG4S1zOwkpkQYhQGTpyQxw1DUzJdqzp
NgQjLcTgFDInhKjgRFgw6SACy+2hK3iVh2zAF8irqpxldIFwC2TprmW7nhcxK6YhZVj70tiHyszW
gshkod7lVrXzZTaFysDyDc0NndizLeZCBIHCECom3/Jo6DFQA7hV5HUwtBdJqEPN0vUggpIHijfm
QCFlBKYfGrEFNRxUtBQyDtT4vrCp5Tzm2RJWaOkSAm86CBU5mPRcYMlgUeSCuAMowyB4Av0MshzU
DwFkUC/WYwfKCCjqAFc5YwVjkIMxNCVfVf6FIuo1OK3pxMCSxXQoabGyY8AEc6A60HSfxWC5VIsx
UF6zYM6/wlp+B0p2lpeqgoISGdZrUEmYEBshBUBCwsRreyAwZoFp2noUQZ6y9W5FuPo5mC+aVeTr
By8Jf2/uY4hV2JscFhEhiJ3lrZVrG7q9tdIGLKfgmFbljOcFNnkPr3h6weMSF8B0kSBIaAyPmWhm
wiqxzCtYyUZsAWtGvArOFXDNQRswp0nWnXg87lKBqx0YcTHa+zj6dC4FWyTC0WdluShgQX99fT1k
QBFiH5aX2I4+zq4uGGuxpgBdrpDiDl9vsHg74nnyFb3hsZhrIxW3JYCS8Vi2YlYcnn+4GH358PHk
oMMjMiO7XBdMBpGi3Wronemz53bZ2wMr1fTH4ktiq5twDRGyhfQQvg4OPye5ILZhqAF1OTH6nCz4
FHsi21sXH96yx2JIIh2PrwQJ43HE6l8tsu6xR+TpAnsbR1XU4qkBtXkSSbPL0//Q8PL04LGYkdjG
43r21a+HqOYtz+d758ctLmpIVzFm34N+5b9y5uJ/HUaMb2dkhXE8VkQ0Px7CCoPwi0vhtBidt/jp
gPvWZnSYeiSNtGccj3vz/3EQONznaZpE7aC2gvUcv6uTgt7Qq5TePKLvt1COx7DMlGT0Xf8uJ9lL
r+myEDe+Wty0oW1+DGwLdTk6nyVpsiAX8CdNsumjBQCBtlBYx2MqKCqQotvx+i7mkvOcl6rca3hr
AdusmbejwMnBz4/FDqAaj1czPyww10kVIuGsCoaw6NgBPIPT/fPDnRYXGL7Z1YjztJ2PGlDXHqFU
6ZnkqkdORrjwa3OsQ1j5VpZrAvAGQ0PKA0qIFrcr0nYaHMDte8YWkLpFd2bZYrkLv9cP3884fUeh
hpuCHB9LyR2k43GHnIen4r2q5Pv4dMEJnU7bPtmBd033VvU0uk6gaIsei7NSogM3BCLEow8pEDEe
92na1JwVmXvFMq3mp/s7XXyYw1O6WHQK4xrSVa/zwOSnm38i0MqZv9l3VyTt1EwAh1/wwSPlzC02
O+BuCDb7FRhNkypdPpauJbbxWDwRtZAUPCSbrOH4tEryOGFp1F4zqaXPTpkzvN2Aa4udDreYYauc
nbN83imwG1hX9dbQ7IrDsd6+1TTyXwQQ4qL/OIvxCYRHE9BETgDVdk1R6+c32IW4VgllhQekMJpV
y8kJz6aTA5pN4Ii2LWTd2Y5kulI5m1ZLlk0O8IKfqkcTxujkYAT17CXk6QetM2g2+5wAse1M1cD+
kHyk/hGJP/g8enhcfsOLAiRHk/YqvYF1XbRH/GJWAeH06+MVRxIfBuCcIhGwVId/H6SBA8qltUxG
dD45n9FFWxdrzj65Vg5GWJU/2KbeALGogwnkXzDufSGctpLWnn9qrt789H5/A6bOPk+gpL6kc5pX
E3xcsGGnf+bhPj85jJJycvbT/mPxdPZZtx7uQKd0cTynU3aYTcUjvQ1HvRO9grUf3t/SZMryi39c
PBYXDUJkpU1J//ghTF68R1ubnHW8qgV8Rm39dPZwXZ29+3wx+Uizy7bhNbA/aN39R/xn/80G1I8+
taO0OHz61Hj89mKD7EKz0zW5sQN+8pB1ukl+PD0+nKxbb3fhfdOxHurc2/Jm0mM4eZug3uEDQ/MR
vawmdjcoK9jT29nZZ3sDLfFwcpBks8mbJJy1tdSB95pwvbYIz06BBbRLx38sJk4P3tzKjne1dd6w
KIf1xH5Ks/YCoQPu1GNd+r+wvPxaJbphPhbxK4xQh7Wo+Oal4grhToerOjK/T8p+YH6fdMv/W671
KbvM+HX2hmJH7dFaHnsPN71zGl6+S+I25Q3oqUPb+bv9DdJJAl57RCdHnKLztiXfO/PUbJwdHR1s
VlS+ozSnE0Pvxq4G+qzFpKE/XCdQyycHtBKNg3YLsA2+1x3+I/p4f7BBJGZZ9XnUDsES8BzF1cUm
iX5/Hl1knHfbci3gHzBwxMtixsuj7u01bL5/I/HhPCrk1ONxh4yHVbmfaWe1uII9fSY/Gn3eQA3i
DTR8+aythhXwqWPR/skG1e4SiqUpbYfSBvTkVe4/9t5/erd3ZmiGtkksFUl3xtmtRIyw53Di98cb
pLTPkw9guyP6tcroxOxmg86Z56hnzQ2KihMMm5/at8cb0HMo4fTs08OJP6qCEx4Ey/7t1y78Hg2c
8Kr4AvhOHy0LrzCOx30yHuYTb2jYdwkEPUc03aBlcPBm1M7F4vDpV0E47YOXQUK0B/vv+9JG0AZ1
HHvkOg6m36QnmC1FsVZ0+oENsP/wgfYUd77mML+4+7XBA1T4anuxf3rQ7vrVoKfOaPXEG6WD0Ywu
J8d5dUknXjcddM48RzrwNuxb/lSJV1y6XiGBT34v42hzJbynl7SYJRP8SsEtPbROPocqdG2D7DY6
+nD27v1xO66uYM+RnI9GG4SmvfnkAm+D9W67dsBPbU57F5vcbN3LykS+iXxR8vb9iN6J3g2X3r1L
ysoyeay1WnfmDcLr+8n5rAonJzzp3ldpoM/YuTg/2cjJz9ivyWSUs4nb9e8W/Dlc292IiQta8DyZ
GL0YtQI/bydJ25CZyyqnE93tM1ODn/ce6waaUQ8WfeSleI3k9nNTzZn+c7b6g56f+jNVSZeAjRS0
P0uWfGIYXf000Oe1NePhrGCvu/5MleKjAd2fEB/5dtiIZiNOQQk4/T6//bzw3TzI547qx0RuPZDU
nHjq3Dg62SQ34tMto7zCp6e4fHyqzcntk8/wZNVooyerhD9wyCC63fcSBX3eILbBPUp8o0A8dlG8
TW567z2s4N3uvtYLYL2nmK1vpXxe/Vbgiyj4SaNEzB0nNxu0FZJwhk8coXQhXN3ymfXnn3yVsr+/
0UN8POk1zWvI03vJwQYd8zcp59Hbn9tNZwXpx95er+czTZmvW49Fs0I3HqvpN/CMdDkSb5uufEJB
nl7y57iYUtNvlMyPOH4jZjIqqoxGbNJL6rfOPkctbPyJVft9i/ZnYWaDaLU/uZhVeXLJOi8CtqBP
3sr6CEZ2sP+gjJ7M2T6fz2kWde5MduG9hmKXhX8yyh/1jZ/O3H/+pZ8uK9hi4eHkbLbm4fDeiYeq
jT5ep2UjDzrO+ETv3YVSsPtIf9QCxdzc599R8GlnjcOrE89bcTkbtk1P6PJozb3wGvwcDbuTzdqn
p3zOQ4iz/6RB9ZVOek9N3zr7HMHY2rSXnUR0nyfZrXZ2DX96Jn462ODZqYPOTf6DZ7i/f0CzDWX+
LqEjfusmpoI+vbzfbRJLk+xXetrtMKxgT/542ummIYjTW+GH0+cJPR/2xOvtG9F/SrNbDAjYc3CA
s4/HDQ0bNBFnFD/U2fHcFezJS8CjvY/HZ5s/oHNKp0n45dDo3FhWoO7nH9x+8/NnliU0xWD1SDzc
CISRjESShoe/xX6E7yt142gD+gO7OocSkBzxcaVpTMum5P3s8So8RcIGZnWZZBezzo2oBnSPUf3n
Xp7D2eW/D3JwulibjdvgJw+wdDGasY2ysXyXpPPAVBv6pF3ovU0eO0U7GZy9u9jvRKUa9vRRacPU
8HPVTww/V8/yUNQG7aYR1P2TC3wrZF3vct3ZZ2iTX+xv2Cb/nySnyZJO9F6rpgXfYOH2uGs2fUOr
Eo/69A1LAp+55BBEbJQc0hSMiMH6OetmiBb8ye8pyXk3eCh7Rsvux5pqyNO/m4Mz4x4MtDxjl99w
u1X3191u1f1nbmv4D2flC83b1YY4fNIEt8lKeQS5nB/wToCVkP7nP3qePGU8nyY0+8dozUuT4u9g
7+T8aM/rHvrdQ703WkRBdXx+AsfGN388hi5KHvHxeMXPHz87xjGjJJ0+9Ar29A/mHm3wWO7nyRnN
q5KLZ3l63cHOmefoPzkbBYL3NLuscnD63iOhLfjzBgPvz9x50u+/9aQ/z70n3djkrXH1aYtRdc93
L1Ynn/6jF6NNPnpxUtV3LNZ9m2Td2adm6GSzT5O0qkp/fbHpP4uN+Rs9efmGlbT71KWAPKPnv9nk
dcWqKPl8L2V5p1LugO/9es9jf2G3PTPUZ106vu0bu7JTKjZM7LdP1S6KT+wmct+qh6kIP4dMc6C5
ZP0vEtY7/sAVg4EkZECzQjyOLLcaGuKmCiA7saXN1nfnzRHZ51mcTAl++n+cj7PvoCgge4ucGC7R
nV3L3zU18uX4DRFtRRiQwnK2gvj/imVTPJ7zMnrVIYXIJ5fxpJx8gJ9Mf6X7umkg8HoGLA3SpChf
8ThGCM0yXmUhfvRM7I5FQ6hf5L6VxSueCUz4ctVAfWcNNPRKd8Ts9EZdVLyyBX1TkNCcR+yVOIo5
fi+8gan5QFQRflq2Pl5cLdQ0+KX5JKzScvlK0Cr3Sip5Pijw+e5sWrwSQhA7jaEBvXrPMz6jK2DB
WNQag9/0fnVw+Hbv08kIoUo7v1UsX6o5FSgPgStFEP4eLmhRXPM8evV38R+ICWqiQUGvmLrwKmHX
gyjBTSVC9spD0E3AbwZotjWmzje5h8s57tLyHUGLI6HQfCW/pC4MgIC4SEeXYBBkhB8XJzX/hOaM
lDNGeAbWU8KyiYSov5IEjCRZmFa44ySgv2V4iOuCz+HKmJS3cRY0ZtuEw5m8QJQkyBm9JEte5QoX
SWICakziRMwAGszBGNIlIj5j1w26nYjFFHRYkGue/a0k+EAtzQmKbw7M4h5HS6QQt6iUfF/PWEaq
xTSnESAYjjM0XYlsd5wR8t2XGUPCcP9N3P+NAAq1axjIIAdfw90pInlakJpymAZYhV+sFPLCbzOH
jMA6OUqFBOeIWRpo7VS7ROymhSeKWVVGsNgdqE1ld8l462w2rnRGg4y8S8QvEwSaTQksOfEwiDPy
RsI5GeWinR2SU/FXX8IoPMfc8ZZgaS9N+TVBNwQuiPrcILlKKPkJjRPHCCutv0S4SzCyiUsvZnAl
RQMqOPCiKJRSpAoVqQqwDwiDoCMhG1jdw0gIqFGBSFZncBusgBesNcGhcIkaE0iMoLsSsCVQF5Ib
LIlSMo5XHtScbonxuy9Qg4CtgsZpFJGcFdIwkFTc/w5IokWVi1hDwBwChlIBtbHfKpqiQqfJFYy9
omnFyAs1KUTDl4hdzojb3mCIG4BB4DZ0u3BazH1WzQOwBbD3vWKZhSNaXOIOupdg4UMx4FMBgkGn
qznFYbMcQkoFdgXDi2255S5RgQg8dZvgthrACCYqIRvIEgibVxnYNg6RyC+E4QFPYP85v0nA9hmI
AVgSPpU1xKFsFUHHMXoRjkFv2SZJ+TcQX5mLyyKGwVcYc+9i8gJ4AIUTQ4hFsDFQnO4KVH0vosL6
8irLUJ0Rxkq+EEoQG7wVQ3LArtRvMk+mMwgzOS1m2+2woCwTJZLn1aKUUCkwFMwcaFN8CeWCwYnd
2yLpqhS3jwWy11OANoI2x0HQYF3DlqHB4IEc1FgapCJIMflShot3Yn8PgnmfSDg42jwR2zzP2ZQG
yxIkTi6kqDUh3KRA3OLyEWrtOhGSFxYF4eR6IBHVRlYIDuMESIRYyfD7uYgmzhmrp5RGDtqqhHtO
OSgKdwoSVoETqW1IBGm7REMuYHaRHOQ2af/rOcBC6j76MdP/Ofqh7FwIElRgb0hS6AoC4QNTNYsa
gnDWmipdMyxFmAgCX4RXKPqKvz0ChcIvBEkYMUhYQVrMIC0SdsPCSkR3LkmWHolptBnNbkIoWIoV
RzJwfRgd7pLR0fEFOTk+PR5B8D4/OT68IOeHHwkUp+8PP24TGERGH2DUIfly9OHkkJx//LB/eHEx
7IeAjjwM21HiOGd5wkWpgIG4EHtb466otTSaYKuD7CHXRCK2iCEDCIVMhlmBCopY4BMCNFgT8nuX
sUkjgwIUU3OGw9RkArNEAqF3FchlRhJzfMAcghWIuGB4ezTagloFgNoWLMRCRUoWyZV6ldc2PIB5
sUWxYhWKbclr8XI9SYpzU3E+pXmAO0ni5+xlYSwC0HrpCldDctRVRF0FsXtOs0qURW1KoGSswAZf
btc5oW+EtRnK9BrHgEvyO1+54JB8kDFfGjzUNbxKo4aWBJLIdUZW9BcS8UKQD4w6mqZ4hdneimBx
K0kK05EYGt7inM/rZCuvViMGbdNsaxi5UZq8ZRtkjUl1rOOiLmVRZTkXn+OvDTmq5gtZ98nikqgT
AzxR6+sAB6kLBO2CzJoDOII0D85O1wgYkjYkPpjhCoysKCqGgaGcgdamdR2MQQtnW1G1XStS1giq
3B1KanDonXLCNZfc976mfZ8uEJrMqznkWHzqltTLElQkkSs0ScVKrugvSpTCY27bGCwDFooiMeEA
6/MKkq7VaOyAq93tezaNtRFGPYlfDq5dSOJSA9ucicphEOJ3gRreDoAUUatA+YjSA+pkgSGx4Fau
DJdAeI3kcMUdXKbkKfmpZ8bBq2oXBYjfI6rx3o/qPjscZ5ncUXpXpQgozWY8lSVmQEtYVmOpL0gu
cDdsopKMiG1yTabOytQSsKbYlOntu7aW6lMYVvNlici3yUBvKVAoT0w8KGtiVAoQUXtVx4rVMpaQ
keQcV1mi0MeLAajIGpIjqAXBll6J4o7sn3/ahmuBhgD86zqJwOxFrSCjZ4N/IPDvErcuu1cVeSGk
0xo7JHsRBKoZTeMdWOTKZULEwIbVVDApwWYNGljLEVdpr4WsvRQ5vMGohiUmxR3mUeY4tdrEeAhL
NpEvuKikP51n53Udvlq14jIDL7qGjIo4q0W2GKjj3sLnVDlkkXxljaqxYq81jLu51NUUVPTSclpZ
1/INedHLITlX16Q0n4oLqFo+KzMRM8Y5nSJ3oC5gq1ikopjBNfEciMc4QHNU4X6aYGdHLPJx02tW
lOR09ElQWgBLyHZQlQSbCkLLq+nkumNYh6F5WQ3wql1BLTpAxIJquluvZX4kOq5hVCWHq1Zxvl6x
FrILwOqVLF6mDEVHZDJuSWz7Mw5rVDTOegnD6kWqCG4RLSkp6FUdRLFPU/ez8NzK33GbW4gEjJZ1
jAFK5S7adckslluLXJYrxQIqNFG+ZDzETWTEtSDHU7oEGaKxzPlVvYLF8K9ipohbg/qcnLJYRYu6
X9Xuc4xEo0IaAL7LR0vZ4hFjlbarQi31Q7D6UsYFdc1AXrNLFlBQXCUpTiNjnvJnNQsGbZpNm6I6
w8vSfu7Yrkd1Gl1re0tylbc35xXadCyDszJxFKVsEYpkhO4s1u6gGPwtsglc/FHkltbFgvGMybVi
wCSygMVokaIdKdLBrLYAoXTRpexkKck+TtSwD55JaJ9U4CUUYZYwSADrqNTWk0lzwBSJvoswRCC2
vhj/NtSYwrpxJT2oFmCRrGhFC7FZiZhINGZbrZjjAzGZ2CS4EC6J8mQ5ahrqWghdc6K4I6rzUGc7
cU2HdcA3IAb5jkxhzVKsxLPqbjQSGt4WkXLWa5qIRQ0EDqj4pW4WfFGltTGqAwz7YowKER7OJ4rh
wUJ5NQZXdNRdUpeZoscq2zm7KuFh90kssSRY5gulLtx0qekLRCuxobmLvXl7oMbbuuDFDCqzmLcU
Ak42kHcympEzjooRpAwX8/limHBBccaz5RyXCLidKLbzwmJFOq571HmyOi9YEBGLTqc5LDZlY6np
3GEhVeZUKK7Dn6APHPjDwYddkIe62aBSAcaEaybrUAqecy1mLAThKwYEbNhqSkPmaSQvLVMq55ZQ
QZ/yvLIlSHpiZ1EM3e1ySsB5W3RQoWZoJq0uzzaEx8WMbgMYxID5qmwqFoi8MYNVNKgQAlCG+UCe
rfOK7BnRTtdI3Tpq5ZsKqjNIbSKI1bFCIRSal+frOW5pWvLaVnWZzFehWiUkRIrj67oBNYvxEicU
7TB1Ud36HK4mUGfaM9TSvD/lqagttSu9otVlqNvCZVIqedb9hJkCioCBCwJVY6qAge1ZKOMjUWQl
cYMIKnVgRN4lwABUL7JliAN8KkLWiY2mCS1UBQ9FF50v0voIawCgUelqt1aaPAd2i92eXfIvkbwh
fW6L9s8viFR+6azJku27F4INLKTyJFIL7Pq2kVg5r0tYIp+LBF2IWlIszEA/CdCqsm2bfDmvoEH+
JHifCZOCTF6rGXfJ25O90a7xg7tt+zf6tnljbhs/6D9ELOQyxL7ALYVCjK2vPE1GYnlk2S9l1SP7
/e11rfRwTC0gY9V2EpWH6BuB1sIl3g+pwrLK65hcF/N508gXEQfwQKYKxS2cohbYoL7LALYgy7vv
3opQI6YS4ztIKlEoSMikBRmIWmu46pDxhVgKshsIfIVaB4WXWC4XouYHiQQJFKpLuWQW45BfIAWq
dJlFpM9ILgV+qEXyJlZvbW+xm5JlhdyP+N9b+1AgbO1uuUPc8RbOBiGURLM2BG8NZRHNOzA+n0S8
hGDYgao9gVeAKk/bx5HcQbo5jpNU7k7dQKZi993mcAbpo32cgJddtQG/FuqBMVc8GTcP5H2u9hAs
xID8qA1bhF2uP8otpOXN9NWVIuwXXRDUJ/M25OL8pH04Xxa/pRlOpn4R3L5dN7ANT6Cc0HRbszQX
fn5/DC7hhiH833eY49qxE7kGs8NYiw3HjS2P6Y4b4pbDhkm+x42TWxsmNxMuqbhNaqh9F74mC/nF
L1sepknQHg2HN/OuTjiyY2iaqesGPrlyfvChI6qITwQrfSCAkq46IVxkRdEZeJFgQPj5tCOjHgVw
iCvSLlsAvM6TnnUsVF9O7I9nDHWQKRI86xrnKltPRC1WlQnuorilDeWWgck0SDKKuwyK757hE2EC
JX4xCQUgAloUiCvkgyNhvlyUXABMAZhGt3SedMxEyMZsg5rtxaeVNEZJzu+//39/8qbb
===END CRASH DUMP===
