PocketMine-MP Crash Dump Tue Aug 4 21:27:11 AKDT 2020

Error: Attempted to create tile pocketmine\tile\Chest in unloaded chunk 3 8
File: src/pocketmine/level/Level
Line: 2607
Type: InvalidStateException

Code:
[2598] 			throw new LevelException("Invalid Tile world");
[2599] 		}
[2600] 
[2601] 		$chunkX = $tile->getFloorX() >> 4;
[2602] 		$chunkZ = $tile->getFloorZ() >> 4;
[2603] 
[2604] 		if(isset($this->chunks[$hash = ((($chunkX) & 0xFFFFFFFF) << 32) | (( $chunkZ) & 0xFFFFFFFF)])){
[2605] 			$this->chunks[$hash]->addTile($tile);
[2606] 		}else{
[2607] 			throw new \InvalidStateException("Attempted to create tile " . get_class($tile) . " in unloaded chunk $chunkX $chunkZ");
[2608] 		}
[2609] 
[2610] 		$this->tiles[$tile->getId()] = $tile;
[2611] 		$this->clearChunkCache($chunkX, $chunkZ);
[2612] 	}
[2613] 
[2614] 	/**
[2615] 	 * @return void
[2616] 	 * @throws LevelException
[2617] 	 */

Backtrace:
#0 src/pocketmine/tile/Tile(171): pocketmine\level\Level->addTile(object pocketmine\tile\Chest)
#1 src/pocketmine/tile/Spawnable(62): pocketmine\tile\Tile->__construct(object pocketmine\level\Level, object pocketmine\nbt\tag\CompoundTag)
#2 src/pocketmine/tile/Tile(117): pocketmine\tile\Spawnable->__construct(object pocketmine\level\Level, object pocketmine\nbt\tag\CompoundTag)
#3 src/pocketmine/level/format/Chunk(721): pocketmine\tile\Tile::createTile(string[5] Chest, object pocketmine\level\Level, object pocketmine\nbt\tag\CompoundTag)
#4 src/pocketmine/level/Level(2681): pocketmine\level\format\Chunk->initChunk(object pocketmine\level\Level)
#5 src/pocketmine/level/Level(2293): pocketmine\level\Level->loadChunk(integer 7, integer 11, boolean 1)
#6 src/pocketmine/level/Level(2955): pocketmine\level\Level->getChunk(integer 7, integer 11, boolean 1)
#7 src/pocketmine/Player(1052): pocketmine\level\Level->populateChunk(integer 7, integer 11)
#8 src/pocketmine/Player(1851): pocketmine\Player->sendNextChunk()
#9 src/pocketmine/Server(2401): pocketmine\Player->checkNetwork()
#10 src/pocketmine/Server(2154): pocketmine\Server->tick()
#11 src/pocketmine/Server(1994): pocketmine\Server->tickProcessor()
#12 src/pocketmine/Server(1588): pocketmine\Server->start()
#13 src/pocketmine/PocketMine(273): pocketmine\Server->__construct(object BaseClassLoader, object pocketmine\utils\MainLogger, string[36] C:\Users\Administrator\Desktop\ngvs\, string[44] C:\Users\Administrator\Desktop\ngvs\plugins\)
#14 src/pocketmine/PocketMine(304): pocketmine\server()
#15 (11): require(string[91] phar://C:/Users/Administrator/Desktop/ngvs/PocketMine-MP.phar/src/pocketmine/Poc)

PocketMine-MP version: 3.14.2 [Protocol 407]
Git commit: 4fc5b9772ab3a9612abb052dc4233104dcb0ea02
uname -a: Windows NT DESKTOP-FGC3VCR 10.0 build 18363 (Windows 10) AMD64
PHP Version: 7.3.14
Zend version: 3.3.14
OS : WINNT, win
Composer libraries: 
- adhocore/json-comment 0.1.0@8448076039389f558f39ad0553aab87db3f81614
- ocramius/package-versions 1.5.1@1d32342b8c1eb27353c8887c366147b4c2da673c
- pocketmine/binaryutils 0.1.11@e8cb65db1b7998eebb739b124f2a989fe87366eb
- pocketmine/callback-validator 1.0.1@4aef6bb25f97d0b830ba0b4f66834b1a9c86fc9a
- pocketmine/classloader 0.1.0@4ccdb30e48f030bfcad04bb0a208d198ec631993
- pocketmine/log 0.2.0@e59bedb5d4bbeb9a26647cb7c367cb2fa72addfa
- pocketmine/log-pthreads 0.1.0@9bbcef398b01487ab47c234a6a7054722abbe067
- pocketmine/math 0.2.4@b1c28b236df8b795d7b06cf8421f9962b12ac410
- pocketmine/nbt 0.2.14@b31dca98443328c4bab76dc1b84c1473c79be20e
- pocketmine/raklib 0.12.8@9fea763ffc922db083e4528d4acd0b13d0ea83a4
- pocketmine/snooze 0.1.2@88420da3d9335dbcb3ee2decfd5e5453d057dcdf
- pocketmine/spl 0.4.1@ff0579a0be41bbe65d3637607715c0f87728a838
- doctrine/instantiator 1.3.1@f350df0268e904597e3bd9c4685c53e0e333feea
- myclabs/deep-copy 1.9.5@b2c28789e80a97badd14145fda39b545d83ca3ef
- phar-io/manifest 1.0.3@7761fcacf03b4d4f16e7ccb606d4879ca431fcf4
- phar-io/version 2.0.1@45a2ec53a73c70ce41d55cedef9063630abaf1b6
- phpdocumentor/reflection-common 2.1.0@6568f4687e5b41b054365f9ae03fcb1ed5f2069b
- phpdocumentor/reflection-docblock 5.1.0@cd72d394ca794d3466a3b2fc09d5a6c1dc86b47e
- phpdocumentor/type-resolver 1.2.0@30441f2752e493c639526b215ed81d54f369d693
- phpspec/prophecy v1.10.3@451c3cd1418cf640de218914901e51b064abb093
- phpstan/phpstan 0.12.29@9771daaf6b95c6313b908d0bcdee0afcd51f838a
- phpstan/phpstan-phpunit 0.12.11@ab783a8ea634ea23305a8818c4750603e714489b
- phpstan/phpstan-strict-rules 0.12.2@a670a59aff7cf96f75d21b974860ada10e25b2ee
- phpunit/php-code-coverage 8.0.2@ca6647ffddd2add025ab3f21644a441d7c146cdc
- phpunit/php-file-iterator 3.0.2@eba15e538f2bb3fe018b7bbb47d2fe32d404bfd2
- phpunit/php-invoker 3.0.1@62f696ad0d140e0e513e69eaafdebb674d622b4c
- phpunit/php-text-template 2.0.1@0c69cbf965d5317ba33f24a352539f354a25db09
- phpunit/php-timer 5.0.0@b0d089de001ba60ffa3be36b23e1b8150d072238
- phpunit/php-token-stream 4.0.2@e61c593e9734b47ef462340c24fca8d6a57da14e
- phpunit/phpunit 9.2.5@ad7cc5ec3ab2597b329880e30442d9054526023b
- sebastian/code-unit 1.0.3@d650ef9b1fece15ed4d6eaed6e6b469b7b81183a
- sebastian/code-unit-reverse-lookup 2.0.1@c771130f0e8669104a4320b7101a81c2cc2963ef
- sebastian/comparator 4.0.2@266d85ef789da8c41f06af4093c43e9798af2784
- sebastian/diff 4.0.1@3e523c576f29dacecff309f35e4cc5a5c168e78a
- sebastian/environment 5.1.1@16eb0fa43e29c33d7f2117ed23072e26fc5ab34e
- sebastian/exporter 4.0.1@d12fbca85da932d01d941b59e4b71a0d559db091
- sebastian/global-state 4.0.0@bdb1e7c79e592b8c82cb1699be3c8743119b8a72
- sebastian/object-enumerator 4.0.1@15f319d67c49fc55ebcdbffb3377433125588455
- sebastian/object-reflector 2.0.1@14e04b3c25b821cc0702d4837803fe497680b062
- sebastian/recursion-context 4.0.1@a32789e5f0157c10cf216ce6c5136db12a12b847
- sebastian/resource-operations 3.0.1@71421c1745788de4facae1b79af923650bd3ec15
- sebastian/type 2.1.0@bad49207c6f854e7a25cef0ea948ac8ebe3ef9d8
- sebastian/version 3.0.0@0411bde656dce64202b39c2f4473993a9081d39e
- symfony/polyfill-ctype v1.17.1@2edd75b8b35d62fd3eeabba73b26b8f1f60ce13d
- theseer/tokenizer 1.1.3@11336f6f84e16a720dae9d8e6ed5019efa85a0f9
- webmozart/assert 1.9.0@9dc4f203e36f2b486149058bade43c851dd97451
- pocketmine/pocketmine-mp 3.14.2@4fc5b9772ab3a9612abb052dc4233104dcb0ea02

Loaded plugins:
Broadcaster 1.5 by EvolSoft for API(s) 3.0.0
DevTools 1.14.0 by PocketMine Team for API(s) 3.11.3
WorldProtect 2.3.7 by aliuly for API(s) 3.0.0
AutoClearLagg 3.0.0 by Twisted for API(s) 3.0.0
PECollide 1.0 by saxavlax001 for API(s) 3.0.0
KeepInventory 1.0 by KhoaGamingPro for API(s) 3.0.0
AlwaysSpawn 2.2.4 by Philip Shilling for API(s) 3.0.0
PlayerSelectors 1.0.7 by Ad5001 for API(s) 3.0.0
InvSee 1.0.0 by BlockHorizons for API(s) 3.0.0
ScoreHud 5.1.1 by JackMD for API(s) 3.0.0
Slapper 1.6.0 by jojoe77777 for API(s) 3.13.0
essentialsTP 1.2.2 by  for API(s) 3.0.0
PurePerms 1.4.3 by 64FF00 & ProjectInfinity for API(s) 3.0.0
FormAPI 1.3.0 by jojoe77777 for API(s) 3.2.0
iProtector 3.1.1 by LDX for API(s) 3.0.0
DEVirion 1.2.7 by poggit, SOFe for API(s) 3.0.0
Thuy_Lao_Thuat 1 by NguyenDongQuy for API(s) 3.0.0
NV_Thay_Iruka_8 1 by Nguyen_Dong_Quy for API(s) 3.0.0
BloodFX 1.0.2 by Vale914 for API(s) 3.0.0
NGVS_Bac 1 by Nguyen_Dong_Quy for API(s) 3.0.0
Nien_Ha_Hoa_Don 1 by NguyenDongQuy for API(s) 3.0.0
MagicWE2 5.7.1 by XenialDan for API(s) 3.0.0
NV_Haku_5 1 by Nguyen_Dong_Quy for API(s) 3.0.0
PLMenuUI 1.0.0 by NguyenDongQuy for API(s) 3.0.0
NV_Hokage_Tsunade_12 1 by Nguyen_Dong_Quy for API(s) 3.0.0
Boss_Quai 2.1 by phuongaz for API(s) 3.0.0
NV_Momochi_Zabuza_4 1 by Nguyen_Dong_Quy for API(s) 3.0.0
TimeCommander 2.2 by Zeao for API(s) 3.0.0
DBTT 1.2 by LonMongManh69 for API(s) 3.0.0
SK_Beta 1 by Nguyen_Dong_Quy_Edit_NQC for API(s) 3.0.0
NinjaMode 1 by NguyenDongQuy for API(s) 3.0.0
NV_Sasori_20 1 by Nguyen_Dong_Quy_Edit_NQC for API(s) 3.0.0
Nap_QidaCoin 1 by NguyenDongQuy for API(s) 3.0.0
NV_Choji_15 1 by Nguyen_Dong_Quy_Edit_NQC for API(s) 3.0.0
HubLobbySpawn 1 by LousWiteMC for API(s) 3.0.0
NV_Thay_Gai_16 1 by Nguyen_Dong_Quy_Edit_NQC for API(s) 3.0.0
DDao_Thuat_Tam_Phap 1 by NguyenDongQuy for API(s) 3.0.0
Shop-NGSC 1 by NguyenDongQuy for API(s) 3.0.0
MenuVT 1.0.0 by NguyenDongQuy for API(s) 3.0.0
NGVS_DCK 1 by Nguyen_Dong_Quy_edit_NQC for API(s) 3.0.0
Am_Sat_Thuat 1 by NguyenDongQuy for API(s) 3.0.0
NV_Ong_Tazuna_3 1 by Nguyen_Dong_Quy for API(s) 3.0.0
DoiVang 1 by Nguyen_Dong_Quy for API(s) 3.0.0
NGVS_Loa 1.0.0 by NguyenDongQuy for API(s) 3.0.0
NGVS_Quest 1 by NguyenDongQuy for API(s) 3.0.0
Hoc_Nhan_Thuat 1 by NguyenDongQuya for API(s) 3.0.0
Tang_Sinh_Chi_Thuat 1 by Nguyen_Dong_Quy for API(s) 3.0.0
MapImageEngine 1.1.3 by FaigerSYS for API(s) 3.0.0
ChatAPI 0.4 by UnknownBallin for API(s) 3.0.0
KhoiDauWorld 0.4 by NguyenDongQuy for API(s) 3.0.0
Sharingan 1 by NguyenDongQuy for API(s) 3.0.0
Skill_TheThan 1 by NguyenDongQuy for API(s) 3.0.0
NGVS_Kit 0.4 by UnknownBallin for API(s) 3.0.0
BedrockClans 2 by Wertzui123 for API(s) 3.0.0
NV_Hokage_Tsunade_2 1 by Nguyen_Dong_Quy for API(s) 3.0.0
ClearCache 1 by NguyenDongQuy for API(s) 3.0.0
NGVS_Vang 1 by Nguyen_Dong_Quy for API(s) 3.0.0
StatsCMD 1 by NguyenDongQuy for API(s) 3.0.0
NV_Kankuro_18 1 by Nguyen_Dong_Quy_Edit_NQC for API(s) 3.0.0
TapToDo 2.3.0 by georgianYT for API(s) 3.0.0, 3.0.0-ALPHA8, 3.0.0-ALPHA9, 3.0.0-ALPHA10, 3.0.0-ALPHA11, 3.0.0-APLHA12
CustomAlerts 2.1 by EvolSoft for API(s) 3.0.0
ManyWorlds 2.2.0 by aliuly for API(s) 3.0.0
DC_Shuriken 1 by NguyenDongQuy for API(s) 3.0.0
Tam_Trung_Doan_Thu 1 by Nguyen_Dong_Quy for API(s) 3.0.0
SK_Phuc_Loi 1 by Nguyen_Dong_Quy_Edit_NQC for API(s) 3.0.0
NV_Thay_Kakashi_1 1 by Nguyen_Dong_Quy for API(s) 3.0.0
NV_Naruto_Tre_6 1 by Nguyen_Dong_Quy for API(s) 3.0.0
NV_Chiyo_22 1 by Nguyen_Dong_Quy_Edit_NQC for API(s) 3.0.0
Bat_Quai_Khong_Chuong 1 by NguyenDongQuy for API(s) 3.0.0
Dich_Chuyen_Chi_Thuat 1 by NguyenDongQuy for API(s) 3.0.0
Warp 1.0.0 by  for API(s) 3.0.0, 4.0.0
NV_Neji_Tre_7 1 by Nguyen_Dong_Quy for API(s) 3.0.0
DanhViThu 1 by NguyenDongQuy for API(s) 3.0.0
NGVS_Mana 1.0.0 by NguyenDongQuy for API(s) 3.0.0
Dan 1 by NguyenDongQuy for API(s) 3.0.0
FormImagesFix 0.0.1 by  for API(s) 3.11.4
NV_Chiyo_19 1 by Nguyen_Dong_Quy_Edit_NQC for API(s) 3.0.0
AntiServerStop 1.1 by paetti for API(s) 3.1.1
NV_Shikamaru_14 1 by Nguyen_Dong_Quy_Edit_NQC for API(s) 3.0.0
NGVS_Rank 1.0.0 by NguyenDongQuy for API(s) 3.0.0
Moc_Dinh_Bich 1.2 by LonMongManh69 for API(s) 3.0.0
DanhViThuUI 1.0.0 by  for API(s) 3.0.0, 4.0.0
NGVS_QidaCoin 1 by Nguyen_Dong_Quy for API(s) 3.0.0
NV_Sakura_17 1 by Nguyen_Dong_Quy_Edit_NQC for API(s) 3.0.0
NGVS_LayHang 1.0.0 by NguyenDongQuy for API(s) 3.0.0
NTUi 1 by Nguyen_Dong_Quy for API(s) 3.0.0
Thuy_Long_Dan_Thuat 1 by Nguyen_Dong_Quy for API(s) 3.0.0
NV_Jiraiya_9 1 by Nguyen_Dong_Quy for API(s) 3.0.0
NGVS_GiaToc 1 by Nguyen_Dong_Quy for API(s) 3.0.0
FlyText 1 by Nguyen_Dong_Quy for API(s) 3.0.0
Giftcode 1.0.0 by  for API(s) 3.0.0, 4.0.0
Hoi_Thien 1.2 by LonMongManh69 for API(s) 3.0.0
NGVS_Xu 1 by Nguyen_Dong_Quy for API(s) 3.0.0
HTHONGKIT 1.0.0 by NguyenDongQuy for API(s) 3.0.0
NV_Thay_Kakashi_10 1 by Nguyen_Dong_Quy for API(s) 3.0.0
SkinShop 1 by phuongaz for API(s) 3.0.0
PackGift 1 by NguyenDongQuy for API(s) 3.0.0
MIE_Protector 1.0.4 by FaigerSYS for API(s) 3.0.0, 4.0.0
NV_Gaara_21 1 by Nguyen_Dong_Quy_Edit_NQC for API(s) 3.0.0
NGVS_Level 1 by NguyenDongQuy for API(s) 3.0.0
SK_Qua_Nap 1 by Nguyen_Dong_Quy_Edit_NQC for API(s) 3.0.0
HuongDan 1.0.0 by Phan Hoàng Kha for API(s) 3.0.0
SlapperRotation 1.2.1 by jojoe77777 for API(s) 3.0.0
NV_Ino_13 1 by NQC for API(s) 3.0.0
Byakugan 1 by NguyenDongQuy for API(s) 3.0.0
NGVS_Stats 1.0.0 by NguyenDongQuy for API(s) 3.0.0
NV_Jiraiya_11 1 by Nguyen_Dong_Quy_NQC for API(s) 3.0.0
BanManhViThu 1 by NguyenDongQuy for API(s) 3.0.0
CmdSnooper 1.0.0 by HotshotHD for API(s) 3.1.1
Luan_Thuat_Tam_Phap 1 by NguyenDongQuy for API(s) 3.0.0
NGVS_Khoe 1.0.0 by NguyenDongQuy for API(s) 3.0.0

----------------------REPORT THE DATA BELOW THIS LINE-----------------------

===BEGIN CRASH DUMP===
eNrtfYlz20ay97+CUlJv7S2Rwn0ozynLkmzp6bBi0nZ2lynWABiQiEiAwaHD++V//349A5AARMti
opVevUp2yyIag56+u6dxzL+3ojSbs2J8xbM8TpOtXWN7q4jnfGtXszzbVi3d0La3ZiwvDrMszbZ2
/71V3C5weus4uWKzOBwUrOCHNwFfFHT99tac5zmb0Ii9ouDzRcFDpUiVIOMYqBTxjCuLNLjkxTxO
+GhEgNFof8rzQokTpUxmKQtxSTAtk0vFUFygjMrZ7C3GAediyrLdnZ393Z2POUje2QuBJs6LjBVp
tnPA88siXewkk6t850LMcoZZemcXfbpwJ8+CndXkOzN+xWc7p/Qvzi9oJjnL18dhzAygrV3dVh2I
KmMBDv619Z2qdC4ixnaG+OeF5mgvd1tMC4SjkcDY+5GFoRiX+r/yoPiadF5i6u+0tbMMFuw6YT5Q
2HpnJomA0Pd+HI+DNIGoyqBYN1eTqG1lzYDEL4CQTUBQOl+kZRIO2USQpd/DvOasJWlJ83+SLkNZ
q0lp8zv7ZGIvHF37qsx2d6XZCk5AYZxM/mX9ogh9rCXlT9BqKl+3uhe67X7FhiQvZCNgpvcjnKGQ
fH2DOjGnde+cumfca7fkqXKuOCn4hGeKs63UPzVtW/HTdMZZomhiMvveyTzLuneyCS82mMvpznUx
Y7c8e6EhoN07zSJdlDNo/J65xATu1yZwra6i5JnejzlPwnN+U7EhsHhdLAOeIRK/0E31a1iCKQ8u
z3lxnWYVEk39GhbNMjtY5Jnej0Uc1FdrX7la87z7rr7I0gCRPs0qNPrX0Fiu+xU0ecGyorr8jqeu
ovcL3TG+gmFN5HjDcr6PfJWfUh7J1jphCQ/PR6MzFien6WRCoyrnNmx49+5oJJLLaNTKLqNRlV7g
xcgvo9HyKtPc4KrFrJzECX5Ixs17GDfUrgZyKVR5qaUgumJAxn8r42wZoDztF+VR0yRGvNz65fft
Lf6MJcBGiRm0SjGP4+QqnV3xOU8KXJ6kGLG9FaQhJzZ0y3MBHRX0v2KapddKwq8VgW/Jz4tRzadC
aUCB483C0dbLH4AICLwKwe90aKsqDuUvrTrxvWDjZ+WV8n0h0jAi2dtZmmY/v3ip/PijYv4gx+ut
8f+8O/6f7fHGciazujKOXsR5zosX3xfTOKdQAUT5v76fsnwKdC9evKhoean8l6LevK3+e6n8938r
hv5S+X8YolTTd4b88vLlv+Vk1lJga2b5ZVXMCOJfVrTatZD4LOcVImeN5EejtSYFFXzVkEZbSl+B
iMYBOX01LUCA37WlWhcVk7UWbdVta9GrZauptVYks4QdvC4Vcxy+ePlLrSqJS9PalwRIS5mI+fsM
wbvWwfZS0tVlUv+SAG2pXE0qd+fvf5eHUvzK35XXGS/KLFGu0jiUp+zlKSHQvGPHcpBTDdrZ+v2v
6vWv6vWv6vWv6vWv6vWv6vX/fPW6vTXhCc/YjOq+hFGDa6t1LWjyIfxVI2zL6GtmXyd4Gc/CrV3N
haduxfk45FdbuxFDKYMyM0uLNEiB1qR+0CSmMtOMAsv3HEdnvsE8pHbm+3DdMDB1w9BUMwx8lTOV
cJcVLZ/jJKScfT5UDg4HJ8P3F7237/aNT/sfFE3tq4qgQdFcwzaUF/VgTX2p7J0d2CYQUf9qd8vp
E9U4/AJ3FTxUxzg9TnOa6Pj8fAiAOLiOE1EOI5ZD0ONZ7Gcsi3lOQmLhFIxlfOfXPE16GFPV0Gpf
66uvXdN0VQdVqGe4XmRZbmR4LFQty2DMd53QNyJXs8XUaZCxeVzmOwsWXGJZ0KtETARofauvvdZC
QzdM3XcDjfvwF8sIXNd1AsMGBsc3Az1ktmMExMdKsX6csOxWeENFlqa95m7g21boa77jeS7nvu8Y
nq/pZqQzD5Ry1wFW7rdRBWw280FdTxSfZGWCNuB8bTIe2b6vW5HnhKrvGqrPVN+MbNs1TF9jXuDa
UeCxDkLyYVF6ZkuRmUEAsajcdCMVWKIA8jJhGExX3VADsYFtIGwZbUyzdCIw6MDALc/noW+FuIz7
HtNt23QCnwSFP3rEYHFhGLE7GHoLlISchfmSGM/3Aw6dub6qma7DfCCCDpjNHNUyHZ1Mlqu200aF
XD2tqDFf+1qgu75u2GHkQtpW6PiqHUSuqWuR59k6pM4CExV0CwVKiAqDBhSGFgbQi2kahu4Gps98
xw4DzXfNAJo3AgcM6ypvo8jYJSxVsqL33dfQKnNsI4IadD30VdfgpqW7ockCaEwzQjibazCzjSVP
0vQLrwSiv3ZBtxoyI/QMA/YT+AbnesiDKLS4ZVpAYjlhEEYdJIuZwGDCUqIIQzwYBzc1CA9WCGeF
iziOZgVq5CIeuKCDVrNhGlC04zsIpQVLinhpcgYhMiw1jFRUTdxTTctzuOGHXmDarhVYBle5YRgR
56Tm+S0szc93Qs4X8NHFrUDi9a3Xvg7tOK7HXZV5jg+70EzNtCKw6PlgKHSNgBlc8IOo2YtTaDeJ
I9SGle0brx3H1mCmAezVN0Mz0mzuBPAv1Q5hM17ATAPnI7OBYxU+dek+FtM5qGakTDWAaELLCnjI
I0+1IR+V+SzSfFuGKMilpDCDKJ/xaIbMF1exp0JJpmtbthtBGA63fEga5mrY8E7GVSMKfI2HVqSr
tuffhxJQfwY1AqklkAaho4eGZwbM8czQMG2bGfCoQPVCi9kBzNS14SP8DlJqhfQynlOXQaqQPBW5
z9Qi3bF0bnoGHNuzdNtHScNDFxIwI8P2Qlv6+nSRLzhSVpYuUB2RBq8Qykj+pqUFRkCKc4PINtWQ
65rraaanatwC57ZJiWWJBZa0U/2tnUP3XiMPaSFjCGKeRRHG8D3EG9UPYDMqi4LQ0iJYJbuLpIe/
ZRIXNTKEV/gnPMnlzDZMzpDNVIu5LsgzHUtFNuCOhsRQy76FjPJ7UPSycsbzJXmvEddVZnksipwg
8uzIsUJdQ+40XVtlIdNUrlu+ziu5EzWEsEcdHPwDkcs+kwtj018HjAJiFIVhSIFQ1S0k4EjXbNNk
0EfoIKjYQRh0kFFvqRcXPKu80BDIuM+gLstwI90HFq5qiHK+DyMI9Ygbemgiekeh3kFGDadLXqPR
Xtt6ZHs2Qj3UqMJ3Lc3gtsehkBDJyXbM0NZ1pLgOmgKldo9aHlTOL71JDWwv8CEnK7QMDV6NQKCb
zLB0y/AQNkymI3apXhdZPBcUWUCivvbVUHW9kKuq5jNbjSJYOjdgnQZH4NUQe1TEfxGnWkjAltAi
Z3OqcaSQbC2wPIN7DpIh3AN+iSyiBsi3AXNDmyFoMs3sqK8yKg+uYr1mUEtg8cBgSLKIVIbuuS5i
HDxIDz14t0XNMYNMKodOcgTLZEfov0IjY1VoWyqCiq9FPODkZxAsZxz/wG8RDRywhvKJrUcDD6bI
xXuzNL0sF0uBB3AezVAjlbu27aF0Q8jTVd/RVI25yH9BoHu2jKJNrPMFq41JygmZOnQtHiEghwze
okWqzSITvhuYJD3PZYgWrtnCE8ZRVGHQXhvc0o3AcuxIB4oAiSkyVNI5R11hMSvQkC4ct80fT67i
LE2qyo0iHYotVD9qBD647gWGETpwEM3hoW5A7VxHMUNeI1TWQHSzSLOCZ0tyQk2PfKjYCpkHX1C1
0EMstjxuQjhMRZD3yBC1FpbJLPXZDDYkbdqU5ohiDWnF8VDdUAno6gjitofEjyrQQYbRPN9FZdPC
JJdFPZ4gDDclDfasCFVUiILI9MCKxRHo/CjyDcMBMkPTUau6pmWtQ1clCIFN6h+mCy83AgQhV9eC
QHVUOL5rOC6SDUK7Y7sq4nCbuIwHpciCiFAJOfKSOGbolJKtSNUsBCM1oOAUcDtAVLBDKpg0iMB0
OujytMwC3ksXxGtVOcvognALsjTHtBzXDbkZsYBxqn1Z5KEys1Q/NHigtbmtuvcym6IyMD1ddQI7
ci2TO4ggKAxRMXmmywKXQw1wq9BtYWgukkiHqqlpfoiSB8Ubt1FI6b7hBXpkooZDRcuQcVDje8Km
budRmtxihTa7ReCd9YKKHEp6DljSeRg6ELePMgzBE/RzZDnUDz4yqBtpkY0yAkUdcBVTnnOOHEyh
Kf5S5V8UUa/htIYdgSWTayhpqbLjYILbqA5UzeMRLJepEQXKa+7P0y9Yy++gZOdZUVVQKJGxXkMl
YSA2IgUgIVHitVwIjJswTUsLQ+QpS2tXhKufvfliuYp8/eAl4e/LexdiFfYmwyIigNh51li5NqHb
WyttYDmFY1YW0zTLqbF7eJXOBmlU0AKYLWICCY3RMRcNTKwSi6zESjbkC6wZ6Sqcy3HNQRMwZ3HS
nng0alNBqx2MGAz3Pgw/XkjB5rFw9GlRLHIs6K+vr/scFBH2fnFJLegDfjVM01neYG4JanMGMapt
5lbrd2VISanJowYr+KNM1gRQ82NJygPYw+J/Wvp9hP9GW2JniQPcfqZ7RxdZWiDKNDhugZtc61gP
OG2msUAtZ7ePpU+JbTQSN7UWkgLZWtqY5bMyzqKYz8KmC1SWvIOqgVaPZCo7LW4hlL2ySPfpJskp
m0waUmnDm2KRLLfEMryOgTx8LLkUEt1ohClScQdnBiJGoy5NlYgu3g+Gn99/OD34lpAqMvfy21k5
P9vfaeODMC4O99PZLJb3J+s+1RLW9oiOCHJ2w65m7AZ13WOJoYFyNMIiRZLxEAMhXk6wKD1OrsQ6
6bbBTxt+L08n05S9YzClCQzmsbhqIR2NWuR0eVuvWWG2s2t2m4sbQU2jbUDbnqz3zU74msazeKEM
8GcGWh6Lu4VAm1dYYcGCopwoGo1kW/nbqpP9+gGX5VAzOnfPdNTXDVd7yLePZ48SW307YUnEw5UG
PQ9407cqQJeLjhm+oV7BUZrFX6j4eqxc2kQq7nyDkrsq+jozA2rPHpVhg50lqMmQqPvbDP0PCy7P
Dh6LE4ltNKpnX/16EBsztli0ypsa0taK3dXKr+mvKXfov3bqN/5EwJMzP8yg1sT3FUk7NRP03AwK
S2ryzfLhRYPNFrjNqy5uPKx4fSRFNWccjTrzf1NRF2XGL3g2b4WDJazNgNk32sqyzbdvVVX5LwUx
lxZbx0lEd3sfrZIZywkQG2qKGj//gCbFtVX1ssIDKbxNs/nexXFDBjWkLQHjgeaq/3GeVxhHo4qI
5Y+HKDSuqrC06XwNYLvmuhNETg9+fiztAdVotJr5D/sf8PTO9i8Odxpc0Crj8FOcCT5Wq4wa1HW8
TgJbpBO6qYcw9f4tf7QcLZCORleChNEo5PWvBlnfSNHDaXk7PmXpGD9YczXROdHir83b+aS85clB
mkx+Kh/NEYenQ8T/S5QfDzHB808gk92Oj7Pyko3dBhvdM9/kY0yMjB+Rk/NP7sMrC2TzNHz7c3OR
XkG6tUU7sm99YjPuaeZjEV2hw+pcTv9wDs7ffRqM37CgqYMa9PTCPxq+2YD0GBQcsfFRyoiQJged
M0/tDedHRwcbuMMZm8TB50O9wcES1C7pnG40/pknSOUHLHks0m8EwpAlpAdJw8MXEPDeI3ZZjq22
R1ew5/Bl6+HmdHF6xpPyYzPHL0HfWCn8R4zo7PzjBr4AKaf0nMV4mJcJtDXW9I4S7px+Dn1o+gbB
Nc1zzM7iZnhdwtrr7A79i2kJ0tmXx1teS3zUC8oYEYFQi38fqJqzdJ4G03j8T+aXX9jYbGvmztnn
UIz5cL0M4znfT+dzloStBVwb3umDtNn4J2fpo1aRrbn/fCHZZoVqyTfDYbOOpMNODdkpk9PkDEo6
Y8nU9h6LVZr2Tl75WjAenIzf8II1V9gV5OH2NT4M42J8/tP+o7U/hpvk9+RXdpa2uqIr2JPn9LON
ovGA5WkWj3W17esr8DMq4fyTrm7ADFuMf4pDtp/GrRqrCX5yZbDFcMo3Usj+NP01Hmud0mQJfVZ1
aBuUKUelf5r6/m23B92G38POaVrmn4Hv7NEYWGEcjbpkPHgt+I5BD/aapWB14nkVZD9cQQcH9Sp8
PGTz8cWULZqZY83Zp/aeg4MhdQIfvD4ZTNNF7/zdYL+ZS5awp6Z+cPRwXVD5/qmZuCvAc9Tzg0/D
DZflB/sn3WU5gTbwBP7InoDpN7hXNke6K+50qlrgpzaevcGGfar3kOSQfcGiaWy0g1PrzHOU7MYG
MSmNP7GkeZ+9hjw94QefNnSD05R13YBAz+HDp+/3RLt9I/p/KsXj1W0OJPDJI/8GsfMoDcbnU5bc
ceDOiYfywB6vSbjBWhU2Ph7EyRSVXny3ab7m7NM7xHCwP9yoW7g4nrMJP0wm4tX3Rs+wdaLzIFX3
1txbFk94NvjH4LHYWCIk7TQp6R4/hMn9KSva99tqSJMttft0xcfkMkmvkzeMHoN4LMZoZnpZlRXn
/PLhpncyTeMDVooHn5rPwTTB9zLzH4kAJwcP52AwZfR2HktadV8Ne/q6b+/D8fm7vXNdpeXrw6tX
Ggjn5lhNtDhpwZ/8hpmcd8NUchLfSSQncfEMPnGyt0Efl4dZGlzuz1jSfIigBW51C9v0f+ZZ8aWM
Nd14LOJXGEejJhV/uG+4QrjT4mptY/7+vvzztOU36MqLBxfFRy2awXkFfGpH2j/d0Ic6hfAK9hy3
OzeohenrKPn+2UEzhNWgJ4/F1cQbdeBOWHJZZulY69zwb8Cft8njblJXLobpQdqqJSWk+yR3Z1ky
4Wk2iVnyj+Edwrfl397e6cXRnts+9NqHWme0pq2OL05xrP/hZ6DZokjDdDRa8fPtkFDmRTrfmyEK
NgN8C3zv7brHfmGhOTMqtzYdf+yVhTOW3IqaLW9V3Etg97Ff9Ske4J9jfvEQ/wYPwx7sjwfTMosv
eevBqAb0yYPJh5PR6GD/YW43Hw+zEiHgIJUL0JYH3jn5DIu54cEmi7nByfhiWgbj0zRu36hbQp8x
JF6cbhTfRbf+hF2yHItpbU0nf3XuOWqcjXg5Z1lZpDAnPu7ck2ideQ4+7A1ve8W36VjXu7e9Kujz
3oXc5GEQVojnPsZYP4OgffFARnM1sfb8U4eyNz+d7G/g/QdxQK0nIed1/an155+8abi/UX/qM8ua
N7zE4f292ruFkPnn6N3M1fmvsXBnp+PoK/hzuLmzQUpnyfRT3E6GK9iTm8vG97lQRt3p8AvYc7T4
afbRaEnDRlpoy//pJb9JP4neGBBN2fxtfNN5r2EFb3eW1E7h3nn31vyjhM/L33J6Mp4+DBiLuaP4
5g+kOc1bl+Y075nXld4G90yTIpZfihsUaTOMdk50mvudpx8ZL4q4/XpUX/vDt0xbM2/2ENQ0vmRz
FExjrfPMY+vM82rH3DBafWDJZTdaCdhzRKv9DZ6XP0uD8QHd7HqDsqK5im3Bn/6pxrODNw9+qHGZ
1lrPaTehT1pq7G2c69Y9SdeCP32t8dOGBdOAXZYZG2tO99HGGvy8/uxs+ngBuz1a0xKuwc/ymMEG
t+nPhx+brQNx+PQ2dPx2sEHzVLyrRhQcrHm8YN3ZZ+jjnB5s+KTQ/8QZi2/ZuFODrMDPsYrwNnSG
dzEbpndeBqugT8/Auw3C69vZ7VB8dmlVylaQp6f7YngyGlXTP5yDd3FUBO3n3ZegJ01rQ5YMU1pM
0PT7acg3eWqI2hRxq7m8gj19cXH08BcmhKn/XHaN/+fyWe4MbvAO59Hw6P35u5Pj5oOuK9hzJLCj
4cmfaB2r9/WO1ed5b22DFyZgbgk9Ht1+1kSC7qH9P/fOGs0u/33Qe5AsuCS/b74HWYOeuqNx8W6D
0vTs+HC87tsGbXjXHcyHPhb3J2Nq8/G4JkGdwwc6zDvGUGvrnbssS+jztvW1TStwsZVPt/6u9vd5
WoM7lTsrPNjVT+imw/i89YpHA/iMevjpfJN3ikBFu3+5BH0jfVxMWaIcpaNSVbmaTJST6eM951uR
sIE65Nd3PqSF+GLm3Y8LLc90v/+hPeirLX/mJnebgI2y43GSjrXO2wcV7D4De9RV9QYvG7y5ZZdl
+6nRJejJb8j9Y+/k4+bPjIoIJB5y6oYlCXzmGxOCiI1MqF6Fatr61am2Uc54XNPSNrkLnJytudnV
Aj+5iZ1t0gTcn4eDJE3bnz5rAL9hWUdpkU/T4ujgsbr7wTzM5dSjUYuMb3JyWtbtmXXvOa47++TJ
fLPXHOXj1NOU33nEmmDP4fInD37ViL4fjNpvzgve/UxuvUUOruj1JBU9luTi/pDcm6dPuxDwrBB7
wGx9d7E8UvbTJIonCn0rf5SNku+wPlf2FpmiO4pm75rerqEqn4/fKCK8YsCMJZOSTfgrnkzoeJ4W
4asWKYq8lUQn5eQ9+sb4K83TDJ2A11Ow1JvFefEqjSKCsCRJyySgz8qK7aRYMI253Nwxf4VMSpjo
ZeNe9SVbqOiVZovZ2U11Uf7KEvRNIKF5GvJX4ihK6QPbS1g1H0QV0ocM6+PF1aKahj7NHgflrLh9
JWiVmwuhaO/ldMMtmeSvhBDEtlxkQK9O0iSdshUw5zxsjKGPYL86OHy79/F0SNBKO7+VPLut5qxA
WQCuKoLod3/B8vw6zcJXfxf/QUxlkfZydsWrC69ift0LY9qFIeCvXALd+OlNj2y2xtT6iHX/dk7b
mnynkMUpgdB8KT89LgxAgbiUli5hEMqQvsat1PwrLONKMeVKmsB6iikrlID0Vyg+V+IkmJW0LSPQ
3zE8wjVI57gyUoq7OHMW8W0lxZksJ5SKn3F2qdymZVbhUuJIgRrjKBYzQIMZjGF2S4jP+fUS3U7I
IwYd5sp1mvytUKgsY5lC4puDWdoU6JYopH0cJd/XU54o5WKSsRAI+qOETFci2x0livLd5yknwmiT
StowTQGKapstyCCDr9F2DqE8LUidpZgGrOIXL4S86FtwAVdQTIczIcE5YZYGWjvVriK2n6IT+bQs
whQ2X226uquMts6no1LjzE+Ud7H4ZUCgqMj3p+LQjxLljYSnyjATBXugnIm/2i1G0TnujLYES3uz
WXqtkBuCC6X6oLNyFTPlJzJOGiOstP7W865CYU1cOpjiSkYGlKfgpaJQSpFVqJQyh30gBkJHQjZ7
F8cYiWga5oRkdYb2jfLTnDcmOBQuUWOCxBRyVwW2BHURuf6tUimZxlcetDzdEON3n5EaYKvQOAtD
JeO5NAwilTaMA0ksLzMRaxSYg89JKlAb/61kM1LoJL7C2Cs2K7nyopoU0fAlYZcz0j4xFOJ6MAja
t20Xp8Xc5+Xchy3A3vfy2yQYsvyStpm9hIX3xYCPOQRDTldzSsOmGUJKCbvC8Hxb7kurVIEInrqt
0D4UYIQylZANsgTB5mUC26YhEvlAGB54gv1n6U0M2+cQA1gSPpUsiSPZVgQdR+RFNIa8ZVuJi79B
fEUmLgs5BV9hzJ2LlRfgAQpXdCEWwUav4nRXoOp6ERPWl5VJQuoMKVamC6EEsSNa3lcO+FX1W5nH
kynCTMby6XYzLFSWSRLJsnJRSKgUGAlmDtoqvoRyYXBiu7NQuiqjPVZB9noKyEbI5lIIGtbVbxga
BvfkoKWlIRUhxWS3Mly8ExtiKJT0FQmHo81jsQ3ynE+Yf1tA4spAiloVwo1zwi0uH5LWrmMheWFR
CCfXPYmoNrJccBjFIBGxktNnrglNlHFeTymNHNoqhXtOUiiKttYRVkETVft2CNJ2FZW4wOwiOch9
xf7Xc0BV1H30U6b/c/TnRboQJFSBfUlShS5XED4oVfNwSRDNWlOlqbpZESaCwGfhFRV9+d8egULh
F4IkihhKUCItJkiLCr/hQSmieypJlh5JaXQ5mt8EKFjyFUcycL0fHu4qw6PjgXJ6fHY8RPC+OD0+
HCgXhx8UFKcnhx+2FQxShu8x6lD5fPT+9FC5+PB+/3Aw6HdDQEseumVX4rjgWZyKUoECcS42gKZt
RGtpLIOtBtkj14QitoghPYRCLsOsQIUiFnwiQMOaiN+vGZs0MhSglJoTGlZNJjBLJAi9q0AuM5KY
4z3lEKpAxAX9u6PJFqolANS24AEVKlKyRK7Uq7x2yQPMiy/yFasotiWv+cv1JFWcGxXnE5b5tPUi
fcFfFsYiAK2XrnA1Iqe6SqmuQuyes6QUZVGTEpSMJWzw5XadE7pGWJuhTK9RBFyS3/nKBfvKexnz
pcGjrknLWbikJUYSuU6UFf25RLwQ5INRW1UrXjHbWxEs7iRJYToSw5K3KEvndbKVV1cjek3TbGqY
uKk0ecc2lDUm1bKOQV3KksqyVHyjvzbksJwvZN0ni0ulOtGjE7W+DmhQdYGgXZBZc4AjpHk4O1sj
YCRtJD7McAUjy/OSU2AoptDapK6DKWjRbCuqtmtFyhqhKnf7khoa+lU50ZpLbg5f077PFgSN5+Uc
OZY+qKfUyxJSpCJXaJKKlVzJXypRCo+5a2NYBiwqisSEParPSyRdc6mxg7TaAr5j01QbUdST+OXg
2oUkrmpgkzNROfQCesl1ydsBSBG1CspHkh6okwWGxEJ7n3JaAtE1ksMVd7iskqfkp56ZBq+qXRIg
vVxb470f1X12OEoSuQXzbpUiUJpN05ksMX1WYFlNpb4gOafNo5UqyYjYJtdk1VmZWny+LDZlevuu
qaX6FIXV7LYg5NtKT2soUChPTNwramKqFCCi9qqOFatlKiFDyTmtskShTxcDWJHVV45QC8KWXoni
Ttm/+LiNa0GDD/+6jkOYvagVZPRc4u8J/LuKU5fdq4o8F9JpjO0reyEC1ZTNoh0scuUyIeSw4Woq
TKpQs4YMrOGIq7TXQNZcihzeUFSjEpPRNuwkc5q62vW3jyWbyBepqKQ/XiQXdR2+WrXSMoMuukZG
JZzlIln0quPOwuescsg8/sKXqqaKvdYwbRJQV1Oo6KXlNLKu6enyopd95aK6ZsayibiAVcvnykzE
jFHGJsQd1AW28sVMFDO0Jp6DeIoDLCMV7s9i6uyIRT7tEs3zQjkbfhSU5mCJ2PbLQqGmgtDyajq5
7ujXYWhelD26aldQSw4Qcr+c7NZrmR8VjdYwVSVHq1Zxvl6x5rILwOuVLF1WGYpGyGTcktj2pynW
qGSc9RKG14tUEdxCVjAlZ1d1EKU+Td3PonMrf6d9YREJOCvqGANK5bbTdckslluLTJYr+QIVmihf
kjSgnWXEtZDjGbuFDMlY5ulVvYKl8F/FTBG3evU5OWW+ihZ1v6rZ5xiKRoU0AHpUnxWyxSPGVtou
82qpH8DqCxkXqmt68ppdZYGC4iqe0TQy5lX+XM1CQZslk2VRndBls27u2K5HtRpda3tLcpW3N09L
sulIBufKxEmUskUokhG5s1i7QzH0W2QTXPxB5JbGxYLxhMu1os8lMp9HZJGiHSnSwbS2AKF00aVs
ZSnJPk20ZB+eqbAuqQu5cz1m40gA66hU15PJMmAKRd9FGCKIrS+mv0tqDGHdtJLulQtYJM8b0UJs
hSUmEo3ZRivm+EBMJnbVzYVLkjx5RppGXYvQNVcq7pSq81BnO3FNi3Xg6ym68p0ywZolX4ln1d1Y
Sqh/V0SVs16zWCxqEDhQ8UvdLNJFOauNsTqgsC/GVCHCpflEMdxbVF5NwZUcdVepy0zRY5XtnN0q
4VH3SSyxJFjmi0pdtBPTsi8QrsRG5i42s+2Alt7WBi+mqMyitKEQOFlPvqu+HDlNSTGClP5iPl/0
41RQnKTJ7ZyWCLT/JrXzgnxFOq17qvPK6rxgQUQsNplkWGzKxtKyc0eFVJExobgWf4I+OPD7g/e7
kEd1s6FKBRQTrrmsQxk851rMmAvCVwwIWL/RlEbmWUpeWqZUzh2hQp/yfGVLSHpiK04K3c1ySsDT
puhQoSZkJo0uzzbC42LKtgGGGChfFcuKBZE34lhFQ4UIQAnlA3m2ziuyZ8RaXaPq3lEj35SozpDa
RBCrY0WFUGhenq/nuKNpyWtT1UU8X4XqKiERUhpf1w2kWYqXNKFoh1UX1a3P/mqC6kxzhlqa96e8
KmpL7UqvaHQZ6rZwEReVPOt+wrQCioBBC4KqxqwCBrVnUcaHosiKoyUiVOpgRN4loABUL7JliAO+
KkLWiY3NYpZXFTyKLjZfzOojqgFAY6Wr3Vpp8hzslro9u8q/RPJG+twW7Z9fCKn8CMMySzbvXgg2
qJDK4rBaYNe3jcTKeV3CEvlcJOhc1JJiYQb9xKC1yrZN8uW8ggb5U6H7TJQUZPJazbirvD3dG+7q
PzjblnejbRs3xrb+g/ZDyINUhtgXtGljQLH1lavKSCyPTOulrHpkv7+5rpUeTqkFMq7aTqLyEH0j
aC24pfshZVCUWR2T62I+WzbyRcQBHmSqQNzCyWuB9eq7DLAFWd5991aEGjGVGN9CUopCQULGDUhP
1Fr9VYcsXYilIL9B4MurdVBwSeVyLmp+SMSPUajeyiWzGEf8ghRU6TKLSJ+RXAr8qEWyZaze2t7i
NwVPcrmB77+39lEgbO1uOX3aIhZn/QAl0bQJoVtDSciyFiydj8O0QDBsQatNdFeAMps1j0O55fLy
OIpncjvnJWQitqtdHk6RPprHMbzsqgn4Na9ugDviBvjcl/e5mkOoEAP5YRO2CNpcf5B7Lsu76asr
RdjP2yDUJ/MmZHBx2jyc3+a/zRKarPql0H7nmk5teAXlhKpZqqk6+Pn9MVzCCQL837O57ViRHTo6
t4JIjXTbiUyXa7YT0B69uqF8TzsNN3YYXk54y8RtUr16dPRLvJCvYFrycBb7zdE4vJm3dZISO7qq
Gpqm00shFwfvW6IK07FgpQsEKG6rE+EiyfPWwEFMAeHns5aMOhTgkFakbbYAvM7ijnUsqr6c2AlM
72uQKRE8bRvnKluPRS1WFjFt7bul9uXOnvHEjxNGm4GKR1XoqX+Bkp67IwGIgBb64gr5JF6Q3S6K
VAAMAZiEd3Qet8xEyMZogpb7cU9KaYySnN9///95ZF14
===END CRASH DUMP===
