PocketMine-MP Crash Dump Wed Apr 28 18:13:36 AKDT 2021

Error: Argument 1 passed to phuongaz\AuraBoss\Entity\ViThu::__construct() must be an instance of pocketmine\level\Level, null given, called in C:\Users\Administrator\Desktop\ngscupdate\plugins\boss\src\phuongaz\AuraBoss\Boss.php on line 147
File: plugins/boss/src/phuongaz/AuraBoss/Entity/ViThu
Line: 37
Type: TypeError

THIS CRASH WAS CAUSED BY A PLUGIN
BAD PLUGIN: Boss_Quai v2.1

Code:
[28] 	public $health;
[29] 	public $drops = [];
[30] 	public $name;
[31] 	public $speed = 0.5;
[32] 
[33] 	public $spawnPos;
[34] 
[35] 	private $range = 500;
[36] 	
[37] 	public function __construct(Level $level, CompoundTag $nbt){
[38] 		if(is_null($nbt)){
[39] 			$nbt = Entity::createBaseNBT($player);
[40]     	}
[41]     	$skindata = $nbt->getString("skin", "");
[42] 		$skin = Boss::getInstance()->getManager()->getSkin($skindata);
[43]     	$this->setSkin($skin);
[44]     	$this->name = $nbt->getString("CustomName", "");
[45]     	$this->scale = $nbt->getFloat("scale", 1);
[46]     	$this->health = $nbt->getFloat("Health", 20);
[47]     	$this->attackDamage = $nbt->getFloat("damage", 3);

Backtrace:
#0 plugins/boss/src/phuongaz/AuraBoss/Boss(147): phuongaz\AuraBoss\Entity\ViThu->__construct(NULL , object pocketmine\nbt\tag\CompoundTag)
#1 plugins/boss/src/phuongaz/AuraBoss/Boss(173): phuongaz\AuraBoss\Boss->makeEntity(integer 0, array[13], object pocketmine\nbt\tag\CompoundTag)
#2 plugins/boss/src/phuongaz/AuraBoss/BossCommands(35): phuongaz\AuraBoss\Boss->spawnAllBoss()
#3 pmsrc/src/pocketmine/command/SimpleCommandMap(248): phuongaz\AuraBoss\BossCommands->execute(object pocketmine\command\ConsoleCommandSender, string[4] boss, array[1])
#4 pmsrc/src/pocketmine/Server(1809): pocketmine\command\SimpleCommandMap->dispatch(object pocketmine\command\ConsoleCommandSender, string[14] boss spawn-all)
#5 pmsrc/src/pocketmine/Server(1422): pocketmine\Server->dispatchCommand(object pocketmine\command\ConsoleCommandSender, string[14] boss spawn-all)
#6 pmsrc/vendor/pocketmine/snooze/src/SleeperHandler(113): pocketmine\Server->pocketmine\{closure}()
#7 pmsrc/vendor/pocketmine/snooze/src/SleeperHandler(75): pocketmine\snooze\SleeperHandler->processNotifications()
#8 pmsrc/src/pocketmine/Server(2155): pocketmine\snooze\SleeperHandler->sleepUntil(double 1619662416.6674)
#9 pmsrc/src/pocketmine/Server(1992): pocketmine\Server->tickProcessor()
#10 pmsrc/src/pocketmine/Server(1586): pocketmine\Server->start()
#11 pmsrc/src/pocketmine/PocketMine(291): pocketmine\Server->__construct(object BaseClassLoader, object pocketmine\utils\MainLogger, string[42] C:\Users\Administrator\Desktop\ngscupdate\, string[50] C:\Users\Administrator\Desktop\ngscupdate\plugins\)
#12 pmsrc/src/pocketmine/PocketMine(321): pocketmine\server()
#13 pmsrc(11): require(string[97] phar://C:/Users/Administrator/Desktop/ngscupdate/PocketMine-MP.phar/src/pocketmi)

PocketMine-MP version: 3.19.0 [Protocol 431]
Git commit: b307cd0aa15b76cfe41d2a649d14b3aa6fb78f64
uname -a: Windows NT NAMVPS-COM 6.3 build 9600 (Windows Server 2012 R2 Datacenter Edition) AMD64
PHP Version: 7.3.14
Zend version: 3.3.14
OS : WINNT, win
Composer libraries: 
- adhocore/json-comment 1.1.0@cf7998124d1050b83d7d985447fefd630e09c1a2
- daverandom/callback-validator unknown@unknown
- pocketmine/binaryutils 0.1.13@0abee38d4e2861621f262c79a2a3d699d8a697f4
- pocketmine/callback-validator 1.0.3@64787469766bcaa7e5885242e85c23c25e8c55a2
- pocketmine/classloader 0.1.2@9757928424652393b178a3760073113aa7c9911b
- pocketmine/log 0.2.1@830b44a2cf96ef703c550abe64302f230231ca49
- pocketmine/log-pthreads 0.1.3@e477ecf6ec214fdd4415ea1da3fdd9d73bf699ea
- pocketmine/math 0.2.6@43057cb8c179a9859677b496a788db922fd5cfc3
- pocketmine/nbt 0.2.18@9f82ca4d7f97fcd9a566e44b63c4f18a7657ae82
- pocketmine/pocketmine-mp 3.19.0@b307cd0aa15b76cfe41d2a649d14b3aa6fb78f64
- pocketmine/raklib 0.12.11@9cce458b8bfde3e4dfdbf70c659fc7b7fe26b5c4
- pocketmine/snooze 0.1.5@70b5e7937a06878dd321a3182ceb76d56298f2cd
- pocketmine/spl 0.4.2@6b08b7cf8c4afa17139c9a1b3bf1b408531de161

Loaded plugins:
AutoClearLagg 3.0.0 by Twisted for API(s) 3.0.0
ScoreHud 5.1.1 by JackMD for API(s) 3.0.0
Worlds 3.0.5 by survanetwork for API(s) 3.0.0
MyPlot 1.6.6 by Wiez, Exxarion, jasonwynn10 for API(s) 3.4.0
iProtector 3.1.1 by LDX for API(s) 3.0.0
AlwaysSpawn 2.2.4 by Philip Shilling for API(s) 3.0.0
XGTShowPlayerHP 1.0.1 by XGDAVIDYT for API(s) 3.14.1
essentialsTP 1.2.2 by  for API(s) 3.0.0
PECollide 1.0 by saxavlax001 for API(s) 3.0.0
Broadcaster 1.5 by EvolSoft for API(s) 3.0.0
PurePerms 1.4.3 by 64FF00 & ProjectInfinity for API(s) 3.0.0
Trash 1.0.0 by Mev for API(s) 3.0.0
DevTools 1.14.0 by PocketMine Team for API(s) 3.11.3
PlayerSelectors 1.0.8 by Ad5001 for API(s) 3.0.0
Slapper 1.6.2 by Slapper for API(s) 3.0.0, 4.0.0
AntiSpamPro 1.4.1 by awzaw for API(s) 3.0.0
BetterVoting 2.0.2 by Twisted for API(s) 3.0.0
InvSee 1.0.0 by BlockHorizons for API(s) 3.0.0
ItemID 1.1.0 by KaitoDoDo for API(s) 3.0.0, 4.0.0
TopVoter 3.2.0 by SalmonDE for API(s) 3.0.0
WorldProtect 2.3.7 by aliuly for API(s) 3.0.0
FormAPI 1.3.0 by jojoe77777 for API(s) 3.2.0
ManyWorlds 2.2.0 by aliuly for API(s) 3.0.0
NV_Ong_Tazuna_3 1 by Nguyen_Dong_Quy for API(s) 3.0.0
NV_Haku_5 1 by Nguyen_Dong_Quy for API(s) 3.0.0
Ghep_Trang_Bi 1 by NguyenQuocCuong for API(s) 3.0.0
NV_Kankuro_18 1 by Nguyen_Dong_Quy_Edit_NQC for API(s) 3.0.0
Boss_Quai 2.1 by phuongaz for API(s) 3.0.0
NGVS_GiaToc 1 by Nguyen_Dong_Quy for API(s) 3.0.0
NV_Neji_Tre_7 1 by Nguyen_Dong_Quy for API(s) 3.0.0
MenuVT 1.0.0 by NguyenDongQuy for API(s) 3.0.0
CustomAlerts 2.1 by EvolSoft for API(s) 3.0.0
NV_Sasuke_23 1 by Nguyen_Dong_Quy_Edit_NQC for API(s) 3.0.0
Nien_Ha_Hoa_Don 1 by NguyenDongQuy for API(s) 3.0.0
Thuy_Long_Dan_Thuat 1 by Nguyen_Dong_Quy for API(s) 3.0.0
NV_Hokage_Tsunade_12 1 by Nguyen_Dong_Quy for API(s) 3.0.0
Skill_TheThan 1 by NguyenDongQuy for API(s) 3.0.0
NV_Chiyo_22 1 by Nguyen_Dong_Quy_Edit_NQC for API(s) 3.0.0
NV_Chiyo_19 1 by Nguyen_Dong_Quy_Edit_NQC for API(s) 3.0.0
Tam_Trung_Doan_Thu 1 by Nguyen_Dong_Quy for API(s) 3.0.0
NV_Orochimaru_24 1 by Nguyen_Dong_Quy_Edit_NQC for API(s) 3.0.0
DanhViThuUI 1.0.0 by  for API(s) 3.0.0, 4.0.0
NGVS_Kit 0.4 by UnknownBallin for API(s) 3.0.0
NV_Thay_Kakashi_1 1 by Nguyen_Dong_Quy for API(s) 3.0.0
KeepInventory 1.0 by RichHaoGaming for API(s) 3.0.0
PLMenuUI 1.0.0 by NguyenDongQuy for API(s) 3.0.0
Bat_Quai_Khong_Chuong 1 by NguyenDongQuy for API(s) 3.0.0
NGVS_Level 1 by NguyenDongQuy for API(s) 3.0.0
NV_Thay_Kakashi_10 1 by Nguyen_Dong_Quy for API(s) 3.0.0
Am_Sat_Thuat 1 by NguyenDongQuy for API(s) 3.0.0
NGVS_SucManh 1 by NQC for API(s) 3.0.0
NGVS_QidaCoin 1 by Nguyen_Dong_Quy for API(s) 3.0.0
CmdSnooper 1.0.0 by HotshotHD for API(s) 3.1.1
MagicWE2 5.7.1 by XenialDan for API(s) 3.0.0
MIE_Protector 1.0.4 by FaigerSYS for API(s) 3.0.0, 4.0.0
NV_Shikamaru_14 1 by Nguyen_Dong_Quy_Edit_NQC for API(s) 3.0.0
NGVS_Bac 1 by Nguyen_Dong_Quy for API(s) 3.0.0
TopMoneys 2 by moch for API(s) 3
Dan 1 by NguyenDongQuy for API(s) 3.0.0
NV_Jiraiya_9 1 by Nguyen_Dong_Quy for API(s) 3.0.0
NV_Sakura_17 1 by Nguyen_Dong_Quy_Edit_NQC for API(s) 3.0.0
TimeCommander 2.2 by Zeao for API(s) 3.0.0
DanhViThu 1 by NguyenDongQuy for API(s) 3.0.0
NV_Thay_Gai_16 1 by Nguyen_Dong_Quy_Edit_NQC for API(s) 3.0.0
HTHONGKIT 1.0.0 by NguyenDongQuy for API(s) 3.0.0
Nap_QidaCoin 1 by NguyenDongQuy for API(s) 3.0.0
DC_Shuriken 1 by NguyenDongQuy for API(s) 3.0.0
NV_Ino_13 1 by NQC for API(s) 3.0.0
MapImageEngine 1.1.3 by FaigerSYS for API(s) 3.0.0
NGVS_Vang 1 by Nguyen_Dong_Quy for API(s) 3.0.0
NGVS_Rank 1.0.0 by NguyenDongQuy for API(s) 3.0.0
Luan_Thuat_Tam_Phap 1 by NguyenDongQuy for API(s) 3.0.0
Tang_Sinh_Chi_Thuat 1 by Nguyen_Dong_Quy for API(s) 3.0.0
NTUi 1 by Nguyen_Dong_Quy for API(s) 3.0.0
AntiServerStop 1.1 by paetti for API(s) 3.1.1
EventUI 1.0.0 by RichHaoGaming for API(s) 3.18.0
NV_Gaara_21 1 by Nguyen_Dong_Quy_Edit_NQC for API(s) 3.0.0
SkinShop 1 by phuongaz for API(s) 3.0.0
TapToDo 2.3.0 by georgianYT for API(s) 3.0.0, 3.0.0-ALPHA8, 3.0.0-ALPHA9, 3.0.0-ALPHA10, 3.0.0-ALPHA11, 3.0.0-APLHA12
Hoc_Nhan_Thuat 1 by NguyenDongQuya for API(s) 3.0.0
NGVS_AmBo 1 by NQC for API(s) 3.0.0
NGVS_LayHang 1.0.0 by NguyenDongQuy for API(s) 3.0.0
PackGift 1 by NguyenDongQuy for API(s) 3.0.0
NV_Hokage_Tsunade_2 1 by Nguyen_Dong_Quy for API(s) 3.0.0
NGVS_Khoe 1.0.0 by NguyenDongQuy for API(s) 3.0.0
SK_Qua_Nap 1 by Nguyen_Dong_Quy_Edit_NQC for API(s) 3.0.0
NGVS_Stats 1.0.0 by NguyenDongQuy for API(s) 3.0.0
NGVS_Mana 1.0.0 by NguyenDongQuy for API(s) 3.0.0
Thuy_Lao_Thuat 1 by NguyenDongQuy for API(s) 3.0.0
Sharingan 1 by NguyenDongQuy for API(s) 3.0.0
SlapperRotation 1.2.1 by jojoe77777 for API(s) 3.0.0
NV_Jiraiya_11 1 by Nguyen_Dong_Quy_NQC for API(s) 3.0.0
NinjaMode 1 by NguyenDongQuy for API(s) 3.0.0
DoiVang 1 by Nguyen_Dong_Quy for API(s) 3.0.0
BossAnnouncement 2.0.4 by XenialDan for API(s) 3.13
HuongDan 1.0.0 by Phan Hoàng Kha for API(s) 3.0.0
NGVS_Quest 1 by NguyenDongQuy for API(s) 3.0.0
NGVS_DCK 1 by Nguyen_Dong_Quy_edit_NQC for API(s) 3.0.0
KhoiDauWorld 0.4 by NguyenDongQuy for API(s) 3.0.0
SK_Phuc_Loi 1 by Nguyen_Dong_Quy_Edit_NQC for API(s) 3.0.0
Giftcode 1.0.0 by  for API(s) 3.0.0, 4.0.0
ClearCache 1 by NguyenDongQuy for API(s) 3.0.0
HubLobbySpawn 1 by LousWiteMC for API(s) 3.0.0
ChatAPI 0.4 by UnknownBallin for API(s) 3.0.0
NV_Choji_15 1 by Nguyen_Dong_Quy_Edit_NQC for API(s) 3.0.0
FormImagesFix 0.0.1 by  for API(s) 3.11.4
NV_Sasori_20 1 by Nguyen_Dong_Quy_Edit_NQC for API(s) 3.0.0
NV_Naruto_Tre_6 1 by Nguyen_Dong_Quy for API(s) 3.0.0
DDao_Thuat_Tam_Phap 1 by NguyenDongQuy for API(s) 3.0.0
Byakugan 1 by NguyenDongQuy for API(s) 3.0.0
NV_Thay_Iruka_8 1 by Nguyen_Dong_Quy for API(s) 3.0.0
Warp 1.0.0 by  for API(s) 3.0.0, 4.0.0
BanManhViThu 1 by NguyenDongQuy for API(s) 3.0.0
ItemDropText 1.0.0 by AlexItz16 for API(s) 1.0.0, 3.0.0, 4.0.0
NGVS_Loa 1.0.0 by NguyenDongQuy for API(s) 3.0.0
NGVS_Xu 1 by Nguyen_Dong_Quy for API(s) 3.0.0
BlockCMD 1.0.0-beta by kenygamer for API(s) 3.0.0-ALPHA10, 3.0.0-ALPHA11, 3.0.0-ALPHA12, 3.0.0
BloodFX 1.0.2 by Vale914 for API(s) 3.0.0
StatsCMD 1 by NguyenDongQuy for API(s) 3.0.0
Shop-NGSC 1 by NguyenDongQuy for API(s) 3.0.0
NV_Momochi_Zabuza_4 1 by Nguyen_Dong_Quy for API(s) 3.0.0

----------------------REPORT THE DATA BELOW THIS LINE-----------------------

===BEGIN CRASH DUMP===
eNrtPWtz2ziSfwWlTN06V5YsUm9tZSqO5MQ+P6JESjJ7w5QKJCGJMUlw+LCtbM1/v24ApEhascWM
1r4PM7sViw2g0Y1u9AMAiX/XFjz0aDy/YWHkcL82bB/WYsdjtaHW1Qbdrt7Wuo1ur91t6Ye1JJBF
3V6j1da1rq61dL3b0vqHNZdG8UkY8rA2/HctXgdQqzaDPxJ2WPNYFNElQo/DZeIxPyYaCWgUMZvE
nASrhPtL+t0wjpOQvuFRZBgnfuzEa8P47MxWyXA4n1vcj+IwseKDl8RLopiYjFCfOAClvsUIX5CA
W9cs9hyfGYbLbphrGBf455D4ieuSpXPD/ENiUdeFfh2fjIaG8SkC3qFjG5o50AGNeWgYYxZdxzww
DH8ZWUlg0xhQBm6yhO4MwxQURqEFsC2k47+NYBUQ7hMXiCFauweDsAAa3joujsJ/qOPCmCEF2Kvs
UaE4QgxHgOAobX+UNj+SrY9EY2iIlNeGrR5oREgt+Pl77UWT7IAH/zkAll8OHxds/de8YK8+XVyQ
Q8LNb8yKC9L0zdgwYro0jBH3Ap749owuXwKVL7TdSeq1fkAS/lv/1aPXTBJ34PgxW7KQNA8JDUO6
/l1rfa1Il74rXdDQo74dHbQ6D5IXBfTWP3ZdwYvookUCD/EK3BlRR5ZEeDR1vMBlCv0lDQ70dv+B
HlI66r+yO2YlMTvYwq/Cjez6Ec+wT5lvs/CQgBwdf/l7+ytBprPB+yrIbW8nd8pCMD8HWr85QOq2
dVbmpP6r7cBwxNbq52nUFJFEjGsdbIIgsvMwkW1dLxEpSzYUqd72TlhXEQYmzOZhnrbI5/w7ExRP
XcYCFp4CVhfJ1Vo/oDYP+7fl8igJ2Z9Sq3o/0VGvU+pHVoX+CvWg35Bb4AuueOwsHIvG4HSUMvcf
HHhd6+zaRYTPn2Aeuwc2T0wXzG/Ol4EzE90NHpbzYPAjOceOdT2RXPBQkq41H0bW6Xd/gAxcVxgr
JNp2JBPx8xJ+HugD7Qd48kZUKd4bGrER+OXoglOhXlsUMoFBgtl/SR3/gi+X+Rmsf63qHbO2nebX
n/ascij0R4eipZeHIpKDLREoywgTAGqF7I/ECdmBIm/Q+wo2kIbDo6PR8EgQeVSg8UiReLShMNd1
/XLSwOYF4l7Wvv55WGN/R0CPREB/NRaBQZaN545/w90bhgMJGG2QrxXX0lKAIJb5h4Q6ALS4zVAs
eh8KjDgAo+BY5JcVo268+idU0AeFAjvkQURekd+/YmGrWSj0qccEWCuAo4DBiL4izUZHlOpQin9b
pVpg0ic8ElXaqkpHVgmdGxhj8ktI/SUDTJ1mU1TrimL81cvjWiS+heaT5PVCyJr84kqR50ISoNuM
X/4bschBMMAAHzjRHNXiQBTK0oEqNWIEAhlSEsOhFTIgD63K1ZvZwS+BS9csfIkUtnGACPxnxH/i
o5Y9/hJdOz5oDgU8iK7+65LFUzEND4waFhq1Q2LUjJpEpKvORTtog0IcDqHNmVLxg5cCxSX1YS6F
6mkKlQ+yriSm1oaGeOVg9JSvJ+u0y3VQtFspHcFk494VFBfp7dzrBWZWAcVbl9MYecUCbKzJlt1y
S6mM25qeihJsqzdl4165MY1jal2PqUeXW3u3RQmiaAGGP/+O6P+O6P+O6P+O6P+O6P+O6P+O6H8Y
0R/WlsxnIXUxdsTYANxuoRUQZoJMNquntVZDGzSaCE8c164NtX6rfViDMMtmN7XhgroRgxg15DG3
OKBttzToxMEI1mw1e5bdpFTrmL2utWBtzdZptz2wtbbZorS7MHv9RbcNuBNFyxcIePhtRK5m5Or4
8vNkWh+9vyTdRouI3smg22ySg7SWVCyIIUAWH3UyhlDJguAZQCe2g7P2JTm+HIsOcOFwWOs1gBt8
/A5mQ/CmnqF4ziMk4OzqagYA8XALYTeG2uAzQQBz1zFDGjoswsGj9goYDtnRt4j7dTSaMmzXGlqj
+dpa9AaDvqa3ba3ZaZr9lt2zB/1Ou91bsIXdbTVZc2BpVAf0NgUewCxw7whzGBOinvoNdR0bpQwI
E//a57f+a/UXid0om+n4NFyLGQJVm9C31nrdpCZjrb7dZnq/i2vaC72rW70B1WnL7g4Gdp92B71F
u4hqa+fAS6P1utvu9XttaNPtmhalPdbp9zt6W2f9jqW3LL3D+lanI7jJI8R57Yp5rWjTXw96nd5A
77f1drejtwYtU+v1aasHUu21wA8Abmsw0DSziMnlS4FBb2iv+62m2W5T3VoMumzRa7agZ2S42241
9YUO/7Q0i7YH9zDUg3gF8b6dDlTrNWv3esxadJmla+2FbbfbWodRzaYteBjYvZa5gNFitIjKo/FK
UdN9DZ12epbZtzQYXhDwoNvrme1Bl/b6fdsc6PrC7lgLq1VEAfFYyk//9WDR14Fgu7cAmVj2gHa6
XdZum92W1V5ofdrrdnqU9UuDu/lZ94Jslr6uMOVyyEJ6DbotxwVo0l4PLIu1O32zby5s1mJte2Gb
MNZWtzNYWD0TlFjvmh2rhEb6OjW8nde9ptlhvUGrR5vdfq9v22AOaUsDbhnQZne6+qC/0C27hCRw
BYY2aEvXbPbNnrXoW226oFpPaw2sAdVMEIxmtpv9TkuzGfjN2p9ZEi3m5nES85HLaHhBl8ucpSvC
D2t5I9cUNo4m8YqHEaYRs1swtcxGm0kDByGyEjwzn4LHBgMCvgyMnw2e3Ue9+h3KIr6Ix3mAR0Xy
Hkt0hgFdcAuJcIEIDG+LNOGEQaP8fjr78v7jxRhAt8yMnBgZWMVxEIFLAPu6SswGWJ0jReZxtHYT
73J0VMQH4zJFK3Wa2LlxyED5Ieig8SgOwf+AObgc72sEJDYIB1Tvm1+PsY1sfOGha0c5JhSgLMVO
kQUIGW+oz+JbHl7vixGB0zBuBQGGkRGyk+iUmjYEkoai7OiFRIaMXq4nLo9zjCpAnlGtAUFikdEv
DvsOkJO7O3BRHN3ENwqe6Xbt+1qzwHm7Kue1E4jbuLc+npwBWhUucJ+tsb8oAr/nQBQwOYHH8cln
R3UvhmUaryHcrW3GTjID0VzKlBq06ez44+zT5J7YHYhiY4gI5SKkGpEcsCj+exp8Mf5tX1IHVIax
6VkGpD8xYQFP/XI0OTnKcQGMHru3dB1NMZvKW6wcNM+qDr6jXWR1snJcJyBT+ONCBLkvtgOBNlJY
wXwJikTWZxgyan9cir+9m01X/HYiFthOJzkGyyVFLW+W5fnbu/Hx57Pxv2YF9rQ21PtJ/jKMhlGi
ZTcJI3ssmwSzPG8FcJExkF+BsT0JK9+jYZT6f5SNycmIg5TlwnKaHGSwkmRKZpbe0RuX3jWb2t6s
7AYlpF7MkmSUhfIjjXsTQrlFwTXmDUceWuSn5DZObrg7BcL2xUyuY8MoUvEAI6n1uL29bTCgCLE3
4mshqyRkExZ6eY+4gRV5azdaRe667bdvIY/6LwIWCNPtM38BiWW83he3c9mBYWQU5X7+hMkUbdU6
5QYPjMIspNEqNwLyuWxDSrp6CXnrnhgFVIaRdvro/Bqzmxnnbl5kGahIs9YuE71J0smMUa9o/iCZ
+VkOUgJwySMjZQeVzEsnI+0ow4EaKszolLnCxRX0tFRSlle/yPqx3dmjWZHYQB+LROxu7KcuDYKC
VUkh5QitaOKzamVGDmvtv2QnJdrdGTgGnwARhQeTPx9p5KBl81FywvT2O73dlzwEMggroHsIKrwg
5JATFWh5lKE3LAZT+pnHGPbkjH0eXAyemmXZ7CXZq02c5XItN9ZOfGsFPEW1LRmgKQi7EYSBNyiS
+Si3Z/7NlOVdtAI8YvXeuDBNT3nofOd+tDe3lkdqGJKS+2HhA8zEzDsb55mRgJI5LDNzTp2Yj+F/
+55MGWJgRlCS/t2FmRkPQIwF05CBinmKXmZoSl2P++OTBwWj1lof1EBhi7HLnOKlyMFVKXI2v3ZO
vVWyUk7AU3BxfrUavZLJcJ3E3Vt8IbGpDDyQFOwSGG5xXpeJEy4c5tr5FbV0TzQOGa73YaB2VOAW
BuUtDz1MiDfjkUKKutsqi/ob/8ZZD/8rDIf+88OxwWgYiojsxy7yvaT++t7ySg5YTjybTyFbD/pP
V1h29WxXn+fv/eV8Rr8nPp23ctyUSwoyKrJztUzWzJ+POdT/kOyNr6vPrUqMnNLrZN4psqBgz0F8
Z3fi361YMJ/hkZ/5GyfHQBH+KBMfEm6N8BDAvpiYvakkgHPqXychn2v9ohBy8N0FMccNqfnVh9H+
JKL1d2dnc3IsFx7lTpPl53eJkfQgxv7Wk7Yf7NhJKu8+T+fvHDrjVl4mOejTT413s0padcW+OTAJ
2LxX1Koc/Dmmd293Ji6Zn3ye5T2FBDwSf0rSkfI9Ej79XGH0ZWB+7LIwzju6AvjBqbDvRaF8z4ZR
ouPnloVAk6Y0Sq7ZXC+5vw34Wa2WXsULOkDLKZ2fcook5fkplTzK0p717ur0FDeyrh3X3SkxWMFY
XuCgjqk/hyeaj6O3lT69DZhdjGcVWMJohF/TJZvPIgipbDbX9FKwcq/4OQybpldY2UHmQQBsBql7
fn2nAH9qXVP9VvIyo5Wz5nO9JJEM+rwWQP8JVrTBNla0wTOHYIPdWZlRD/x7grOcy2meNwH3C5/B
AsyqWoD3IbdWjkfDZK63S9lWoeh5Fa69u5TAAq/Eke9P+cw+D304zNnzctRxlfhGxMHnTlwOjRGU
p7pZ3jn+JE+WvaG4xbuvcT8/rjTNwcStIbW6ptHKmWtFXSqVPYcb2Z2Xc8aCM/+G+TEP1zk+ivAH
N1M/OtbqlPJ31NvjPv75ilOJcYJL7AVyduducoHRfmFyZKDnSAAurz5VyIJpLBLeOYwFKMhIZKL5
jHhr+VP7+zcfzkdVzDBOcfGOVHneS+BTk38h39D76anffGjuN58nhmxW2FzzINOK78X4BfBTi+R4
OquqUNPEugSnV1apFPwQB/tz3dPLis7vg2PTEXf8MtkZ/Om158N4VGGFwrOnPufF3eUc8BELe8rj
aMXj0+KJTe3nz0ZZnh3Jrg2jQMYOWwpLx/pyohc2FBSoeOi0d++IF/Md6kLItS8R3AmEtkyhJA27
n1y7PDuZbzuCWISXBVMKsN5SZ8nC6b+m+96uzBADa3mCSo87GuLpyrmmImTXStF8oeR5U652RZvw
ht5bK0bQ01uC0yr7DzMeiBO2UXEvWcEKq5RF4j1Iu/IU/yy1iEfsEssuK2VQxczpyd3duOJiyf84
IXXWdF5aYtiAnyPmGFRiYUqvk5DOtV55zTcFP++crbC7MHO89I3T4kGKAry0I11k6H8Z5Xs99F3o
+6+f+y6ykl902Lbk8PTT5/Osevj+DrImrbsldFcFz6t/3d0ZOp2dvr96d36W3+DawJ4jxT2dnVeQ
Bw22RsF58JNvltBgtmIVPMgI4o0kdK5ZwZPkoE/NwfQjiGA82nFCnPl8rpV23xTsafIm0PgKu2yX
NDjDT2mc+EvxRZpcwF4oKB/Ja+0a4+4hti1QUn7eORT8TAvLPRvYcwSDnyvGsR+pf10mXsCewyaN
KoSyF0m6qznHbY7JigY5PraVPvmS1Qzfltl9NxdPME0df4W7UPd3c7eUPsNeznRUac1n9il/NEg8
Pj3RZ2+nFU+xi/f/pzEPygfZNwUls1U63ERZHDv7Wi4p9rw7Kye4DF9YU08hj8ztH28UaP2fF4Pq
vFIQ+I5SSDT00sZNBn3e/T+t0hEAf7oq6FMGeoCJ/9whOexd/rubaQpmeCo+b44kpHw+u6RJS8bD
pUP90ouVUuPE3/rxxeT0uF98HBQftVJtTds8Ty7gWf/pt+dpEHObQy6W8fN4KM+t+dVqy4GbUsGu
7obuz/lX9P3H3hte9v0C9jTx5PGbivRe0PXpllgrBT9HxHJxWmGTk1rX75xFXmUy0FPHJpN3o2rH
xounrh4+k/U8R7L0qkcaVpzdO9OAsOfQo/MKfnF6jtvJ86tCwJsDPqNX/HBVUQjTmBZOzeaAzyEG
7N4wNkRU5AY/tllmRsCemRekocJaqTg4SvkPTpRmBU9+YvGiSu4xXVH84lnxxGUGe/KlntPjj2dX
746v9KberMKFfAv3I4/F5wLvvx2clZQ/BKHt9HrYX2GpSMBP7Y1o2vbNEa1SbL/fNS6tykly/xu9
5IUvW2xgT74gWuFcw5g7pWWrFPL0rnv8udobR8e+zxPfUh+0Lrx4VCgqv5vd3uVAgNbaw3mAMilV
Xl0+xRStuNuZgR5xIxNIPsgpN5JmkzX9JTlf7S+3UCRUPTmTsOjewVEJfPL9p9OKtI9H52XKEVTB
LrE9R1fQfYUDoyvujGki3rXNnxfNgx88vvufiXPHleLcySqx5hfcKQa6GfQZI93JRYU3VyHDs4pe
IgM96bnvGfVnHCcxdj/idoXdM/HtvxG1VnkucsCnns6jCuN/mpgX3DTX5a+gFeEPcHDBk+gL4Lvc
m/psMBpGmYzHZbGicfEbASnk6c/jY8+Ggf9eseuKb+Dwb85c65TfwFHQ593ar/BeOn4RQWwbRm+d
u9J3GzbwomTKH6ArfXap/dPHq5I/gDLDwLvqHNH3wrmreOQn4qEz15v3XvNU4Oddc29WeyuahknM
xfvPpUMkhZLnWK2qcHZkPE5T7m07ndtKnzy2Glfb6nyzptdJMTXPQE/+XsS/js8/VU/M04NIZ2Fy
Tef9LUeU0pLn0K4K33D4QsO8OonHJw1Kqpxkf0P9yy2n2grgJ1egyyon2/CzT+OQBzN2F5e+T5WB
H0nzjl12dxZ/17o5DrT8ntpflQgSg4RU3Z7h9xY/EfQs2zLvj8XXiirR/1tSJv+35FnO8PxWYULg
l9JGl/lPnWWgewNfN1lMizxcM3+9hHb3Ph/4+M6reNYznfsrn3ob4fe7c3Tvwja33/5W5FpAykyX
DvF+pi4baO19yUqhE8Rj9xWSW9xeKAouAz354rTquAL1Kx7Ur95NR4XF9RT29IvrlaLCS45vITjz
/6Vm8p3OS++k3Ct9Dv+989soeEEBDYH4mJU/6Jre1QIt6nVJRp36kTiWJO+LaQQhvngVi6tHai8m
2RMZcX/hLAleQmiEhv9imvjkOAiJ3iG6PtTaQ71Fjs/HMwJRk4Y1XOovE8g3XjF/ic8ej+1XBVrU
rSpYKHuvBzyMX2kDraUj8HYFPNVdJ4pfNfGZqvXTurw+r05BKEzeYhi94r7AI+6IUh/qAwG90rqi
b3qnGkWvIJEDCFo4j9tMYobkCNBmML5YIBRGysZ7A9Ln4CZQ3djOYuFYiRuvXwlK5VU3MQ/rER7z
8pfRKzEE+IZqHRXp1Tn3+YpugBFjdq4O3nn5anzy9vjTxQyhSjh/JCxcqz4VKLSAK0UQ/m7gNZi3
PLRf/bf4D4YJ0ph6RG+YanjjsNu67cg7AF/1EXRn8rs6am2KqXAzRmPt4c0YLwgqHLGE4JNQbOkI
+RMYLlKQJOgDma1YxEjKP6EhI/GKEe6D8sQrGhML5Seu3XR8y01seYfmPb1DXFPuiQs54/s4I7pg
h4RDSRghSmKGjF6TNU9ChYs4CwJidBaO6AEkiNdbumtEfMVuM3RHNltQkGFEbrn/j5jg3hUNCQ6f
B8ziLTVrpBBvCZR8366YT5JgGVIbEDQMHxVXIhsaPiEvvqwYEoZ3kkYwhwmgULdAwRiEMNVcGssr
SxWp4ODwzkMYT5fFYrxsduNYjKzE9V0I8RCzVNB0Sg2J+EAnFkSrJLY56Ly6InVIjNrVykg0Rk2f
vHPErxYMqL8ko5V4NBc+eSPhnMxCsTdgkUvxV1tDLSxjPaMmWDp2XX5LcBICF+kdfuTGoeQDKifW
EVqafspySNCsiab4iXtCUYHwdjeiKJSjSBUqkkSgH2ADQUZibCBIg5pgT+0IkWxK6jBeJo9YroMT
MSVSTDBiBKcrAV0CcSG55pooIWN9NYOy4twwvvgCSR7oKkic2jYJWSQVA0nFG86AJIp3womrZ0Ed
TIajAmJjfyTURYGKy2HJDXUTRg5Up3jnJGKXPcLcZWjg6qAQeLnYEIpF31eJZ4IugL4fR2vfmtHo
muBdHaDhDVHhE95zi5Mu5RSrrUIwKQnoFVSPDon4giVRhghm6iHB26SAEfRTYmzASSDMS3x105xE
PhWKBzyB/of8zgHdZzAMwJKYU35GHI6tIuhsgbMI6+BsOSRO/A8YvjgUzWyGxlcoc6kxOQAeQOBE
F8Mi2KgrTocCVXkWUaF9YeL7KE4bbSUPhBDELV1Rg4zZjfpNPGe5AjODH0k/zJsFpZk4ImGYBLGE
ygHDgfGANsWXEC4onLhky5ZTld5wxwayt1OAOoI6x2GgQbsaOUWDynVZKdM0cEXgYsK1NBfvXG6C
9qDTJxIOE81zYrQ6HltScx3DiJOpHOqmGFwnQtyi+QylduuIkRcaBebkti4RpUoWCQ4XTiguO2Z4
4BbRLELG0i6lkoO0EjE9lxwExdE4oVZgR0tBZl2QNiRN5AJ6F85BXnT1/54DjKIeoh89/V+jP4p5
IEhQhj0jSaGLCJgPeWN1RhD2mlKlNfW2IkwYgS9iVij6on/sgUIxLwRJaDGIlYBb9MEtEnm9KWo3
lyTLGYluNKvN7iwIWKINR9JwvZ+dDMns9GxKLs4uz2ZgvCcXZydTMjn5SCA2PT/5eEigEpm9h1on
5Mvp+4sTMvn4fnQynTbKJqAwHnqnq4ZjwkKHi1ABDXGEDForJkyyGI3M2Gow9uBrbGFbRJU6mEIm
zaxABTEs8AkGGrQJ+f2Rskklg/ATXbOP1VRnArNEAqZ3Y8ilRxJ9vEcfghGIaNC4Xxt1QaUAILaA
WRioyJFFcqVcZduMB1AvFkQbVltNxWv0cjtJivOW4nxJQxNmRh2vNpGBsTBA20dXTDUkR7UiqhXY
bo/6iQiL8pRAyJiADr48TH1CWQlTNZTudbEAXJJfbzMFG+S9tPlS4SGu4YlrZ7Q44ERufbKhP5KI
A0E+MNptNhWv0NtbYSzuOUmhOhJDxtsi5F7qbGVrVaOeV828hJEbJcl7ukG2qFRBO6ZpKIsiC7m4
6ShVZDvxAhn3yeCSqII6FqTyGmMl1UDQLshMOYAncPMw2emWAQanDY4PergBJYuihKFhiFcgtWUa
B6PRwt42VB2mgpQxggp3G5IarPrDccKcy1ol/nWU0j6iAUIdL/HAx+I7ySRNS1CQRGZokorNuOJ8
UUMpZsx9HYM0IFAUiQ7rGJ8n4HTbmcTGXBaVdRpjI7R6Er+snE4hiUtVzHMmIoe6hZvcGW9jIEXE
KhA+4ugBdTLAkFgCitkSkW0khxvuoJkaT8lP2jNW3kS7OIC4uZ7ifRjVQ3po+OoyuKFyERCarbgr
Q0wTL20Wob4gGaImUCHlZIRtkzmZKpWuxWRZsCnd24u8lNIiNKvhOkbkh6Su5QQohCc6rscpMcoF
CKu9iWNFtowhpC05xyxLBPrYGICKrAY5hVgQdOmVCO7IaPLpENoCDSbMr1vHBrUXsYK0nhn+usA/
JL007N5E5JEYnVzdBjm2wVCtqLs4giRXpgk2Ax1WXUGnBNdqUMFyE3Hj9nLI8qnIyR1aNQwxqXso
jSZ2ra6ibUDKJvwFF5H0p4k/SePwTdaKaQY2ugWPijiTwA/q6rmU+FyqCRk531kmaozYUwnjzV5p
NAURvdScnNdtD3TZ6GWDTFQbl4ZL0YCq9FmpiehxEdIlcgfiAraiwBXBDObEHhCPdoCGKMKR6+DK
jkjy8c5iFsXkcvZJUBoBS8i2mcQEFxWElDfdybyjkZohL07q2GooqMUJYDMzWQ7TXOZXomEOoyI5
zFpFeZqxRnIVgKWZLDZTiqIhMmm3JLbRikOOisqZpjAsTVKFcbNpTElEb1Ijius06XoWlm3mO95T
A5aA0Ti1MUCpvJgjDZlFugUqJMKVKIAITYQvPrfwfj7RFsbxkq5hDFFZPH6TZrBo/pXNFHarnpbJ
LqONtUjXq/LrHDOxUCEVAA8W0Fgu8Yi6StpJpFJ9C7Q+lnZBtanLNkMSQEBx47jYjbR5aj6rXtBo
U3+ZBdU+NnPLvuMwrVVY6Nq6tiSzvGOPJ6jTC2mclYrjUMolQuGMcDqL3B0Eg7+FN4HGH4VvyTUW
jPtM5oomk8hMtkCNFMuRwh2sUg0QQherlAUvJdnHjjL2YWYSWiZVXRgPvTFwANuobG4nk4aAyRbr
LkIRgdi0Mf7NqGkJ7cZMui7v+o5y1kLcJis6EsuyuaWYs7HozMQdm0hMSRxPFqKkibx0mijuiFp5
SL2daFNgHfDViU5ekCXkLNFmeDarG9kINe4PkZqst9QRSQ0YDoj4pWwCHiRuqozqAc2+qKNMRB/7
E8FwPVCzGo0rTtQhScNMscYql3OGyuHh6pNIsSRY+gslLrx+KVsXsDfDhupex0N/JVA224rgYAWR
2YLnBAKTrC6/AJPVXHEUjCClEXhe0HC4oNjn/trDFCHC0/kRcBhtSMe8R5WTTblgQVgsulyGkGzK
haVs5Q4DqTikQnAF/gR9MIHfj9/jffNqr0G5ArQJt0zGoRRmzq3oMRKEbxgQsEZuURo8TzbyUjOl
cO4NKshTlitdAqeH16YL050PpwSc54cOIlQf1SS3ynMI5jFY0UOCG6XCX8VZxAKWd8EgiwYRggHy
0R/I0tSvyDUjWlg1UjtHOX+TQHQGrk0YsdRWKIRC8rI87eOepCWveVHHjrcx1cohIVKsn8YNKFm0
l9ihWA5TjdKlz8amA1WS7yEdzYddnrLaUrpyVuRWGdJl4diJ1Xim6wkrBRQGAxMCFWMqg4HLsxDG
2yLIchYZIojUgRG5S4AGKE2ypYkDfMpCpo6Nug6NVAQPQRf1Ajd9whgAaFSyGqZCk2Wgt7jaMyS/
C+cN7vNQLP98RaTyIqHMS+Z3LwQbGEiFjq0S7HTbSGTO2xyW8OfCQUcilhSJGcjHAVqVt82TL/sV
NMifBPeZ0ClI57XpcUjeXhzPhvo/e4edwZ122LprHer/1P5pM4tLE3uAd1JZaFtf9ZvSEsunduel
jHrken8+r5UzHF0LjLFadhKRh1g3AqlZa9wPSaw4CVObnAbzYbaQLywO4AFPZYktnCgdsHq6ywC6
IMO7F2+FqRFdifoFJIkIFCRknoPURazV2KyQ8UCkguwODF+k8iDrGsPlSMT8MCKmA4HqWqbMoh7y
C6RAlC69iJwzkkuBH2KRMLPVtcMau4uZj3okXm8cQYBQG9Z6DbxVGEpNC0KiVR6CW0O+TcMCjHtz
m8dgDAtQ3D8sAJLQzT+jicg/LxxXXB+3gSy9IP+4Etedbp4dmGU3ecC3SB2o6InjO54p97nyVTAQ
A/LtPCywilx/ZAuVhxdaCrMfFUEQn3h5yHRykX/01tEfro+dqV+kg4dqdVyGJxBONLVOs93swc9f
zmBK9CwL/j/osm6vs+jaPZ11rEVzoXd7i3afad2epVPT1FvkF8Ad82vmQ3RQGLE1Fduk6XtE351A
fvijIx9dx8zXhsc7rygTjuzozWZL03T8vsFk/L4wVDafC1bKQAA5RXGCufCjqFBx6qBB+O2yMEYl
CuARM9IiWwC8DZ2SdgRqXU7dKajBmCLBq6Jybrz1XMRiSezgHbS1prpX0Vmajk/xY+Xi8yd4EEeg
xJcTcQCEQbNN0UK+rmiF6yDmAtASgKV9T+ZOQU3E2LTyoJDBbMBpt0ykMkpy/vzz/wD2zf9+
===END CRASH DUMP===
